node101.podcluster

                            < M A T L A B (R) >
                  Copyright 1984-2021 The MathWorks, Inc.
             R2021b Update 1 (9.11.0.1809720) 64-bit (glnxa64)
                              November 2, 2021

 
To get started, type doc.
For product information, visit www.mathworks.com.
 
>> Starting parallel pool (parpool) using the 'local' profile ...
Connected to the parallel pool (number of workers: 40).
>> Number of workers: 40
>> >> >> >> >> >> -------------------------------------------------------------------------------------------
## BIGMACS: Bayesian Inference Gaussian Process Multiproxy Alignment of Continuous Signals
-------------------------------------------------------------------------------------------
## Stack construction algorithm is now running...
#  Initializing...
   Data are loaded successfully.
   Initializing the age samples...
   Done.
#  Stacking algorithm is now running...
#  Iteration 1:
   Ages are sampled.
   Parameters are updated.
   Updating parameters makes the average log-likelihood of samples increased by [32.0313       27.233      44.0973      20.3928      19.2588      10.2396      16.8149      7.02273      21.6174      14.3815     0.965307      9.00982      9.56548      9.18099      15.5599     0.203575      5.40862      21.3731       20.863      15.4548      7.99056      12.2257      48.2077      26.8311      37.8298        86.93      46.8152      16.0621       32.516      22.2478      18.1567       24.589       45.691      18.0279      65.7586      21.0545        19.04      7.27638       24.869      18.0882      7.19392      29.8172      5.54066      18.4418      23.2184      22.0545      19.5503      8.34455      70.1984      14.7177      59.4864      45.2191      21.8347      18.1377      13.4138      47.6042       23.349       25.826].
   Ages are sampled.
   Parameters are updated.
   Updating parameters makes the average log-likelihood of samples increased by [-0.078672      3.0412      4.5231      1.6161    0.093681    -0.13175      1.0549     0.50671       1.339     0.33674     0.64196    -0.28068    -0.27759     0.44405     0.66447   -0.042212     0.87424     0.42989    -0.25947     0.10358     0.26632      0.2861      1.9165      2.2416     0.32914      2.8099      7.4268      1.0755      1.7807      4.2812     0.30016      1.3739     0.59093     0.92904      2.1927      1.2717     0.82025     0.15677      2.4579     0.72618     0.58264      1.0589   -0.091421     0.60438   -0.061292      2.0326      1.7942     0.10623      2.1999     0.94114      2.8973      8.1174     0.35084     0.51537     0.42495      6.2749      1.0063      1.1812].
   Ages are sampled.
   Parameters are updated.
   Updating parameters makes the average log-likelihood of samples increased by [1.0142      1.2823     0.46031      0.1987   -0.083058    0.086228     -0.1514    0.034635    -0.18074   -0.070006    -0.36202    0.019219    0.044376    0.021333    0.024854   -0.026245     0.24207     0.32469    -0.15931    0.034749   0.0096744    0.013323    0.075345     0.24967    0.046114      1.3469      0.2605   -0.051761     0.40868      1.3132     0.82868   -0.070015    0.060866    0.039385     0.96432    0.017273     0.01641    0.016336     0.53037     0.25622     0.22292    0.083957   -0.099621   -0.012042     0.28869   -0.030185      0.1856    -0.18113     0.23885    -0.57547     0.31167     0.17874     0.18946   -0.017747     0.24876     0.18341  -0.0031435     0.89125].
   Ages are sampled.
   Parameters are updated.
   Updating parameters makes the average log-likelihood of samples increased by [0.030532    -0.10161     0.21361     0.16367    -0.24407     0.12584        0.37     0.29518     0.12796    0.015156    -0.69341   -0.022118   -0.031727    0.086815   -0.044897   -0.042464    0.059507    -0.16395    0.028756    0.011602   -0.016196    -0.11769   -0.070086   -0.069958    -0.24306     0.28896     0.10275    0.015789     0.18156    0.025546     0.52003     0.01155      0.1556      0.1302     0.23334    0.088331   -0.010269    -0.04274     0.17872    0.075903    -0.48133   -0.035832   -0.072095     0.29622   -0.051315    0.079228   -0.081121    -0.06477    -0.25392     0.19922     0.38317     -0.2882      0.2076    -0.18295   -0.008055   -0.030737   -0.026097   -0.019448].
   Ages are sampled.
   Parameters are updated.
   Updating parameters makes the average log-likelihood of samples increased by [-0.054933     0.19986    0.015201   -0.078187      0.2219    0.037389     0.14399    -0.37261    -0.31137  -0.0076779   -0.086203    0.087031    0.034016      -0.177  -0.0094441     0.32956    0.011231    0.063537    0.029023    0.070589    0.062124     0.10022     0.14298   0.0054634     0.25813   -0.010552    0.064346   -0.034822    0.094422     0.10365    -0.38024   -0.041726   -0.059748     0.17286    0.029173     0.14493    0.033383    -0.00864    -0.32696   -0.071219     0.82193    0.015479   -0.018799   -0.011886  -0.0035208   0.0027237     0.11756    0.041233    -0.20184    -0.35195    -0.47758    -0.14156    0.080806   -0.083732    0.087026   -0.085728    0.051679    -0.32783].
   Ages are sampled.
   Parameters are updated.
   Updating parameters makes the average log-likelihood of samples increased by [-0.13664     0.23966   -0.041921    -0.13716   -0.057439   -0.025508    -0.27571     0.23216     0.29429    0.030884    0.021269   -0.025857   0.0031364    0.093664   -0.018099     -0.6467   -0.020389   -0.056683    -0.03293   -0.031297  -0.0054187     0.12553   -0.068013    -0.25195    0.069211   -0.086789  -0.0065254   0.0049193  -0.0014951    -0.10886     0.43993    0.021753    -0.11685   -0.017588    0.012594    0.087491      -0.141    0.035484     0.20976     0.12296    0.051735    -0.11274   -0.026657    -0.64867    0.031968    -0.15788    -0.19694     0.12996     0.53919     0.24687     0.39082     0.27066     0.07334     0.20807    -0.14194    -0.10084     0.01006      0.3453].
   Ages are sampled.
   Parameters are updated.
   Updating parameters makes the average log-likelihood of samples increased by [0.18081    -0.64779    0.018478     0.23239     0.13969  -0.0034242      0.2621   -0.087831    -0.12005    -0.11316   -0.061165   -0.016532   -0.049838    -0.23058   -0.096651   -0.092983    0.025166   -0.019909    0.017799    -0.10136     -0.5441     0.13022    0.034242     0.26922   -0.091751    0.030055    -0.37739    0.019697    0.016157    -0.12722     0.19764    0.028911     0.02646     0.03232   -0.074549   -0.060566     0.14951    -0.17549    0.081046   -0.073078    -0.13629     0.11468    0.035484    0.066558   -0.004193     0.15298    0.086013   -0.048792    0.042277   -0.022043    -0.52989    -0.15834    -0.69202   0.0097607    0.037016     0.20345  -0.0021128    -0.23657].
   Ages are sampled.
   Parameters are updated.
   Updating parameters makes the average log-likelihood of samples increased by [-0.043089    -0.32195   0.0019735    -0.44075    -0.15349    -0.43433    -0.13206     0.23478     0.12273     0.11877    -0.23986     -0.2335    0.041583     0.21038    0.070557  -0.0035214   -0.022108     0.18834    -0.15483    0.094899     0.36717     -0.4166   -0.071532   -0.021001     0.10528   -0.083699      0.3645    0.001341    -0.24767     0.26535    -0.24172   -0.054941     -0.0419    -0.17664      0.0574    0.023062   -0.060975     0.17688   -0.045527     0.10206    0.074177    -0.14431    -0.07833   -0.035068   -0.053093   -0.065526     0.12485    0.096251     0.14877    0.013203     0.45732    -0.85124    0.087342    -0.01147      0.1481   -0.059017   -0.023917     0.50247].
   Ages are sampled.
   Parameters are updated.
   Updating parameters makes the average log-likelihood of samples increased by [0.053915    -0.25777   -0.019795     0.08416   0.0041993     0.35629  -0.0095899    0.030864    -0.11714    0.012168   -0.010057     0.11561  -0.0010364     0.28166    0.054302     0.21717  -0.0093004    -0.37963     0.18965     0.03921    -0.37567     0.45112     0.10462   -0.097366   -0.086393    0.011544   -0.036974   -0.072388     0.24882    -0.38751     0.25034   -0.037149     0.18878     0.17651   0.0022214   -0.087188   0.0017864  -0.0092422    -0.20146     -0.2886    0.050276     0.11774   -0.081881     0.03297    0.052137     0.06542 -0.00046008  -0.0058531    -0.21354   -0.011667  -0.0071401     0.44223     0.17688   0.0029867    -0.18639    -0.16701  -0.0059262   -0.039489].
   Records are aligned to the target stack.
   Iteration 1/10...
   Iteration 2/10...
   Iteration 3/10...
   Iteration 4/10...
   Iteration 5/10...
   Iteration 6/10...
do_ypcall: clnt_call: RPC: Timed out
   Iteration 7/10...
   Iteration 8/10...
   Iteration 9/10...
   Iteration 10/10...
   A new stack is updated.
#  Iteration 2:
   Ages are sampled.
   Parameters are updated.
   Updating parameters makes the average log-likelihood of samples increased by [97.19651      38.58704      25.40995      24.39363      19.98847     0.8876892      25.06548      24.95852      37.49005      26.45676      23.93198      104.7069      29.84203      33.66159      25.02644      59.24196       20.6208      15.45261      75.47346      58.30708      16.22757      29.82799      100.1531        88.777      85.57376      212.2337      39.34151      29.03153      398.6655      53.09924      3.439138      40.27953      57.57224      77.26669      114.8581      29.08574      18.72533      5.867979      31.22678      34.11135      22.75852      26.91573      17.12454      32.05963      16.67219      29.70988      50.25382      113.5066      125.9393      22.27405      4.786388       76.4745      48.43166      59.25054      48.52127      154.2195      33.55232      20.06343].
   Ages are sampled.
   Parameters are updated.
   Updating parameters makes the average log-likelihood of samples increased by [25.6171      21.4433      7.37625      3.11932      12.8992      4.33196      6.32073      1.73282      8.15024      12.1989      1.78209      5.36363      1.87207    -0.530012      1.90638    -0.110561   -0.0064307     0.656337      16.2041      2.35387      6.37418    0.0386448      1.28337      8.66611      35.9746      88.7743      6.63129      9.90767      38.6287      5.98888      1.31329      15.8263      21.3552      3.14418      8.99458       1.3331      12.6978      1.18778      2.79362      4.39809      1.12955      28.2552      11.2456      14.3816      7.70451      2.97963      19.3117      2.46389      65.7119      2.93387      1.09467      16.3582      20.6339      13.0729      7.92913      48.8541      6.13035      10.7525].
   Ages are sampled.
   Parameters are updated.
   Updating parameters makes the average log-likelihood of samples increased by [10.7525      2.96136      5.57406     -1.18351     0.385582     0.895676      11.7572      1.75585      13.5981      4.03123      7.42591       3.6592      1.89367    -0.123492      2.62744     0.166199       1.7577     0.024686      3.60137      1.30967       3.7348    -0.132216        4.988      1.84647      5.61941      4.78757      3.06238      2.65304      83.5151      4.64757     0.639318      3.32831      4.83004     -0.34983    0.0816059      1.24897      3.33168     0.278774    -0.234016      3.92449      3.48708      4.87509      1.82283      1.33589       4.7309      1.79171      3.31941    -0.406691      11.3876    -0.753436     0.642289      1.34719      7.27822     0.434758      15.9187      50.8629      5.57536      3.38667].
   Ages are sampled.
   Parameters are updated.
   Updating parameters makes the average log-likelihood of samples increased by [0.9854071     0.8044792      1.086645     0.2521729     0.5692552      9.068054      1.772884     0.7220871      5.849805      1.254212      4.615225     0.3495035  -0.008604336    -0.2997678    0.01613508     0.5030115    -0.1415408   -0.03698432     0.2758772      3.349768     0.1836668    0.01563802      1.302273     0.6375714      0.295874      2.077025     0.2066293   -0.01916138      152.3526      1.479692     0.5633357  -0.005113218      4.064316      2.825585     0.8238701     -1.540867     0.7556449     0.4835229    -0.3843013     0.4226672     0.8387972     0.1537181    -0.5505215     0.0131067      1.647797      2.178719     0.5938442    0.04067924      2.692786   -0.03437331     0.9826942    -0.1514236       1.58457    -0.2291128     0.7431789      13.36447       1.02379     0.4059324].
   Ages are sampled.
   Parameters are updated.
   Updating parameters makes the average log-likelihood of samples increased by [-0.0948246      1.41701    0.0555858   -0.0745097     0.327031      1.51778    -0.141109   -0.0700413    0.0403129     0.311115      1.09328     0.153471    -0.383125    0.0618389     0.513877     0.102308    -0.114182   -0.0132054    0.0624831     0.669455    -0.096049     0.211552     0.588209    -0.201284    0.0688878     -0.25686   -0.0383606    -0.025622       28.602     -0.25119    -0.502483    0.0174743      0.73017      3.28786     0.476892    0.0750572    0.0283882    0.0384356     0.168919    0.0231916     0.559579     0.151478   -0.0192143    -0.255548     0.537384     0.491709     0.796331  -0.00459895  -0.00393022    -0.224565     0.491855    0.0460795     0.369706   -0.0932763      1.14254     0.339322     0.744647      0.26172].
   Ages are sampled.
   Parameters are updated.
   Updating parameters makes the average log-likelihood of samples increased by [-0.037736     0.29113    -0.20632     0.15347    0.010214    -0.21939   -0.056644   -0.089469    -0.15693    -0.18471      1.5585   0.0074279     0.25565      0.2473     0.79686   -0.003291    -0.23598     0.20623   -0.036532     0.38076     0.10621   -0.045341    0.038068     0.13151     0.11529    -0.32039     0.10386   -0.022164      7.5448     0.38021     0.23797 -0.00038482    0.062314      3.6858    0.011332    -0.19129    -0.11643 -0.00056417   -0.093891    -0.24618    0.043839     0.05308    0.030433     0.25364     0.36665    0.035194   -0.060615    0.013993   -0.024967     0.02586     0.21368    -0.10188    0.046509    0.079022     -0.1493   -0.058782      7.5367    -0.13316].
   Ages are sampled.
   Parameters are updated.
   Updating parameters makes the average log-likelihood of samples increased by [0.068018    0.047057      0.2136    0.018864     0.28839     0.18931    0.081074     0.21482     0.23466    0.070114     0.26016    -0.12314    -0.51051      0.1095    -0.45168  -0.0064314    -0.18383   0.0062934   0.0065707    -0.12913     -0.1018    0.029999   -0.029888     0.07784    0.028548      1.1962    0.013619    0.039723    -0.20355    0.012953   -0.069626   -0.038648    -0.42339      1.2571    0.083901    0.078989    0.050132   -0.020925      0.7226   -0.041463   0.0021846    -0.29395   -0.016268    -0.14564   -0.010044    -0.35233    0.031004   0.0057041    0.028406     0.23286    -0.13905    0.054713    -0.09952    -0.22921     0.22819    0.013478      6.7129     0.17773].
   Ages are sampled.
   Parameters are updated.
   Updating parameters makes the average log-likelihood of samples increased by [-0.086844   -0.027877  -0.0051833   -0.012358    -0.13508   -0.040496   0.0013276  0.00037841    0.070805   -0.042686     0.21486      0.1217    -0.24898    -0.06986     0.26286    0.010521     0.19948   -0.028982    0.030006   -0.048091     0.09494   -0.047397   -0.071503   0.0073075    0.013269     0.96933   -0.004739    -0.10317     0.14257    -0.12582    0.064604    -0.05397  -0.0011641   -0.077771    0.084855     0.97725    0.087712    0.027533   -0.025265     0.24604   -0.012392     0.30423  -0.0051386    -0.11046   0.0053724     0.23361    0.067276   -0.028492   -0.075447     0.01162    -0.57192     0.12536    -0.38969     -0.5309    -0.12261    0.055356    -0.21105    -0.10823].
   Ages are sampled.
   Parameters are updated.
   Updating parameters makes the average log-likelihood of samples increased by [0.024172    0.060339   -0.010246 -0.00056743     0.11262    0.015252  -0.0059177   0.0017882   0.0013819    0.081311    -0.23221   -0.042723    -0.11353    -0.13321    0.035524  -0.0072796    -0.20497   -0.023896   0.0013153      0.1116   -0.048389    -0.22769    0.056375    -0.33654    -0.14761   -0.076908     0.14733    0.088645     0.05746    0.096454   -0.025942    0.084622     0.46857     -0.4229   -0.032636     -2.6454   -0.019449    0.038252    -0.13512    -0.10385    0.013617  -0.0033589    0.013626     0.23183   0.0092646      0.1055   -0.027365    0.025385    0.031975   -0.092345      1.9238    -0.26268     0.20918   -0.074127    0.097346     0.16367    0.077577    0.021315].
   Ages are sampled.
   Parameters are updated.
   Updating parameters makes the average log-likelihood of samples increased by [-0.051713    -0.37897    0.014469    -0.49509    -0.20529    0.038177  -0.0062692  -0.0040328  -0.0050322   -0.059951    0.071694    0.016958     0.53556   -0.059203    -0.38153   0.0082597     0.51168   -0.063225   -0.075231    -0.15645    0.036305     0.29813   -0.072084     0.21105     0.15367     0.11323    -0.23637   -0.097502  -0.0075554    0.025888    0.021955 -0.00089468    -0.86743     -0.1612    0.040755      4.7701     -0.1464   -0.049609     0.10001   -0.039883    -0.04089  -0.0066025   0.0060997     -0.4402 -0.00053496   -0.014825    0.019649     -0.1106      0.0263    0.092554    -0.15869 -0.00086216     0.15702    0.057767    -0.30808     -1.0827    -0.24801     0.11751].
   Records are aligned to the target stack.
   Iteration 1/10...
   Iteration 2/10...
   Iteration 3/10...
   Iteration 4/10...
   Iteration 5/10...
   Iteration 6/10...
   Iteration 7/10...
   Iteration 8/10...
   Iteration 9/10...
   Iteration 10/10...
   A new stack is updated.
#  Iteration 3:
   Ages are sampled.
   Parameters are updated.
   Updating parameters makes the average log-likelihood of samples increased by [2.3646     0.49539     0.95406      2.3363    -0.37057    0.093133      0.7861    0.059695     0.29215   -0.044075    0.095735      6.8939      1.3405       1.225     0.42636      2.4835      4.4074      2.0703      1.9826      3.4054      1.3629      1.9812     0.12959    -0.35907      1.0427      2.1959      1.8424    -0.26526      9.1168    -0.53814    -0.51401    -0.55794     0.67042      2.4318      2.6458     0.28802      0.2754      2.3295   -0.027626      1.0953    -0.20966      2.2445     0.31597    -0.48517     0.91119     0.58323     0.54148      2.7841      2.7942       1.781      2.8451      1.7544     0.29505     0.02567      1.4327      0.9787      1.1987      1.6486].
   Ages are sampled.
   Parameters are updated.
   Updating parameters makes the average log-likelihood of samples increased by [-0.24508      -1.007     0.81969    -0.65512   -0.089729     0.17888     0.23134   -0.044535     0.47673    0.023223    -0.46536    -0.33777   -0.066461    -0.08338     0.28937     0.19746     0.45963    0.068411     0.14386    -0.12297     -0.1583      1.3588     0.27984  -0.0027205     0.15594     0.10306       0.226     0.12728      2.1504     0.25822    0.062519   -0.019923    -0.12741    -0.63468   -0.063077      -0.717    0.087576    0.093984    0.063154     0.41651     0.55131     0.11682     0.21845   -0.026892    0.017978     0.43041    0.020565    -0.04535    0.034016   -0.084897    0.073797  -0.0099326   -0.032143     0.67667     0.24013    0.039152   -0.058771     0.47741].
   Ages are sampled.
   Parameters are updated.
   Updating parameters makes the average log-likelihood of samples increased by [-0.0324    0.005419     -0.1927     -1.0104    -0.35434   -0.074871    -0.26227     0.51065     0.16059     0.49031    -0.41437      1.0352      0.2438   -0.052619   -0.012503     0.02515     0.65364    -0.16523   -0.046263     0.14257    -0.14969     0.84281     0.36321    -0.05914    -0.77355     0.35709   -0.084727     0.44481     0.48413    0.053386   -0.068707    0.062212    -0.33897     0.01607     0.11096     0.50661   0.0074889     0.13457   0.0061959     -0.1791   -0.039638    -0.19514     0.38042   -0.087705     0.10566     0.16065  -0.0028725    0.059212     0.10753      1.2053     0.23788     0.50353   -0.038904    0.064277   -0.025907    0.042725    -0.21444    0.032173].
   Ages are sampled.
   Parameters are updated.
   Updating parameters makes the average log-likelihood of samples increased by [-0.47065    0.098789    -0.41756       1.839   -0.034612   -0.016945    -0.35139   -0.006068    0.051905   -0.021772   -0.097708     0.25156    0.033869     0.12474     0.24077   -0.019953     -0.2156    -0.23423   -0.031857    0.046974    -0.15912    0.005216   -0.023422    -0.14311     0.17204    -0.44361     0.57581    -0.17384     0.32502    0.053807     0.24143    0.082687     0.39431    0.075347    -0.18577     0.73694     0.13148    0.041053   0.0087528   -0.002398  -0.0085471   -0.021132   -0.083092     0.11534     0.21608     0.40306    0.047084   -0.049684    -0.96024     0.51926    -0.27375    -0.60651     0.19003   -0.018502    -0.35778     0.30397     0.48811     0.10253].
   Ages are sampled.
   Parameters are updated.
   Updating parameters makes the average log-likelihood of samples increased by [0.45651    -0.44203    0.082275      5.1135    0.085053   -0.096762     0.36862    -0.11588    0.034933     0.22674    0.016324    -0.25474 -0.00050563    -0.19983    -0.87872    0.034414    -0.26484    0.092496     -0.1083   -0.055514     0.21235   0.0024741     0.01293    -0.63973   -0.066447      0.3726     0.53533     0.60414    0.012935  -0.0092193     0.24369    0.095262    -0.41696     0.11918    0.068001      1.6134    -0.33792  -0.0014649     0.01874   -0.074991  -0.0059211     -0.4905    0.048635    0.082599    -0.12759     0.10731    -0.29644  -0.0093687     0.15859   -0.041858    0.073451     0.02681    0.029485     0.18065      1.2866   -0.060875    -0.26389  -0.0074671].
   Ages are sampled.
   Parameters are updated.
   Updating parameters makes the average log-likelihood of samples increased by [0.020243     0.36922     0.19862      4.3601   0.0057763      0.1457   -0.093831   -0.050955    -0.12484  -0.0024387    0.018037      0.2839   -0.015859    -0.21121     0.31972   -0.068235     0.17662    -0.56192    -0.13524    0.086959   0.0001634   -0.078654   -0.057084    -0.06804     0.29214    -0.14682  0.00037641     0.34899   -0.044228   -0.020748   0.0044783     -0.0833      0.7135    -0.15722   -0.063675     0.23758     0.14742   0.0045149  0.00077423   -0.034512    0.021023     0.30869  -0.0034463   -0.097415     0.14581    -0.18234     0.31312  -0.0083647      -1.119    0.091824    -0.12373   -0.067648   -0.032618    -0.17209   0.0086146    0.045132     0.28345    -0.14906].
   Ages are sampled.
   Parameters are updated.
   Updating parameters makes the average log-likelihood of samples increased by [-0.00082378   -0.034884      0.4271     0.20953    0.022338   -0.023305     0.13076     0.23115     0.13981    -0.45861    -0.46614    -0.28135   -0.019328      0.2044     -0.1107    0.078751    -0.10482     0.62413     0.30047   -0.046746  -0.0086643    0.076193   0.0018481   -0.056069    -0.53848    -0.19557    0.003443    0.024534    0.054728    0.029198    -0.53859    -0.12632     0.45372    -0.07708     -1.9085   -0.079595     0.11392    -0.11116   -0.023247    0.031057   -0.020338    0.059243    -0.12806   -0.011651  -0.0056381   -0.033593   -0.043777   0.0095495   0.0052257     -0.1333     0.40576    0.068132    -0.18809     0.12593      0.1444     0.13046  -0.0053079     0.16021].
   Ages are sampled.
   Parameters are updated.
   Updating parameters makes the average log-likelihood of samples increased by [-0.024611    -0.42947    -0.34697    -0.12494   -0.023777      0.0085    -0.31785    0.029858   -0.017813     0.23268     0.39865     0.23225    0.022203    0.086137   -0.093241  -0.0059487     0.29902    -0.13918    0.094639    0.026778 -0.00064814   0.0029653    0.054854     -1.0199      0.4791     0.40352   -0.048386    -0.16399   -0.015387    -0.14049    -0.19347     0.19727     0.03263     0.23308     0.65002   -0.065703   -0.057044    0.036767  -0.0038263    0.024268    0.020201    0.063515     0.17385    -0.12802     -0.1372     0.36522    0.030043    -0.17758     0.18852    0.049069   0.0075482   -0.060008    0.064607    0.043814     0.23719     -1.7289   -0.054801   -0.006609].
   Ages are sampled.
   Parameters are updated.
   Updating parameters makes the average log-likelihood of samples increased by [0.014363    0.067117   -0.093966    0.054591    0.020467  -0.0035812     0.26595   -0.022448    -0.45167    0.015442    -0.17784     -0.1505     0.01294    -0.18589     0.14204    0.015641    -0.29339     0.11796   -0.013458   -0.082402   0.0027889    -0.03038   0.0016733    -0.19844     -0.2624    -0.31829    0.037154    0.053776  0.00055925     0.13993   -0.019093    0.045059   -0.035911   -0.018182    -0.87535     0.14244     0.08234     -0.1507    0.015126    -0.31965    -0.02432   -0.037141   -0.027692     0.13791    0.093706    -0.17552    -0.07628      0.1778   -0.094348  -0.0042664   0.0017161    0.064276     0.07495   -0.056392    -0.35196     0.38891    0.054148   -0.071225].
   Ages are sampled.
   Parameters are updated.
   Updating parameters makes the average log-likelihood of samples increased by [-0.017356     0.52335    -0.11849     0.07147   -0.018017    0.013893    -0.17361   0.0073293      0.4376     0.12591    0.044763     -0.1199   -0.035544     0.13954    -0.66211    -0.13575     -0.2339    -0.17237    -0.23516    0.097195    -0.24382   -0.031218     -0.1053    -0.28094     0.25393   -0.015441   -0.080798    0.037176     0.02352    -0.17767    -0.18068    -0.21072    -0.23157   -0.024271     0.85385     -0.4786    0.054761    0.075272  -0.0094053     0.36482    0.022811    0.092309   -0.037136    -0.09858    -0.15263   0.0031541   0.0035134  -0.0088418    0.082894    0.023346  -0.0090839    -0.30163    0.089254    0.067873     0.32029   -0.025102    -0.14693   -0.042803].
   Records are aligned to the target stack.
   Iteration 1/10...
   Iteration 2/10...
   Iteration 3/10...
   Iteration 4/10...
   Iteration 5/10...
   Iteration 6/10...
   Iteration 7/10...
   Iteration 8/10...
   Iteration 9/10...
   Iteration 10/10...
   A new stack is updated.
#  Iteration 4:
   Ages are sampled.
   Parameters are updated.
   Updating parameters makes the average log-likelihood of samples increased by [0.17391    -0.66397     0.17551     0.11669     0.12118    0.091311    0.078881    0.023253    0.052218    0.074979    0.080385   -0.012883      0.8074    -0.63999    -0.67111      0.2119    0.025703     0.24322    -0.21253    -0.15575  -0.0041374    0.021295     0.11664      0.1204      1.0923     0.13378    -0.44027    -0.56209      1.3614     0.21308     -1.0165    0.020696     0.95211     0.75633     0.17258     0.18795     0.33284     0.05279    0.091677     0.10109      0.2544   -0.031454    0.077752     0.07773     0.50146     0.10514     0.20706     0.45997     0.39002    -0.12409    -0.14575     0.74159   -0.057818     0.32893   -0.076891   -0.026536    -0.18886     0.18105].
   Ages are sampled.
   Parameters are updated.
   Updating parameters makes the average log-likelihood of samples increased by [0.030038   -0.087487    0.081487      0.1322    -0.12667    0.023742    0.014696     0.04977    -0.15617   -0.040113    -0.38876    0.052968     0.53538    -0.14151     0.08384    0.018697    -0.34764      1.1046    -0.11811      0.1927    -0.26442    0.023059    0.010695     0.47785   -0.010635    -0.41688   0.0059563    -0.23881   -0.013597   -0.057024      1.8681    0.024107     0.23602    0.080272      1.9097   -0.036369   -0.081277    0.015452     -0.1767    0.048539     0.17083   -0.021289     0.23613     0.40836    -0.14118    -0.27102    -0.14302    0.046106   -0.017212   -0.084634    0.046205    -0.41216     -0.1066    -0.11081    0.091851     0.54529   -0.076547     0.21306].
   Ages are sampled.
   Parameters are updated.
   Updating parameters makes the average log-likelihood of samples increased by [0.18762    0.085162     0.10568    0.033195   -0.013445      -0.041    -0.10423      0.2196     0.34953   -0.075051     0.10079   -0.017893     0.26013    0.088798   -0.030713   -0.086531     0.11416     0.51584     0.15183   -0.029565   -0.017042     -0.1036    -0.66588     0.11019    0.027886    0.096239     0.25202    -0.05706     0.80871     0.14801     0.54185     0.10393   -0.079219    0.014782      1.6786    0.082587    -0.23761   0.0015168    0.046442    0.067432   -0.005208   -0.049858   -0.095719     0.24148    -0.44868    0.046644 -0.00022494   -0.065368     -0.4491    0.071047   -0.011096   -0.010286    0.058234   0.0006358     0.29538    0.085915    -0.14156   -0.089398].
   Ages are sampled.
   Parameters are updated.
   Updating parameters makes the average log-likelihood of samples increased by [0.48764     -0.4862     0.10052    -0.02945    0.090537    -0.15868     0.32666    0.010625    0.098521    -0.19135  0.00063951    0.024868    0.025569    0.038928     0.59368   0.0088399     0.10294    0.018882     0.20328     0.28653      0.4708   -0.016711    0.052084     0.11464   -0.037922    0.044314     0.10892    0.016409  -0.0010015     0.28838     0.53936    0.064704    0.011678     0.08826    -0.24813   -0.013427     0.15822     0.11565    -0.25063     0.11241    0.043729    -0.18192    0.020088    0.017165     0.13919    -0.11912    0.066485    0.078221    -0.19845    -0.16861    0.051611     0.65079    -0.12641   -0.054749     -0.2423    -0.01041   -0.046217     0.28328].
   Ages are sampled.
   Parameters are updated.
   Updating parameters makes the average log-likelihood of samples increased by [-0.52565     0.54216     0.24622    -0.14249    -0.12645     0.13718   -0.082773   -0.047841   0.0082199    -0.56059   -0.038895    0.012058    0.082623  -0.0093209    -0.26329   -0.041946      -0.235    -0.10222     0.13322    -0.31593    -0.52921    0.051237   0.0011017    0.089203    0.072037    -0.42949     0.09277     0.32902    0.052185     -0.4684     0.17192    0.068493    0.038578    0.013325      0.5224    0.020443   -0.021316    0.084375     0.25769   -0.048745   -0.007274     0.17523    0.004947   0.0046063   0.0079847    -0.27501   0.0063646     0.21488    0.055066     -0.2149   0.0031433     0.26433     0.42562    0.019376     0.20685     0.10316   -0.016934    -0.31257].
   Ages are sampled.
   Parameters are updated.
   Updating parameters makes the average log-likelihood of samples increased by [-0.29343   -0.079779    -0.40666     0.18324      0.1449     0.10824     0.10837    0.044027   -0.097865    -0.50266     0.35576  -0.0015477    -0.12121  -0.0012539     0.11229    0.042291     0.23332    0.033814    -0.16328     0.41937     0.17838    -0.05505  -0.0044168   -0.023356    -0.44927      0.4286    0.051097  7.8843e-05    0.025599    -0.66158   -0.033815     -0.1263    -0.13099   0.0031215   -0.054551   -0.024194    0.029566   -0.092559    0.088738  -0.0079378  -0.0074285   0.0094079   -0.019629    -0.13983     0.01458     0.43368   -0.048411   -0.039695     0.13581     0.62158   -0.080443    0.037352    -0.35203   0.0057242    0.019615    0.030698   -0.051189    0.075811].
   Ages are sampled.
   Parameters are updated.
   Updating parameters makes the average log-likelihood of samples increased by [0.23115    -0.13941     0.11866  -0.0064299   -0.053574    -0.11593   -0.024975   -0.043235     0.10422   -0.027086     -0.4426   -0.052248     0.44315   -0.067117     0.10192   -0.060239    -0.34509   -0.096783    -0.15873    -0.14737  -0.0047147   -0.027406    0.010181    -0.16858     0.39272   -0.019429    -0.27021   -0.027535   -0.018912    0.083172    -0.41238     0.18388     0.09736  -0.0061664     0.33376    0.024087   0.0091411    0.059381   -0.031095     0.11736   -0.028328    -0.12927    0.015712    0.098837    -0.16888   -0.027619    0.045808   -0.091941     -0.3217    0.033904     0.10275    -0.11904     0.18191  -0.0052156    -0.16216   -0.033216    -0.12151     0.55421].
   Ages are sampled.
   Parameters are updated.
   Updating parameters makes the average log-likelihood of samples increased by [-0.068441     0.23244     0.30015    0.005362     0.02503    -0.29629    -0.23865     0.04622    -0.03121     -0.3676      0.1058    0.054693    -0.10005    0.076359    0.039997    0.017325     0.32208     0.11864   0.0089258    0.052375    0.012199  -0.0065795   -0.057827     0.16685    0.054312     0.02615     0.29314   -0.069443    -0.72781    0.017458     0.38676    -0.11474    0.048593   -0.026518     0.23481    -0.10208   -0.030193  0.00047534    0.079602    -0.18244    0.039566     -0.1029   -0.041955   -0.092618     0.16991   -0.041371    -0.30566    -0.33216     -0.1752   -0.059522   -0.028692     0.12968    -0.37394    0.014763    0.098379   0.0051338      0.1022     0.10231].
   Ages are sampled.
   Parameters are updated.
   Updating parameters makes the average log-likelihood of samples increased by [-0.047331     0.12416   -0.032357    -0.33675   -0.034709     0.10466     0.20288    -0.01143    -0.11397     0.45449    -0.26926 -0.00087934     0.12057  -0.0077891   -0.075749   0.0040505   -0.026055    0.075985    0.037326    -0.40692    -0.19265    0.070288    0.011646    -0.21639    0.001369  -0.0054111     -0.1877     0.02012   -0.043455  -0.0062247   -0.047494    0.083381   -0.011917    0.019087    -0.37543    0.061146  -0.0049555      0.0277   -0.056385    0.051732   0.0028359     0.25313    0.047906     0.11128   -0.071216    0.013771     0.25996     0.35043     0.50752     0.02865    0.026122   -0.015065     0.34847   -0.058081   -0.059621   -0.024915    0.096573    -0.96658].
   Ages are sampled.
   Parameters are updated.
   Updating parameters makes the average log-likelihood of samples increased by [0.11173     -0.8346   -0.056579   -0.027965    -0.02513     0.16476    0.012607    0.012919    0.092344    -0.63534     0.07027    -0.19516    -0.10438   0.0033303     0.20788    -0.11368    -0.11091    -0.18095    -0.45783     0.41262     0.19554   -0.033914    0.046832     0.17301   -0.010588   0.0050582   -0.062742    0.044137     0.14308   0.0037804      0.1167     0.01592  -0.0014327    0.013465     0.40422     0.03308   -0.041543     -0.3593   -0.068075     0.21257  -0.0009794  -0.0012631    -0.13364      0.0371   -0.044385   -0.021155    -0.05026    -0.33215     0.35758   0.0096798  -0.0030888   -0.097022    -0.29265    0.019646     0.06886    -0.25156   -0.042097     0.69771].
   Records are aligned to the target stack.
   Iteration 1/10...
   Iteration 2/10...
   Iteration 3/10...
   Iteration 4/10...
   Iteration 5/10...
   Iteration 6/10...
   Iteration 7/10...
   Iteration 8/10...
   Iteration 9/10...
   Iteration 10/10...
   A new stack is updated.
#  Iteration 5:
   Ages are sampled.
   Parameters are updated.
   Updating parameters makes the average log-likelihood of samples increased by [-0.027735     0.41358    -0.28233     0.12491     -0.2613   0.0062177    -0.11164   -0.080091    0.022405    -0.10713   -0.017574    -0.18589    -0.03475     0.49501     0.53142   -0.023744     0.19985     0.28402     0.15006    0.058203    -0.47009    0.014122    -0.21965     0.24057    -0.14616     0.45736     0.73684  -0.0013362     0.79878      0.4196     -0.2553     0.45326     0.43858   -0.097847    -0.29783   -0.032776     -0.1961      0.2674  -0.0058407  -0.0080605    -0.15547    0.071438     -1.0063   -0.039288   -0.073213    -0.18673   -0.087605   -0.035457    0.051798    0.025604   -0.015859    -0.19438   -0.023412    -0.11699      0.1375     -0.0598   -0.053169   -0.022135].
   Ages are sampled.
   Parameters are updated.
   Updating parameters makes the average log-likelihood of samples increased by [-0.29851    0.069989   -0.048535     0.34872   -0.054743    0.044088    -0.26225    -0.10085    0.021202    0.095772      0.3038    0.021049   0.0035718   -0.022672    -0.23757    0.031599    -0.09342     0.75461    0.021245      0.1625    0.067218    -0.30929   -0.056327    -0.68689     0.14278     -0.1006     0.24494 -4.1856e-05      1.1279  -0.0035322     0.20289   -0.011288   0.0083378    -0.46004     0.76618    -0.39276    0.015446     0.12862   -0.093268   -0.019656    -0.27088    -0.17359    -0.01316    0.032341     0.14818     0.18139   0.0044283    0.049488     0.27901    0.010196   -0.091066   -0.093509    -0.22146    -0.07123    0.025671    -0.12212     0.12981      0.2741].
   Ages are sampled.
   Parameters are updated.
   Updating parameters makes the average log-likelihood of samples increased by [0.22978     0.22575    0.024418    0.010223   0.0094424  -0.0032171   -0.011718    -0.10113     0.25273    0.088362     0.29156    0.076595     0.12154    0.046055    0.024414    0.056065    0.049007   -0.055941   -0.076964   -0.053158    -0.86173    0.070098   -0.014936     0.64605    -0.14876    -0.20663    -0.28935    0.053209    -0.20201    -0.45693   -0.012037    0.078002     0.10077    -0.12724   -0.022719     0.19821    -0.28889    0.081672   -0.035754    -0.11741    -0.31525    0.079539   -0.077461      0.4091    -0.12474     0.10792  -0.0057226    0.019508   -0.068746    -0.40825    0.059553   0.0054279    -0.81847     0.22272     0.18328   -0.059668     0.16178   0.0073912].
   Ages are sampled.
   Parameters are updated.
   Updating parameters makes the average log-likelihood of samples increased by [0.093592     -0.2781    -0.06092    0.099988   -0.039478      0.7346  -0.0067941   -0.027179   -0.095025   -0.025819     0.27303    -0.37362   -0.066678   -0.014559     0.10069    0.087453    0.099298    -0.17454   -0.020607   -0.053688    -0.22105   -0.027475     0.04121     0.13686    0.016086     0.86618    -0.74695    0.034237     0.56664    -0.57992     0.10046   -0.035652   -0.045257   -0.022093     0.97223    0.032479    -0.18641    0.070775   -0.068607     0.11539    0.041104   0.0087551  -0.0029866     0.05537     0.54281       0.235     -0.6789    0.019815    0.071919    0.027891     0.11773     -1.0139    0.049836    -0.14184     0.03131  -0.0019425     0.29047    -0.13736].
   Ages are sampled.
   Parameters are updated.
   Updating parameters makes the average log-likelihood of samples increased by [-0.29536     0.16623    -0.10482      0.1733  -0.0051246      0.2806    -0.10334   -0.056491     0.18083     0.13701    -0.19493     0.29611     0.31458    -0.18705    0.072031   -0.013613   0.0012577    0.041906    -0.27797    -0.29764    0.030252     0.13695  -0.0030775      0.0388    0.076536     0.20383     0.40171    0.049262       0.964   -0.094357    -0.13906   -0.050326    -0.12686     -0.1872   -0.055099     -0.1321     0.22555   0.0018516    0.091771   0.0009102    0.014904    0.097509   0.0036506    0.022639   -0.055202    -0.25997    0.048403    0.012154  -0.0087916    -0.22367     -0.1475   -0.094489  -0.0009279    -0.67612     0.14018    0.048051    -0.16858  -0.0015168].
   Ages are sampled.
   Parameters are updated.
   Updating parameters makes the average log-likelihood of samples increased by [0.16459    -0.29302     0.13311     0.00936    0.014743  0.00033235   -0.097046    0.098838   -0.070059   -0.011311     0.12985   0.0045058    -0.20355   -0.082627    0.040712    -0.52856   -0.078551     0.14789     0.30526     0.31929    0.070686    -0.10151  0.00028832   -0.044413   -0.032563    -0.20155   -0.011465   -0.025748     0.13243    0.056822    0.097489   0.0047522    -0.14011     0.25583    0.063138     0.10976    0.022484  -0.0024042    0.084785  -0.0068867   -0.096444    -0.04269   0.0057031   -0.083195    0.042333    -0.13237      0.0188    -0.11013   -0.028034     0.22799    -0.39026   -0.068745   -0.040157     0.16126  -0.0085485    -0.60705    0.056703     0.20005].
   Ages are sampled.
   Parameters are updated.
   Updating parameters makes the average log-likelihood of samples increased by [-0.15809     0.28463    0.095417   -0.038123   -0.032646    -0.16289     0.11656    -0.17607    -0.12096    -0.10748   -0.004929    -0.03789    0.081884     0.30481    -0.19875      1.0252    0.067699   -0.037662    -0.13957    0.032151     0.13105     0.16293   0.0019932    -0.05079   -0.011259     0.15648    -0.13522    0.032538    0.044489    0.020338    0.099747    0.061779      0.2155    -0.13055    -0.26076    0.024451   0.0051527   -0.047047    0.073095    0.023961     -0.0275   0.0073904   -0.010229    0.036087   -0.011012    -0.09492   -0.018031    -0.43344    0.039529    -0.10647      0.5466    -0.40882  -0.0012337     0.46404  -0.0055624     0.39732     0.13575    0.059779].
   Ages are sampled.
   Parameters are updated.
   Updating parameters makes the average log-likelihood of samples increased by [0.079013      -0.143    -0.19028    0.037566  -0.0062085    0.054545    0.038161     0.26242     0.16559    -0.21449    -0.13274    0.012696    -0.18473    -0.35824    0.046187    0.076238   -0.015048  -0.0027929     0.33348   0.0094738   -0.097049    -0.12354  -0.0061999    0.074612    0.060967    -0.16049     0.15007   -0.022135    -0.37676    -0.01755     -0.1627     -0.1155  0.00087267     0.13226     0.19696   0.0019848   -0.033314    0.016449    -0.29622   -0.015662     0.11608    0.044186   -0.065586     0.02401   -0.035308     0.37231  -0.0049692      0.4024   -0.088915    0.010634    -0.12865     0.49265    0.013845    -0.14609    -0.16909    0.044915   -0.084278   -0.013963].
   Records are aligned to the target stack.
   Iteration 1/10...
   Iteration 2/10...
   Iteration 3/10...
   Iteration 4/10...
   Iteration 5/10...
   Iteration 6/10...
   Iteration 7/10...
   Iteration 8/10...
   Iteration 9/10...
   Iteration 10/10...
   A new stack is updated.
   Done.
#  Age model construction algorithm is now running...
#  Iteration 1:
   Ages are sampled.
   Parameters are updated.
   Updating parameters makes the average log-likelihood of samples increased by [0.011708   0.0022913    -0.18505    0.060955   -0.022682     0.64313     0.29964     0.09413    -0.24195    0.088881  -0.0030365     0.54689     0.60507   -0.011681     0.27289    -0.48358     0.01279    -0.10195    -0.23618   -0.025808   -0.082547    0.032408    0.078115     0.20456   -0.046819   -0.054476   -0.085899   -0.018968     0.28476    -0.53807     0.15584    0.036263     0.26663    0.049391     -0.1164   -0.099628  -0.0087217   0.0021172    -0.18323  -0.0051535     0.03142     0.21795    -0.13753   -0.055745   0.0093311     -1.1829    -0.23756    -0.38199     -0.6539     -0.1386    -0.45673    -0.46264    -0.12993    -0.15835   -0.067116     0.05079    0.050021    -0.10188].
#  Iteration 2:
   Ages are sampled.
   Parameters are updated.
   Updating parameters makes the average log-likelihood of samples increased by [-0.012276   -0.050901    -0.18236    0.018149   -0.026704    0.013761     0.10382  -0.0061301    -0.44349     0.26094    -0.53588     0.62821   -0.034212     0.11129     0.14977    0.033618     -0.1118    0.067822    0.020269   -0.053582    -0.31384    -0.17054    -0.83729    0.068674     0.09194    -0.12332    0.006911     0.11182     0.20291   -0.067138   -0.088788    0.051979    -0.11922    -0.45147    -0.19413   -0.059696   -0.060478    -0.13476    -0.30509    0.082213   -0.098917     0.21473    0.030783    -0.57207    0.011062    -0.78777     0.22665   -0.019141     0.79762     0.61187     -0.2473      0.7731  -0.0017255    -0.62568    -0.12631   -0.081738    -0.27219    -0.16728].
#  Iteration 3:
   Ages are sampled.
   Parameters are updated.
   Updating parameters makes the average log-likelihood of samples increased by [-0.035323   -0.093538    -0.73828    -0.46503    -0.16976    0.011609     0.22453   -0.029408    -0.72843   -0.019859  -0.0024678   -0.046042    0.072522     -0.4449    -0.38127    0.069415   -0.039719    0.096838   -0.070482    0.035288     0.19152     0.31026   -0.045072     0.29232    0.049028     0.25266    -0.38583    -0.12107    -0.56511   -0.088427     0.27426     0.10432  0.00063592     0.16782     0.12257     0.32831    0.059932   -0.035949   -0.022068     0.20139    0.043034    -0.14697   -0.098525    -0.25388    -0.26093   -0.001906   -0.088977    0.065976    -0.07919   -0.029081    0.086316    0.018897    0.055181    -0.39117    0.043512    0.024162   -0.064961    0.048787].
#  Iteration 4:
   Ages are sampled.
   Parameters are updated.
   Updating parameters makes the average log-likelihood of samples increased by [0.24515     0.16186    -0.40512   -0.055379     0.13521    -0.20106    0.077772    -0.24842     -0.0369    0.078726     0.14417     0.13353    0.023944   -0.072549    0.097668     0.22802     0.18205     0.22218   -0.095806     0.58018    -0.12209       0.209   -0.035454    -0.44621     0.28781    -0.27089     0.18231     0.10748     0.20139   -0.061988   -0.057609    0.048187    0.020792     0.21271  -0.0077608     0.27577    0.001701  -0.0065778   0.0020188     0.18299     0.33559     0.14853    -0.05667     0.13396     0.35254   -0.048511    0.090037    0.033008    -0.34004     0.36881   0.0018303    -0.62518    -0.15483   -0.030394    0.045572     0.16711     0.13297    0.048276].
#  Iteration 5:
   Ages are sampled.
   Parameters are updated.
   Updating parameters makes the average log-likelihood of samples increased by [-0.25986   -0.016783     0.38025    -0.14825    0.031308    0.049673     -0.1137    0.064212    0.013769    -0.20134    0.039006    -0.15363     0.08115   -0.076589    0.025513    -0.16451    0.037667     0.74135    0.059355   -0.016064    0.087142    -0.46673    -0.15968     0.43557    -0.20183     0.18108   -0.024437    -0.14255      0.2942    -0.01001    0.034601     0.42877  -0.0030986     0.42862   0.0050152  -0.0089983    0.016775   -0.099954   0.0024361   -0.042362    -0.12059     0.23495    -0.01072    0.026237    -0.03775    -0.11386    -0.16545   -0.031459     0.33987     -1.4818    -0.15872    -0.25041     0.12646    -0.18103   0.0085778    0.017416   -0.086767    -0.04035].
#  Iteration 6:
   Ages are sampled.
   Parameters are updated.
   Updating parameters makes the average log-likelihood of samples increased by [0.33101    -0.27421    -0.11775      0.2139  -0.0052342     0.34953     0.14378   -0.012726    0.044411     0.27093    -0.36314     0.36945    -0.23748     0.14995     -0.0706     0.22325    -0.03063    -0.27019    0.036985  0.00085323   -0.017034    0.042981    0.038052   -0.085474    -0.47639   -0.053005    -0.16701    0.062477    -0.50415    0.017831   -0.067312    -0.38988    -0.17089    -0.56608    -0.16423    -0.40263    -0.45077    0.014755    0.020752    0.057093    -0.11003    -0.28549     0.14142   -0.052922   -0.034879     0.10308     0.19036    0.037686     0.00325   0.0007538    0.013336     0.32358    0.033573     0.10353   -0.052258   -0.017389    0.063042    -0.14766].
#  Iteration 7:
   Ages are sampled.
   Parameters are updated.
   Updating parameters makes the average log-likelihood of samples increased by [-0.41063     0.27256   0.0072117   -0.062376   -0.017872    -0.26764    -0.64838    -0.35892   -0.084569    -0.11261    -0.12373   -0.016837     0.26926    -0.11997     0.10324    -0.21221    0.031252     0.26839   0.0009913   -0.030894   -0.081316     0.33753     0.17879     0.16802     0.65079     0.10619     0.28954   -0.086267     0.55694     0.01553    0.073593    -0.26897      0.1726   -0.063709    0.053217     0.27569     0.47383     0.15815  -0.0098123   -0.048725      0.1077    -0.29624    -0.14032    -0.13615    0.060628    0.056098    -0.15571    0.022588   -0.090021    0.019423     0.17301   -0.048459    0.015594     0.26087    -0.18317   0.0042995     -0.1132    0.029559].
#  Iteration 8:
   Ages are sampled.
   Parameters are updated.
   Updating parameters makes the average log-likelihood of samples increased by [-0.091327   -0.069136      0.1282   -0.020269     0.01844      0.1336    0.080853     0.52086     -0.2377    0.023887     0.23134    -0.54629    0.017381    -0.13508   -0.063899     0.20365    -0.20366   -0.016208     -0.0208   0.0098339   0.0076964    -0.53735       -0.31   -0.040485    -0.12112    -0.70264      0.0523  -0.0097126    -0.80445   -0.085345  -0.0043246     0.38738    -0.17643    -0.36158   -0.016031    -0.12891    -0.24683   -0.060578    0.013288    0.043715     0.12743     0.12727     0.12872     0.18357    0.037917    -0.21542   -0.029356   -0.042132   -0.030841     0.13758   -0.055075   -0.077058   0.0059014   -0.013166     0.24198   -0.030896    0.099709     0.14018].
#  Iteration 9:
   Ages are sampled.
   Parameters are updated.
   Updating parameters makes the average log-likelihood of samples increased by [0.5052     -0.3092    -0.19333    0.066684   0.0049303    -0.11334     0.04654    -0.19137     0.30257    -0.15075    -0.20321   -0.019136    -0.25407     0.25523    0.024223    -0.12979      0.1904    -0.10212  -0.0096814    0.036725    0.036537     0.18235     0.30237    -0.33172    0.055567      1.4528    -0.16045    0.032533    -0.18461    -0.13327   -0.085329    -0.50127      0.1744     0.39517     0.11943     0.61283   -0.048841    0.068813  -0.0040957    -0.10109     0.12193     0.23797    0.011813   0.0024892    -0.01975     0.22494    0.095472    0.067271    0.093698     0.01655    0.086152     0.10825  -0.0014429    -0.15464   -0.063676    0.051345    0.049828    -0.20944].
#  Iteration 10:
   Ages are sampled.
   Parameters are updated.
   Updating parameters makes the average log-likelihood of samples increased by [-0.07072      0.2522     0.20859    0.015996  -0.0021857      0.2109   0.0072648    -0.13253    0.023688    -0.12408    0.093505    0.033705   -0.077057      -0.029    0.039919     0.33649   -0.062521    -0.25394   -0.058668    -0.10335    0.066284    -0.17871   0.0048561    -0.41496    -0.26716    -0.10718     0.19548     0.16385    0.031864      0.1998     0.08274    -0.57199    -0.47903   -0.011552    -0.17368    -0.21563     0.28062    -0.08467   0.0053416     0.04668    -0.88862     0.13506    -0.33057   -0.048992   -0.039218    -0.18446    0.051042  -0.0056465    0.026454    -0.14967   -0.010541    0.021125   -0.041476    -0.11483    0.063352  0.00012753 -0.00083806     0.13671].
#  Parameters are learned. Sampling algorithm is now running...
-------------------------------------------------------------------------------------------
#  Results and figures are being stored...
   Done.
   Results and figures are stored in Outputs/R107_d18O_stack.
-------------------------------------------------------------------------------------------
>> 