MATLAB is selecting SOFTWARE rendering.
OMP: Warning #182: OMP_STACKSIZE: ignored because KMP_STACKSIZE has been defined

                            < M A T L A B (R) >
                  Copyright 1984-2024 The MathWorks, Inc.
             R2024b Update 3 (24.2.0.2806996) 64-bit (glnxa64)
                             November 26, 2024

 
To get started, type doc.
For product information, visit www.mathworks.com.
 
Starting parallel pool (parpool) using the 'Processes' profile ...
Connected to parallel pool with 36 workers.
Number of workers: 36
-------------------------------------------------------------------------------------------
## BIGMACS: Bayesian Inference Gaussian Process Multiproxy Alignment of Continuous Signals
-------------------------------------------------------------------------------------------
## Stack construction algorithm is now running...
#  Initializing...
   Data are loaded successfully.
   Initializing the age samples...
   Done.
#  Stacking algorithm is now running...
#  Iteration 1:
   Ages are sampled.
   Parameters are updated.
   Updating parameters makes the average log-likelihood of samples increased by [49.76826      36.36978      11.29885      13.77422      22.04351       3.45095      40.14729      14.99268       28.5043      19.81213      32.68185      10.21403      8.010089      4.014802    0.02385291      11.49383      63.30882      23.93285      6.221041      75.68371      15.79849      7.645036      12.65342      33.19767       15.7268      49.02767      8.268496      2.764623      14.79513      1.632507      18.43093      24.15801      3.471975      43.73419      19.93221      17.13717      10.50038      116.7902      26.21395      13.30988      58.00941      17.04211      6.053672      52.07861      5.379312      20.81687].
   Ages are sampled.
   Parameters are updated.
   Updating parameters makes the average log-likelihood of samples increased by [1.8254      2.7399    -0.34935     0.67122     0.51825    0.039024     0.38855     0.78917      5.8144      1.5187     0.76894     0.73946     0.32587     0.36621    -0.45648    0.023852      1.7258     0.39118     0.79097      2.7573    -0.20502    -0.99381      2.0535     0.80675    -0.13194     0.70493     0.55207    -0.40538     0.99213    -0.52235       1.015     0.33786   -0.052119      3.2657      1.8954      1.1372      1.0002     0.47533      1.1268      1.0384      4.6857      2.2662      0.2433    -0.10303   -0.079379     0.46803].
   Ages are sampled.
   Parameters are updated.
   Updating parameters makes the average log-likelihood of samples increased by [0.0051874    -0.11937    -0.20551     0.18733    -0.30097  -0.0045468     0.38421     0.32648      2.0814     0.16569       0.398     0.10332     0.73703    -0.14618      0.2963   -0.029672      0.3283     0.30394    0.047224      1.2063      0.5048   -0.016954     0.35491   -0.012735     0.25284   -0.066821    0.045399    -0.15089      1.6907    -0.10561     0.23783    -0.18596     0.99601      4.2024   -0.069869     0.68106    0.033649     -0.5772     -0.4895    0.081551     0.01395      2.0637    0.050833    0.030979    -0.10513    0.026924].
   Ages are sampled.
   Parameters are updated.
   Updating parameters makes the average log-likelihood of samples increased by [-0.0073747 -4.2253e-05   -0.058123     0.13508    -0.56863    0.052369     -0.1322   -0.064308     0.12005    0.030921     -0.3867   -0.040229     0.67536    -0.19828   -0.015261    0.051916    0.020868    -0.10302     0.19191    0.077406      0.5274   -0.017608     0.12943    -0.14854    -0.70108    0.032482    -0.22648     0.17889    -0.92671    0.080039   -0.045497    -0.30735  -0.0039064     0.66544    0.021383    -0.60961     0.15739     0.24241    -0.77117    -0.68989    -0.46043     0.60908     -0.4937     0.24174     0.12083    0.023681].
   Ages are sampled.
   Parameters are updated.
   Updating parameters makes the average log-likelihood of samples increased by [-0.009255   -0.010564   -0.018051     0.13034    -0.37067    0.049217    -0.33533     0.11488    -0.47608    -0.12805    0.041431    0.064644     0.38607     -0.1692    0.021848    -0.06167    0.048567   -0.041099   -0.017257    -0.13415   -0.040483    -0.24102   -0.078295     -0.6386    0.074198     -0.1369     0.10663    -0.18327   -0.030514   -0.020651   -0.039068     0.29606    0.029199       1.018    0.011086   -0.066753    -0.20433    -0.10618    -0.59537    -0.16212    -0.14009    -0.68486     0.54781   -0.088283    0.020206   -0.092911].
   Ages are sampled.
   Parameters are updated.
   Updating parameters makes the average log-likelihood of samples increased by [0.0085788    0.012449    -0.11326    -0.49539   -0.039512    -0.28687     0.13803    -0.17105      0.6412     0.65394     0.21155    -0.31027     0.10302     0.42636   0.0017004    0.054289   -0.094107    0.049437     0.01532     0.52672    0.029887    -0.15723     0.03042     -0.3475   -0.014193     0.19556   -0.093796    0.085564    -0.44118    -0.38339    0.039314    -0.24068   -0.028086     0.17543    0.072285    -0.10908   -0.013448     0.32183     0.64757     0.12187     0.12688     -1.3663   -0.052919    0.079442   -0.094767     0.10939].
   Ages are sampled.
   Parameters are updated.
   Updating parameters makes the average log-likelihood of samples increased by [-0.2732  -0.0036289    -0.02745     0.33053     0.33221     0.16212     0.15344     0.13891     -0.2594     0.13185    -0.18373     0.35807    -0.39489     0.39694   -0.013419  7.7094e-05     0.13368   -0.081163    -0.14591    -0.42577    -0.12697     0.17335    0.017597     0.19219    0.061142   0.0058225    0.010093    0.058176    -0.31555     0.27611   -0.052874    0.025272   0.0094636   -0.010816    -0.17522    -0.74532     0.20564    -0.11084     0.54557     0.41697   -0.062664   -0.017886   0.0078201    -0.10857     0.17102   -0.022392].
   Ages are sampled.
   Parameters are updated.
   Updating parameters makes the average log-likelihood of samples increased by [0.16358  -0.0089274     0.16728    -0.47316   -0.014719    0.086254     0.17118    0.036838     0.24418    -0.17758   -0.031191    -0.21458     0.12473    -0.50527   -0.066065  -0.0039789     0.01757    0.090529   -0.071074      1.3803     0.11882  -0.0082151   -0.091987    -0.17421    -0.13319   -0.029777    0.081168    -0.11007     0.60412     0.10349    0.077968   -0.035374   0.0045646   -0.045435    0.086634     0.16536  -0.0032214     -0.1839   -0.018894     -0.2489    -0.12735   -0.060711  -0.0033997     0.10581    -0.11998   -0.015351].
   Ages are sampled.
   Parameters are updated.
   Updating parameters makes the average log-likelihood of samples increased by [0.090032   -0.020405   -0.001211     0.45254    -0.44415   -0.075385    -0.46761   -0.016072    0.020145      0.1297   -0.096844   -0.097941    0.099678     0.48356    0.081851   -0.065995   -0.026352   -0.071968     0.10821    -0.19834    -0.20011     0.31919    0.030242     0.24582    -0.21919    0.013088   -0.062937     0.14803     0.84233     -0.1718  -0.0050588    -0.23378    0.013739     0.17285     0.10702     0.43204   -0.094387    -0.26512    -0.15029   -0.086223     0.46794     0.18885   -0.054396    0.013997    -0.82165    -0.29256].
   Ages are sampled.
   Parameters are updated.
   Updating parameters makes the average log-likelihood of samples increased by [0.013977   -0.043037    0.025291     0.12224     0.46457    0.066297     0.42666    0.017728    0.058906    0.019438    -0.05996    0.088359    -0.12543    -0.26032   -0.017901    0.075538 -0.00046074    0.052623   0.0013203     0.21722     0.21256    -0.29326  -0.0012295    -0.27291     0.12075    0.018429    0.088034   -0.041966     0.47019   -0.046766   -0.019737     0.28616  -0.0018539    -0.31956    -0.14586    -0.12527    -0.12359     -0.2443    -0.10833   -0.056077    -0.80828    -0.32802    0.075279  -0.0011282    -0.24738   -0.028147].
   Records are aligned to the target stack.
   Iteration 1/10...
   Iteration 2/10...
   Iteration 3/10...
   Iteration 4/10...
   Iteration 5/10...
   Iteration 6/10...
   Iteration 7/10...
   Iteration 8/10...
   Iteration 9/10...
   Iteration 10/10...
   A new stack is updated.
#  Iteration 2:
   Ages are sampled.
   Parameters are updated.
   Updating parameters makes the average log-likelihood of samples increased by [84.54804      28.79418      59.55642      50.77751       10.2685      1.880452      59.30665      29.90887      48.79415      46.05925      17.28264      3.265416      11.21184      12.28997      18.55357       11.3864      51.41082      42.07045      18.88592       123.414       15.5422      16.06686      7.180676      27.93148      54.97246      59.09794      16.23687      9.628069      45.24262      10.86107      47.43782      24.03171      21.91866      13.29348      35.08891      36.69974      21.86684      32.79198      20.67348      13.06613      83.86689      29.80915       9.97227      31.86657      39.26129      21.56157].
   Ages are sampled.
   Parameters are updated.
   Updating parameters makes the average log-likelihood of samples increased by [6.74694      11.7094      14.1298      2.27521      3.83201     0.706985      5.70675      3.54848      5.65704      1.61876     0.576967     0.449956      4.10393    0.0932831      6.05048      2.41785     0.626815  0.000785132      1.35189     0.347187    -0.113058      1.98551     0.192225      3.61871      5.32835      17.1865    -0.456412       2.2089     -1.19394     0.942347      2.62138      2.89333      2.01798      1.31331      4.95616     0.525139     0.513422      5.55292    -0.812803     0.483413      8.82764      1.75817     0.104392      1.59221      5.45909      2.79423].
   Ages are sampled.
   Parameters are updated.
   Updating parameters makes the average log-likelihood of samples increased by [4.0662      2.9066      1.0224     0.62982      1.1942     0.36277       0.537     0.91947      2.3874      1.7006     -0.0073     0.09955     0.59253      1.1591      2.7312     0.26425     0.61071    0.086489      1.0475      1.3621    0.029993     0.28054   -0.073387     -0.4244      3.3649      4.1021   -0.022969    -0.20186     0.94436     0.22233      1.0241    -0.52935    -0.11606    -0.57177     0.19025      2.4289      1.0018      3.2807    -0.82577      1.0178    -0.13603     0.96958     0.12116     0.14104     0.23611      1.3741].
   Ages are sampled.
   Parameters are updated.
   Updating parameters makes the average log-likelihood of samples increased by [1.6926     0.35809     0.27961     0.39626      1.9178     0.75782      0.4069    0.093174     -1.0648     0.10214     0.10461     0.22838   -0.030069   -0.059429     0.45112      1.1258    0.086394    0.072554    -0.30447     0.27112     0.14811     0.19748    0.093908    0.020906     0.51215      2.2499      0.0201     0.20804     0.35154   -0.050448    0.042168     0.88138    -0.39454    -0.27093     0.67477   -0.075754   -0.076889      1.6449      1.1706     0.12939     0.52066     0.49051      1.3398     0.10163      1.0347    -0.12396].
   Ages are sampled.
   Parameters are updated.
   Updating parameters makes the average log-likelihood of samples increased by [-0.41197    0.054131     0.14972    0.020263    -0.33241     0.22148   -0.076061   -0.016897    -0.16306    0.016076    0.066609   -0.036657     0.16861     0.08225    0.009941     0.27586    -0.47307    0.030915    -0.47084    -0.27529   -0.086764    -0.13608   0.0064572    0.061353     0.12589    -0.76676   -0.036206   -0.048654    0.064736    -0.05324    -0.17819    -0.34791     0.19005     0.01049      1.0231     0.78738   -0.031117     -1.5127      1.2013     0.27386    -0.06241    -0.13893    -0.93031   -0.048931     0.13235   -0.037274].
   Ages are sampled.
   Parameters are updated.
   Updating parameters makes the average log-likelihood of samples increased by [-0.42042 -0.00085668    0.047849  -0.0089753    -0.78323    0.012235     0.08817    0.002127     0.48025    0.015994   -0.021883    -0.12697    0.032702    -0.12044   -0.018092   0.0056572     0.20561   -0.033572     0.30483     0.34944     0.11049   -0.020912  -0.0094115   0.0051763    0.023487     0.67458   0.0049864     0.02861    0.011867    0.075946   -0.007952      0.2736   0.0074652   -0.062425    0.091544    0.031489     0.14986     0.21564    0.090142   -0.096301    0.024928     0.47441    0.031742    0.021919    0.021087    -0.17801].
   Ages are sampled.
   Parameters are updated.
   Updating parameters makes the average log-likelihood of samples increased by [0.91565    0.008607    0.017287  -0.0015427     0.51158   0.0044896   -0.019322   -0.083426    -0.23184    -0.30074   -0.094985     0.13948   0.0019437    0.071687   0.0098643   -0.010654     0.29647   -0.013893    -0.16624    0.053952    -0.03952     0.00719   -0.057288   -0.083015   0.0029869     0.18256   0.0081131   -0.047533   -0.075527    -0.12119     0.14118   -0.029018    -0.23624    -0.34986   -0.008211    -0.35556    0.090645    -0.20004    0.022704   -0.049634    -0.26951     0.01295   0.0051837   -0.099882   -0.029652      0.2518].
   Ages are sampled.
   Parameters are updated.
   Updating parameters makes the average log-likelihood of samples increased by [0.54029  -0.0070405   0.0085149   -0.059009    -0.48965  -0.0014078   0.0030302    0.076422    0.057642     0.30912    0.050509      0.0208     0.01191   -0.047238   -0.034463   -0.036648  0.00020616    0.054823    -0.48683    -0.31451   -0.090021    0.010532    0.010061    0.078372   -0.072311    -0.21162   -0.080902    0.050775    0.039397    0.081796   -0.031085     0.10644    -0.20649      0.1276   -0.070323     0.30568  -0.0043625    0.089892   -0.014603   -0.036942     0.21075    -0.43862  -0.0042135     0.12294   -0.025455    -0.36164].
   Ages are sampled.
   Parameters are updated.
   Updating parameters makes the average log-likelihood of samples increased by [-0.29285   -0.024006    -0.11624    0.020469    -0.18581   0.0040232   -0.035988   -0.001717   -0.091738   -0.058457     0.16326   -0.038369  -0.0033339   -0.089212    0.023783    -0.09346    -0.17195    0.004354     0.57967     0.24313    0.032178     0.12185   0.0081233   -0.069107     0.07458     0.02696    0.086777   0.0035217    -0.29916    0.079834   -0.045414   -0.029846     0.31259     0.30625    0.054413   -0.077315     0.14374    0.066725    0.013308      -0.267   -0.031323     0.51341   0.0068564  -0.0053761    0.052001     0.24981].
   Ages are sampled.
   Parameters are updated.
   Updating parameters makes the average log-likelihood of samples increased by [-0.14714    0.021255  -0.0080174  -0.0045203      0.2525   -0.023448    0.029158    0.016201     0.24459   -0.018226    -0.07028   6.021e-05  -0.0025444   -0.025574    0.010545    0.045372     0.17488   -0.031876   -0.015406    -0.19477   -0.032983   -0.028475    0.031658    0.057179    -0.07094    -0.57969   -0.014892    0.014328     0.34312   -0.098009     -0.4431    0.029863     0.20738   -0.036594     0.01987   -0.037815    -0.79332   -0.064762   -0.062789     0.43188  -0.0083866     0.70589  0.00090113   0.0089619   -0.096671    0.023362].
   Records are aligned to the target stack.
   Iteration 1/10...
   Iteration 2/10...
   Iteration 3/10...
   Iteration 4/10...
   Iteration 5/10...
   Iteration 6/10...
   Iteration 7/10...
   Iteration 8/10...
   Iteration 9/10...
   Iteration 10/10...
   A new stack is updated.
#  Iteration 3:
   Ages are sampled.
   Parameters are updated.
   Updating parameters makes the average log-likelihood of samples increased by [3.0691      1.6904     0.99559      1.2828     0.29526    -0.69606       0.855      1.5704    -0.25342      1.6917    0.030467      1.2805     0.16379      2.0307      1.9678     0.58491     0.82414      7.4062      -1.102     0.88556     0.73751      1.4801    -0.20018    -0.12541    -0.19292    -0.13659     0.62826     0.49657      6.8261      1.3868     0.70479     0.12302      1.0856     0.54009    -0.86065      1.5395      0.3898      1.4053     0.17719      1.2782    -0.37313     0.44583    -0.30973     0.60568      0.4563      1.9787].
   Ages are sampled.
   Parameters are updated.
   Updating parameters makes the average log-likelihood of samples increased by [0.060347     -1.2532       0.104      1.3652     0.16428    -0.04913     0.60589    0.086424     0.80078     0.20759    0.031131    0.063864     0.52267    -0.53385     0.49048      1.0123     0.34394   -0.076038     0.18985   -0.011564    -0.58395    -0.28815    0.039568     0.93457     0.55195   -0.049794     0.17965    -0.34303     0.77398     0.35635   -0.044951    -0.39442    -0.18272     0.35574     0.40517     0.48025      2.7908     -0.9027     0.25875     0.26779    -0.43939     0.40072     0.25317   -0.030567     0.17053    -0.16084].
   Ages are sampled.
   Parameters are updated.
   Updating parameters makes the average log-likelihood of samples increased by [-0.23699    -0.14769    0.014266   -0.077966     0.26897    -0.12996    0.086918    -0.41924    -0.29876   -0.038549    0.019969    -0.59963    -0.01281     0.32896    -0.12727     0.06971     0.29942      0.6441     0.22962    -0.15037      0.2271    -0.21801    -0.28236    -0.21602     0.44519   -0.024757    -0.12248   -0.037863     0.83852    -0.22413     -0.2241     0.25534      0.1422     0.14642     0.83268     0.42476    -0.55728      -0.151      -1.268   -0.078327   -0.010567     0.18869    0.014893     0.13143     0.37377     0.11541].
   Ages are sampled.
   Parameters are updated.
   Updating parameters makes the average log-likelihood of samples increased by [-0.2491     0.11786    -0.64161    0.023233    -0.09534     0.15167    -0.15915   -0.077414    -0.23032  -0.0016947    -0.01074    -0.93513    -0.11911    -0.17736     0.85563      0.6393    0.012643     0.18556     0.12928    0.044099    0.082417    0.096287    0.083217     0.26031   -0.014313    0.036677     0.10718    0.055743     0.06085    0.086651     0.14155     0.41887      0.4181     0.36495     -0.3294     0.12097    0.014479     0.31291     0.53907     0.11324    -0.48914     0.87135   -0.071155     0.22428     0.24491    -0.41952].
   Ages are sampled.
   Parameters are updated.
   Updating parameters makes the average log-likelihood of samples increased by [0.97081    -0.25897     0.46305   0.0020109    -0.11664    -0.21855    -0.31445     0.19041     0.19542   0.0021869    0.016359    0.014872     0.10939      0.1894    0.032086     0.27237   -0.015424     0.11876    0.096772    0.047991     0.15578   -0.025881    -0.14495   -0.057451   0.0056638   0.0027787   0.0044117     0.14267    -0.12142   -0.014967     0.15243   -0.034646    -0.12399    -0.24938    0.021863   -0.073027     0.15884    -0.59635     0.60506    -0.05087     0.48438    -0.13571   0.0025859    0.071933  -0.0090301     0.60308].
   Ages are sampled.
   Parameters are updated.
   Updating parameters makes the average log-likelihood of samples increased by [-0.41427     0.44018    -0.10944   0.0018017     -0.1011     0.20743     0.56161     0.10483   -0.082647  -0.0065695  -0.0079471   -0.019663    0.067221 -2.4305e-05    0.011539     -0.1005  -0.0055634   -0.026079   -0.024178   0.0024654    -0.36297  -0.0016461    0.023049    0.030231    -0.15061  -0.0037203   0.0011347   -0.042178     0.14656   0.0032102    -0.24898     0.43074    0.066787     0.52591      0.3455   -0.023788     -0.1095     0.38304    -0.18591    0.040786     0.10582     0.12488   -0.086133    0.001067    -0.17679     0.02154].
   Ages are sampled.
   Parameters are updated.
   Updating parameters makes the average log-likelihood of samples increased by [0.36918   -0.087666     0.17922  -0.0035224     0.15906    0.013948     0.41442    0.058014    -0.33421   -0.077872    0.017796    -0.04606     0.01489   0.0028025   -0.059533    -0.12696   -0.055664    -0.05653    0.047428    -0.17077     0.38416    -0.03966    0.029601    -0.10577   -0.049493  -0.0043753   -0.079681    -0.15233    -0.14224   -0.035037    0.074968    -0.16631    0.067295    -0.91854   -0.051592      0.1018     0.11005    0.019821     0.23352   0.0012671   -0.013516   -0.022597    0.024901   0.0016661     0.14346    -0.18121].
   Ages are sampled.
   Parameters are updated.
   Updating parameters makes the average log-likelihood of samples increased by [0.057326   -0.056493    -0.22602   -0.021599    0.054543    -0.10291   0.0037425     0.14405       0.292    -0.22582   -0.004749    -0.16189    -0.17275    -0.12867    0.016123     0.20819   -0.018776    0.080374     0.25193     0.11138  -0.0048931    0.057475    0.084824    0.065089     0.19858    -0.12219    0.015271     0.17421     0.12737  -0.0054815    -0.16745       0.263    0.057861    -0.25794    0.051897   -0.015661   0.0036659    -0.24734    -0.19341    0.010431    -0.17613   -0.012739    0.039474   -0.026619    -0.25038     0.10305].
   Records are aligned to the target stack.
   Iteration 1/10...
   Iteration 2/10...
   Iteration 3/10...
   Iteration 4/10...
   Iteration 5/10...
   Iteration 6/10...
   Iteration 7/10...
   Iteration 8/10...
   Iteration 9/10...
   Iteration 10/10...
   A new stack is updated.
#  Iteration 4:
   Ages are sampled.
   Parameters are updated.
   Updating parameters makes the average log-likelihood of samples increased by [-0.024415    -0.15773    -0.21088     0.24833      0.1101     -0.2396    -0.26712     0.37615    0.071338     0.25024     0.17256     -0.1465    -0.27471     0.24768     0.09608     0.90017      1.0264       1.501    0.075636     0.40445    -0.30532    -0.15706   -0.015872     0.21404    0.095621     0.04131   -0.096021    -0.27028    0.040332    0.011644     0.39074     0.05819     0.78678    0.017442    0.034648      1.3853    -0.11179     0.59564     0.80954    0.021512     0.27672  9.4902e-05   -0.080058     0.11779    -0.13783    -0.23788].
   Ages are sampled.
   Parameters are updated.
   Updating parameters makes the average log-likelihood of samples increased by [0.27384   -0.045281    -0.39573    0.025251    -0.13975     0.04258    -0.40263    -0.43795   -0.060148     0.21192     0.67159    -0.13077   -0.048792  0.00068311   -0.098743    0.020153     0.21277     0.51138    -0.29421   -0.056607    0.064213     -0.1219   -0.036049     0.65275   -0.063386     0.74189    0.075036    0.099635    -0.12102   -0.036451    0.059678     0.27918   -0.058228    -0.10711    0.010197    0.078271   -0.055816    0.094102    -0.13378   -0.035962     0.13809     0.15438    -0.13799     0.33604     0.75647     0.23404].
   Ages are sampled.
   Parameters are updated.
   Updating parameters makes the average log-likelihood of samples increased by [-0.079094      1.2621   -0.010777    -0.39961   -0.029689  -0.0097496    -0.34781   -0.098141   -0.082176    -0.14304     0.39864   -0.019217    -0.18879     0.34733    0.048466    -0.26124     0.30689    -0.23073    0.071233     0.55163    0.043074   -0.022369    0.071948     0.10922   -0.095231     -1.5177    0.054282   -0.001731   -0.037757     0.17234     -0.1125   -0.021809    0.031708    0.029366   -0.031027     0.27659   -0.067717    -0.21054     0.31579    0.080862      1.7919     0.19735    -0.69648     0.12317    0.071282    0.086317].
   Ages are sampled.
   Parameters are updated.
   Updating parameters makes the average log-likelihood of samples increased by [-0.20409     0.16107   -0.051757      0.2295    -0.36472   -0.056826    -0.46602     0.18493    -0.34983     0.05635   -0.072946    0.091791   -0.013251    -0.03399    0.098227    0.053693    -0.48554    -0.51249    -0.10753     0.87042   0.0093133     0.14291   -0.061711     0.42255    0.025361     0.32816    -0.19368    -0.49486     0.32344    0.024305     0.17557   -0.021159   -0.039127    0.076175    -0.18944   -0.015033    -0.20326    0.073404    0.003884    -0.13899   -0.014306   -0.046799     0.23233   -0.021619    -0.15433      1.3781].
   Ages are sampled.
   Parameters are updated.
   Updating parameters makes the average log-likelihood of samples increased by [-0.17968     -0.2424    0.065677    0.096123     0.40288    -0.14857    -0.31521    -0.10458    -0.38167    -0.14029    0.070502    -0.25567    0.046426    0.041038    -0.23368    0.059496     0.60164     0.72724     0.11468    0.030128     -0.1767 -0.00034661     0.21756    -0.12715    -0.14473    -0.12697    -0.10564     0.11396    -0.11868    -0.01972    0.048462    -0.13545    -0.17088     0.10394    -0.20788    0.011679     0.22075    -0.26467 -0.00038346      0.3312    0.019175     0.14802    0.057948    0.070353     0.21079    -0.55528].
   Ages are sampled.
   Parameters are updated.
   Updating parameters makes the average log-likelihood of samples increased by [0.37291     0.31572   -0.034373     0.16388    -0.30414     0.32914     0.88737    -0.20045      1.0966     0.14046  -0.0030238     0.49377   -0.052258    0.012378   0.0078622   -0.020858   -0.050788    0.078183   -0.015457     0.14325  -0.0030537  -0.0052455    -0.30273    0.017491    -0.15378    -0.24691     0.17895     0.17863   0.0037531    -0.15813    -0.29065     0.17661    -0.13042    -0.45209    -0.39013    0.016265   -0.013932    -0.66393    0.011334    -0.38453    -0.13757    -0.15038   -0.069525    -0.10293    0.032623    -0.20151].
   Ages are sampled.
   Parameters are updated.
   Updating parameters makes the average log-likelihood of samples increased by [-0.12625    -0.16576    -0.10098    -0.34716     0.11036    -0.06318    0.056206     0.24305    -0.72542   -0.066641   -0.048359    -0.35152    -0.14197 -0.00020683    0.088919    0.015504   -0.046888   0.0041933     0.12194   0.0011684      -0.126  -0.0038597   -0.046403     0.20998     0.29015    -0.10697    -0.29738     0.04621    0.070641    -0.37061     0.26364  -0.0067531     0.37675    0.066245      0.6268   -0.030081   -0.024734   -0.016824  -0.0042543     0.33993     0.13957     0.09933   -0.033518    0.069917    -0.06933     0.19971].
   Ages are sampled.
   Parameters are updated.
   Updating parameters makes the average log-likelihood of samples increased by [-0.67107  -0.0081337     0.11317     0.31646    -0.10853   0.0079606 -0.00025271    -0.16682    0.066558     0.16375    0.015908     0.34164    0.022552 -0.00047863     0.12557  -0.0021096    0.029878   -0.012539    -0.37693    -0.03172     0.26298    0.011635    0.017435    -0.67122   0.0052797     0.61868     0.15495    -0.25032    -0.23323     0.26519    -0.10703    -0.40536    0.011386    0.070725     0.12776   -0.036203   -0.013971    0.052453    -0.05848  -0.0037778    -0.24181   -0.049582   -0.070243   -0.025369  -0.0093692    0.031672].
   Ages are sampled.
   Parameters are updated.
   Updating parameters makes the average log-likelihood of samples increased by [-0.23015     0.17569   -0.090685     -1.3219   -0.045822    0.037312    0.025357     0.23782     0.01091   -0.047095   -0.064861     -0.6778     0.13822   -0.061912    0.011278    -0.19266    0.021669    0.018099     0.27611   -0.067775    0.030038  0.00027588     0.11018   -0.015875    -0.58703    -0.27045    -0.14796     0.59577     -0.5006     0.18236     0.13656     0.35988    0.075135     0.21384    -0.27128    0.036539    -0.13977    -0.25402    -0.05063   -0.060422    0.018364    0.061117    0.091148   -0.050616    0.012275    -0.23083].
   Ages are sampled.
   Parameters are updated.
   Updating parameters makes the average log-likelihood of samples increased by [0.23361   0.0032605    -0.03499    0.080822     -0.1431    -0.32073   -0.066048   -0.016389   -0.089848    -0.27069    0.094259   0.0093682   -0.022789     0.03516   -0.012577      0.1198    -0.14517   -0.014253    0.049387   -0.015876   -0.006178    -0.11381     0.24013   -0.011683    0.014351     0.25673    -0.04549     0.19946      1.2343    0.093023     0.01245   -0.042537   -0.056892   -0.062464    -0.25129     0.01208     0.18698     0.16333    0.003343    -0.10372     0.17999    -0.18568    0.078835     0.12734    0.010615     0.23003].
   Records are aligned to the target stack.
   Iteration 1/10...
   Iteration 2/10...
   Iteration 3/10...
   Iteration 4/10...
   Iteration 5/10...
   Iteration 6/10...
   Iteration 7/10...
   Iteration 8/10...
   Iteration 9/10...
   Iteration 10/10...
   A new stack is updated.
#  Iteration 5:
   Ages are sampled.
   Parameters are updated.
   Updating parameters makes the average log-likelihood of samples increased by [-1.1    -0.25691     0.12443    -0.72907    -0.10158    -0.10978    -0.23839    -0.79268    -0.16499     0.14057    -0.16493     0.14254    0.064695     0.68951    -0.56922    -0.80026     0.62511       2.479      0.2373     0.67992     0.79519    -0.07712    0.039946   -0.021116  -0.0029749    -0.19197   -0.040167    0.099901    -0.28653   -0.011012   -0.053971  -0.0085658      0.2379    0.041571  -0.0077221    -0.29555    -0.53322     0.28522    0.032909  -0.0011342      0.7619    -0.41161    0.026288     0.22623     0.13806     0.39886].
   Ages are sampled.
   Parameters are updated.
   Updating parameters makes the average log-likelihood of samples increased by [-0.016951     0.16739    -0.10877   -0.092776     0.19334   0.0075704   -0.026466     0.17979     0.10881     0.13502     0.12906    -0.81676    -0.42123   -0.027158    0.017356   -0.010356    -0.13726    -0.20503    -0.29826    -0.13154    -0.35764   0.0070051   -0.020424     0.19191    -0.10577     -3.1836   -0.088344      0.1243     0.36101   -0.023276    -0.30233   -0.096728   -0.053342  -0.0029568    0.028427     -0.1379     0.38454     0.51462      1.2635   0.0092131     0.27877    0.066168    0.049741     0.95579     0.63099    -0.29109].
   Ages are sampled.
   Parameters are updated.
   Updating parameters makes the average log-likelihood of samples increased by [0.049926    0.012509     0.32348     0.02833    -0.18508    -0.20533    -0.47768  -0.0065426    0.056761     0.19597   -0.046095    -0.47902     0.23707 -0.00093075    -0.39525      0.1541     -0.2467     0.32116    -0.68837    -0.08441      0.1795    0.045802     0.11407     0.37734      -0.218     0.49019  -0.0031188   -0.020428    -0.14549    -0.00921      0.1949     0.36886    0.018926    0.072492    -0.35141     0.25324     0.19829     0.10851    -0.33998    0.016743   -0.022089    -0.17591     0.36773    0.034139     0.34788    -0.76679].
   Ages are sampled.
   Parameters are updated.
   Updating parameters makes the average log-likelihood of samples increased by [-0.019963    -0.57481       0.019     0.65618    0.066332     0.18655     0.23646     0.17073     0.44218   0.0043755   -0.014942    0.070464    -0.50551    -0.16146  -0.0021416   -0.075159    -0.32837     0.22473    -0.04817   -0.026393     0.10455     0.44002    -0.09877    -0.01644    -0.25783    -0.41128     0.22036   -0.048831   -0.051273    -0.24435     0.18469     0.13532   -0.052625    -0.13882 -6.9034e-05     -1.2508    -0.26929    -0.50366    0.047824    -0.37498     0.32172    0.010498    0.009517    -0.06631    0.036419    -0.94672].
   Ages are sampled.
   Parameters are updated.
   Updating parameters makes the average log-likelihood of samples increased by [-0.080462    0.010802   -0.078143    -0.27769     0.32518    0.070509   -0.022708    0.045615    -0.60657   -0.056219   -0.019339   -0.045427    -0.17244    0.082208     -0.2295    0.039089     0.20135   -0.029905    0.048692     0.20883   -0.036497    -0.22256    0.065557    -0.18802     0.15935     0.42742    -0.20118    0.078062    0.072619     0.68433    -0.27308   -0.074193    0.010422     0.22443   -0.090233     0.03608    0.064601    -0.53056    0.036877     0.15138    -0.26092   -0.090426   -0.018369   -0.087679     0.12846    -0.73058].
   Ages are sampled.
   Parameters are updated.
   Updating parameters makes the average log-likelihood of samples increased by [-0.099442   -0.050342    -0.05575   0.0044354    -0.17606      0.1525     0.02183    0.022322    -0.25597    -0.06358    0.019059   -0.031619     0.16695    0.088669    0.080133    0.090401  -0.0089934    0.052441   -0.025934     -0.1132    0.038674    0.099219    -0.15698     0.14579   -0.019043    0.012895     0.19436   -0.092333   0.0042588     0.12886    -0.32978    -0.26999  -0.0085702   -0.052142    0.068883    0.023652     0.21042    0.026369   -0.066022    -0.23081     0.24239    0.080674   0.0070502    0.076221   -0.039234     -1.9195].
   Ages are sampled.
   Parameters are updated.
   Updating parameters makes the average log-likelihood of samples increased by [0.10482    -0.39282     0.06501    0.063028     0.16101   -0.033376    -0.13343    -0.29578     0.25026   -0.029406  -0.0027672    0.044824    -0.10316   0.0097575    -0.02004  0.00070965    -0.13322  -0.0065767  -0.0049934    -0.45562     0.03944     0.14828    0.060499    0.019021    0.053836    -0.10188    -0.30417    0.023092  -0.0083366    0.052763      1.1082      0.2557   -0.061515    0.043464    0.020748    -0.04558    -0.88507     -0.9112    0.064836    0.073502    -0.40452   -0.026195    0.034717   -0.016175    0.053454     0.62862].
   Ages are sampled.
   Parameters are updated.
   Updating parameters makes the average log-likelihood of samples increased by [-0.17907   -0.096682    0.026185    -0.23179    -0.30427      0.4146    0.011097    -0.25069     -0.1051     0.13292   0.0032234   -0.025407     0.10907  -0.0030828     0.13891   -0.033356     0.18473  -0.0099583    0.036583     0.20461   -0.077615     0.02128      0.1091   0.0095583   -0.069254    0.045807    0.063815    0.092053    -0.28457     0.25332     0.14956    0.081254   -0.019965   -0.022461   -0.028026     0.01416   -0.090512     -1.1344   0.0031142    -0.13449   -0.083456    0.014077   -0.011388    0.072891   0.0073477    -0.18281].
   Ages are sampled.
   Parameters are updated.
   Updating parameters makes the average log-likelihood of samples increased by [0.23772     0.47894     0.04424     0.47006    0.045734    -0.47817    0.092882     0.32634     0.10184    -0.50351   0.0016036    0.013256    -0.20416   0.0049963    -0.15825    -0.03678   -0.090707   -0.023618    -0.13195     0.12912    0.074554    -0.13051   -0.078419    -0.17447     0.15532    0.087595     0.11037   -0.058675     0.29539    -0.13065    0.021826    -0.13773   -0.070266   -0.071032   0.0080499  -0.0063023    0.077959    -0.45219   -0.016926    0.097348     0.39227    0.017763   -0.057021   -0.025743    -0.36527     0.18048].
   Ages are sampled.
   Parameters are updated.
   Updating parameters makes the average log-likelihood of samples increased by [0.015562    0.099172   -0.040719    -0.40444   -0.012868    -0.16807   -0.020808   -0.095763    -0.30273   -0.075252  -0.0066726    0.035861     -0.1095 -0.00013677     0.19557    -0.14593    0.029381    0.027554    -0.11721     0.22684   -0.017418     0.18946    0.097182     0.22002  -0.0088679    0.044782     0.13019    -0.26399    -0.31223    -0.18127      -0.147    -0.11169     0.13896   -0.071117   -0.053912   -0.026529   -0.055087     0.47732   0.0071437     0.19984    -0.37012  -0.0024162    0.061371   -0.053823    0.094677   -0.053676].
   Records are aligned to the target stack.
   Iteration 1/10...
   Iteration 2/10...
   Iteration 3/10...
   Iteration 4/10...
   Iteration 5/10...
   Iteration 6/10...
   Iteration 7/10...
   Iteration 8/10...
   Iteration 9/10...
   Iteration 10/10...
   A new stack is updated.
   Done.
#  Age model construction algorithm is now running...
#  Iteration 1:
   Ages are sampled.
   Parameters are updated.
   Updating parameters makes the average log-likelihood of samples increased by [-0.21326    -0.26323     0.46752    0.068635     0.18912     0.11045    0.017643     0.19579    0.086449    0.080639     0.15086    0.048158    -0.02433    -0.38702    -0.11165  -0.0060457     0.03358      2.8909    -0.90667      2.1173       0.369    0.064979     -0.2419     0.36067     0.20339     0.11858    0.023051     -0.1871   -0.014728    0.015146    -0.12697    0.018754      0.3371    0.083353   -0.027163   -0.042212     0.31058    0.069645    -0.38799     0.11855     -1.2808    -0.35564   -0.015172   -0.038155    -0.19259    0.058059].
#  Iteration 2:
   Ages are sampled.
   Parameters are updated.
   Updating parameters makes the average log-likelihood of samples increased by [0.0088829     0.11146   -0.014218    -0.09175    -0.17062    -0.26286   -0.022118   -0.017432     0.11641   -0.082015   -0.034099   0.0035753   -0.079408    0.072057   -0.032921     -0.3735     -0.2762     0.58364    0.044799   -0.084392   -0.010516    -0.13166    0.023342    -0.91648    -0.73286     -0.1257   -0.032892     0.10774    -0.26385   -0.017842    -0.06877    -0.32704    0.012568    -0.42898     0.15873   -0.064795     0.10935     0.85436      -0.154    -0.19781      0.1275   -0.071323     0.15884    -0.13107    0.031345     0.22949].
#  Iteration 3:
   Ages are sampled.
   Parameters are updated.
   Updating parameters makes the average log-likelihood of samples increased by [-0.32356    -0.20162     0.10896   -0.073169     0.75611    -0.04497     0.20102    0.064043    -0.66247  -0.0051363   -0.055271   -0.026111     0.10945     0.19105   -0.024144    0.083965    -0.14522     0.78372    -0.14129    -0.13684     0.16459    0.050077     0.55735   -0.082872     0.21643    -0.16857    -0.13031   -0.038791      0.1077   -0.088288   -0.076476    -0.02404     -0.1493    -0.31701     0.10759   -0.019771    0.078423    0.063357   -0.050967      0.2371     0.13132   -0.016296    -0.27621     0.18395     0.28542    0.063251].
#  Iteration 4:
   Ages are sampled.
   Parameters are updated.
   Updating parameters makes the average log-likelihood of samples increased by [-0.43201   -0.041482     0.16253   -0.049077    0.082402   -0.059287     0.42666    0.040679    -0.21499    0.030657   -0.029134    -0.12397   -0.079412    0.082314    0.046132  -0.0025104     0.83487    -0.00831    0.084228   -0.063904    -0.18582    -0.67698    0.093246    0.064222    0.043076   -0.060276    0.027837    -0.29827    -0.41458   -0.070979     0.83303    0.051624    0.089078   -0.093713  -0.0039591    -0.19238   -0.072203   0.0047728     0.28563    -0.18617     0.16312    -0.16678     0.12938     0.22706     0.17151    -0.98286].
#  Iteration 5:
   Ages are sampled.
   Parameters are updated.
   Updating parameters makes the average log-likelihood of samples increased by [0.31555     -1.0103    0.030428    0.021495    0.016491    0.082183     0.26534    -0.19268    0.073035   0.0085008   -0.048132   -0.067369    -0.77795   -0.076721    0.020075  -0.0013815   -0.034489   -0.038309   -0.032956     0.76926     0.22241     0.28866  -0.0043153  -0.0036432    0.020096  -0.0050859  -0.0098978     0.37687      0.3363     0.22352   0.0083369    0.015388   -0.015077     0.22407    -0.15957    -0.01872    -0.23797   -0.086771     0.10822     0.14132    -0.26902      0.2287    -0.10272   -0.071199   -0.018862      -0.922].
#  Iteration 6:
   Ages are sampled.
   Parameters are updated.
   Updating parameters makes the average log-likelihood of samples increased by [0.0096076    0.042292    0.039238  -0.0029911    0.048415   -0.047599    -0.40489   0.0025759    -0.31686    -0.15801    -0.10378    0.069166    0.016477    -0.23451    -0.24464   -0.014473     0.19107    0.048408    0.037699     0.31146    -0.19357   -0.049687    -0.10576  -0.0029876   0.0033534    -0.54538    0.021232   0.0031837    0.012049    0.015556   -0.044409   -0.028604   -0.098456   -0.049378    -0.01293    -0.17268     0.37387    -0.91016    -0.95034    -0.01619    0.043139   -0.049922    0.090887     -0.7828    0.029366    0.020066].
#  Iteration 7:
   Ages are sampled.
   Parameters are updated.
   Updating parameters makes the average log-likelihood of samples increased by [0.017474     0.02308   0.0035025   0.0084834    -0.21085    0.027842     0.18984     0.18694     0.51512     0.11713     0.15543      0.1414    -0.28787     0.18733     0.27172  -0.0033991    0.059334   -0.077021  9.0455e-05     0.11627     0.27309    0.039198   0.0024087   -0.037833   -0.041914   -0.061723  -0.0029328    -0.40335    0.064783   -0.027763    0.053173  -0.0095974    -0.17106  -0.0053839     0.20686    0.091784    -0.17789    -0.39115     0.21272    0.023804     0.17676    0.059989   -0.006027    -0.12233    -0.21033    0.055586].
#  Iteration 8:
   Ages are sampled.
   Parameters are updated.
   Updating parameters makes the average log-likelihood of samples increased by [-0.37867    0.034428  -0.0039492    -0.33875   -0.014463    -0.10334     0.25489   0.0042253   -0.030318    0.034478    0.020748   -0.048969    -0.52283    -0.18019   -0.005322    0.011877    0.085252    0.076152    0.015603    -0.34075    -0.21253   0.0032667   -0.076608    0.038544    0.035224     0.18471   -0.014134     0.22839   -0.077299    -0.18035    -0.25794   -0.060933     0.19491     -0.1055   -0.088975     0.21015    -0.04851     -1.6073    0.019195   0.0019762    0.044832   -0.081339   0.0098136     0.11092     0.02398    0.069249].
#  Iteration 9:
   Ages are sampled.
   Parameters are updated.
   Updating parameters makes the average log-likelihood of samples increased by [0.37091    0.020814   -0.029633     0.24408     0.18859     0.11443    -0.23457  -0.0039861    0.050074  -0.0013621   0.0053098   -0.031643    -0.35043      0.1443    0.011994  -0.0015916    -0.18812   -0.045063   0.0084921      0.4993     0.20722   -0.078946    0.054572  0.00021841    -0.03899    0.074104    0.017304     0.13666   -0.090344     0.02158     0.12831    0.076151    0.099348   -0.084646    -0.15235    0.045741     0.11618    -0.17129   -0.071089    -0.15768    -0.12774    -0.25027   -0.034444    0.092938    -0.11735  5.4701e-05].
#  Parameters are learned. Sampling algorithm is now running...
-------------------------------------------------------------------------------------------
#  Results and figures are being stored...
[Warning: MATLAB has disabled some advanced graphics rendering features by
switching to software OpenGL. For more information, click <a
href="matlab:opengl('problems')">here</a>.] 
   Done.
   Results and figures are stored in Outputs/R108_d18O_stack.
-------------------------------------------------------------------------------------------
Parallel pool using the 'Processes' profile is shutting down.
Time elapsed = 9924 s
