MATLAB is selecting SOFTWARE rendering.
OMP: Warning #182: OMP_STACKSIZE: ignored because KMP_STACKSIZE has been defined

                            < M A T L A B (R) >
                  Copyright 1984-2024 The MathWorks, Inc.
             R2024b Update 3 (24.2.0.2806996) 64-bit (glnxa64)
                             November 26, 2024

 
To get started, type doc.
For product information, visit www.mathworks.com.
 
Starting parallel pool (parpool) using the 'Processes' profile ...
Connected to parallel pool with 36 workers.
Number of workers: 36
-------------------------------------------------------------------------------------------
## BIGMACS: Bayesian Inference Gaussian Process Multiproxy Alignment of Continuous Signals
-------------------------------------------------------------------------------------------
## Stack construction algorithm is now running...
#  Initializing...
   Data are loaded successfully.
   Initializing the age samples...
   Done.
#  Stacking algorithm is now running...
#  Iteration 1:
   Ages are sampled.
   Parameters are updated.
   Updating parameters makes the average log-likelihood of samples increased by [10.7521      5.59676      87.1475      13.4557      1.47097       2.1247      2.64141      4.40347      2.72906      3.27246      2.46757      3.67551      5.28353      4.88142      7.86824      7.57744     0.175582      14.2277      4.61944      5.36207      37.8313       10.459      13.7253       13.218     0.449107      1.25168     0.181798     0.237487     0.482049    0.0733799      1.16043      1.94343      4.06908      6.18819      4.58068      4.23808      11.8181      7.95175      2.85524     0.324604      4.16675      11.1035      1.29578      11.2721      10.9718      4.10516     0.668208      40.8198     0.760752      11.4471      9.32083      8.12391      51.2037      26.0843      41.9279      4.25699      1.17031      5.68318      13.7216      5.44648     0.782828      2.64218      7.45542     0.573557      6.89352      1.64181      5.77861       18.465      4.38851      21.4028      6.08794      5.81546].
   Ages are sampled.
   Parameters are updated.
   Updating parameters makes the average log-likelihood of samples increased by [-0.30056     0.21656      7.0958     0.34421   -0.080425   -0.094996     0.11588     0.40867   -0.055212    -0.18368    0.012043    -0.21552     0.12753     0.11623   -0.049077      0.7344   -0.027509   -0.086479     -0.3166     0.51137     -1.7986    -0.11035     0.39409     0.62094    0.077271  -0.0090129    0.046508   -0.020608    -0.17475    0.052372    0.081468    -0.05296     0.49202    0.056709    0.028483     0.31193     0.23827    -0.14187   -0.051877    0.026915  -0.0034259     0.70855     0.45799     0.33715     0.62721     0.73189     0.16475      3.2397  -0.0016299     0.49537     0.21522     0.80848      1.9111      1.3273      2.7408     0.36051     0.07991      1.1762     0.61702   -0.051213    -0.29629     0.69595      0.2581     0.15404     0.78085    -0.02103    -0.54296    -0.12447     0.38377    0.063898    -0.34878   -0.046647].
   Ages are sampled.
   Parameters are updated.
   Updating parameters makes the average log-likelihood of samples increased by [-0.012166   -0.057398     0.74283    0.068727   0.0051764     0.19772    0.088633     0.56716    0.028805    0.032137     0.11374     0.24517   0.0048053    -0.18252   -0.024784   -0.034383     0.11989     0.28798     0.63762    0.072273     0.61576    -0.16604    0.027455     0.28175    0.036345    0.033899   -0.048256    0.007242    0.035603   -0.036509   -0.095818    0.018562  -0.0087235   -0.051791    0.085529    -0.17064    -0.11703   -0.023476    0.001355     0.09228     0.25958    0.075661     0.51738     0.12174      0.5034     0.17505    0.025596    0.040613   -0.096858   -0.080017     0.36865   -0.061382    -0.71828     0.62746     0.12135   -0.013677     0.11267    -0.27819    -0.18973     0.26349    -0.12101   0.0014197    -0.15555    0.033769     0.58226   0.0023113    0.025367    -0.12414     0.80133     0.17636    0.044023     0.17224].
   Ages are sampled.
   Parameters are updated.
   Updating parameters makes the average log-likelihood of samples increased by [0.04154     0.19431    -0.10058    -0.10648     0.26006    0.049296    0.037888    -0.10967   -0.036596    -0.41075    -0.45086     0.07181   -0.037001    0.036169    0.029354    0.084892    -0.01912 -0.00067681    0.094351     0.19777    -0.81208    -0.43772     0.20994    0.038768  -0.0017939    0.017714    0.095439     0.31577   -0.031474     0.11493  -0.0028201   -0.040525   -0.021297   -0.026929     0.37336   -0.017527   0.0038917    -0.02006   0.0070226     0.23242   -0.054421      0.1268    0.023082    0.021077    0.050878    -0.17673    -0.01108   -0.018611   0.0064525    -0.22174      1.4301    0.017289     0.12389      2.7667      2.9113  -0.0019665     0.20823    -0.20777    -0.22233    -0.20618  -0.0037378   -0.092075    -0.35882    0.075083     0.93871   -0.028181    0.038247    -0.40727    -0.19111    0.022798   -0.059288     -0.2899].
   Ages are sampled.
   Parameters are updated.
   Updating parameters makes the average log-likelihood of samples increased by [-0.053083    0.059729   -0.022599    0.081352    -0.16868   -0.051936  -0.0012894      0.5445    0.047642     0.33604     0.36416    -0.39591    0.032159    -0.08687   -0.010817  -0.0093778   -0.092364  -0.0070049   -0.067348    0.039599     0.24128     0.42743    -0.27638    -0.39322   -0.070147    0.020888   0.0027171     0.35588   -0.042312    0.056297    -0.25401   -0.033603    0.005425   -0.003343     0.29598    0.017848   -0.015526    0.049155   0.0014702     0.25479    -0.13331   -0.056844    0.009361   0.0057564    0.016226      0.1155   0.0079822    0.047376   0.0041701   -0.048344     0.10556     0.31878   -0.069228     0.12483     0.34512  0.00039699   -0.032446    -0.35926     0.56082     0.21774    0.013706    0.049138    -0.35272    0.051683   -0.089455    0.026383   -0.086042    -0.10522    -0.15675    0.012557   -0.043778     0.27911].
   Ages are sampled.
   Parameters are updated.
   Updating parameters makes the average log-likelihood of samples increased by [0.17758    -0.06247   0.0088372    -0.14847    -0.31503    -0.81907   -0.032541      0.1297    -0.03345    0.078106    -0.30859     0.37269    0.022782    0.063403   -0.048229    -0.16928     0.10449   0.0064564    -0.12541   -0.042932    0.011135  -0.0046066      0.2975     0.15327    0.086968    0.043623  -0.0060597    -0.18031    0.078111   -0.021857     0.13167     0.03494    -0.01454    0.062621    -0.57994   0.0051937    0.028474    0.074976    0.012366    -0.20171     0.24169    0.076832   -0.090706   -0.032894   -0.064002    0.057647   -0.017556   -0.037922    0.002279     -0.5889    -0.20776    -0.15985    -0.32554  -0.0029229  -0.0041272   -0.021049  -0.0088736   0.0066842    0.079244    0.016129     0.07023    -0.14022     0.74352    -0.18305     -1.0872   0.0064028    -0.25726     0.38893    0.063165    -0.17219     0.12143   -0.090064].
   Ages are sampled.
   Parameters are updated.
   Updating parameters makes the average log-likelihood of samples increased by [-0.26857    0.051198    0.046242   -0.050719     0.35271     0.85661     0.03343   0.0067212    0.028297   -0.047867     0.34394  -0.0082659   0.0015495   -0.011686    0.039761    -0.16019   -0.056057   -0.055056    0.062147     0.09191 -0.00049915    -0.26104    -0.29537     0.29981  -0.0048992   -0.035118   0.0059599    -0.23901   -0.011621    -0.33685     0.12744   -0.032198    0.030072   -0.055337   -0.063063   -0.005259  -0.0029312    -0.21135    0.016125    -0.13585   -0.044119  0.00080065    0.046484   -0.018018    0.063649   -0.020847   0.0083888     -0.2892   -0.012621    0.058543     0.20366     0.15356     0.19597   -0.061647   -0.085223   -0.051984    0.017099    -0.14871     0.03454   0.0010722    0.053593     0.21445    0.058675    0.026316  0.00054952   -0.013796     0.35056    0.016704    0.017452    0.098388   -0.022094    0.096784].
   Ages are sampled.
   Parameters are updated.
   Updating parameters makes the average log-likelihood of samples increased by [-0.048454    -0.11989    -0.04417    -0.41786     0.17199    0.058346    -0.03924    0.028068    -0.07972     0.15897    -0.54652    -0.20109  -0.0020989   -0.016831    0.045487     0.29188    0.037872    0.053162    -0.17102   -0.088939   -0.028738     0.25646    0.030201    -0.32895   -0.094194   -0.075824   0.0012663     0.46007   -0.047646       0.337    -0.13846    0.035472    -0.10608    0.073527    0.021723    0.023657   -0.009878      0.1006 -0.00099489    0.059632    0.027761    -0.19838    -0.23402  -0.0089537   -0.028147    0.016853   -0.056282     0.26714    0.013706    0.011853    0.032321    -0.15264    0.085439   0.0078233    -0.24482    0.053039    -0.17977     0.35589   -0.014971    -0.12215    -0.17865   -0.075229    0.014483    -0.15214   -0.031551   0.0083652    -0.14766   -0.027384     0.15002      0.1526    0.018627    0.012604].
   Ages are sampled.
   Parameters are updated.
   Updating parameters makes the average log-likelihood of samples increased by [0.2565     0.13717 -0.00013885     0.32555    -0.55871   -0.094667    -0.01403    -0.10998    0.078674    -0.43046     0.17636     0.11763   -0.072818    0.031411   -0.013031   0.0045122    0.017839  -0.0036486     0.14531    -0.17253      0.0215  -0.0021328     0.17836     0.15307    0.094824 -0.00037342    -0.00507   -0.095935    0.023305    0.031417     0.16286  -0.0024831     0.10989   -0.033196    -0.11299    -0.02042   -0.061798    0.047431   -0.069007     0.17832    -0.04418     0.13251      0.2737    0.044185    0.018873    0.016566    0.037352   -0.010792  -0.0078648    -0.11241    0.037405   0.0021616     0.12415    0.040727   0.0011346    0.023991     0.20634      0.1473    -0.13455    0.026571    0.036384    0.080638   -0.012861     0.28141    -0.01307   -0.032116    0.019833    0.045992   -0.016214    -0.37621  4.1407e-05    -0.13002].
   Ages are sampled.
   Parameters are updated.
   Updating parameters makes the average log-likelihood of samples increased by [-0.18587   -0.078836    -0.19307     0.40169  -0.0015105    0.086843    0.039257     0.18345   -0.059858     0.40103   -0.004791     0.08931   -0.032133   -0.055129    0.014293     -0.3651   -0.012974    -0.17084     0.13609   0.0017893    -0.02939    -0.12605    -0.56347     0.13059   -0.074949     0.11341   -0.032181      0.1269    0.035989   -0.061482   -0.081753   -0.028637  -0.0019844   0.0029034    0.066598    -0.12436    0.035277    0.019936    0.049621    -0.50058    0.060484    0.037906   -0.028123    0.015733  -0.0094739   -0.062766    0.012033    0.023719   -0.001748    0.056895   -0.028371     0.11138  -0.0038238  -0.0043754    -0.11822  -0.0077759  -0.0022688    -0.23564     0.14093    0.088325   -0.057642   -0.040244     0.01245  -0.0066925    0.048343   0.0098573    0.035519   -0.072979    -0.17021    0.095152   -0.020636    0.060214].
   Records are aligned to the target stack.
   Iteration 1/10...
   Iteration 2/10...
   Iteration 3/10...
   Iteration 4/10...
   Iteration 5/10...
   Iteration 6/10...
   Iteration 7/10...
   Iteration 8/10...
   Iteration 9/10...
   Iteration 10/10...
   A new stack is updated.
#  Iteration 2:
   Ages are sampled.
   Parameters are updated.
   Updating parameters makes the average log-likelihood of samples increased by [31.87384      11.61233      90.00516       34.9224      4.840777      13.06156      38.06768      57.29581      35.44584      18.33086       22.0844      26.32778      37.42666      45.17425      12.48837      105.5126      50.02169      127.2186      97.53255      8.791843      175.7923      125.6838      55.94464      98.01057      24.49161      33.57892      24.80307      9.215697      35.47077      70.48743       33.5245      16.82909      12.21029      51.55076      12.36943      46.53461      14.86893      46.04885      28.72476       12.7997      9.814648      33.10327      51.38834      48.55555      61.67527      87.92049      41.90144      330.0989      26.88702      227.2984      247.1094      65.41877      105.0457      201.2091      236.0712       68.5968      57.55897      75.61544      33.85997      14.08623      17.15624      46.51018      39.72144      12.28868      302.6606      53.93595      25.41859      39.04393      11.57773      285.2778      36.08113      53.65703].
   Ages are sampled.
   Parameters are updated.
   Updating parameters makes the average log-likelihood of samples increased by [3.33885     0.251011      25.8589    0.0842434      1.46478      2.12928      2.18331      11.6313      4.48471      6.57781      2.95653      10.8205       4.8553      9.71993    0.0266876      10.1586     0.598584      23.0598      5.96891    -0.992312      36.9751      15.5687      25.6823      36.5579      3.45379      5.26091      2.08144      2.69574      3.41807      2.06835      2.98275      2.50663      4.00569      2.10669      2.12278      16.5629      2.96823      5.24124   -0.0169438     0.879645     0.819919       3.4489      16.1641      7.25061      13.0006       10.634      6.03018      51.4169      6.44233      4.73866      2.11747      7.94054      25.0187      16.8043      24.1363       4.3155      3.34992      13.8574      4.87275      1.34866      7.16741      4.98692        13.75    0.0346005      13.5365     0.657162      2.36358       8.0994     0.607508      47.6121     0.023688         1.78].
   Ages are sampled.
   Parameters are updated.
   Updating parameters makes the average log-likelihood of samples increased by [-0.138901    -0.363917      7.94566      1.88116   -0.0359775    0.0250496     0.131008       1.7384       1.1398      1.78412    -0.544555      2.38993      2.15816       1.9923      4.77807      3.65228    -0.440336      16.1607       1.3753   0.00330898      49.6327      3.73802      5.08916      8.06895      2.07561      4.30744      1.43106      1.00873     0.143687    0.0764727      0.45808    -0.171743      1.56845    -0.175114    -0.462605      1.07433      2.49746      1.18089     0.174959    -0.364836    -0.263755     0.186703      3.78412      4.08267     0.134194      1.70435      1.04843      23.7443    -0.537689     0.465557     0.924244      2.83291      4.57577      6.76043      18.8145      2.31155      1.13516      9.60936     0.795385     0.192007     0.923472     0.494599      3.62671   -0.0889201      1.03706     0.387763    0.0191416      3.41984     0.174708      21.7258        1.362    -0.104062].
   Ages are sampled.
   Parameters are updated.
   Updating parameters makes the average log-likelihood of samples increased by [0.204883     0.430399       6.3593     0.335708    -0.264018    -0.154428    -0.379311     0.307818     0.181066     0.236705      1.37371     0.386028    -0.131389     0.477822    -0.266015      0.49097     0.660415      3.97014      1.24499    -0.163655      7.10181     0.355016     0.147332      0.53057     0.644997      2.51465   -0.0326424   -0.0149906     0.326384     0.470773     0.106449   -0.0451988     0.440827   -0.0970984    -0.380315     0.668879     0.332916     0.267657   -0.0805004     0.464765    -0.304867   -0.0694786     0.278236    0.0963766   -0.0790212     0.249338     0.374986      7.06122    -0.144653     0.134984      1.01865     0.033274    -0.152787      7.29474      14.4927    -0.264174     0.357183      1.19118    -0.473346    -0.490526   0.00531692    0.0623995      1.11592     0.247896     0.532544      1.14475     0.155827    -0.340217     0.422893      9.51327     0.135407    0.0316333].
   Ages are sampled.
   Parameters are updated.
   Updating parameters makes the average log-likelihood of samples increased by [-0.050695   -0.035402      4.7711   -0.010262    -0.19326     0.57377     0.27737   -0.069537   -0.070653    0.019474     0.27197   -0.048159      0.1088    0.043183     -1.0878    0.022565   -0.061424     0.51325      4.5238      1.0622     0.99775    0.069089  -0.0061703   -0.016859     0.45187     0.39939    -0.09588   0.0064786    -0.23679    0.082669    0.059841    -0.06675   0.0066121    0.079965     0.18786    -0.34574    0.045771   -0.023144     0.18241  -0.0086841     0.27349     0.10352    -0.12298    -0.49026    0.042546    -0.11041     0.10649    0.080903     0.27893    -0.37175     0.36315     0.17864     0.36496      0.5868      4.4545    -0.28277    -0.28901     -1.0864     0.17585   -0.060848    0.023517  -0.0005888     0.05878   -0.073398      0.6197     0.53553      0.1181     0.13212    -0.48516      2.0689    -0.13571  -0.0017564].
   Ages are sampled.
   Parameters are updated.
   Updating parameters makes the average log-likelihood of samples increased by [0.10126     0.12076      0.6563    0.025134   -0.083026      0.0112     0.14607    0.064726    -0.11411   0.0066517   -0.095443    -0.58578   -0.092408   -0.021845    0.080085      -0.354   -0.004159    -0.76324     0.93911   -0.071031     0.24006    -0.01146   0.0042893   -0.038595   -0.051579   -0.036886    0.059416    0.060203     0.10416      0.2062    0.015513     0.09026   -0.039874   0.0094161    -0.55586     0.36514     0.10259    -0.14888    -0.39945   -0.064263   -0.026931    0.003212     -0.3775     0.46358   -0.081666      0.1102   -0.048813    -0.86988    0.041541     0.40635    0.006846   -0.067947    0.035524      1.0522     0.66456   0.0052331     0.34966    -0.18759    -0.50642     0.26478 -4.4965e-05   0.0028888    -0.29404     0.18794   -0.094299     0.94181   -0.041012    0.037135     0.59576    0.028542     0.14513     0.00408].
   Ages are sampled.
   Parameters are updated.
   Updating parameters makes the average log-likelihood of samples increased by [0.0099444    0.090447     0.43364  -0.0051124     0.22035 -0.00094302    0.037487   0.0037322     0.16425   -0.026131    0.040852     0.12371    0.018587    0.056707   -0.028896     0.30845    -0.19622     -1.1273     0.30104    0.095255   0.0086545    0.007451    0.019505    0.082347     0.08799   -0.062984    -0.02447   0.0098687     0.23484    -0.03875  -0.0030922    -0.15531    0.016124   -0.039213     0.10611   -0.017147   -0.035823     0.15492     0.27813    0.061588     0.14923   -0.002639     0.37069    -0.37554   0.0015048   -0.035589    0.024459     0.25998    -0.19111    -0.45393   -0.018107     0.15126   -0.059129      1.5575       3.372     -0.1302    -0.23075     0.22273    -0.25685    0.025471   0.0024285  -0.0039643     0.13736    -0.10502     0.17253    0.020113   -0.037605    -0.12814    0.028042    -0.26482    0.020285    -0.23055].
   Ages are sampled.
   Parameters are updated.
   Updating parameters makes the average log-likelihood of samples increased by [0.0011121    -0.41368     0.38178  -0.0017895     0.24099     -0.1221     0.11661  -0.0015455    -0.10435    0.054163   -0.035228    0.076204    0.096053    -0.16904    0.073812    0.038592     0.17722     -1.0853    0.063843    -0.12509   -0.057783   -0.054364    -0.27095    -0.10914    -0.10199    -0.12866    0.027258  0.00023765   -0.018728    0.069707    -0.10119     0.14805  -0.0050203     0.04075    -0.14425    0.037697   0.0097219    0.017062      -0.175  -0.0019695   -0.024689    0.001552     -0.1045     -0.2016     0.11533  -0.0011535    0.014916   -0.021079     0.18757     0.22663   -0.019668  -0.0052076    -0.11584     -0.3776    0.066759     0.49194     0.30307  -0.0064771     0.11643   -0.050853    -0.13324   -0.047995    -0.24433    0.022002    -0.44907    0.030863    0.065618    0.050995  -0.0081569     0.17499   -0.016752     0.14792].
   Ages are sampled.
   Parameters are updated.
   Updating parameters makes the average log-likelihood of samples increased by [-0.077875     0.24406   0.0007531  -0.0032855    -0.27295     0.07002    -0.35169   0.0021377    0.056353  -0.0052995     0.10095    -0.09967   -0.012764       0.204   -0.046923   -0.039674    -0.12982    0.083775   -0.060922   -0.047323    -0.15594    0.044942     0.22356    0.062594     -0.1807     -0.0156   -0.079812   -0.011938   -0.023943   -0.023149     0.10866    0.022993   -0.015815   0.0015325     0.26228    -0.11669    -0.00724   -0.015657     0.21044     -0.0312    -0.16537  -0.0020976    0.066815     0.39401   -0.053619     0.03119    0.010176   -0.014157    -0.16172    -0.58694    0.014827    -0.25098    -0.56296     0.31204   -0.039199    -0.33747     0.01529    -0.19568     -0.0303    -0.13256     0.11342    0.019275     0.39643    -0.33219     0.45072     0.13532   0.0082651    0.027089  -0.0062122     0.13699    -0.27982   -0.010886].
   Ages are sampled.
   Parameters are updated.
   Updating parameters makes the average log-likelihood of samples increased by [0.069699     0.17622   -0.071542  -0.0078108      0.3023   -0.042836    0.086011    -0.01485    0.042134    -0.13169   -0.077013    0.093978   -0.021378   -0.010955    -0.10529    -0.16715     0.14333      0.1801    0.035843     0.15022     0.18516     0.01916    0.042973    0.062547     0.21492     0.17841     0.17673   -0.080564   -0.032421   -0.062435    -0.01206   -0.039317    0.050048   -0.088052    -0.28874     0.10125   -0.017274   -0.070993   -0.071136   -0.064354     0.11938   -0.017568    0.035688    -0.19403    0.048119   0.0043522   -0.086736    0.062082     0.11701    -0.32546    -0.12398     0.22908     0.32375    -0.13625    0.040252     0.25344    -0.17904     0.19849    0.045948     0.23042   -0.032972    0.016159 -0.00010237     0.22162   -0.026911    -0.23696   0.0043493 -0.00066074   -0.038204   -0.028182    0.073419    -0.26632].
   Records are aligned to the target stack.
   Iteration 1/10...
   Iteration 2/10...
   Iteration 3/10...
   Iteration 4/10...
   Iteration 5/10...
   Iteration 6/10...
   Iteration 7/10...
   Iteration 8/10...
   Iteration 9/10...
   Iteration 10/10...
   A new stack is updated.
#  Iteration 3:
   Ages are sampled.
   Parameters are updated.
   Updating parameters makes the average log-likelihood of samples increased by [-0.098584    0.0523252    -0.309975     0.161059     0.691462     0.346371      1.16665      1.99893     0.111177     0.144499      2.00128     0.090391     0.525591      1.00765     -1.25909    -0.153436     0.144535       4.4908     0.169726      1.54699      1.50131      1.77561      1.07175    -0.188226      0.31003     0.689202      1.45106     0.844344    -0.112532      4.04274   0.00841613      0.29223    -0.592058   -0.0277831   -0.0792323      1.16908     0.442871     0.235322    -0.388154     0.607413    -0.101443    -0.320312     0.952722    -0.715128      2.54761      1.40522     0.872692       2.9288   -0.0387524      6.34561      7.79373      7.53213      0.11462      19.5028      6.59257    -0.311393       7.5664     -0.37843     0.612535    -0.387115    -0.127094     0.563135     0.498576   -0.0653122    -0.581787     0.343375      1.84542      1.14497     0.758475      2.82367     0.325155     0.171928].
   Ages are sampled.
   Parameters are updated.
   Updating parameters makes the average log-likelihood of samples increased by [0.52159    -0.12962     0.14566     0.59334    -0.06037     0.35861    -0.39987    -0.60754     0.45314     0.15003      1.8458   -0.026126    -0.14224   -0.014053     0.23432    0.075111  -0.0069075   -0.029788    -0.42018     0.79294     0.48842    -0.21978   0.0074781    -0.12356     0.10642     0.46357    0.082064    -0.22517     0.07721     0.25224   -0.046667   -0.039559  -0.0055767  -0.0041149  -0.0088959    -0.16223    -0.15083   0.0018229    0.060001    -0.18187     0.29683   -0.080805     0.30426     0.11117    -0.21454     0.23139     0.53452     0.53476  -0.0025905     0.24046    -0.46534      1.4376     0.10702      1.3781     0.73775    0.020763      1.2236     0.17715    -0.20126     0.59109     0.22418    -0.25727   -0.075392     -0.2193     0.62448   -0.096399   -0.051178     0.88447   -0.049799     0.39321      0.1055   -0.005217].
   Ages are sampled.
   Parameters are updated.
   Updating parameters makes the average log-likelihood of samples increased by [-0.40914    0.044919   -0.040102     0.26721     0.20523   -0.019125    0.096441    -0.25635    -0.16383    0.040576    -0.20794  -0.0088352     0.30925    0.034766   -0.032983   -0.021133    -0.47637  -0.0014957     0.19489    -0.19483      0.9223     0.99672   0.0098522   -0.073306  -0.0025288   -0.005647    -0.69826   -0.041506     0.24511     0.48046     -0.1028  -0.0084293     0.29753   -0.053874       0.172    -0.66411   -0.012034    0.001616     0.10475    0.023447   -0.031715     0.19207    -0.10482    0.053911   -0.014919    -0.02542    -0.15157      1.6306    -0.13178     0.22129     0.20404     0.20135     0.84927      2.2333    -0.81916    -0.06683    -0.18862      0.3077   -0.063354    0.066453     0.12058    -0.22792     -0.2682   -0.069332    -0.36878   -0.031604   -0.028317      0.3042      0.1556     0.75076    -0.19961     0.19263].
   Ages are sampled.
   Parameters are updated.
   Updating parameters makes the average log-likelihood of samples increased by [0.35593   -0.049343      2.4539   -0.094168      0.1573    -0.22403   0.0030694     0.36048    0.049605   -0.067017     0.75011   -0.018885   -0.045818    0.018932  -0.0094567    -0.12876    0.001805    -0.20722     0.23638    -0.91229   -0.083614   -0.057558    0.044665    -0.27723     0.14356   -0.035763   0.0047868   -0.066438    -0.04435    -0.49236   0.0017808   -0.013282   -0.016032   -0.034716     -0.2216     -0.2452     0.14239   -0.098499    0.013178    -0.38334   -0.023453   -0.050559     -0.2975   -0.012501     0.12053   -0.090242    -0.20706    -0.52174       0.101      0.8702   -0.018458     0.26223     0.66825     0.30247     0.46197     0.32031    -0.28375    0.029559     0.16388    0.016714     0.14166   0.0053977    -0.04593    0.011452    0.056336   -0.031784   -0.010539    0.051465   -0.060839    0.037364    0.047615    -0.18488].
   Ages are sampled.
   Parameters are updated.
   Updating parameters makes the average log-likelihood of samples increased by [-0.18815   -0.034376      0.4166    -0.33101   -0.077748     0.21353   -0.013826    -0.11959    0.087801    0.029008     0.24058    0.075515     0.14009  -0.0028532    -0.13967     0.11564   -0.013764    0.023572   -0.010297   -0.076109   -0.019875    -0.07469    -0.26593     0.30238    -0.24298    0.011953    0.077712    0.075712    -0.18307    -0.43398   -0.030626   -0.046882    0.066246   -0.083894     0.19389     0.24888    -0.51515    0.065933   -0.011504     0.31234     -0.2051   0.0046673     0.20242     -0.1204    0.023409       0.143     0.25246   -0.089934    0.031446    0.077935    0.038485    0.023653    0.059031     0.16584   -0.055298    -0.46298       1.016    0.046685     0.27841    0.056366    0.046148    -0.44593    0.048297   -0.032549    -0.16482   -0.055575   -0.031912   -0.042848      0.1563   -0.086271   -0.085618     0.14449].
   Ages are sampled.
   Parameters are updated.
   Updating parameters makes the average log-likelihood of samples increased by [0.12869    0.066877    -0.18766     0.34387    0.070818     0.13047   -0.010708    0.059823    -0.34546     0.18725   -0.024866     0.25342     0.10578   0.0047962    -0.34133    0.003524   -0.043795     0.19449  -0.0071842     0.25824    0.023652     0.10238  -0.0081327   -0.040956     0.61431    -0.00116    -0.17662   0.0092971   -0.031732      0.6823    0.045381    0.096052   -0.018926     0.09202    0.012327   -0.018886    0.095277    -0.11856    0.022768    -0.25035     0.27699     0.02117    -0.37774     0.27671     0.09235    -0.11402   -0.037824     0.20078    -0.21144    -0.18734   -0.016853   -0.096329   0.0082373   -0.032394   -0.046807     0.78216     0.18252   -0.021359     -0.1017    -0.32792    -0.13328     0.42226   0.0029819    0.012176     0.14907    0.061958    -0.13223   -0.063361     0.19078    0.096839    0.058102    -0.38537].
   Ages are sampled.
   Parameters are updated.
   Updating parameters makes the average log-likelihood of samples increased by [-0.10833    0.011232   -0.096187    0.019945    0.010611   -0.067409   -0.051254    -0.17123     0.45821    -0.32994     -0.1334    0.077019     -0.1347   -0.015685     0.55213   0.0026974    0.096381    -0.29002    0.014507    -0.27425   -0.052089     -0.4031     0.25916    0.013034    -0.42285    0.004292    0.085272   0.0047538     0.43239    0.077947   -0.045816   -0.044164    0.024486  -0.0077687    -0.28156   -0.037543   -0.071994    0.047152  -0.0081283     0.39742   -0.055592   -0.014369     0.27285    -0.28372    -0.11373      0.1232    -0.30169    -0.37057     0.18549     0.18334    0.015102    0.039176   -0.083743     0.15421     0.12754    -0.18993    -0.11918    -0.18398   -0.013912     0.23664   -0.024153    -0.19399   0.0094686  -0.0065922    0.025488   -0.087714    0.007807     0.12156    -0.38075   -0.035888    0.041068     0.47215].
   Ages are sampled.
   Parameters are updated.
   Updating parameters makes the average log-likelihood of samples increased by [0.26952    -0.11071     0.02928    0.046465  -0.0078412    -0.37545    0.071168     0.24006     0.01278     0.16057    0.021304    -0.60317   -0.074757    0.015728    -0.21042    -0.13941   0.0025705      0.2817   -0.041026     0.43228    0.077546     0.40183    -0.10763   -0.053444    -0.21929  -0.0081923     0.11846   -0.026382    0.020572    -0.25403    0.026076    0.039334   -0.085792   -0.032203     0.24844   -0.015635     -0.1215    0.024553    0.011841   -0.067964   -0.025821    0.020266     0.23306   -0.024108   -0.028851  -0.0011813     0.32455    -0.26332   -0.077577  -0.0021483   -0.003804   -0.074347  -0.0097854    -0.06261   0.0024399    0.021828    -0.12359     0.18195     -0.3805    0.082299     0.12199     0.23058  -0.0029578   -0.026947   -0.021911    -0.14632    0.027335   -0.079057    0.016416    0.026741   -0.037631    -0.38092].
   Ages are sampled.
   Parameters are updated.
   Updating parameters makes the average log-likelihood of samples increased by [-0.10106    0.083505     0.12474     0.13592   -0.014128   0.0060018   0.0038721   -0.088519   -0.040827    -0.54453    0.084344  -0.0044302     0.23154  -0.0077525   -0.021021     0.14551   -0.042728    -0.17721    -0.27429    0.077838  -0.0055021   0.0047402     0.12348     -0.1493     0.57951   -0.017952   -0.065082    0.023074    -0.13007     0.23199    0.019589    0.011072    0.091405    0.019123    0.047903    0.055239   -0.017291    0.012357   -0.044401    -0.32379   -0.071676   0.0081507      0.0244    0.092121   -0.047086   -0.050788    0.033398     0.35688    -0.30097   0.0007469   -0.071846   -0.046538    0.055364   -0.067189    -0.37412      0.2051     0.12279  -0.0020292     0.54032  -0.0016493   -0.055163    0.011096  -0.0047619    0.059318     0.02644     0.16356    0.081985    0.080082     0.17644   0.0043316   -0.045735     0.41339].
   Ages are sampled.
   Parameters are updated.
   Updating parameters makes the average log-likelihood of samples increased by [0.018246   -0.052366    -0.23505   -0.060181     0.01443     0.36815  -0.0047256    0.063112   -0.090879    -0.53771    0.067556   -0.019283   -0.054647    -0.13065     0.15723   -0.094641    -0.17437     0.20991    -0.38922    -0.21542   -0.062711  -0.0088553  -0.0002529     0.22917     0.31601    0.021095    -0.12916    0.059576    -0.11243    0.036583   -0.011029   -0.065872   -0.097979      0.0298    -0.16288  -0.0064121    0.051026     0.06309    0.038263     0.45924    0.028892   -0.023725    -0.73716     0.36226     0.11079    0.042703      0.1351    -0.09363    0.054509  -0.0057351    0.027459    0.028695    0.031724     0.13115     0.19801    -0.07654    -0.23158    -0.20814   -0.073371  -0.0081175    -0.10345   -0.087169 -0.00024382  -0.0015199   -0.017314  -0.0050934    0.050131   -0.075553    0.050625   -0.081944    0.019588    -0.43036].
   Records are aligned to the target stack.
   Iteration 1/10...
   Iteration 2/10...
   Iteration 3/10...
   Iteration 4/10...
   Iteration 5/10...
   Iteration 6/10...
   Iteration 7/10...
   Iteration 8/10...
   Iteration 9/10...
   Iteration 10/10...
   A new stack is updated.
#  Iteration 4:
   Ages are sampled.
   Parameters are updated.
   Updating parameters makes the average log-likelihood of samples increased by [-0.16634    -0.11497     0.18968    -0.53982   -0.024031   -0.026952     0.13537   -0.049104    0.021381    -0.38318    -0.17052     0.13068     0.59787     0.40965   -0.088554      1.5811     0.63638     0.13011     0.35016    0.055473       1.641     0.22155     0.93918    0.034219    0.041779   -0.095751   -0.013638     0.75081     0.27558     0.41525    -0.10795     -0.3365    -0.27853    -0.01243    -0.15597     0.21205   0.0059521     0.53338     0.24839   -0.012773   -0.036298     0.82469    -0.38484    -0.58179   -0.082035     0.20378    0.035304    -0.78741   0.0056181    -0.32295   0.0074819    -0.25101    0.067329    -0.38035    -0.40557   0.0050218    -0.74877    -0.19293    -0.50334     0.22621    -0.24495     0.64433     0.14383     0.33462   -0.055555    0.020356    -0.25166    -0.15846     0.16515      1.0783    0.029096     0.21493].
   Ages are sampled.
   Parameters are updated.
   Updating parameters makes the average log-likelihood of samples increased by [0.48366    -0.14542  -0.0010112     -0.4811     0.15763     0.19302    0.013493   -0.034906     0.16548    -0.17607     0.24466  -0.0090923   -0.070475    -0.22893   0.0045778    -0.28676     0.37635     -0.1777     -0.1019    0.021071    -0.47402    -0.31426    -0.18139     0.11753  -0.0089632  0.00081127     0.90628    0.073058    0.015705     0.64419    0.072639     0.11098    0.059862    0.024604   -0.021539    0.012909     0.11201     -0.1098     0.10351     0.49358     0.20899    -0.33929     0.02774    -0.54176     0.23066    -0.44702    -0.16368     0.35531   -0.067465     0.19357    -0.38234    -0.61514     0.37485     0.65922     0.23539     0.61431     0.72787    -0.32653    0.056428   -0.035545    0.055866   -0.028398    0.026634    -0.12006    -0.24513      0.1622   0.0086575    -0.11492   -0.050797     0.30371     0.29839    -0.16218].
   Ages are sampled.
   Parameters are updated.
   Updating parameters makes the average log-likelihood of samples increased by [0.004465     0.18155    -0.17159   -0.069136     0.12958   0.0072788    0.012326    -0.16959     0.16373    -0.37103   -0.044297    0.047999     0.29158    -0.25771     0.22052   -0.056806     0.05052    -0.28217   -0.059537    0.097591     0.62574    -0.22903     0.43963   -0.019137   -0.090648    -0.11404   0.0082439     0.15157   -0.046725     0.46157     0.11387     0.19845     0.03499     0.10211    -0.61451     0.16163   0.0097867    0.069362    -0.12973    0.039127    0.043997    0.016645   -0.061976     0.25184     0.01832   -0.026248   -0.059002     0.58318    0.087773     0.15819      -1.169     0.18184    0.091786    -0.39175    0.031031  -0.0035786    -0.12897    0.098305     0.21719      0.2712  -0.0077744   -0.021366     0.15385     0.22391   0.0016306     0.29736    -0.10023    -0.19439      1.1014     0.33574  -0.0085262  -0.0026825].
   Ages are sampled.
   Parameters are updated.
   Updating parameters makes the average log-likelihood of samples increased by [-0.08266    -0.43745       0.207    -0.15202    -0.60558    -0.11569    -0.32284     0.39925    -0.10073    -0.12582   -0.019659   -0.021312    0.013303    -0.33237   -0.063048    -0.27981     0.25151    0.043902     0.25587     0.16053     0.44247    -0.24959     0.22646    -0.10061   -0.013319    -0.19402       0.369   -0.013077    0.019424    0.055858   -0.042844     -0.0786    0.043297   -0.036187   -0.037276  -0.0051648    -0.18484     0.40636   -0.013043   -0.080332   -0.026206     -0.1036     0.31069    -0.68425  -0.0035182     0.24426    0.083125     0.23765   -0.057325     0.17741     0.56814    -0.50903    -0.29856    -0.11981     0.32268    -0.09996  -0.0090424    0.044401   -0.022497   -0.037422    0.097599   -0.030439    -0.41489  -0.0078839    -0.16819   0.0062853    0.099658     0.22601       -0.12     0.21352    -0.00144     0.11997].
   Ages are sampled.
   Parameters are updated.
   Updating parameters makes the average log-likelihood of samples increased by [0.23012     0.18365   -0.076404   -0.024175     0.32519   -0.094911    -0.06249   -0.014907     0.10095   -0.097403 -0.00058311   -0.024917    0.016611     0.23261      0.1549    0.026713    -0.20061     0.15029   -0.076302    0.047083    0.029126     0.11783     -0.4205    0.089271    0.010912     0.40212    -0.92837    0.016869    -0.49154     0.23728      0.1147    0.034367    0.048507    0.017302    -0.54033   -0.035664   -0.017689     -0.1919   -0.023508    0.070888   -0.014147     0.10965     0.15079    0.038123  -0.0019545     0.26517    -0.31914     0.30168     0.16463   -0.013429     0.11458    0.017396     0.33955    0.069455   -0.056423   0.0056105    0.060331    -0.23598    -0.13739   -0.053008   -0.094926    0.050762     0.58958   -0.017191     0.26062    -0.12457  2.2857e-05    -0.16837     0.13673     -0.3703     -0.0821    -0.41724].
   Ages are sampled.
   Parameters are updated.
   Updating parameters makes the average log-likelihood of samples increased by [-0.030112    0.029165    -0.11659     0.45519    0.048627     0.17074  -0.0077592    -0.11374   -0.041049    0.058659   0.0037809    0.027974   0.0007079    -0.13211    0.025782    -0.27193     0.29531    -0.25518   -0.016113    -0.79499    -0.15205    0.047068    -0.23529    0.098351   0.0048026    0.065891   -0.050253      -0.037     0.32194   0.0062821    -0.09598  -0.0049302      0.2269    -0.37983     0.03188    0.063581     0.26162     0.31219    0.049463  -0.0027184    0.039138 -5.1457e-05     0.11739    -0.16046    -0.10483     -1.1971     0.64028    -0.19457     -0.1621    -0.27991   -0.032708       0.445    -0.26464    -0.46921    0.055774  -0.0062133    0.045914    -0.31373     0.14726     0.11219    0.098807   0.0037999     0.12177    0.021116    -0.14202     0.12888   -0.011444    0.085664   -0.052666     0.41242   -0.016839     0.29315].
   Ages are sampled.
   Parameters are updated.
   Updating parameters makes the average log-likelihood of samples increased by [0.038267    -0.24317    0.050006    -0.28014    -0.41685  -0.0031632     0.27106    -0.01428    0.040876     0.12904  -0.0016525  -0.0063283   -0.023242     0.30798   -0.067466   0.0032217   -0.096229    0.051779     0.13657    -0.29545     0.06977   0.0088591    0.054953   -0.050401   -0.011489    -0.44721     0.07047   0.0021292    0.046792    -0.76899    0.076282 -0.00025246    -0.10973      0.3377    -0.31907   0.0063378  -0.0090831    -0.54829  -0.0023451    -0.14417    0.023786   -0.010929    -0.12236      0.1159     0.11451   -0.027191    -0.25321     0.19679      0.1234     0.30153   -0.036206    -0.10228    -0.30396     0.46069    -0.20819    -0.10784    -0.10028     0.61325  0.00095865    -0.32278  -0.0076843   -0.061618    -0.24086  -0.0047044     0.16956   -0.028973   -0.084393     0.15263    0.060208    -0.17531     0.10305    0.049323].
   Ages are sampled.
   Parameters are updated.
   Updating parameters makes the average log-likelihood of samples increased by [-0.29314     0.42967    -0.12729     0.30518     0.48342      0.1878   -0.019213     0.27049  -0.0032743  -0.0053175   -0.052505   -0.013221    -0.16375    -0.14598    -0.17452     0.34757    -0.64159    -0.27359    -0.07513   -0.039782    -0.61589    -0.43283     0.50317    0.012287   -0.014808     0.54202   0.0027324   -0.025842   -0.095449    0.079931   -0.099285   -0.022929     -0.2652    0.029967     0.34248    0.014526    -0.15703     0.10424 -0.00055974     0.13457   -0.067088   -0.031135    -0.12228    0.024642    -0.20847  -0.0073239     0.38781   -0.013125   -0.095448    -0.54929    0.089393    -0.31047      0.5466    -0.45006    -0.65192    0.094116  -0.0043956   -0.036297    -0.18692     0.48447    0.039558    0.057188      -0.101   0.0030543    -0.18295    0.024575    0.091837    0.090877    0.012416    -0.25365   -0.017055    -0.59259].
   Ages are sampled.
   Parameters are updated.
   Updating parameters makes the average log-likelihood of samples increased by [-0.15773    0.034952      0.2707   -0.066197    -0.48201   -0.013189     0.17445    -0.93828    -0.28716   0.0034181    0.067042 -0.00056912     0.16824   -0.094206    0.053538     0.17938    -0.11929     0.31704   -0.030384  -0.0098952     0.22333      0.2634   -0.082879    -0.08566   0.0032945    -0.10599   0.0057162    0.050709    0.056842   0.0052346    0.058183   -0.041707     0.26766    0.040368   -0.037086   0.0089879     0.14188  -0.0045355  -0.0073463    0.011827   -0.052104    0.039948    -0.42232   -0.051426     0.25153     -0.2682    0.064273    -0.16772    0.021174   -0.029387     -1.0618     0.36258    0.031018     0.43941  -0.0015563   -0.030205   -0.062193   -0.059055     0.13185    -0.41653   -0.078778    -0.10833     0.17759   0.0023304    0.098163   -0.035793   0.0032112    -0.20992    -0.10895     0.38297    -0.10641    0.043881].
   Ages are sampled.
   Parameters are updated.
   Updating parameters makes the average log-likelihood of samples increased by [0.3547    -0.30013    -0.23965    -0.10605    -0.07145     -0.2397    -0.15696    0.089611     0.27314    -0.34251   -0.035283   -0.041654   -0.013378    -0.47122     0.16585    -0.39223   -0.034124   0.0062773   -0.081866    0.069859    -0.34634     0.14993     0.41245     0.10228   -0.039527   -0.037575   -0.043707   -0.055902     0.18615    0.023344     0.13752    0.048962    -0.21472  -0.0089408    0.078442    -0.25186  -0.0024913     0.13962   0.0051299   -0.017218   0.0038821    -0.00363    -0.18325    0.060194   -0.040009     0.28729   -0.090683     0.15137    0.093643    0.050626    -0.22949    -0.17122   -0.029889   -0.013931     0.33275    0.044575     0.16719   -0.078874    0.032773     0.44619    0.092362    0.082222    -0.21755  -0.0023611   0.0032752    -0.05413  -0.0046571     -0.1996    0.091102     0.04117     0.12241    0.024081].
   Records are aligned to the target stack.
   Iteration 1/10...
   Iteration 2/10...
   Iteration 3/10...
   Iteration 4/10...
   Iteration 5/10...
   Iteration 6/10...
   Iteration 7/10...
   Iteration 8/10...
   Iteration 9/10...
   Iteration 10/10...
   A new stack is updated.
#  Iteration 5:
   Ages are sampled.
   Parameters are updated.
   Updating parameters makes the average log-likelihood of samples increased by [0.016611    -0.34907    -0.16718   -0.030163     0.10475    -0.40837   0.0076194    0.011159    0.051955   -0.018144    0.095625     0.44898    0.014014    0.038929     0.27926     0.60465     0.34639    -0.11343     0.29535     0.28055    -0.15113    -0.60164    0.089951     0.20309    0.040472   -0.047838   0.0072166   -0.074014    0.018816    0.088658    -0.06651    -0.27742    0.083168    -0.14223     0.21862   -0.045904   -0.070477   -0.075509   -0.038307     0.12331 -0.00083894   -0.022741     -1.4826     -0.6603   -0.066507    -0.11781   -0.072268      1.1366   -0.070082     0.48023    0.048773     0.47629    0.013146    -0.18403   -0.075995    0.035796  -0.0012338    -0.27569 -0.00054796    0.014665     0.13353      0.1432    -0.20075    0.084897      -0.462    -0.01377   -0.021523    -0.51272   -0.011108     0.22776   -0.049914     0.11061].
   Ages are sampled.
   Parameters are updated.
   Updating parameters makes the average log-likelihood of samples increased by [0.081593    0.016267    -0.01285     0.30767    0.087816     0.32333    0.016171    -0.21974    -0.19315    0.012101   -0.018321    -0.34847    0.062362   -0.069352     0.15218    0.024097  -0.0023221     -0.3507    -0.15881   -0.098565    -0.44214    -0.76821     0.37084     0.12174    0.055938   -0.033626    0.014037     0.15399    -0.34909      0.7023    0.099572    0.030949      0.2222    0.045505   -0.082542     0.24701    -0.24504     0.20528     0.33505   -0.031769     0.39201   -0.065212      1.0837   -0.034739   -0.011695     0.15889     0.01377      0.3605     0.14211    0.044543      0.1782     0.15678    -0.13938      0.7605    -0.17412     0.30007    0.034201    0.012482    -0.53844   0.0089564    0.035616    -0.62424    0.041726    0.024287   -0.021854    -0.33282      0.1131   -0.026188   -0.077996     0.75728    0.063906     0.01207].
   Ages are sampled.
   Parameters are updated.
   Updating parameters makes the average log-likelihood of samples increased by [-0.0036456     0.16094     0.20039     -1.0881   -0.074552   -0.045934  -0.0043643    -0.57354     0.11524    0.024642   0.0044786    -0.12373     0.15008    0.044814    -0.16006     0.13496    0.094468    -0.51248 -9.6031e-06    -0.17292   -0.037273    -0.65687    -0.38558   -0.024496     0.18067   -0.028053    -0.20472  -0.0012189     0.14048  -0.0087033     0.66598    -0.20302    0.092348   -0.021864    -0.12423      0.2446     0.05614   -0.047046    -0.11398    0.053578     0.21803    -0.19534    -0.22564    0.082514     0.73033  -0.0070159   -0.020362   0.0037349     0.01391    -0.18705   -0.011965     0.15833    -0.18375      1.1133     -0.1284    0.095515   -0.094634    -0.07228    0.038214    -0.11062     0.53442     0.40116     0.24593     0.15248     0.21557    -0.14731    -0.05861    -0.19348     0.18408   -0.011317   -0.096125    -0.28261].
   Ages are sampled.
   Parameters are updated.
   Updating parameters makes the average log-likelihood of samples increased by [0.020995    0.034878    -0.49843     0.60783    -0.12706   -0.012126     0.22093  -0.0041274     0.12731    0.035049    0.060284    0.070315    -0.24241    0.001091   -0.028427   -0.013825   -0.010933      1.2424    0.028313     0.17781    0.027989     0.12014    0.049625     0.13968    -0.35325   -0.044774    -0.11462    0.002711   -0.074132     0.02306   -0.041843     0.11609    0.051417    -0.99595   -0.067483      0.0461   -0.070341    -0.03561     0.13655     0.20558  -0.0015909   -0.053173   -0.065204    -0.15426    -0.06521    -0.26151   -0.015509     0.45625   0.0029133   -0.037369    0.084749   -0.078611     0.13656    0.070516    -0.70171     -0.1572    -0.02027   -0.042367     0.02136     0.29394    0.016753     0.17808   -0.097121   0.0097698   -0.053071    -0.19465    0.085441     0.29895    -0.73603    -0.15112    -0.16961     0.16272].
   Ages are sampled.
   Parameters are updated.
   Updating parameters makes the average log-likelihood of samples increased by [0.0064208    -0.10885     0.29805     0.17192    0.089021    -0.18384    -0.11102    0.030141    0.074791   -0.001753   0.0035344   -0.068385     0.23358   -0.085203    -0.25832   -0.017213   -0.027409     0.13928      -0.144    0.043292    -0.14707    -0.23652    -0.11235    -0.17167     0.25257     0.28076     0.39286  -0.0081423    -0.41075    -0.01157    0.027214    -0.06706    -0.11884    0.037408    0.076126     0.12735    0.011193    0.053043    -0.12174    -0.15036   -0.013984   0.0052288    -0.18771     0.22874   -0.030196     0.22074   -0.014483   -0.015044  -0.0062258    -0.09389  -0.0043074   0.0085841   0.0099989    -0.23513     0.51357     0.40866   -0.024737     0.12844   0.0022787   -0.072532  0.00087401    0.016869    0.050832    -0.29208     0.28853     0.27554    -0.66795     -0.4182     0.82067     0.60442     0.09322   -0.030028].
   Ages are sampled.
   Parameters are updated.
   Updating parameters makes the average log-likelihood of samples increased by [0.0032103     0.15774    -0.22459    -0.20612    -0.10662     0.22329     0.11085   -0.022049     -0.2372  -0.0015446   -0.028589     0.15036    0.021477     0.41047     0.27596   -0.041412     -0.0298    0.018067     0.10383   -0.099284  -0.0074025     0.52704     0.10138    0.029028    -0.20257    -0.23579    -0.53114 -0.00099134     0.64125    0.011334    -0.14098   -0.019406     0.11745     0.10594   -0.017392    0.033832   -0.042041    -0.26201    -0.01472    -0.44049    -0.13859   -0.086934        0.47    -0.66281    -0.37636    0.075128     0.01597    -0.17468   0.0083756     0.11086    0.005073   -0.062883     0.05948     0.24015     0.10352     -0.1791    0.039856    -0.45558     0.02879    0.072098   -0.062371    -0.30919    0.035274    0.038051     0.09515     0.01365    0.057894     0.20522   -0.052876     0.16269    0.020448   0.0076956].
   Ages are sampled.
   Parameters are updated.
   Updating parameters makes the average log-likelihood of samples increased by [0.014371    -0.19409      0.1177     0.21539     0.21805    0.091656  -0.0077761    0.020468     0.10836   0.0058071    -0.21259    -0.17051    -0.61091   -0.014925   0.0033118    0.067256    0.018793  0.00031091      0.1471    0.047917    0.033643    0.038234  -0.0055898      0.1867    0.082895     0.30927    0.017378    0.014377     0.10857   0.0022268     0.30542    0.059284    -0.20456    -0.08663   -0.051551   0.0056429     0.02348     0.28099   0.0070515     0.37759     -0.1905   -0.016022   -0.015109    0.015394    0.066744    -0.17173   -0.080736    0.022193 -0.00081723    0.036803   -0.000149    0.046315   -0.052525    0.042405    -0.16616   -0.054595  -0.0040673       0.408   -0.011954     0.42412     -0.2199     0.18914    0.024715    0.061379    -0.37686     -0.3081    -0.14847     0.57387    0.040672  -0.0083761    0.019321    -0.29853].
   Ages are sampled.
   Parameters are updated.
   Updating parameters makes the average log-likelihood of samples increased by [-0.037053      0.1931     0.15188    -0.46732    -0.53045    -0.10692  -0.0051507   -0.044903    0.057294   -0.016028     0.24469     0.22225   -0.070675    -0.34237   -0.060948   0.0086651    0.021231    0.070898    0.069217     0.16707     0.01059    -0.12122    -0.11573    -0.31614   -0.032779    -0.06982   -0.022574   -0.047129  -0.0045638   -0.018384    -0.22753     0.14536     0.20631   -0.062984    0.021473    0.029077    0.037174   -0.078984     0.20414    0.014981     0.39533   -0.071097    -0.14574    -0.04244    0.088089     0.14255    0.053747     0.15196  0.00061472    -0.20468   -0.013244    0.022107   -0.057308   -0.080157     0.17106    -0.10179    -0.13082    0.022973   -0.086645    -0.97882     0.23429  0.00062354    -0.09394    0.056473     0.26756     0.11755    0.025497     0.34559    -0.30926   -0.020339    0.010055    0.091897].
   Ages are sampled.
   Parameters are updated.
   Updating parameters makes the average log-likelihood of samples increased by [0.029968    0.032333   -0.031489     0.20475     0.23774    0.020446    0.039386   -0.031131    0.032196   -0.044626   -0.042085   -0.002658  -0.0032281     0.23183    -0.12494    -0.11148    0.013008    -0.25712    -0.27293     -0.1472   -0.041143    0.081825     0.12975     0.15975    -0.11807   -0.092805   -0.043017    0.024431   0.0074811   -0.044794     0.12392    -0.26044    -0.13602      0.1001     0.05028    -0.28164   -0.097991    0.089602    -0.44732     0.21474     0.17674      0.1819     0.12642    -0.40651     0.28556    0.058694    0.010685   -0.022737   -0.013158     0.20745    0.009166  -0.0017217     0.10766    0.057013  -0.0079228     0.32429     0.15244   -0.041802    0.070722    0.019186   -0.081308     0.12147   -0.012499     0.13815   -0.080236  -0.0084888     0.12575   -0.060501      0.3123    0.020839   -0.032418     0.12038].
   Records are aligned to the target stack.
   Iteration 1/10...
   Iteration 2/10...
   Iteration 3/10...
   Iteration 4/10...
   Iteration 5/10...
   Iteration 6/10...
   Iteration 7/10...
   Iteration 8/10...
   Iteration 9/10...
   Iteration 10/10...
   A new stack is updated.
   Done.
#  Age model construction algorithm is now running...
#  Iteration 1:
   Ages are sampled.
   Parameters are updated.
   Updating parameters makes the average log-likelihood of samples increased by [-0.10453     0.41707    -0.13857     0.20874    0.083158    0.010301     0.25895    0.060628     -0.0057    -0.10285   -0.037169    -0.13566     0.64433    0.086619    -0.25364    0.077715    -0.74714     0.99609    -0.20945     0.56009      1.7186     0.22796   -0.031446      -1.064  -0.0016117    -0.12788     0.83048     0.00557   -0.080768   -0.094672     0.47608  -0.0020779   -0.086222     0.15252   -0.053123    -0.30541     0.27032     0.10184    0.031382   -0.056759   -0.020213    0.095047      0.1073    -0.24052     0.46901    0.099081   -0.051567     0.03474     0.19156    0.013781    -0.45291    -0.14692    0.069673      1.0594     -0.1019     0.13287    0.041164     0.16393    0.044364    -0.14583   -0.055622   -0.056147     0.01899    0.058875   -0.067982       0.201     0.16624     0.18249    -0.11246    0.091575    -0.55512      0.1146].
#  Iteration 2:
   Ages are sampled.
   Parameters are updated.
   Updating parameters makes the average log-likelihood of samples increased by [-0.054047   -0.030965      1.5067    -0.66897     0.64984    0.094126     0.36744     -0.2083    0.031723   -0.019482    0.029532   -0.039098   -0.028663    -0.22719    0.020578    0.099938      0.5467   -0.044265  -0.0020069  -0.0053284    0.016486     -0.2089   -0.079076    0.081663   -0.082235    0.040308   -0.057675     0.27535   -0.035755    0.042055    0.039974    0.032851    0.062117     -0.5278  0.00038961     -0.1596    0.022075   -0.010067    0.030453    -0.37338     0.10764   0.0088289    -0.33603    0.085955     0.30912    0.046411   -0.051791    -0.10326   -0.021807    0.091988    -0.63385    -0.45907    -0.24357     0.42997     -0.4269    0.033434    -0.18801    -0.21357    0.098742   0.0055172   -0.034175    0.052456    0.091482 -0.00040371     0.65331     0.19453    0.069493    -0.15426   -0.062604     0.61674     0.10884   -0.061534].
#  Iteration 3:
   Ages are sampled.
   Parameters are updated.
   Updating parameters makes the average log-likelihood of samples increased by [-0.069508    -0.83272     0.11921    -0.35729    0.079689  -0.0077185   -0.081685    0.024816    -0.13825    0.052745    0.060397    0.031756    0.013207    -0.14742     0.25087   -0.062916    -0.29555    -0.35914     0.18552     0.13529     0.12556    -0.23716    0.069909    0.046371  0.00027487  -0.0049981    0.090015    -0.17348   0.0065756    -0.11826    0.021193    -0.38195    0.021513     0.24412    -0.15303    -0.49959     0.16431   -0.024396     0.13955     0.20883     -1.4336     0.01618  -0.0074782    0.032673   -0.047532     0.20718   -0.019813     0.34126     0.10391   -0.078392    -0.16391    -0.33662  -0.0012173    0.040175    -0.35804    -0.21205    -0.11381  -0.0095377      0.2577    -0.05949    0.024882    -0.11809     0.06307   -0.061958     0.15796    -0.08493    -0.13363      -0.257     0.10107     0.45669   -0.012187    -0.10124].
#  Iteration 4:
   Ages are sampled.
   Parameters are updated.
   Updating parameters makes the average log-likelihood of samples increased by [-0.075709     0.03537   -0.029487    -0.62581   -0.053751    -0.27351    -0.10093     0.54009   -0.017231    -0.18963   -0.068346   -0.090549     0.09683   -0.080319   -0.029099    -0.78014    -0.16454    0.019984    -0.46444     0.15606    -0.61881    -0.23043   -0.052514     0.17001  -0.0090892    -0.28325    -0.04811    -0.12019     0.12112    -0.30019     0.16328     0.14427   -0.022127  -0.0058398    0.083009    -0.37255    0.028353    0.050541    -0.48492   -0.078151    -0.43393    -0.41766     -0.3897    0.034297     0.21346   -0.019662     0.18811     0.23983  -0.0019825     0.11731    -0.17124    -0.25669   -0.098649    -0.21805   -0.088264   -0.011374   0.0034605     0.15413   -0.013922    -0.10769   -0.052634    -0.16864   0.0048016   -0.015838    0.040896    0.033923    -0.01554   -0.091995    -0.12259   -0.033577    -0.01307  0.00010614].
#  Iteration 5:
   Ages are sampled.
   Parameters are updated.
   Updating parameters makes the average log-likelihood of samples increased by [0.042525    -0.16176    -0.13053  -0.0091201    0.074099   -0.086661    0.016561   -0.023719    0.030951    0.052247     0.25472    0.081232   -0.074195    0.035254    -0.62198    0.055599     0.16524   -0.011332      0.4567     0.14106      1.7041      0.1976    0.068656    -0.40014    0.022082     0.23507    -0.17541    -0.17614    0.019202     0.18091   -0.032614    -0.13584     0.11271   -0.012785   -0.035704    -0.13322    -0.15328   0.0031201     0.56027    0.052679     0.29129     0.42389     0.13281    -0.14044  -0.0088013    0.073348   0.0022094   -0.022994    -0.22537    -0.25653   -0.044216     0.19872    -0.37943      0.2208   -0.039036  -0.0064737    -0.34961   -0.087798     0.20912      0.1316    0.071537     0.49116 -0.00030456    0.029198    -0.09279   0.0024469    0.029695      0.4086    0.066372   -0.042592    0.093202   -0.012329].
#  Iteration 6:
   Ages are sampled.
   Parameters are updated.
   Updating parameters makes the average log-likelihood of samples increased by [0.045553   -0.041273     0.17747    -0.29015   -0.066783     0.18979     0.40148    -0.35241   -0.061231    -0.43082   -0.054561    -0.20268    0.064856   -0.017933   -0.029137  -0.0067588   -0.029152   -0.044172    0.072023   -0.063244     0.76625   -0.070829    -0.28767     0.41457   -0.043671   -0.098592       0.176     0.21904   -0.020005     0.22075     0.06497    0.056662    -0.21508   0.0079335    0.076995     0.54102    -0.20694   -0.068282    -0.29939    0.025004     0.11498  -0.0041419   0.0080126     0.10016    0.065177   -0.022113    -0.23661    0.044551     0.12956     0.28414     0.28058    0.044189     0.51579   -0.022312   0.0091702    0.061644     0.21096   -0.096811    -0.27262   0.0011152   -0.015216    -0.11965   -0.021419    0.039781     0.17364     -0.2886     -0.1329    -0.11636     0.13197   -0.033002     0.11914    -0.05956].
#  Iteration 7:
   Ages are sampled.
   Parameters are updated.
   Updating parameters makes the average log-likelihood of samples increased by [-0.0049862     0.07095   -0.039862     0.54803    0.012205       0.316    -0.09171     0.20651    0.025467  -0.0098651   -0.032243    -0.28203    0.026302    0.069834    -0.34695    0.010064    0.026987    0.019779    0.030927    -0.15794     0.18451    0.029071     0.31821   -0.012803  -0.0023228    -0.24358    0.010032   -0.043146    -0.31693    -0.22664   0.0036897    0.061833      0.1828    0.019591   0.0085061   -0.032051     0.23805    0.050663     0.18418   0.0013543   -0.068256   -0.011984      0.3598  -0.0059969     0.12541    0.078121    -0.10414    -0.42491    0.062646   -0.050569    -0.45917   -0.058205      0.1805    0.015574    -0.25714   -0.060305      0.1335     0.22884    -0.18336    -0.03915    0.025965    0.037338    0.026286    -0.13322   -0.038626     0.28958    -0.21062    -0.18728   -0.018343      0.1045    -0.45034   -0.041233].
#  Iteration 8:
   Ages are sampled.
   Parameters are updated.
   Updating parameters makes the average log-likelihood of samples increased by [-0.017188   -0.037906    0.018657    -0.14544    -0.30302     -0.4796    -0.71925    0.069413    0.022792     0.31079    -0.51294     0.30605  -0.0055471  -0.0099193     0.43523   -0.085239   0.0072959    -0.20168    -0.24131     0.22794    -0.43506       0.011   -0.082933   0.0029543    0.046506      0.3969   0.0067089  0.00096632    -0.11757   -0.078963    -0.14053    0.010383    -0.24221  -0.0067309   -0.040049    0.074696    -0.30537    0.018482    0.080909   -0.002663    0.074959   -0.033562    -0.94935    0.026979    0.078297  0.00087032      0.3409   -0.072821    0.022135    -0.12735   -0.044912    0.055702  -0.0021378  -0.0024803     0.26035       0.053   0.0012521      -0.126     0.13966    0.041633   -0.091109    -0.71627   0.0023404     0.22137    0.066283   -0.046846     0.30955     0.55243    -0.12331   -0.041758     0.29209    0.054512].
#  Iteration 9:
   Ages are sampled.
   Parameters are updated.
   Updating parameters makes the average log-likelihood of samples increased by [-0.043354     0.10069     -0.3533     0.43735     0.22678     0.18219     0.37835     0.17913    0.011333    -0.55069     0.24589     0.16075   -0.071644    -0.52939   -0.039358    0.059782   -0.039696     0.23628     0.11549   -0.048003     0.16453  -0.0036659   -0.065572   -0.055493   -0.012217    -0.13057    0.020371    0.051952     0.29817    -0.65061     0.12274  -0.0037467     0.20103    0.000259   -0.051408     -0.5626      0.4029   -0.040484    0.038807 -0.00067688    -0.15958    -0.22485    -0.20859    -0.24589    -0.13824   -0.035623    -0.35232     0.45038  0.00062514     0.16443     0.23141    -0.10389   -0.003061  -0.0038649    0.019843   0.0057571  -0.0076924     0.11241    0.084179   -0.028406    0.011977     0.33325    -0.18626    -0.29253    -0.76534    0.043499   -0.012106    -0.11359     0.12468    0.019658     0.18543    0.020318].
#  Iteration 10:
   Ages are sampled.
   Parameters are updated.
   Updating parameters makes the average log-likelihood of samples increased by [0.067688    0.077763     0.38491     -0.2314    -0.21359     -0.3498     0.33587    -0.23277  -0.0028435    0.013763    -0.16555   -0.043778    0.054765  -0.0075211    0.037746   -0.010673    -0.07204   -0.015129    0.040267    -0.34194    -0.56318    0.025512       0.145    0.074706  0.00027369    -0.21951    -0.19175    0.023833     0.21702     0.28114   -0.032652   -0.069938    -0.08642    -0.06783    0.073354   -0.037359    -0.18799  -0.0030224    -0.10307   -0.026736   -0.032843     0.16164     0.13541     0.12837    -0.20485     0.02758     0.33262    -0.45852   -0.084963    0.017483     0.32335    -0.13858    -0.26733   -0.067479    -0.31009   0.0018525    -0.16523   -0.059166    -0.56498   -0.068772    0.073664     0.24369     0.15041     0.26485    -0.34179   -0.032633   0.0090982    0.032881   -0.080446  -0.0038108    -0.46175   -0.099736].
#  Parameters are learned. Sampling algorithm is now running...
-------------------------------------------------------------------------------------------
#  Results and figures are being stored...
[Warning: MATLAB has disabled some advanced graphics rendering features by
switching to software OpenGL. For more information, click <a
href="matlab:opengl('problems')">here</a>.] 
[Warning: Limiting legend entries to 50. Specify a vector of graphics objects to
display more than 50 entries.] 
[> In matlab.graphics.illustration.Legend.autoUpdateCallback
In print (line 36)
In saveas (line 181)
In saveFigures (line 215)
In BIGMACS (line 34)
In main (line 8)
In run (line 112)] 
   Done.
   Results and figures are stored in Outputs/R109_d18O_stack.
-------------------------------------------------------------------------------------------
Parallel pool using the 'Processes' profile is shutting down.
Time elapsed = 18230 s
