MATLAB is selecting SOFTWARE rendering.
OMP: Warning #182: OMP_STACKSIZE: ignored because KMP_STACKSIZE has been defined

                            < M A T L A B (R) >
                  Copyright 1984-2024 The MathWorks, Inc.
             R2024b Update 3 (24.2.0.2806996) 64-bit (glnxa64)
                             November 26, 2024

 
To get started, type doc.
For product information, visit www.mathworks.com.
 
Starting parallel pool (parpool) using the 'Processes' profile ...
Connected to parallel pool with 36 workers.
Number of workers: 36
-------------------------------------------------------------------------------------------
## BIGMACS: Bayesian Inference Gaussian Process Multiproxy Alignment of Continuous Signals
-------------------------------------------------------------------------------------------
## Stack construction algorithm is now running...
#  Initializing...
   Data are loaded successfully.
   Initializing the age samples...
   Done.
#  Stacking algorithm is now running...
#  Iteration 1:
   Ages are sampled.
   Parameters are updated.
   Updating parameters makes the average log-likelihood of samples increased by [5.312925      4.106635      102.2191      19.41421       13.7274      5.496974      6.754345      4.816369      10.58729      4.058402      16.96374       3.31157      12.76406      2.906823      12.82469      9.251771      7.935694     0.4608633      16.23658       4.09802      4.274623      51.17667      5.323086       4.24475      10.71939       5.57747      2.119365      5.660064      40.53034      9.550726     0.6191333     0.3493288       3.38354      4.949313      7.315489      14.29212      9.264676      18.87264      3.110881     0.7897289      1.529163       29.5886      4.863145       10.9093    -0.2388302       11.6633      7.811442      16.35129      15.44592      48.56168     0.7857737       10.2047      12.02274      22.21358      11.49056      12.54618      2.164589    0.06575026      7.629011      3.223161      17.48918      13.55527      13.05618      1.240215      1.498228    0.04877829      79.87968      5.403357].
   Ages are sampled.
   Parameters are updated.
   Updating parameters makes the average log-likelihood of samples increased by [-0.18725    -0.37585     0.53941     0.75701     0.74374    -0.42917     0.15284   -0.066624     0.58274     0.17433     0.55437     0.32709      1.0431   -0.063636     0.55519      1.0909      0.7344     0.08811      1.8354      1.4246     -1.1018      4.0948    0.044676     0.29621     0.75451   -0.021325    0.029276      1.2339      1.8477      1.5541   -0.075781   -0.052929    -0.37724    -0.38921    -0.28169      1.5232     0.13794      1.3771     0.01343    -0.01611   -0.018707      6.0693     0.38491    0.030764     0.49821      1.2082    0.076961      1.6302      1.1212      1.6644    0.011153     0.61309      1.1666      3.2914    -0.27454      1.1492    0.034087     0.18022     0.24956     0.25585     0.82553      0.3939      1.5809     0.10333    -0.14357    -0.45226      4.9575   -0.020102].
   Ages are sampled.
   Parameters are updated.
   Updating parameters makes the average log-likelihood of samples increased by [0.12 -0.00063849    0.050496   -0.043538    -0.24049   -0.040226   -0.005235    0.032212   -0.083965   0.0018245     -1.0916   -0.033397   -0.024476   -0.049957    0.073104   0.0019641    0.094979   -0.088099   -0.027978     -0.1024     0.19795     0.22021   0.0025156  -0.0057614    0.046765   -0.023163  -0.0082013     0.25534    -0.85939    -0.17546    0.044031  -0.0079471   -0.021523    -0.20142   -0.096935    -0.36954    -0.14789     0.15895    0.003214   -0.019038    -0.14693      2.0718  -0.0064597   -0.036272   -0.014512     0.24153     0.20162    -0.10905    0.003006     0.12089     0.42522    -0.43769     0.32899       0.205     0.21258      0.7235  -0.0085427     0.21279     0.29073     0.20131     0.12125   -0.062849     0.32949     0.16839    -0.10816   0.0057482    -0.26525    -0.02169].
   Ages are sampled.
   Parameters are updated.
   Updating parameters makes the average log-likelihood of samples increased by [-0.1004     -0.1203   -0.098584    -0.33082    -0.12469   -0.028788    0.029222   -0.053073    -0.39451    -0.10709      0.1983   -0.015904     0.48221     0.14962    0.044259    0.074782     0.07722    0.013157      0.1099    0.011628    0.022122    -0.49257    0.012637  -0.0053411   -0.093924    0.014691    0.033283     0.09275     0.27472  -0.0055037   -0.090568   0.0073695   -0.035558   -0.011523   -0.064717    0.018532    -0.01661    0.051801    0.039407    0.026191    -0.21632     0.17661     0.18958   -0.013408  -0.0092813    -0.15778  -0.0051163    0.001466    -0.16184     0.10368    0.095885   -0.080861     0.29539   -0.079382     0.35398   -0.046357     -0.0502    0.073434     0.29837   -0.027359   0.0017839   -0.043333     0.11639   -0.029857   0.0064794     0.11946    0.087508   -0.093807].
   Records are aligned to the target stack.
   Iteration 1/10...
   Iteration 2/10...
   Iteration 3/10...
   Iteration 4/10...
   Iteration 5/10...
   Iteration 6/10...
   Iteration 7/10...
   Iteration 8/10...
   Iteration 9/10...
   Iteration 10/10...
   A new stack is updated.
#  Iteration 2:
   Ages are sampled.
   Parameters are updated.
   Updating parameters makes the average log-likelihood of samples increased by [20.58653      14.41417      58.60228      46.01944      48.13235      16.76085      9.618168       52.1972      50.68942      22.81994      18.50534      24.83179      30.39217      28.12687      53.50724      37.54328       100.916      39.47347      118.5601      23.94307      3.059486      228.9515      16.28483       27.3823      29.49579      15.55906      12.06478      11.47057      32.18235      12.86764      20.14546      12.63634      19.48325      47.62283      37.31552      65.82184       55.4727      53.06466      14.77917      17.27372      16.15765      46.85563      43.55168      8.946672      15.76295      54.12021      39.89847      236.2322       236.846      447.9211        16.061       50.7591      85.11856      23.41213      46.33623      247.2284      17.87808       20.5212      28.35108      15.11513      30.37656      50.76187       61.1259      29.31156      23.33458      9.738649      266.3564       20.7141].
   Ages are sampled.
   Parameters are updated.
   Updating parameters makes the average log-likelihood of samples increased by [1.89964      1.76506       1.8188      1.36388      6.86339       1.4784      1.16942      1.15238      5.88706      5.10777      2.41622     0.965812      3.46288      4.95464      9.43678      5.42731      12.0079       0.4848      18.8515      1.94633      1.09531      34.7071     0.378429      5.17932      7.41416      5.77757     0.569214      1.47859      2.55885      2.02827       5.1612      1.80184      3.39918      4.18749    0.0158039      12.0133      7.80512      3.04415      2.08025      2.14353      1.46532      8.49674      5.01631     0.259487      3.03562      4.50465      2.00558      11.2488      10.0761      71.8747      4.54443      2.52248      6.17488      2.48112      6.12788      18.9178      2.04134     0.204261      7.03489      1.09078     0.519208     0.629324      9.96342     -0.29183      1.14986      2.25028      83.1192     0.789104].
   Ages are sampled.
   Parameters are updated.
   Updating parameters makes the average log-likelihood of samples increased by [2.04633    0.0383423      1.20722     0.167334       0.4876     0.865521     0.319562    -0.221182      1.19328      0.71613     0.344883     0.395926      2.35074     -0.14508     0.697792      2.18869     0.314609    -0.043982      3.28597    -0.481698     0.393653      4.80237  -0.00137577     0.143021     0.615418     0.569271    0.0853467    0.0993374     0.650251      1.34816      1.17449     0.311865     0.040026     0.112811     0.537828      1.18159     0.477884      2.09091     0.605604      0.36558    -0.296775    -0.431113     0.971632   -0.0234716   -0.0714623      1.20067     0.405757      3.63824    -0.109657      3.38179     -0.26399      1.05716      3.07088   0.00378831     0.561482      2.76632     0.536416    0.0359615      0.60693   0.00499508     0.525538    0.0252555     0.751762     0.018218    -0.365295    -0.282814       16.488     0.105937].
   Ages are sampled.
   Parameters are updated.
   Updating parameters makes the average log-likelihood of samples increased by [0.91161    -0.23408    0.075834     0.13678    0.082418    0.032443     0.31425    0.012106     0.31181     0.15048    -0.14531     0.68014     0.17315    0.072738     -0.2496   0.0079862   0.0024585   -0.006228    0.079532     -0.1158    -0.38867      0.9142   0.0011367    -0.04907     0.11678   -0.013239     0.12701    -0.29711    0.039551    0.070731  -0.0075942   -0.021889    0.024457      0.2676    0.034624      -0.339   -0.026863     0.74243   -0.011887   -0.042116     0.15576    0.043042   -0.032224   0.0015537    -0.01019   0.0048599      1.4647    -0.14419     0.13577   -0.070494     0.32002     0.47682     0.75953      0.4207      1.4021     0.10391    0.012121     0.12954    0.065749  -0.0078682    -0.26809     -0.0101     0.10974    0.026836     0.12335   -0.023974       1.205    -0.47633].
   Ages are sampled.
   Parameters are updated.
   Updating parameters makes the average log-likelihood of samples increased by [0.0037612     0.19278    -0.13721    -0.17491  0.00089158   0.0063287    0.083368    -0.49936   -0.006266   -0.051975   -0.064312   -0.032774  0.00061011   0.0019027     0.21267   -0.035398    -0.25686     0.27229     0.15485     0.17569   -0.097842    -0.37631 -0.00034827     0.43438    0.011293  -0.0023406  -0.0030237     0.26995   -0.067553  -0.0040921   -0.058555   -0.050684  -0.0070066   0.0047013   0.0035577     0.26809     0.08865    0.045761   0.0063265     0.04569    0.042266   -0.036008   -0.049385   0.0031627   -0.035935   0.0046812  -0.0040031     0.39286  -0.0039376    -0.87808   -0.062486    0.099569    -0.25973   -0.038141     0.38163    0.068092     0.09687   -0.056098     0.10497  -0.0058121     0.10635  -0.0055341   -0.028027    0.052192    -0.24402     0.12303     0.22034     0.42842].
   Ages are sampled.
   Parameters are updated.
   Updating parameters makes the average log-likelihood of samples increased by [-0.0448    -0.10864    0.037152     0.18267    0.041294    -0.22092      -0.094     0.20962    0.013115    0.064694    -0.18516    0.033952   -0.057173   -0.017389    0.059977    0.035819     0.87278    -0.24245    0.073072   -0.061884     0.10238     0.31993  0.00032163   -0.076961   0.0022014   -0.091599  0.00058103   -0.056536    0.067843   -0.027722   -0.052625    0.073023   -0.049904    -0.04575    -0.14912    0.074639    -0.28574    0.051069    0.037742   -0.031383    -0.00494     -0.2429   -0.018394   0.0048656    -0.14992   -0.051434   -0.063955   0.0014287  -0.0072896       0.392    0.022988   -0.021991   -0.049643     0.04811    0.070414  -0.0083171    -0.01754    0.027906   -0.052429   -0.013049    -0.75235    0.015514   0.0094426   0.0032507     0.23293    -0.07859     0.28219    -0.46265].
   Ages are sampled.
   Parameters are updated.
   Updating parameters makes the average log-likelihood of samples increased by [0.075503  -0.0094942  -0.0070859    0.072344   -0.016529      0.1992    0.066608    -0.17223    -0.15482   -0.072878     0.31487   0.0027477     0.05901 -0.00078339    -0.14787   -0.016871    0.045389    -0.05539    -0.29814   0.0065988    -0.13445    0.057276 -0.00038221   -0.095082   0.0009425    0.043967   -0.026867    0.039889   0.0060916    0.020407    -0.09027   -0.057383    0.010055     0.01553     0.13654   -0.084419     0.24246    -0.11796    -0.11431    0.027903   -0.045106     0.23734    0.014405    -0.09215     0.12667    0.054593    0.078489  -0.0017766   -0.013072     -0.1766    0.016797    0.011309     0.28003   -0.023038    -0.12913   -0.024383    -0.21134    -0.01371    0.076811  -0.0049447    -0.27539   0.0088219    0.016103    0.061536   -0.090572    0.074004     0.24341    -0.20743].
   Records are aligned to the target stack.
   Iteration 1/10...
   Iteration 2/10...
   Iteration 3/10...
   Iteration 4/10...
   Iteration 5/10...
   Iteration 6/10...
   Iteration 7/10...
   Iteration 8/10...
   Iteration 9/10...
   Iteration 10/10...
   A new stack is updated.
#  Iteration 3:
   Ages are sampled.
   Parameters are updated.
   Updating parameters makes the average log-likelihood of samples increased by [-0.39278   -0.023772     0.06929    -0.19635     0.10083     0.45584    -0.17996   -0.058338      1.0336    -0.12782   -0.027871   0.0073081    -0.18511     0.15097     0.22562    0.057653    0.011193   0.0051798    0.043602     0.15795      1.0294     0.65157   -0.059057     0.11582    -0.14314      0.3262    -0.53515    0.050223    -0.91396 -0.00053037   -0.022102     0.28406    -0.38579     0.39572   -0.025346    -0.19066   0.0019587     0.83325   -0.021426    0.027251     0.86975   -0.014291    -0.20286   -0.084228     0.16174    -0.14584     0.46416     0.14446    -0.22118      1.2078    -0.44373    0.023523    -0.44108     0.19337      1.1577     0.71061     0.11414     0.96534     0.21356       0.166    0.025027     -0.5181     0.18764       2.149     0.18638     -0.3275     0.39407    -0.17421].
   Ages are sampled.
   Parameters are updated.
   Updating parameters makes the average log-likelihood of samples increased by [0.0011559    -0.21414    -0.12859      1.0306     0.16902   -0.013293     0.22678     0.20437   -0.070419   -0.013094    -0.16837     0.24753    -0.21176    0.011181   -0.043925     0.32036   0.0095628    -0.20879   -0.027382   0.0064846   -0.082351    0.005952    0.002824   -0.091413   -0.052564    -0.07309     0.10643       0.276   -0.019457    -0.33452     0.25051   -0.059156   -0.078887     0.29278     0.54596    -0.30715     0.44289     0.02212   -0.056367     0.19146    0.072995   -0.012163    0.035944      0.1129    -0.13334    -0.19113   -0.010219   -0.058997     0.18521    -0.19354     0.10509     0.13914    -0.13625    -0.28965     0.47017   -0.003009   -0.011602   -0.014981     0.61779    -0.33703    0.045572    -0.35467   -0.029832    -0.19862     0.36878   -0.059153  0.00028468    0.068421].
   Ages are sampled.
   Parameters are updated.
   Updating parameters makes the average log-likelihood of samples increased by [0.049289    -0.20794     0.04364   -0.079832     0.24876   0.0044509     0.01136    0.058214   -0.031766     0.16483    -0.74151    -0.01879   -0.060681    -0.01048   0.0095244    0.046092    -0.12669   -0.012223     0.67079    -0.07257     0.27324    0.093195    0.051544    -0.14375    0.090602    0.072716   -0.055484    0.040288     0.13014   0.0033809    0.027591   -0.077864    0.025416   0.0020898     0.83233     0.04581     0.05182    -0.14167   -0.075157    0.013197    0.079804     0.34353    0.047874   -0.041824   0.0091714      0.3685    -0.41461     0.36759     -0.7934     0.37018   -0.011474     0.69155      0.3154    -0.58165    0.038596     0.16079   -0.035442     0.10984    0.025894  -0.0048494    -0.44776    -0.07911     0.36739    -0.21696    0.017741    -0.11405     0.32037  -0.0080134].
   Ages are sampled.
   Parameters are updated.
   Updating parameters makes the average log-likelihood of samples increased by [0.36657  -0.0071417   -0.088418     0.17832 -7.7852e-05   -0.022277    -0.13965    0.044969   0.0011738   -0.014782     0.23813    -0.35802    -0.20934   -0.039365    0.045954   -0.029354    -0.10441    -0.21651    0.046176     0.12583    0.063434     0.36017   0.0024906  -0.0087447   -0.061207 -0.00025035     0.20097    -0.14966    0.040574    -0.16161    -0.18746   -0.075052     0.38392   -0.077135    0.066602   -0.031165    -0.49828    -0.56142    0.028263    0.029682    0.038614    0.043943   -0.020261    -0.10379   -0.020146      0.1926    0.040345     0.15865    0.025591      0.1006    -0.20995    -0.35195    0.060871   -0.030156   -0.039546     0.63393     0.22571     0.21339      0.6692    -0.17672     0.10294    -0.10556      0.3257   0.0060145    0.031286    -0.34298   -0.077886   0.0021938].
   Ages are sampled.
   Parameters are updated.
   Updating parameters makes the average log-likelihood of samples increased by [-0.28408    0.055641   -0.043323    -0.39447    0.015924   -0.051318     0.17337   -0.097106   -0.034641      0.1896     -0.6281     0.33541     0.12329   -0.064532   -0.027069     0.18193    0.095276        0.45   -0.033815    -0.29713    -0.18768   -0.074399   0.0095121   -0.037586    0.023889   0.0019157   -0.064945     0.13125  -0.0008143     0.17017       0.207     0.07993    -0.21654    -0.24663   -0.028887    0.013405     0.39532  -0.0017043    -0.20542   -0.032752    -0.15261    -0.12247    0.011711    0.032417   -0.046223      -0.621   -0.039288  -0.0031947   -0.032225     0.01816     0.26179     0.32399  0.00036337    0.035658   -0.029201     0.12895    -0.15053    0.012452    0.061534    -0.20134    -0.19074    -0.10946    0.024828   -0.017478  0.00034087     0.38461    -0.89342   -0.002036].
   Ages are sampled.
   Parameters are updated.
   Updating parameters makes the average log-likelihood of samples increased by [-0.0753    -0.13905     0.53461    -0.23888   -0.039507   -0.020259    -0.10062     0.11438    0.018177     0.17135     0.31387    0.033382    0.089621    0.063325   -0.029637   0.0088255   -0.021446    -0.17889    -0.05019    0.032096     0.14069   0.0055481    0.019476   -0.098604   -0.058129   -0.010951     -0.1727   -0.085715    -0.11517   -0.094296     -0.1716    -0.10074    -0.20127    0.060229   -0.040119    0.041436    -0.13465    -0.14839    0.090589    -0.18171      0.1257      0.1506    0.058553    0.081782    0.034218    -0.15134   -0.060744   -0.032628    0.031661   -0.031301   -0.058475    -0.08952   -0.088032  0.00029467    0.046901      1.2532   -0.047768   -0.073044   -0.059235     0.28761     0.15233    -0.08034    -0.28132     0.02145 -0.00087366     -0.1728      0.1538   -0.008835].
   Ages are sampled.
   Parameters are updated.
   Updating parameters makes the average log-likelihood of samples increased by [0.43592     0.06801   -0.001267     0.43673   -0.061309    0.053047    -0.29691   -0.012172   -0.092505    -0.29466    -0.31449   0.0038155    0.046443   0.0066307   -0.057239     0.12755    0.012113   -0.049263    0.043391    -0.16681   -0.074918    0.030238   -0.028355    0.095118    0.034004   0.0020415     0.29937    0.086427     0.10861   -0.059762    -0.03486    0.097194     0.14817     0.37903    0.060799   -0.087309     0.15842     0.10158    0.067423      0.1983    0.015746    -0.12302   -0.018325   -0.074343    0.015622     0.13531  -0.0032839  -0.0040872   -0.033439   -0.048146   -0.065937    -0.13995     0.11037   0.0022101   -0.091914   -0.059275     0.26934    0.085534    -0.15735      0.2135   -0.023318     0.23296     0.05318   -0.030252   -0.013113     0.09696   -0.075706   0.0082919].
   Records are aligned to the target stack.
   Iteration 1/10...
   Iteration 2/10...
   Iteration 3/10...
   Iteration 4/10...
   Iteration 5/10...
   Iteration 6/10...
   Iteration 7/10...
   Iteration 8/10...
   Iteration 9/10...
   Iteration 10/10...
   A new stack is updated.
#  Iteration 4:
   Ages are sampled.
   Parameters are updated.
   Updating parameters makes the average log-likelihood of samples increased by [0.95763   -0.036196     0.90643    -0.15173     0.39856   -0.030719    0.023354   -0.013603    -0.36336   -0.075523     0.40366     0.22388     0.45105    0.024934     0.38451     0.51947   0.0081643   -0.033171     0.03475   0.0054103    0.044869     0.72769    -0.10084     0.51659     0.51813   -0.082924    -0.34127    -0.20704    0.061892    -0.23804    -0.26611   -0.010061    0.018253   -0.049196    -0.30723     0.37726    -0.16762     0.45518   0.0037096    -0.44203    0.011154    -0.27403   -0.022194    0.050471  -0.0078896     0.10102    -0.23082    -0.41585     0.24305     0.38867     0.48784     -1.5005     0.53895     0.24216    -0.27344     0.57251    0.054318     0.42616    -0.46575    -0.24166    -0.25943     0.13386    -0.24231     0.15122   -0.064005   -0.079369   -0.073075    0.032696].
   Ages are sampled.
   Parameters are updated.
   Updating parameters makes the average log-likelihood of samples increased by [-0.19883     0.14378    -0.13271    -0.24337     0.25053   -0.012713   -0.099534   0.0071928    -0.44691   -0.033179   -0.070794    0.045353    0.017961    0.057941   -0.066664   -0.072537    0.033063   0.0049832    -0.11516     0.05406    0.051904     0.11838    0.095334     0.10375    -0.33661   -0.061821    -0.13656    -0.16822     0.17951   0.0028964    0.078978    0.038497    -0.03887   -0.035487  -0.0041752   -0.014191    0.037525    -0.14747    -0.14317   0.0072128   0.0023465   -0.047923   -0.012765   -0.036776     0.15534   -0.013478     0.30936   -0.016672     0.48855     0.33571      0.1563    -0.21416     0.49496    -0.30995     0.11111     0.31544     0.12701    0.054606     0.60431    0.016581    -0.10369      0.0736   -0.090473    0.055283    0.095981    0.095146     0.40091   -0.017313].
   Ages are sampled.
   Parameters are updated.
   Updating parameters makes the average log-likelihood of samples increased by [0.033066     -0.0593    0.042935     0.24299    0.072861    0.054564   -0.056696  0.00030896     0.91246    -0.07504   0.0019159   0.0032342    0.086043    -0.11612   -0.033866   -0.073317   0.0053215    0.013721     0.53358  0.00053622   0.0097016     0.14183   0.0016049     0.39477      0.2698    0.016805   -0.056936      -0.111    -0.33544    -0.20774   0.0073483   -0.037141    0.020575    -0.45517     0.33502    -0.13791    -0.26366     0.22381     0.14729    0.017457    0.040178    0.024864   -0.055719   -0.020562   -0.023032   -0.060282     0.45802     0.29542    -0.37721    0.073996   0.0035633    -0.51829     0.12972    -0.22423   -0.098493    -0.77722   -0.047707    -0.03555     0.18214     0.32054    -0.07776    0.041264    -0.11449   -0.011073    0.058193     0.01835     0.40631    0.068794].
   Ages are sampled.
   Parameters are updated.
   Updating parameters makes the average log-likelihood of samples increased by [0.092046    0.065949   0.0062405     0.28933   -0.041607     -0.0922   -0.020285     0.11555     -0.3051   -0.019456    -0.19471    0.024069  -0.0048383   -0.068328    -0.44632   -0.014253   -0.051724     0.16041    -0.20026    -0.02138     0.24156    -0.08262   -0.013598     -0.2713   -0.088745 -0.00060397    0.079146   -0.083657    -0.35617    -0.12887    0.049302    -0.32895    -0.08128    -0.48765    0.031758   -0.097094    0.040193     0.12485   -0.030086    -0.47925    0.043912   -0.086228  -0.0038771   -0.017656    0.018551     0.10214    -0.49188     0.14497     0.46943     0.21832      0.0616    -0.57113    0.053022     0.15977      0.2839   -0.093776     0.11882   -0.038054     0.11665    -0.65028     0.23063    0.048983    -0.55454     0.47044   -0.048144     0.10191    -0.16188    -0.13846].
   Ages are sampled.
   Parameters are updated.
   Updating parameters makes the average log-likelihood of samples increased by [0.23449    -0.35605   -0.090499   -0.081975   -0.012545    0.079863   -0.032716     0.21521     0.27381    0.024138     0.17189    -0.18857   -0.038433    0.019556     0.33321    0.073425     0.09985   -0.060826   -0.014807    0.010811    -0.19244   -0.059691   0.0082482     0.39997  -0.0012661  0.00022167   -0.066116   0.0060733     0.50998    -0.26474  -0.0067264     0.18065    -0.26755     0.49051     0.03452    -0.29599    -0.85388    -0.16799   -0.059103     0.73724   -0.069572    0.039039    -0.22297    0.018261   -0.098688   -0.061354     0.47597    0.029989     0.51793    -0.37851  -0.0007365     0.12488    0.057269   -0.020207    -0.34883     0.10076    -0.16342    0.084973     0.60852     0.13877    -0.34272    0.088506   -0.036168   -0.076642     0.11249     -0.1815     0.12278    -0.22504].
   Ages are sampled.
   Parameters are updated.
   Updating parameters makes the average log-likelihood of samples increased by [-0.081692     0.23549    0.043316     -0.2446      0.1691    -0.11464   -0.022429    -0.54691   -0.073306   -0.097767    -0.32894     0.19788    0.038112   -0.011244     0.10841   0.0070069   -0.060459   -0.087947    -0.39903   0.0036928   -0.084745     0.11419  -0.0027902    -0.29203    0.027615  0.00084593   -0.010924    0.018448   -0.030054     0.16355     0.25943     0.19844     0.74591   -0.024066   -0.008423       0.259   -0.063472     0.35064     -0.1354    0.044649    0.062643     0.01935     0.12627   0.0035499    0.089285    -0.48733     0.28591   -0.051844     0.35346     0.38663    -0.15956     0.21771    -0.56294   0.0046325    -0.28039    0.014736      0.2422     -0.0335   -0.070394     -0.0785     0.36224    -0.22634     0.02303    0.087346     0.12367     0.03281    0.028598    -0.30453].
   Ages are sampled.
   Parameters are updated.
   Updating parameters makes the average log-likelihood of samples increased by [0.31429   -0.053333    0.019478   -0.082057    -0.47071    0.042763    0.083934     0.25957    0.077564    0.094991     0.40604  -0.0023001   0.0038136    0.001623   -0.017188    -0.12114    0.049703   -0.048828     0.62981   0.0068523      0.1368    -0.59366 -0.00035772     0.23946    0.029186  -0.0038102    0.013686    0.045364   -0.018092     0.14498    -0.33084     -0.5387    0.017233    -0.25687   -0.011173    -0.24275     0.20025     0.10365      0.3311    -0.02734  -0.0095256  -0.0037084     0.10493   0.0024423    0.011467     0.52491    -0.56943    -0.21964     -0.1569     0.22673     0.12793    -0.74453    0.014358   -0.029837     0.77344    -0.33622    -0.68101    0.032413    0.047538       0.067    -0.19106   -0.082572   -0.015372   -0.021526    -0.20912     0.17113   -0.029905     0.15289].
   Ages are sampled.
   Parameters are updated.
   Updating parameters makes the average log-likelihood of samples increased by [-0.38529   0.0015145    0.019296     0.23975     0.15867    -0.22137  -0.0078177   -0.064782    -0.05527   -0.078708  -0.0010676  -0.0072775 -0.00056624   -0.011711   -0.074471    0.085142   -0.017097     0.27558    -0.45504  -0.0016852    -0.60125     0.29306   0.0021981    0.049963   -0.014213   0.0076878    0.099726   -0.050047   -0.010253     0.16543     0.25735     0.25411   0.0080217   -0.033796   -0.081668     0.41731   0.0048238     0.10017    -0.40374    -0.07135     0.02886    -0.24166    0.094743    -0.00123   -0.050113  -0.0047875     0.22894     0.25538     0.18516    -0.46558     -0.2697    -0.29308      0.0293     0.02744    -0.17982     0.33578   -0.082477     -0.1033   0.0067438   -0.010416    -0.31841    0.008141    0.014132   -0.074257     0.16654    -0.11913    -0.23607     0.25386].
   Ages are sampled.
   Parameters are updated.
   Updating parameters makes the average log-likelihood of samples increased by [-0.22242   -0.071348    -0.37892    0.041583    0.092546   0.0033821   -0.017619    -0.23764    0.057314     0.03251    0.023983   0.0050335 -0.00052991   -0.014452    -0.17644    0.019186    0.041551    -0.17307     0.28698   -0.043054    0.053476     0.21704   -0.004573    -0.62303   -0.016605  0.00075356   -0.086684 -0.00012501    0.044681    -0.58526   -0.078739   -0.072577  -0.0056485    0.059438     0.10879    -0.32943    0.023316    -0.08626   -0.021295     0.12594  -0.0041915     0.24037     0.23793   0.0013214  -0.0057017    0.028494     -0.3168  -0.0065284   -0.013541    0.080402     0.17179     0.24391   0.0098439   0.0020135    0.046952    -0.57417    0.052543    0.095603    0.060792    0.017463     0.41446     0.11899    -0.20627    0.015079    -0.18292    0.083742    -0.17862    0.011138].
   Ages are sampled.
   Parameters are updated.
   Updating parameters makes the average log-likelihood of samples increased by [0.10005   -0.032282     0.26356    -0.31474     0.12279     0.31191   -0.085135     0.25344    -0.17911   -0.022763   -0.045917   -0.052338  -0.0053368    0.023902   -0.057577   0.0088423   -0.020873   -0.095035     0.26848    0.036673    0.043491     0.13667   0.0044634    0.081638     -0.0132   -0.079854   -0.010776   -0.010884   -0.012868    0.079282    -0.80023   -0.021665    0.012075     0.10232   0.0081542    0.041492  0.00047847      0.1602   -0.037198   -0.011582    -0.10583  -0.0024215    -0.10371 -0.00059005    0.030625   0.0001593     0.42082    0.005108    -0.41224     0.33783    0.087849    -0.01677    -0.11265    -0.40998    0.012173     0.35712   -0.014231  -0.0074706   -0.018095    0.012293    -0.32159     -0.1104     0.10221   -0.031908     0.42044    0.030552     0.49806    -0.05711].
   Records are aligned to the target stack.
   Iteration 1/10...
   Iteration 2/10...
   Iteration 3/10...
   Iteration 4/10...
   Iteration 5/10...
   Iteration 6/10...
   Iteration 7/10...
   Iteration 8/10...
   Iteration 9/10...
   Iteration 10/10...
   A new stack is updated.
#  Iteration 5:
   Ages are sampled.
   Parameters are updated.
   Updating parameters makes the average log-likelihood of samples increased by [0.11811    0.033159    0.081034    -0.13576      -0.329    0.045336  -0.0098843     -0.2349     0.22094     0.25128   -0.067201     0.20456    -0.04532     0.12126    -0.12478   -0.065039   -0.016104     0.07022  0.00040911    0.027939    -0.39168   -0.030196   -0.035667    -0.18188   -0.035857  -0.0019531   -0.074271    0.012321    0.054161     0.02908     0.01774    0.039065     0.27176    0.049411     0.27961    0.020377    -0.14487     0.74043     0.13528    -0.21221    -0.14262   -0.018848    0.009647    -0.10457    -0.31474     0.15532     -0.1295    -0.15715    -0.16467    -0.27503    0.014562    -0.11279      1.3057     0.33179  -0.0098849     0.04404     0.16693     0.10172      0.3995   0.0044925     -0.7251    0.083178    -0.19698   -0.074153   0.0056297    0.058306    -0.24124     0.16137].
   Ages are sampled.
   Parameters are updated.
   Updating parameters makes the average log-likelihood of samples increased by [0.17707   -0.004893   -0.037761    -0.40768  0.00080765    0.059693    -0.15899     0.39262   -0.026114   0.0083192    -0.01114   -0.094321   -0.028794    0.037112    0.066642   -0.038679     0.10054   -0.052642    -0.20789   -0.063182    -0.24886     -1.1349 -0.00046215   -0.042581    0.027502      0.0501     0.23907    0.035634     -0.1709   -0.047883     0.35732    0.029654  -0.0082031   -0.018296   -0.081604    0.090108     0.48687    -0.29113   0.0028984    0.023831   -0.011045     0.11996  -0.0045934   -0.072912    -0.11692   -0.027999    0.053866     0.14943    -0.03113     0.32023    0.073975      0.2497     0.07964    0.017319   -0.027978    -0.27142    -0.01073     0.07537    -0.52194   -0.031132   -0.071622     0.18793    0.033241    0.024306   -0.074065     0.05568     0.25592     0.10739].
   Ages are sampled.
   Parameters are updated.
   Updating parameters makes the average log-likelihood of samples increased by [0.014498     0.17356    -0.18305     0.21992    -0.40472   -0.011003      0.1615  -0.0007225   -0.017048   -0.015006   -0.083104    -0.14469    0.041825    0.084977    -0.20613     0.03244    0.096371   -0.012559    0.044874      0.1885  -0.0076053     0.11809    0.012854    -0.12187   0.0072669   -0.021714     0.14598    0.066277    -0.19024    -0.17241   -0.097329    0.044608     0.11854  -0.0073825    0.038215     0.25754       0.118     0.13724    0.051018     0.00731     0.29912    -0.34695    -0.12548  0.00088019     0.32256  -0.0051815     0.27515    -0.26536    -0.20615   -0.077633    -0.04794   -0.049686    -0.24373   -0.036488    -0.64567    0.064464     -0.1444    0.037841     0.10931   -0.038431     0.13291     0.46101      0.1422   -0.035149     -0.1023    -0.12364     0.34807    -0.17255].
   Ages are sampled.
   Parameters are updated.
   Updating parameters makes the average log-likelihood of samples increased by [-0.12183   0.0099746     0.18851    -0.43647   -0.036348   0.0037571   0.0024661   0.0033372     0.11403   -0.073608     0.11501      0.2189   -0.013979   -0.046005  -0.0056174    -0.40596    -0.13437    0.059178     0.29993     0.10459     0.22774     0.15581   0.0070352     0.14459    0.013015    -0.03309     0.21001   -0.066151    0.061874   -0.068142    -0.27657     -0.1278   -0.032761  -0.0012275    -0.23352    -0.15797    0.029948   -0.091876  -0.0025961   -0.086867   0.0033283     0.18612    -0.25235     0.25246 -0.00067796      0.1624   -0.024243    0.000161     0.38245    0.021677   -0.065178   -0.076639     0.45235   -0.061175    0.062654     0.34313    0.033383   0.0085537    0.059538    0.073055    0.032409     0.03411     0.17848    0.055979     0.00728    0.093955   -0.061901     0.11014].
   Records are aligned to the target stack.
   Iteration 1/10...
   Iteration 2/10...
   Iteration 3/10...
   Iteration 4/10...
   Iteration 5/10...
   Iteration 6/10...
   Iteration 7/10...
   Iteration 8/10...
   Iteration 9/10...
   Iteration 10/10...
   A new stack is updated.
   Done.
#  Age model construction algorithm is now running...
#  Iteration 1:
   Ages are sampled.
   Parameters are updated.
   Updating parameters makes the average log-likelihood of samples increased by [-0.32963    -0.10112    -0.03441     0.34464     0.15265    0.039806    0.047738   0.0026181    0.027496  -0.0044323    -0.64267     0.16064   0.0081328     0.11158    0.045793      0.1234    -0.32019    0.039405    -0.20568    0.017762   -0.012541   -0.002907   -0.029911    0.015553   -0.033621     0.38915     0.10621     0.11395    -0.18433    0.012453  -0.0090869   -0.097597    0.049952    0.089419    -0.36804    0.065275     0.65379   -0.029761     -0.4255    -0.13495    0.029864   -0.033935     0.53006    0.054935    -0.11759     0.16486     0.26887    -0.37795   -0.037339    -0.49878    -0.11137    0.083777      2.0614     -0.4411    0.010864   -0.043623    0.084898   -0.030631     0.97778    -0.21279     0.16342      0.1143    0.075473     0.13474     0.14555    -0.25976      0.1125    0.026617].
#  Iteration 2:
   Ages are sampled.
   Parameters are updated.
   Updating parameters makes the average log-likelihood of samples increased by [-0.087927   0.0064293    -0.16119     0.10304   0.0079327     -0.1815    -0.03238   -0.039013     0.11679   -0.077787    -0.45684    -0.20162    0.023085   0.0024511    0.026113    0.029957    0.072525   0.0021635     0.56403    0.066255   -0.064532   -0.077631    0.042741    0.024531   0.0039922   -0.030725   -0.087848    0.095139    -0.11445   -0.090155     0.10659   0.0018861    0.049908    -0.19637    0.050091   0.0071767     0.14797    -0.20996     0.32348    -0.27199     0.08552   -0.020144   -0.060015    0.016042    -0.01096   -0.099053    -0.47895    -0.34235     0.10162    0.043198    -0.10752    -0.61418     0.60095    0.021654    0.058636     0.21518    -0.17797    0.017853    -0.11461   -0.080861    -0.10917    0.012829   -0.029971    0.049319   0.0065793   -0.057178     0.54332    0.096055].
#  Iteration 3:
   Ages are sampled.
   Parameters are updated.
   Updating parameters makes the average log-likelihood of samples increased by [0.13734   -0.014018     0.15876     0.10892   -0.082082    0.050694     0.10173    -0.10915    0.089017    -0.13781    -0.04564     0.19575   -0.026408   -0.039715     0.11961   0.0062922   -0.067842   -0.018392     -0.1053    -0.33996    -0.31675      -1.317   -0.017118    0.046854  -0.0017943  0.00089064   -0.064219   -0.017566   -0.022122    -0.17074   -0.016799    0.037895    0.048456     0.18829      0.1084   -0.051695     0.18531    -0.30917    -0.08225   -0.095199     -0.1823   -0.045792    -0.11629    0.018837    -0.41133   -0.062947     0.18729     0.81942    -0.45154     0.47155   -0.024217     0.06074   0.0018224    -0.10897    0.082129     0.11042   -0.063526     0.13973    0.036119    -0.44985     0.13044    0.003223   -0.073522     0.15803    0.052939    0.010166     0.57166    -0.43178].
#  Iteration 4:
   Ages are sampled.
   Parameters are updated.
   Updating parameters makes the average log-likelihood of samples increased by [0.0593   -0.020328    -0.55386   -0.075009    0.018851    0.033445    -0.32056    0.038307    0.061848   -0.051088    0.075403   -0.081758    0.064758    -0.29411     0.11387    -0.05945     0.31073   -0.032393     0.23142     0.16395    -0.17521    0.044083   -0.020211     0.16655    0.020606   -0.030366    0.068523   -0.040085     0.02455    0.050628     0.26573    -0.10332   -0.021305    0.048446     0.11101    -0.17847   -0.021783     0.19481     0.04544    -0.23125    0.024776   -0.033896    0.026713    0.080969     0.17701   -0.089201    0.088128    0.023362     0.55187     -0.4122    0.077624    0.052563    -0.29624      0.3654   -0.081168    -0.16646   -0.065829     0.12919      0.2412  -0.0055681   -0.099335    0.020309     0.16693    0.041668   0.0019483   -0.014036    -0.35972   -0.083774].
#  Iteration 5:
   Ages are sampled.
   Parameters are updated.
   Updating parameters makes the average log-likelihood of samples increased by [-0.23596    -0.11478   -0.043601    0.035037   -0.092683     0.02524     0.21331   -0.013706  -0.0027664    0.043416    0.051207    0.046282  0.00026992     0.41719     0.27842   -0.061573     0.25848    0.017398    0.014679 -0.00041256     0.16704    -0.14608     -0.0687    -0.50456    0.016114   0.0086375    0.025647    0.032661  0.00040938    -0.12704  -0.0060327     0.39363    -0.04465   -0.063148   0.0073432     0.19666   -0.072493    -0.59068   -0.045905    -0.13618   0.0096464   -0.012744   -0.009767   -0.078591   -0.064084     0.17298    -0.23639   0.0077972     0.31235     0.84447    -0.21965    0.013344     0.03827    -0.58519   0.0088955   -0.051439     0.15174   -0.062642    -0.14077     0.17523  -0.0036575   0.0051135   -0.032974  -0.0022218    -0.12476   -0.015482     0.37947     0.10478].
#  Iteration 6:
   Ages are sampled.
   Parameters are updated.
   Updating parameters makes the average log-likelihood of samples increased by [0.51797     0.14437    0.071926   -0.029933    0.073146  -0.0015951    0.057492    -0.16865  0.00018227   0.0094443   -0.098593  -0.0072655  -0.0015569    0.051889    -0.43407    -0.01297   0.0088669   -0.039187     -0.1756   -0.040587      1.0163  0.00092319     0.13643   -0.081882   -0.076765   -0.035983   -0.075931 -0.00041416  -0.0012531     0.45268   -0.034575    -0.26939    0.089829   -0.035584    -0.12672    0.089996    0.052217   -0.044606   -0.031911    0.023409   -0.014386   -0.038024    0.057177    0.096024   -0.089639    -0.22081     0.23411   -0.016112     0.17436  -0.0026319     0.20932   -0.029038    -0.14867    -0.26702    0.037621    0.041382     0.04205  0.00080369   -0.061838   0.0017248   0.0070817   0.0011408    -0.28246   -0.036728    -0.11841   -0.048954    0.021692   0.0076147].
#  Iteration 7:
   Ages are sampled.
   Parameters are updated.
   Updating parameters makes the average log-likelihood of samples increased by [-0.24779    0.015413   0.0030802    0.039514    -0.01545   -0.012103     0.16722     0.10014 -0.00039784   -0.017216    -0.21182   -0.064555   -0.030118    -0.18152     0.24109    -0.16655   0.0094293    0.031628    -0.22856    -0.10755  -0.0091947    -0.14001   -0.023932    0.032435    0.052494    0.055212     0.10678   -0.018285   -0.043651    -0.35852    0.092527     0.12314  -0.0067804   -0.087959     0.09305   -0.089898   0.0029969   -0.024983   -0.054966    -0.18867    0.013884    0.064833    -0.50555   -0.035115      0.1162      -0.109    -0.12215    -0.14619    -0.40672    -0.25122  -0.0059346    -0.10303     0.57608     0.39597   -0.026478    -0.18849   -0.045251    0.065728      0.2409     -0.0446     0.50026   -0.054301   -0.080751    0.036324     0.27236    0.086791    -0.47866   -0.017291].
#  Iteration 8:
   Ages are sampled.
   Parameters are updated.
   Updating parameters makes the average log-likelihood of samples increased by [-0.22497    -0.06491   -0.088011    -0.01303     -0.3655   -0.037905    -0.11752   -0.004494   0.0048546    0.021156    0.079965    0.083234    -0.15999     0.14422     0.02833    0.075624    -0.72517    -0.10054     0.44396     0.11738   0.0093253     0.29088    -0.16631    0.027364   -0.076531   -0.027482    -0.22145    -0.01497    0.024128    0.030234    0.013931     0.23548  -0.0016411     0.04652    0.026108      -0.224   -0.020457   -0.013573     0.14083     0.11856   -0.029145    -0.19941     0.10993   -0.022503    -0.15883      0.1873     0.11126    -0.33551    0.096793       0.215   -0.075286    0.096328     0.13315   -0.063055    0.036653     0.16815  0.00067705    0.032923    -0.10913    0.051798   -0.015012    0.048993     0.44336   0.0014699    -0.21599   0.0042739     0.28602   -0.017764].
#  Iteration 9:
   Ages are sampled.
   Parameters are updated.
   Updating parameters makes the average log-likelihood of samples increased by [0.79951   -0.031174    0.079062 -0.00036183    0.051216    0.054771   -0.065954    0.025754   -0.018951  -0.0075568    0.070504   -0.018142     0.19377    -0.31241   -0.023185     0.03916     0.59161    0.099459    -0.31527   -0.011465   -0.017029   -0.038819     0.11384   0.0020647    0.043761     0.01924    0.054157  -0.0048273   0.0058581    -0.21813    -0.10063    -0.16146  -0.0082557    0.093027    0.016657     0.27912    -0.33881   -0.067678  -0.0090545     0.34448   0.0040754     0.19467    0.056561   -0.071834     0.11125   -0.023594    -0.15584     0.21053    0.023346    0.029666    0.013051    0.033114   -0.082563    0.092529    0.014424    0.033669    0.011208   -0.078711   -0.013683  -0.0031649    -0.05654   0.0077215    -0.14556   0.0016893     0.10293   -0.037996    -0.10387    0.011063].
#  Iteration 10:
   Ages are sampled.
   Parameters are updated.
   Updating parameters makes the average log-likelihood of samples increased by [0.06355     0.11343   -0.010718   -0.033029   -0.050996    -0.03252     0.36546    0.025962  -0.0036345   0.0050501    0.086786  -0.0037717    -0.11778     0.14299     0.10634     0.04906    0.028602   -0.015722    -0.52453    -0.04802   0.0071303    0.046635   -0.014148   0.0098382  -0.0098298   0.0076845     0.18002    -0.12853   -0.022832    0.057764     0.16756    -0.39578    -0.13369   -0.077426   -0.012176    -0.15961     0.39807    0.087878    0.040689    -0.42204    0.024392   -0.062209   -0.085979     0.14098    -0.11137    0.046269     0.13018     0.27799   -0.038284   0.0012764     -0.1053    0.005652     -0.4768    -0.10141   -0.059855  0.00084572    0.025887    0.056933    -0.18895    -0.19919     0.06106   -0.022175     0.12166   0.0023565    0.089437   0.0072733    -0.15469    0.024379].
#  Parameters are learned. Sampling algorithm is now running...
-------------------------------------------------------------------------------------------
#  Results and figures are being stored...
[Warning: MATLAB has disabled some advanced graphics rendering features by
switching to software OpenGL. For more information, click <a
href="matlab:opengl('problems')">here</a>.] 
[Warning: Limiting legend entries to 50. Specify a vector of graphics objects to
display more than 50 entries.] 
[> In matlab.graphics.illustration.Legend.autoUpdateCallback
In print (line 36)
In saveas (line 181)
In saveFigures (line 215)
In BIGMACS (line 34)
In main (line 8)
In run (line 112)] 
   Done.
   Results and figures are stored in Outputs/R110_d18O_stack.
-------------------------------------------------------------------------------------------
Parallel pool using the 'Processes' profile is shutting down.
Time elapsed = 10995 s
