MATLAB is selecting SOFTWARE rendering.
OMP: Warning #182: OMP_STACKSIZE: ignored because KMP_STACKSIZE has been defined

                            < M A T L A B (R) >
                  Copyright 1984-2024 The MathWorks, Inc.
             R2024b Update 3 (24.2.0.2806996) 64-bit (glnxa64)
                             November 26, 2024

 
To get started, type doc.
For product information, visit www.mathworks.com.
 
Starting parallel pool (parpool) using the 'Processes' profile ...
Connected to parallel pool with 36 workers.
Number of workers: 36
-------------------------------------------------------------------------------------------
## BIGMACS: Bayesian Inference Gaussian Process Multiproxy Alignment of Continuous Signals
-------------------------------------------------------------------------------------------
## Stack construction algorithm is now running...
#  Initializing...
   Data are loaded successfully.
   Initializing the age samples...
{Error using Proposal_init (line 105)
Operands to the logical AND (&&) and OR (||) operators must be convertible to
logical scalar values. Use the ANY or ALL functions to reduce operands to
logical scalar values.

Error in getProposal (line 77)
[A{n},W{n}] = Proposal_init(W{n+1},A{n+1},depth_diff(n),d18O(n,:),C14{n},Age_Info(n,:),data,param,S,target,data_type,n);

Error in initializeAlignment (line 7)
parfor ll = 1:L

Error in Stacking (line 12)
QQ = initializeAlignment(data,data_part,param,target,setting);

Error in BIGMACS (line 28)
    [data,samples,param,target,setting] = Stacking(inputFile);

Error in main (line 8)
BIGMACS(inputFile,inputMode,'show');

Error in run (line 112)
evalin('caller', strcat(scriptStem, ';'));
} 
Parallel pool using the 'Processes' profile is shutting down.
Time elapsed = 51 s
MATLAB is selecting SOFTWARE rendering.
OMP: Warning #182: OMP_STACKSIZE: ignored because KMP_STACKSIZE has been defined

                            < M A T L A B (R) >
                  Copyright 1984-2024 The MathWorks, Inc.
             R2024b Update 3 (24.2.0.2806996) 64-bit (glnxa64)
                             November 26, 2024

 
To get started, type doc.
For product information, visit www.mathworks.com.
 
Starting parallel pool (parpool) using the 'Processes' profile ...
Connected to parallel pool with 36 workers.
Number of workers: 36
-------------------------------------------------------------------------------------------
## BIGMACS: Bayesian Inference Gaussian Process Multiproxy Alignment of Continuous Signals
-------------------------------------------------------------------------------------------
## Stack construction algorithm is now running...
#  Initializing...
   Data are loaded successfully.
   Initializing the age samples...
   Done.
#  Stacking algorithm is now running...
#  Iteration 1:
   Ages are sampled.
   Parameters are updated.
   Updating parameters makes the average log-likelihood of samples increased by [18.20171       16.2561      109.1338      32.45368      17.86994      8.864318      4.318991       4.81162      4.233095      9.411435       3.96979      16.04729      3.732463      11.15428      23.04135      20.03313      18.00144       11.6835      14.74124      6.633531      33.79859       4.82463       1.81088      2.460819      1.143109      2.227879      6.004398      6.226317       4.62773      10.39979      4.139974      8.284238      3.275446       11.7732      10.52825    -0.2977296      3.416366      3.986451      37.27126      39.30631      76.20558      9.984759      2.412617      21.96611      22.33015      24.01768      22.38713      54.14694      9.288203       12.5468      10.16604      19.27846      12.42347      4.482916      6.876955      15.39847      120.8632    0.01051988      132.8002].
   Ages are sampled.
   Parameters are updated.
   Updating parameters makes the average log-likelihood of samples increased by [1.47206     0.943439      1.82234         4.92     0.589358     0.836034    -0.919299      1.12015      1.03282      2.13206     0.352973     0.309018     0.254215   -0.0851794    -0.899109      2.41086    -0.343986   -0.0188204      1.98619      1.88861    -0.567468     0.256808     0.261261     0.502831      0.17958   -0.0417672      2.07952     0.282018     0.240866      2.31914     0.107428      1.86349     0.480024     0.543891     0.531547    0.0362196      1.55789     0.404353      9.65087      11.4272      12.4558    -0.917725   0.00805404      1.75147     0.634435      2.43616      1.66027      5.51032    -0.134052     0.251874      3.20497      1.37243    0.0107591      0.62442    -0.193051      1.30568      29.8094    -0.125558      12.5044].
   Ages are sampled.
   Parameters are updated.
   Updating parameters makes the average log-likelihood of samples increased by [-0.43073    0.096436     0.29949   -0.083025   -0.070252     0.11313    0.088853    0.052076       1.252    0.063204   -0.084862     0.86995   -0.024657    0.025414    0.021764     0.24342     0.54715    0.021448   -0.063623     -0.3653     0.38407   -0.056962   -0.049507     0.14539    0.095283    -0.10745      1.1045    -0.10119    0.032055    0.033508    -0.25872     0.45535    0.012541    -0.41436     0.03173     0.29843     0.59072     0.36269      4.8364      2.0396      1.1909    -0.59713    0.016856     0.57634     -1.0487      3.9909      1.9017      3.7343       2.444     0.10082    0.064419     0.24339      0.1537      0.4736   -0.080874    -0.13932      4.9403      0.1274      3.2213].
   Ages are sampled.
   Parameters are updated.
   Updating parameters makes the average log-likelihood of samples increased by [0.058281    -0.17799     0.26313    -0.22355    -0.19208    -0.10183    -0.51118    0.048829   -0.010784    -0.24051   -0.027961     0.16431     0.60657   -0.040283    -0.17011     -1.6876   -0.052308 -0.00048382     0.23108   -0.014524    -0.63639     0.36514   -0.042452     0.20262   -0.025791     0.37711     0.17468   -0.021669    0.092435    0.094919    -0.18283    -0.30197     0.23685   -0.038833 -0.00073243   -0.084997    -0.22584     0.30158      0.5789      2.1597    -0.21774    -0.17067     0.10764    -0.33663     0.32032     -2.0118    -0.69524      1.9978    0.048228      0.2098    0.031955   -0.040613     0.01136   -0.031951      0.1685     0.28629      1.2347    -0.12804      1.2957].
   Ages are sampled.
   Parameters are updated.
   Updating parameters makes the average log-likelihood of samples increased by [-0.033338     0.20165  -0.0017378     0.11905    -0.21094   -0.075936    -0.25098   -0.016783     0.25307     0.30746    0.017277   -0.062276   -0.073028    0.021607     0.27666     -1.1349     0.18093   0.0055904     0.15524    -0.18251     0.28752     -0.1697     0.07449   -0.063373   -0.012486    -0.32917     0.05126      0.1038   -0.021143     0.18665     0.30179     0.26879  -0.0091805     0.14456     0.32715    0.053245   -0.069105   -0.013843      1.5386     0.54307     0.41636     0.12314    -0.17089     0.21814    -0.32047     0.49802     0.40059     0.25559    -0.22339   -0.080744     0.31934     0.26783     0.20182  -0.0049664    0.054702   -0.012195     0.34777     0.33279     0.32097].
   Ages are sampled.
   Parameters are updated.
   Updating parameters makes the average log-likelihood of samples increased by [0.038517    -0.28664     -0.3826    -0.16752  -0.0022825    0.089512    -0.07552   -0.014994   -0.077017     -0.7685    0.037963      0.1266     0.60731   -0.044878   0.0032845    -0.12209    0.070729  0.00077369     -0.1763     0.18784     0.23414     0.16321   -0.099003      0.0347    0.030189    -0.20171    -0.22142    0.057701    0.018579   -0.077927     0.11265    -0.22349  -0.0084281    0.038841    -0.16761   -0.034881   -0.092632    0.017041      1.7489     0.46877    -0.59582   -0.094655     0.07605    -0.22746     0.20128    0.013811  -0.0092617    -0.28292     0.34353    0.072557    0.052384   -0.043851    0.068444   -0.014005   -0.050111   -0.013958     0.15366   -0.028101     0.26726].
   Ages are sampled.
   Parameters are updated.
   Updating parameters makes the average log-likelihood of samples increased by [-0.0056975     0.20696     0.35372   -0.030659     0.28218    -0.29542     0.50875    0.032974     0.15033    -0.59153   -0.024812    0.048106    -0.51996   0.0099353   0.0023372 -0.00015441    -0.10441  0.00093561    -0.15688   -0.014593   -0.092638   -0.075578    0.092038    -0.16936 -6.2948e-05     0.47175      0.2552     0.10622   -0.042819    0.096468    -0.22508     0.14106    0.024547    -0.12583    -0.14372    0.069043    0.034365   -0.021676    -0.19542    0.012265    -0.74257     0.18112      0.0919    0.068152     0.13067   -0.044955    0.011184    0.066298     -0.4097   -0.046269   0.0017965   -0.067424    -0.86505    0.018991    0.013586   -0.018872   -0.010506   -0.014101   -0.048079].
   Ages are sampled.
   Parameters are updated.
   Updating parameters makes the average log-likelihood of samples increased by [-0.0030584     0.15395    0.031854      0.7837   -0.023424     0.30592    0.010984   -0.091905    -0.78524   -0.086462     0.03386   -0.047206   -0.075898   -0.066211    -0.62683   -0.088582    -0.12621   -0.013245      0.3878    0.027227    0.049473    0.028234   0.0021536     0.18087   0.0047971    -0.22009     0.10179    -0.42461    0.044137    -0.05977     0.29384    -0.21171  -0.0031423    0.034119     0.16474  -0.0069137   -0.017193  -0.0078665     0.30711    0.068622      1.9389    -0.10233   -0.029214   -0.092655     0.28269   0.0029634   -0.023953   0.0083444     0.44645    0.042301    -0.18047    0.068694     0.49005    0.010768   -0.063683    0.022782    -0.21034    0.028538     -0.1784].
   Ages are sampled.
   Parameters are updated.
   Updating parameters makes the average log-likelihood of samples increased by [-0.0042494   -0.013664   -0.013686     0.26097     0.15145    -0.20355    0.012172    0.021281  -0.0059902    0.023532    -0.05311      0.0156     0.03707    -0.13647     0.38707    -0.18316    0.087082    0.011543    -0.56035    -0.22206  -0.0083931   -0.027374   -0.016652    0.061059  -0.0072232     0.32703    -0.56081     0.25857    0.022415      -0.133    -0.22992     0.27775  -0.0028892    0.021195    0.035547   -0.021836    0.078231    0.011135  -0.0047441    -0.10941     -1.2359    -0.23752   -0.086288    -0.06317    -0.50069    -0.71987    0.013447    -0.29163    0.096775   -0.040311     0.12567    -0.17035    -0.23161   -0.011685   -0.006132    -0.13361    0.031438    -0.10658     0.19625].
   Ages are sampled.
   Parameters are updated.
   Updating parameters makes the average log-likelihood of samples increased by [0.014128   -0.022245   -0.046292    -0.20131    -0.54949    0.035742   -0.079603    0.067031   0.0029031    0.061903    0.032019   -0.055855    0.007304     0.26868    -0.15827     0.41634     0.08569  -0.0068973     0.61564    0.042249    -0.56298    0.024321   -0.040504    -0.10171 -0.00073238    -0.28744    -0.51577    -0.20431   -0.043313    0.045089     0.16197    0.021892   -0.044132    0.066408     0.11242   -0.057151    0.055605   -0.011478    -0.11673    -0.17749     0.89168     0.35208    -0.13143     -0.0265    0.069839    -0.29012    0.012138     0.31032    0.054323    0.043337   -0.015259    0.098683      0.1076    0.014584     0.13048     0.15064     0.21898   -0.042708    0.052786].
   Records are aligned to the target stack.
   Iteration 1/10...
   Iteration 2/10...
   Iteration 3/10...
   Iteration 4/10...
   Iteration 5/10...
   Iteration 6/10...
   Iteration 7/10...
   Iteration 8/10...
   Iteration 9/10...
   Iteration 10/10...
   A new stack is updated.
#  Iteration 2:
   Ages are sampled.
   Parameters are updated.
   Updating parameters makes the average log-likelihood of samples increased by [8.9721652      26.134881      127.59973      87.181166      42.222156      34.579838      41.319404      105.33165      40.486334       45.74139      42.920702      40.065437       43.57465      41.571737      37.004557      475.99772      75.149218       14.79147      91.509051      47.711814      212.02869       25.97064       35.82639      8.3672984      14.211437      23.050968      7.4183995       42.06436      28.031375      42.720067      37.800712      11.924384      13.557903      19.023343      46.678619      22.411334      18.386133      14.418181      184.19937      167.56818      1107.4596      198.43739      57.074571      33.627518      9.3021779       283.0144      46.828644      125.10312      64.447066      23.866472      58.497969      47.517287      32.955287      9.8679754      27.092461       33.77193      686.36921      12.992101      355.72797].
   Ages are sampled.
   Parameters are updated.
   Updating parameters makes the average log-likelihood of samples increased by [0.5502405      2.196912      37.60373      20.08148       5.59645      1.947263      2.987323     0.6131274      7.077527      6.364546      5.193519      3.251459      2.784255      1.942312      6.155776      19.21857       5.82231    0.02803717      13.22873      10.37876      8.539425      3.555453      1.759052     0.3259047      1.565363     0.1414092      0.516653     0.2396114     -1.121835     -2.688927      3.430458      2.812003    -0.3991651     0.6201039      4.562478      3.135126     -1.226976     0.2767791      22.21515       16.2454      122.8254       29.1319      15.02484      2.258513      1.179729      65.67021      11.95793      15.23327      1.103787    -0.2745357      3.763213      3.098656      8.763075      1.146149     0.4008239      3.871029      66.31326      3.632373      27.12139].
   Ages are sampled.
   Parameters are updated.
   Updating parameters makes the average log-likelihood of samples increased by [0.152639     0.473172      38.5531      2.86059     -0.68515    -0.273109      3.09873      3.16953      1.06344   -0.0429553     0.363537     0.992274      3.84165       8.3293      1.20391      17.0733      1.65759   -0.0637644     0.384749      3.63776      7.45258     -1.42094      2.51975    -0.283169     0.407029     0.896513    -0.122181    0.0346447     0.787868     0.832385      1.85585   -0.0469003     0.893741     0.242831      1.40413      1.22549      1.05728    0.0137373      5.88186      13.7939       2.8318      17.4628      2.29372     0.751775    -0.674445      14.9399      4.94715      5.92399  -0.00584142     0.266938      2.40976      3.72667      5.75296      1.85114      1.41695      1.70473      19.3101      0.88634      10.0708].
   Ages are sampled.
   Parameters are updated.
   Updating parameters makes the average log-likelihood of samples increased by [0.230939     0.719842      7.55834     0.706584     0.129703     0.451434      2.33638      4.19974      2.90119      1.83945    -0.103344     0.156364   -0.0683436     0.228221      2.31845      4.82239    -0.346505    0.0402877     0.608165      1.55168      3.50736      0.87981    -0.258794     0.366442     0.246747    -0.177956    0.0942186   -0.0340954      1.52893      4.66299     0.771492     0.794534    0.0743942     0.128578      1.85558     0.917489     0.487211    -0.874516      8.14671      2.31682      1.72845      9.92265      2.67051     0.457385    -0.655608       19.645      3.73665      2.30744     0.152954     0.194422      2.00198      2.70342      4.90207     0.460132     0.860305     0.219159     0.951888    -0.813655      4.15185].
   Ages are sampled.
   Parameters are updated.
   Updating parameters makes the average log-likelihood of samples increased by [0.062402      1.1288      4.2824      1.4248     0.17462   -0.034266     0.19976     0.13366   -0.012154    -0.35647    0.073985    0.019949    -0.54834       1.202      1.2642     -1.3324    -0.58418  -0.0090515     0.80243     0.81751      5.0461    0.053879  -0.0088233     0.25436    0.012063   -0.055502     0.11883    -0.51746     0.29561      2.4463   -0.019012     0.98769   0.0064372   0.0017179      0.3305    -0.14117  -0.0087218    -0.26611     0.43908      1.2265      4.0878      1.4318    0.094714    0.016361    0.046182      3.6369     0.12189       1.076    0.009276     0.04767    -0.86357      1.3317     0.79042    0.051865    -0.21944   -0.092919    -0.40766   -0.098267     0.62674].
   Ages are sampled.
   Parameters are updated.
   Updating parameters makes the average log-likelihood of samples increased by [0.17146   -0.060745      1.0931       1.616    0.040468       0.237   -0.034503    0.017296   -0.054039   -0.033556   -0.033701 -0.00062436     0.27773     0.66097      1.6913      1.1797     0.44622   -0.090057      1.5137    -0.16379      5.1993     0.03997    -0.21571    -0.16302  0.00080901   -0.046075   0.0076437       0.114  -0.0021494     0.41633   -0.074477      3.9337    0.014524    0.017464    0.032179    -0.41797   -0.075974    -0.29972     0.38665     0.94465      2.5491       1.898    0.011294  -0.0014356    0.042245      1.4766     0.04264      1.9382    -0.18581   0.0016738   -0.062414     0.27661   -0.045633    -0.41651   -0.039246   -0.058407     -1.1797   -0.030584     0.61676].
   Ages are sampled.
   Parameters are updated.
   Updating parameters makes the average log-likelihood of samples increased by [-0.042004    0.017923    -0.22047     0.21454  -0.0021183       -0.28    0.052964   -0.017988    -0.29641    -0.15158      0.2362   -0.088004     0.37498     0.60834     0.52491    -0.20506     0.36951   -0.022318     0.66383     0.36328   -0.098673    0.031665    -0.15631   0.0026309   -0.044536      0.5069    -0.10393    -0.10424   -0.026883     0.50419   -0.046238    -0.37948   -0.001721   -0.019427   -0.053645     0.41127    0.095232     0.18235    -0.28812       1.617     0.39623     -1.8456    0.050879    -0.06836   -0.031258    -0.17015    0.029084   -0.078784     0.11751   -0.021939   -0.042916     -0.1649   -0.025696     0.28491     0.13987     0.13784   -0.060255    0.082886     -1.7873].
   Ages are sampled.
   Parameters are updated.
   Updating parameters makes the average log-likelihood of samples increased by [-0.080772    -0.25404    -0.15874     0.27866    -0.00593    -0.49155   -0.012643   0.0091459     0.29053    -0.35526    0.032533    -0.13393    -0.16008     0.13287   -0.015605    -0.06624     -0.2044    0.072695    -0.98907     0.31057     0.17106   0.0063901     0.14355   -0.016038   -0.096702     0.25149    -0.19613    0.095132   -0.030662   -0.097707   -0.046964     0.25692   -0.030908   0.0092131    0.048965    0.079244   -0.090902    -0.32761     0.31552     -1.7053    -0.41715    0.012228   -0.006206    0.065259   0.0036536    -0.10693   0.0045791     0.20224   -0.078671     0.01628    0.024121   -0.047726    0.091489     0.17262   -0.094828    -0.06245    0.086524    -0.18429    -0.52306].
   Ages are sampled.
   Parameters are updated.
   Updating parameters makes the average log-likelihood of samples increased by [-0.07314     0.27987    -0.41268   -0.061657   -0.021093     0.35754    0.028142   -0.010278    0.032997     0.76678  -0.0044318     0.13531     0.02273   -0.036947    0.010718    0.043032   -0.040977   -0.007502     0.22212    -0.34236   -0.040038   -0.055513     -0.2115    -0.15213    0.096326   -0.084805     0.27361   -0.058622    0.042471      -0.246      0.3633   -0.061371    0.030887   0.0023176    -0.14168    -0.14999    0.015689      0.1375    0.043324    -0.02554     0.26787 -0.00097921   0.0062373    0.013114    0.037362     0.50522    -0.19072    0.024693    0.044733   -0.017808      0.0326    -0.13788    -0.36508    -0.29597   0.0051344    -0.11014    -0.23454    0.073321   -0.039068].
   Ages are sampled.
   Parameters are updated.
   Updating parameters makes the average log-likelihood of samples increased by [-0.14012    -0.12258      0.4739   -0.047213    0.049896     0.29714   -0.076564    0.019161    -0.27616     0.48835  -0.0084633     0.01819     0.15381   -0.092181   -0.017239      0.1311     0.24208    -0.04975     0.16003     0.43364  -0.0065738    0.040356     0.34503     0.20287    0.046084    0.083299  -0.0020348   0.0047971     0.02826    0.084575  -0.0060544     -0.4404   -0.021343   -0.021763     0.12979     0.14518   0.0060154    0.055136    -0.27268    -0.17301     -0.0789     -0.0147    -0.10154   -0.031632    -0.01378     0.39942    0.048656   -0.036288     0.10695   -0.019067     0.01291     0.33589     0.15915     0.20995   -0.017427   -0.021822      -1.775     0.10327     0.10523].
   Records are aligned to the target stack.
   Iteration 1/10...
   Iteration 2/10...
   Iteration 3/10...
   Iteration 4/10...
   Iteration 5/10...
   Iteration 6/10...
   Iteration 7/10...
   Iteration 8/10...
   Iteration 9/10...
   Iteration 10/10...
   A new stack is updated.
#  Iteration 3:
   Ages are sampled.
   Parameters are updated.
   Updating parameters makes the average log-likelihood of samples increased by [0.873602     0.816855      10.3413      6.08544     0.865951     0.392533      2.08439      1.41905    -0.290692    -0.695747      1.63332     0.892524     -0.92201    -0.543728    -0.980942      5.60903      2.30342      1.46282     0.613866    -0.573437     -0.88056     0.793228    -0.638867      1.42559    -0.175283     0.188597     0.588603     0.512019     -0.94655     0.391537     0.520052     0.838291      1.54341      1.76402      2.07504    -0.242035      1.23458     0.367749   -0.0362973   -0.0410526      19.3528      3.19995      2.02768    -0.992627     -0.15767       4.5775      3.84261      2.74066     0.176832     0.365674      2.41476     0.799881      1.45591     -2.08659      2.41377      1.04572      7.86786      1.85174      1.66713].
   Ages are sampled.
   Parameters are updated.
   Updating parameters makes the average log-likelihood of samples increased by [-0.049033    0.096238      2.0643     0.92425   -0.043555   -0.097605     0.87462      1.0472     -1.4843      1.5949     -1.1562     0.78779    -0.83023      1.5826     0.13462     0.67649      1.6863    0.020033      2.2324     0.47023      2.6756    0.057345     0.21693     0.25304      0.1023   -0.015471    -0.50858     0.34869    -0.40933    -0.14658     0.65961    0.010263     0.52511     0.96297     0.94874     0.20106      1.0359     0.75092      3.2342   -0.024243      4.0249      1.7584     0.15183    -0.37497      -0.816    -0.10188      2.0472      0.1993     0.20718     0.52626     0.15987     0.30508     0.51257    -0.29374     0.45493    0.069074     0.58398     0.56936      1.3265].
   Ages are sampled.
   Parameters are updated.
   Updating parameters makes the average log-likelihood of samples increased by [-0.0023082    -0.58727     0.64421    0.027527     0.30694      1.2926     0.23428    -0.20073     0.30004    -0.79371   -0.039186   0.0033635   0.0033815     0.34806    -0.34215   -0.038377     -1.4845   -0.015508    -0.11274    -0.25252       1.203     0.12783     0.55589    -0.55521      0.9986   -0.031757    -0.75402     0.14524   -0.021722     -1.3413 -0.00058435      3.0173  0.00014955     0.59646    0.077143     0.14664    -0.88715     0.68166      3.8015     0.80252       5.872     0.68608     0.89914    -0.72773   -0.060298      3.4339     0.87901     -1.7637     0.52051   0.0050693    -0.81583     0.36229     0.27383    0.088971     0.99396     0.38117     0.17302     0.26634      1.6765].
   Ages are sampled.
   Parameters are updated.
   Updating parameters makes the average log-likelihood of samples increased by [0.040427   -0.023859      3.3145   -0.015944    -0.29954    0.038536     -0.8503    0.011837   0.0080731     0.20561    -0.38419     0.46637     0.66635      0.2431   -0.066216     0.93114     0.21218   0.0048654   -0.050346     0.34724      0.8994     -0.1977     0.73028    -0.25893     0.24067    -0.23734       1.027    -0.37349     0.23519    0.084271     0.44442    -0.27636     0.66282     0.79788     0.52725     0.26314    -0.33701    -0.19759    0.045718    -0.14738     0.53203      0.5342    -0.13059    -0.10522     -1.0258     0.21418   -0.023416     0.28624    -0.67776    0.035604    0.041135     0.28487    -0.68593     0.23251     0.20583   0.0058646     0.55876     -0.4466     0.50762].
   Ages are sampled.
   Parameters are updated.
   Updating parameters makes the average log-likelihood of samples increased by [0.0097402      0.1239    -0.23595    -0.10143    0.025328   -0.035483     0.14437    -0.22065   -0.044487     0.40054     0.55611    -0.13995    -0.18284     0.18184    0.090307    0.060133     -0.1121 -0.00034386    0.054637   0.0030698    -0.43185    -0.10943     0.22354     0.35737    0.030047     0.56325      1.1551    -0.51602     0.18179  -0.0011573   -0.058561     0.15738    0.021521      0.3864  -0.0048428    -0.03737    0.042373    -0.40188    -0.26075    0.031391     0.85838    -0.72932     0.20412     0.24827     0.20986    0.060759    0.020979      1.2189    -0.26656    0.070992   -0.089266   0.0098492    0.019674  -0.0043686    0.083496    -0.14424     0.19308     0.44151      2.6048].
   Ages are sampled.
   Parameters are updated.
   Updating parameters makes the average log-likelihood of samples increased by [-0.26494   -0.012694    -0.20064    0.082999   -0.012516    0.044896   -0.047276     0.28693     0.06389    -0.54295     0.26986    -0.94918     0.18417    0.086095    -0.52616   -0.037559     0.14689   -0.018625    0.065879   -0.056204      1.0751    -0.34659    -0.24888    -0.46977    -0.27125   -0.023381    0.048076    -0.17234    -0.45637    -0.23875   -0.047013    -0.21799  -0.0099332     0.43303    0.034028   0.0076902    -0.43198     0.46599    -0.54464    -0.38422     0.12661    0.069728   -0.056458     0.12723     -0.1632    0.022868    -0.10821    0.059861    0.095926   -0.038189     0.08805   -0.026036    -0.13119   -0.076718    -0.14064     0.15226   -0.037967    -0.02099    -0.39556].
   Ages are sampled.
   Parameters are updated.
   Updating parameters makes the average log-likelihood of samples increased by [0.25871   0.0054786    -0.93893    -0.04994     -1.5283   -0.053041    0.041352    -0.33475   -0.062088    -0.17828   -0.092239     0.67533   -0.054011    -0.65583   -0.094232    0.027327   0.0019703     0.01978   0.0007711    0.051986      1.2911     0.28586    0.026167    0.014452     0.26165   0.0071742    0.053549   -0.018718    0.099177     0.28021   -0.020742      0.1664    0.011906   -0.013882    0.014491    0.034762    -0.21158    -0.15852      0.7003     0.13979    -0.22351     0.13307    -0.01835   -0.089937  0.00014901    -0.35042    0.073962      0.3367     0.25175    -0.03622    -0.75554    -0.25499     0.12869    0.043592   -0.042748   0.0032774   -0.024002   -0.032834     0.39749].
   Ages are sampled.
   Parameters are updated.
   Updating parameters makes the average log-likelihood of samples increased by [-0.1882  -0.0038209     -2.1553     0.07965   -0.056507    0.024707    0.012354     0.10949     0.04181     0.32147    0.095768   -0.082501    0.058364      -0.133     0.07268    -0.26135   -0.034861   -0.033225    -0.24164   -0.020843   -0.022857    -0.22572     0.24423   -0.018263   -0.018253  -0.0035883    -0.04559   -0.027876     0.14539    -0.16767      0.1844     0.17792  -0.0047256    0.025754    0.037001  -0.0024466     0.10527     0.25922     0.28417     0.19683     0.28067    -0.82444    -0.25372   -0.095941     0.15621     0.43162     0.02387    -0.28506    0.040454    0.061465     0.15111    0.094132   -0.013017    0.031103    -0.18716    -0.30164    -0.10567    0.037046    -0.33754].
   Ages are sampled.
   Parameters are updated.
   Updating parameters makes the average log-likelihood of samples increased by [-0.16949    0.038911      1.4923    -0.40619    0.074127   -0.053714 -0.00071516    -0.29555   0.0062554   -0.091264   -0.019326     0.10241   -0.042439     0.20413   -0.072859     0.24559   -0.085092    0.031335      0.2245    0.039981     -0.4388     0.66364    -0.12283     0.16804    0.039827  -0.0028222    0.043739    -0.20279     0.27717    -0.02139   -0.016153    -0.35753  -0.0043658     0.10403   -0.015714   -0.015604     0.36249   -0.096438     0.34968    -0.12671    -0.10975    -0.10185    0.053379     0.20433   -0.077635   -0.053195    -0.14344     -1.2339   -0.042058     -0.5813     0.12015    0.085577    0.020157  -0.0022825     0.37397     0.27648     0.29416   -0.062793     0.66147].
   Ages are sampled.
   Parameters are updated.
   Updating parameters makes the average log-likelihood of samples increased by [0.51715  -0.0021239    -0.75098     0.27779     0.11295    0.049654    -0.33946     0.24938   -0.021452    -0.45102     0.02829     -0.1403    0.029556   -0.057785     0.11271   -0.011581     0.14429   -0.012149   -0.028571   -0.086355     0.55782    -0.26952    -0.07879  -0.0071273   -0.028125   0.0024718   -0.021389     0.22996     0.23437     0.22462    -0.22818      0.1761    -0.03333      -0.354    0.019132   -0.015197    -0.75214    0.070031    -0.22522     0.13942    -0.12107   -0.011372     0.26438    0.053225     0.11464    -0.39514     0.14576     -0.9791   -0.048094    -0.64798    -0.97317    0.024684   -0.037586    -0.12851   0.0084063    0.021754    -0.17592    0.068844    0.017328].
   Records are aligned to the target stack.
   Iteration 1/10...
   Iteration 2/10...
   Iteration 3/10...
   Iteration 4/10...
   Iteration 5/10...
   Iteration 6/10...
   Iteration 7/10...
   Iteration 8/10...
   Iteration 9/10...
   Iteration 10/10...
   A new stack is updated.
#  Iteration 4:
   Ages are sampled.
   Parameters are updated.
   Updating parameters makes the average log-likelihood of samples increased by [0.069874    0.039974    0.010771    -0.22124     0.12572    0.017028    -0.37926    0.030761    -0.19293    -0.62443        0.44    -0.26475     -1.3413   -0.070708    -0.26164       2.909     0.90028    -0.11207     0.11263     0.25152   -0.070969    0.075958  -0.0014717    0.011785   -0.062763   -0.051247    -0.51903    -0.23057    0.090301     0.45914    0.031817     0.27414    0.051227     0.62976    -0.10446     0.12534    -0.10923    -0.25082     0.49095     0.34336      8.5255     -2.6524    0.032773      1.1091   -0.060099      1.6912    -0.19026      1.8303   -0.033977   -0.096597     0.48006   -0.059083    -0.29865     0.25748     0.04666     0.30913      1.8816    0.034518      3.8703].
   Ages are sampled.
   Parameters are updated.
   Updating parameters makes the average log-likelihood of samples increased by [0.25764    -0.14298      2.1822     0.19812   -0.032322    0.019935    -0.13048    -0.16378     0.41646    -0.11952    0.030271      0.0657    -0.28976     0.27383    -0.17323      2.7664      1.5159     0.15792     0.15292    -0.28015     0.69953    -0.12272     0.36141    0.031925    -0.14918    0.049341     0.05168      0.1202      0.8543    -0.16154  -0.0063898    -0.26528    0.075368    -0.26631    -0.22659    -0.24948    -0.16921    0.037749    0.015861     0.51871    -0.41704   -0.045545    0.031781     0.11012   -0.076775     0.22509   -0.027721     0.49153  -0.0066069    -0.25737    -0.10732     0.69734      0.0912    -0.24166     0.27789     0.11053      0.2039     0.15818     0.22351].
   Ages are sampled.
   Parameters are updated.
   Updating parameters makes the average log-likelihood of samples increased by [-0.09904    -0.78025      2.6473     0.28731    -0.62537     0.10973    0.068979   -0.011457     0.56704    -0.04613    -0.33212     0.11595    0.018236     0.44466     0.22738     0.11559    -0.61886    0.028919     0.24307   -0.046974     0.63273   -0.022577   -0.030509     0.15069    0.023565    -0.50595     0.16049   -0.067781   -0.032954     0.20202    0.029751    0.049273  -0.0068361    -0.10583    -0.33822    -0.46412    0.066187     0.19328    -0.33089     0.38562      1.0125     0.34687    -0.22274    0.000981    -0.35251    0.059181      0.3416   -0.051309   -0.065476   -0.087825    -0.21198     0.22241    0.025368     0.11322    -0.05239    -0.27007    -0.40822     -0.2605    0.090198].
   Ages are sampled.
   Parameters are updated.
   Updating parameters makes the average log-likelihood of samples increased by [-0.081996     0.33274    -0.28577    -0.15968    -0.15605   -0.062536     -1.3371    0.012012      0.1472     0.24754    0.061889     0.13105    -0.13261    -0.14492     0.18169   -0.049555     0.71273   0.0099168    0.052249   0.0022207    -0.48244    -0.11431     0.50228   -0.070383     0.43079     -0.1179      0.2343   -0.078586     0.13916   -0.084031    0.072047    -0.12688    -0.12538    -0.12435     -1.2959     0.05043     -0.4047    -0.50065    -0.11496     0.54887      1.4394   -0.074273     0.24289   -0.076424  -0.0034894   -0.088195     0.66585    -0.37045     0.27102     0.49237      0.1045   -0.039752     0.36338   -0.073475     0.52804     0.10498     0.52765   -0.046998   -0.042967].
   Ages are sampled.
   Parameters are updated.
   Updating parameters makes the average log-likelihood of samples increased by [-0.035486    0.075107     0.20142    -0.17424    0.060448     0.32076    -0.38414  -0.0013114   -0.071102     0.12523     0.26661    -0.21391     0.54249     0.17603 -0.00018455      -0.285    0.040275   -0.027178   -0.019479   0.0073589    0.097645   -0.057805     0.37561    0.056392  -0.0092062    0.054173   -0.095679    -0.83367    -0.29663     0.19639    0.014574    0.014108    0.059967    0.008117    -0.60825    0.019605    -0.60669    -0.39685   -0.076541    -0.78614      1.9267    0.081505    -0.76044     0.60674    -0.03613    0.055218    -0.31692     0.36115   -0.012366    0.026996    0.025554   -0.071448    -0.10704     0.25156     0.76513    -0.00992     0.27035     0.01866      0.1089].
   Ages are sampled.
   Parameters are updated.
   Updating parameters makes the average log-likelihood of samples increased by [0.38674    -0.30702     -0.5484     0.33519     0.02209    -0.42196     0.29948 -0.00054464     0.13207   -0.086754   -0.047102     0.20217     0.45511    -0.05637    -0.13038     0.33401    -0.25192    0.018586    0.016424   -0.063602     0.28791     0.32848      -0.421  -0.0096122    0.010491    -0.25885    -0.25745    0.029256     0.24531    0.043319    -0.03192   -0.010533    0.028728    -0.03149    -0.17197   -0.011429    0.008434   -0.057023    0.099346     0.18732     0.32553     -0.3994     0.30032     0.53084    0.013233    -0.23072    -0.10757    -0.20651   -0.035367    -0.20446     -0.1129    0.028616    -0.80128     0.11217   -0.080543     0.25769    -0.06272    0.003595    -0.19398].
   Ages are sampled.
   Parameters are updated.
   Updating parameters makes the average log-likelihood of samples increased by [0.1334    -0.16549     0.61687    -0.11828   -0.019143     0.35538     0.46961    -0.24258    -0.25904    0.089578     0.13495     -0.4482   -0.069559    0.070692     0.13835    -0.32855     0.25783    0.012563   0.0021674    0.060855    -0.19666    -0.12806  -0.0094011    0.010019   -0.024804     0.20015    -0.19176    0.059642   -0.035883   0.0064866    0.021281    -0.06355   -0.088321    0.027406   -0.072254  -0.0098669  -0.0045485     0.20539   -0.033722     0.30567    -0.39127     0.35191     0.04111    -0.16392   -0.013506     0.16581    0.084598     0.19189   -0.065434     0.19273     0.11027    0.071882     0.11585   -0.031139 -0.00028874    -0.23817    0.088337   0.0018452     0.19935].
   Ages are sampled.
   Parameters are updated.
   Updating parameters makes the average log-likelihood of samples increased by [-0.50742     0.65723      0.2196    -0.14827  -0.0052047    -0.15085    -0.49446     0.21701     0.25946    -0.32064    -0.64778     0.34357    -0.28759   -0.008523   -0.047738     0.16324   -0.010668  -0.0086758   -0.013566   -0.003415     0.19176    -0.13696     0.41281   -0.060126     0.02701    0.052181     0.60405   -0.086902    -0.37887    0.025767   0.0068285    0.091539     0.13612   -0.076363     0.33429     0.02198  0.00093767     0.40042   0.0067037    -0.42001    -0.26995    0.041395    -0.14074     0.34733    0.035815    0.031628     0.23849     0.02972      0.1214    -0.31799    -0.13264   0.0055633   2.099e-05   -0.074439     0.29021    -0.23069   -0.013964    -0.11138    -0.35625].
   Ages are sampled.
   Parameters are updated.
   Updating parameters makes the average log-likelihood of samples increased by [-0.15909   -0.017591    -0.45472     0.19449   -0.040406    0.040007    -0.61671   -0.059376   0.0092443     0.23093     -1.0209    -0.11284    0.013484   -0.016343    0.044505     0.12949   -0.015589     0.00781    -0.30027    0.016725   -0.033383     0.14941    -0.17037   -0.068118  -0.0002244   -0.004066    -0.19857    0.065674     0.38003    -0.60152  -0.0081995    -0.25278   -0.073588    0.052049    -0.01971   -0.030762   -0.010291    -0.17153   -0.091066     0.41386     -1.2597    -0.10376    -0.12201   -0.055252   -0.014763    -0.15198    -0.90983    -0.22805   -0.085334     0.31801    0.096575   -0.018061   -0.018463    -0.15573     -1.0543     0.28016    -0.33508     0.10687     0.17524].
   Ages are sampled.
   Parameters are updated.
   Updating parameters makes the average log-likelihood of samples increased by [0.4015    -0.13915     0.27288    -0.29896    0.076646    0.094141  -0.0078035    0.064466   -0.042779    -0.78794    0.013211    -0.49626    -0.30975   -0.074068   -0.087382     0.12403   -0.087558  -0.0017499     0.31148   -0.075447    0.031804    -0.32624    -0.13234     0.10846    -0.09045   -0.046434     0.19429   -0.028818    -0.39984    -0.18498   -0.014978    0.070845    0.015238   0.0030133    -0.10587     0.01365       0.014     0.11507    0.019064    -0.44412     0.23573    0.041891     0.21631    -0.14082    0.018697     0.08109     -0.6257   -0.027833    -0.70956    -0.25071    -0.09305    0.014529    -0.10858  -0.0062464     0.11507     0.11544    -0.43274   -0.017076      0.1195].
   Records are aligned to the target stack.
   Iteration 1/10...
   Iteration 2/10...
   Iteration 3/10...
   Iteration 4/10...
   Iteration 5/10...
   Iteration 6/10...
   Iteration 7/10...
   Iteration 8/10...
   Iteration 9/10...
   Iteration 10/10...
   A new stack is updated.
#  Iteration 5:
   Ages are sampled.
   Parameters are updated.
   Updating parameters makes the average log-likelihood of samples increased by [0.14242      1.5628     0.47116    0.070334    -0.44166     0.07011     0.40436     0.28176     0.44406     0.54327       0.191    -0.44122     0.26222     0.39954    0.081482    0.055529    0.016007   -0.016442    0.034983     0.71864     0.10035    -0.13404    -0.22902    -0.10191   -0.087215     0.18159    -0.18197   -0.049995   -0.080519    -0.64677     0.24775     0.19587   -0.004044    -0.29837   -0.086805    -0.18474    -0.33623     0.11969     0.71523      1.2705      2.2119     0.55757  -0.0073369    0.093843    -0.38497      1.9918    0.052798     0.48445     0.34214     -1.1404     0.23683     0.12367      1.0498    0.046801    0.055456     0.16941      2.9836      0.4629     0.39173].
   Ages are sampled.
   Parameters are updated.
   Updating parameters makes the average log-likelihood of samples increased by [-0.011585    0.082901     -1.6628    -0.79482   -0.073783     0.05122    0.033691    0.035561    -0.22989    -0.98669    -0.13229    -0.19576   -0.083459    -0.34633      0.0515      1.4123    -0.06844   -0.044344  -0.0086446     0.68565    -0.38235    -0.32622     0.11843    -0.17813     0.75451    0.016965   -0.063809   -0.010676    -0.39725   -0.013883    -0.18191     0.64938        0.65     0.28347    0.037017   -0.061483   -0.024895   -0.047366     0.18777     0.98988   -0.070848    0.048783    -0.25689    -0.61873   -0.050184     0.86675   -0.043872     0.93312   -0.052957   -0.056315  -0.0079096   -0.040096     0.21006     0.19007    0.032693   -0.097399     -2.2074    0.033853    -0.18788].
   Ages are sampled.
   Parameters are updated.
   Updating parameters makes the average log-likelihood of samples increased by [-0.43879     0.50572      2.0302   -0.038767  -0.0072125   -0.012289   -0.093103      0.3133     0.26051     0.48506    0.092707   -0.089713   -0.077788   0.0047285    0.066939    -0.14832    -0.18564   -0.025765     0.39483    -0.21239    -0.14693    0.074445     0.12204  -0.0077795      0.6356    -0.22718     0.31484    0.017508 -0.00030179    -0.11954    0.056132    0.095611   0.0028683   -0.085404    0.013839    -0.31409  -0.0096455    -0.20341      0.1615      1.4346    -0.79277     0.17102    0.039336    -0.10862    0.052094     0.27825     0.31873   -0.064911    -0.23131     0.17389  -0.0095111    0.064127    -0.31334    0.073798    0.058426     0.29764     0.10248     0.16092     0.59443].
   Ages are sampled.
   Parameters are updated.
   Updating parameters makes the average log-likelihood of samples increased by [-0.50259   -0.060946      1.4034    -0.36315     0.72838    -0.43792     0.57582   -0.053412    0.036396    -0.79702     0.26533   -0.014887     0.15932      0.3657       0.152      1.3521    0.034021    0.016309     0.49157    0.034087     0.54034   0.0060052    0.014339    -0.11135   -0.053333   -0.055307     0.19476      0.2372   -0.067712   -0.080513    0.041583     0.13039   -0.033984    -0.12015    0.039079    0.033496     0.15898   -0.020671    -0.58129     0.11906    -0.78142    0.038035     0.17078     0.24957    -0.12596    0.010374   0.0093109    -0.51285    -0.18613    0.076953    0.033767     0.37362    -0.24384    0.090328    0.056118   -0.086832    0.053359  -0.0045352   -0.058027].
   Ages are sampled.
   Parameters are updated.
   Updating parameters makes the average log-likelihood of samples increased by [0.040956     -0.1234     0.20683     0.53076    -0.17507     0.73969     0.24393    0.035885    -0.11064    -0.21525     -1.4586  -0.0070706   -0.043419    -0.15317     -0.7959     -0.7232   0.0012024    0.023468    0.030003    0.029999     0.66438   0.0076195   -0.079024     0.26746     0.18484    0.036244     0.16238   -0.068728   0.0089169    0.059851   -0.001233   -0.065545    0.079484   -0.018571    0.053428   -0.014719  -0.0062835    0.064702   -0.077782    -0.28064      1.9059     0.25119    -0.14339   -0.078615 -9.7549e-05    -0.31687   -0.029754     0.21419     0.13873  -0.0026964     0.06394    -0.54745     0.27055   -0.030337  -0.0030013    -0.18762    -0.51237    -0.48819    0.063014].
   Ages are sampled.
   Parameters are updated.
   Updating parameters makes the average log-likelihood of samples increased by [-0.038475     0.33219    -0.39589     0.13725     0.17217    0.039887     -0.8716     0.26258    -0.10622     0.16932    0.076187     0.05409     0.11203    0.039872    0.084366      1.0799   -0.085703   0.0021628      -0.289   -0.070203     0.23569   -0.099245     0.27698    -0.51388  -0.0029262  -0.0058145   -0.048788   -0.060776  0.00077557    -0.15564    -0.25914   -0.096624    -0.32682     0.21933    -0.28745   -0.026988    -0.30929   -0.016165   0.0012376     0.12244    -0.36574    0.054611     0.11152     0.22584   -0.057561     0.38557    0.067464    -0.11003    -0.11213   -0.049341   -0.059173   -0.047556  -0.0097524    -0.19962  -0.0013357     0.56903    0.093284     0.47653     -0.3498].
   Ages are sampled.
   Parameters are updated.
   Updating parameters makes the average log-likelihood of samples increased by [0.039155    0.006953     0.27603    -0.97908    0.017905   -0.034102     0.27948     0.10655     0.23725     0.16621   -0.036169    0.059724    -0.14017    -0.37035   -0.012488     0.20085  -0.0098782   -0.020265   -0.012874  -0.0010799     -0.1712     0.10123    0.029894    0.036251    -0.19682    -0.37771    -0.26841   -0.066547   -0.006552    0.040582     0.19521     0.23489     0.27956 -0.00037992  -0.0076672    0.037479     0.10003    0.010437    -0.21067    -0.19326     0.21747    -0.75207   0.0041262    -0.58585    0.045611  -0.0083765  -0.0022847     0.05801    0.084861   -0.079084    0.055072    0.081706    -0.16794      0.2237     0.03015    -0.67352    0.047577     0.23947     0.29491].
   Ages are sampled.
   Parameters are updated.
   Updating parameters makes the average log-likelihood of samples increased by [0.035825    -0.14638    -0.24496      0.7677    -0.09365   -0.032983    0.069778    0.040767   -0.058267    0.083651   -0.089972     -0.1141     0.14009    -0.30598    0.028489    0.027728    0.094999    0.012881   -0.050133    -0.12652       1.405    -0.16312  -0.0037588    -0.11474    -0.49928    0.018422     0.13131     0.13269    -0.14787     0.17015    0.052186   -0.095969    0.034489    -0.20281     0.21907  -0.0068346    -0.50538   -0.054683    -0.32317     0.14546     -0.4712    -0.16244     0.06335   -0.074427     0.04856    -0.82671   -0.017236    0.061536      0.0241    0.085703    0.012902   0.0034249    -0.42861    -0.32503    0.018331   0.0033426     -1.2197   -0.012462    0.029518].
   Ages are sampled.
   Parameters are updated.
   Updating parameters makes the average log-likelihood of samples increased by [-0.055373     0.13888     -0.5413     0.30147    -0.17097     -0.1187    -0.22011   -0.028338   -0.023056   -0.029483   -0.015011  -0.0021013    -0.14377     0.77313   0.0024699   -0.030968   -0.031987    0.054928     0.40677    -0.22452     0.31494    0.089088    -0.11053     0.13457     0.83213     0.17069   -0.012333    0.035698     0.16648    -0.20862    0.018235    0.016356   -0.033912    0.042483    0.058199   0.0077287   -0.049237    0.034122     0.63483     0.20114     0.35191     0.18575    -0.19505    0.047253   -0.055002     0.15506    -0.20842   -0.062235    0.021987   -0.023845     -0.0429   0.0017331     0.55747     0.36496    0.004889   -0.047398     0.83956    0.032077    -0.10738].
   Ages are sampled.
   Parameters are updated.
   Updating parameters makes the average log-likelihood of samples increased by [0.044755   -0.052328     0.18199     0.59959     0.28137      0.1503    0.072853    -0.28839     0.17611    -0.20621    0.022848     0.11171    -0.12062    0.064458   -0.063773    -0.32118  -0.0096893   -0.071872    -0.13223     0.34229     0.60034    0.002473    -0.51822    -0.35049    0.073168     0.23889     0.14856   -0.068435   -0.012799    -0.21848   -0.098218    -0.99132    0.087147     0.18015   -0.044034   -0.031011    0.038253   0.0044609    0.023214   -0.066141     0.13728    -0.33608     0.21042      0.0148    0.049976     0.39643    -0.16664    0.056237    -0.28784    0.028329    0.041397   -0.017471    0.067758  0.00090684    -0.11816    0.047044     -0.8082    -0.33004      0.1339].
   Records are aligned to the target stack.
   Iteration 1/10...
   Iteration 2/10...
   Iteration 3/10...
   Iteration 4/10...
   Iteration 5/10...
   Iteration 6/10...
   Iteration 7/10...
   Iteration 8/10...
   Iteration 9/10...
   Iteration 10/10...
   A new stack is updated.
   Done.
#  Age model construction algorithm is now running...
#  Iteration 1:
   Ages are sampled.
   Parameters are updated.
   Updating parameters makes the average log-likelihood of samples increased by [-0.21747    -0.54319      3.1505    -0.39652     0.40828    -0.40149     0.50024     0.10895   -0.013675     -0.1459     -0.2031     0.25538    -0.90998     -0.3479     0.19772    -0.55811      1.0545   -0.020708    0.044843  -0.0095882     0.66125     0.64258   0.0030437    -0.41889   -0.077639     0.36965    0.053135    0.030577    0.085471    -0.20657     0.10846    -0.79079     0.33026    0.062195    0.016856   -0.015825   -0.041502    -0.27991     0.18359     0.30179    0.053887     0.55715    0.056013    0.041332    0.028402    0.071563     0.32492    -0.92341    0.078298   0.0011983    -0.48566    -0.45621    0.040583     0.78536    0.067309     0.17653       0.261     0.13869      1.7237].
#  Iteration 2:
   Ages are sampled.
   Parameters are updated.
   Updating parameters makes the average log-likelihood of samples increased by [0.171025   -0.0411104     0.463206     -1.52696     0.142651      1.14234   -0.0123942    0.0168046     0.215792    -0.271624    0.0362087     0.103275    0.0110868    -0.153227     0.108296     -0.26607    -0.186984   0.00436182     0.221746   -0.0924714   -0.0324085    0.0497464    -0.109677     0.102387   -0.0259483      0.16135   -0.0188263    0.0262254    0.0786039     0.314684   -0.0937612  -0.00152722    -0.113395     0.314547   -0.0144456    -0.290555     0.189049   -0.0731353      1.16534      0.10821      11.5533    0.0921023      0.12448      -0.3433    0.0650808     0.160052   -0.0858558    0.0570412     0.512682     0.106524    -0.108292    -0.248067    -0.700702     -0.35513  -0.00867121    0.0036603      1.15888     0.244243    0.0619161].
#  Iteration 3:
   Ages are sampled.
   Parameters are updated.
   Updating parameters makes the average log-likelihood of samples increased by [0.1404     0.23749     0.84534    0.080438   -0.049347    -0.15134    0.070928   -0.016769     0.84781    -0.46882    -0.05448    -0.11517     0.19779   -0.024737 -0.00088806     0.22113     0.66803   -0.011394     0.20912    -0.22482     0.60319    -0.60259    -0.32533     0.24674   -0.081937     -0.3967    0.033302    -0.15749 -9.3698e-05    -0.80805    -0.25924    -0.32472   -0.037553      0.2201    0.090972     0.14891     0.14224    -0.16539     0.45925     0.12171     0.51011   -0.085591  -0.0096314     0.13342    0.061006      1.1337    0.049289     0.24331     0.16148    0.094335     0.19258   -0.073369   -0.010437   -0.050979    -0.17543   -0.056252     0.27379   -0.021693     0.22946].
#  Iteration 4:
   Ages are sampled.
   Parameters are updated.
   Updating parameters makes the average log-likelihood of samples increased by [-0.11962   -0.019558     -0.3838    -0.17331     0.16507     0.17264      -1.139    0.089779    0.069649    -0.70028   -0.080848     -0.2046    -0.14495    -0.37541     0.11564   -0.083396     0.19505   0.0020512     0.50141    -0.55349     -0.0862    -0.29695   -0.089219     0.49886     0.13531    -0.03885    -0.74535      0.1073    0.012098    -0.31926   -0.062096     0.28308   -0.085943     0.12269   -0.012425     0.23066     -0.1662   0.0077644  -0.0046674     0.43687      1.8921     0.39612     0.17534     0.42038     0.86505    -0.11894   -0.052598     0.23569   -0.072898    -0.11174   -0.039124    -0.16595    0.028497    -0.11208   -0.043381    -0.32251     0.59915    0.021488     0.58362].
#  Iteration 5:
   Ages are sampled.
   Parameters are updated.
   Updating parameters makes the average log-likelihood of samples increased by [0.055355     0.14207     0.38318     0.17952    -0.14926    -0.13789   -0.093646   -0.057366    -0.22563    -0.62731   -0.072777   -0.078396    0.071695     0.25161   -0.098587   -0.049609    -0.87208   -0.076407    0.024455     -0.2619     -0.2959    -0.15482    0.095459  -0.0022092    0.023261    0.089741    0.074143   -0.071363   -0.031135     0.12826  -0.0090628    0.026275    -0.29288    0.064072     0.10689     -0.3738     0.12805    -0.02351    0.039611     0.02391      1.1375     0.73004    -0.14291    0.032744     0.13235    -0.42528    -0.11892    0.072331   -0.036063   0.0050556  -0.0013086   -0.086905     -0.2003    0.053052     0.18496     0.65765   -0.038849    0.013996    -0.33948].
#  Iteration 6:
   Ages are sampled.
   Parameters are updated.
   Updating parameters makes the average log-likelihood of samples increased by [-0.17224    -0.42941   -0.025007     0.02854    0.076528    -0.19453    -0.77485    -0.44851     0.28683   -0.054181     0.10467      -0.208   -0.034531    -0.25385     0.10863     0.40731     -0.4736    0.084579    0.035643     0.24907      0.2647     0.25073    0.025581    -0.23005   -0.010049    -0.25326    0.011508    0.078057    0.026895   -0.023304    -0.04847    0.010211      0.3783   -0.078589   -0.010205    0.052538    -0.11671     0.47112    -0.13134     0.10168    0.026609   -0.018044     0.14708    -0.13658   -0.053985     -1.1658   -0.050932     0.04408    0.059784     0.12175   -0.062987    0.053199      0.4437   -0.064927    -0.17416    0.017034     0.10988   -0.019081   -0.010092].
#  Iteration 7:
   Ages are sampled.
   Parameters are updated.
   Updating parameters makes the average log-likelihood of samples increased by [0.21197   -0.031574     -0.3894   -0.027481    -0.44467    -0.14237     0.14708    0.065243   -0.070819    -0.37965     -1.6849     0.10447    -0.14392     0.22693   -0.055859   -0.070711    -0.71604   -0.022236    0.017454   0.0084186    -0.16964    0.046257     0.16259     0.45282   0.0033169     0.23511    -0.10379   0.0015185    -0.17583     0.16751    0.031971   -0.087346    0.019154     0.10011   -0.008438 -0.00070938    0.065625    -0.26014     0.13178     0.02361    -0.73327     0.02602   -0.021639     0.15997     0.05322    0.021158     0.17343    -0.19753   -0.098418    -0.11964    0.087237     0.15811    -0.27907   -0.007198     0.10287    -0.13791  -0.0014627    0.015963  -0.0017875].
#  Iteration 8:
   Ages are sampled.
   Parameters are updated.
   Updating parameters makes the average log-likelihood of samples increased by [-0.51933     0.29082     0.68544   0.0056987     0.35939     0.24443    -0.34698     0.31026     0.03641     0.39188   -0.091887    0.020688     0.22425     0.12548    0.046304    -0.10314    -0.11594    0.022495   -0.046621    -0.02295    -0.45888    0.018879    -0.10362     -0.5602   0.0045792    -0.25161    0.068343     -0.1732     0.19365   -0.068014   0.0024987   -0.071646   -0.099128   -0.011925   0.0066543    0.082742   -0.098037     0.33297    -0.09411    -0.33839      2.0872     0.02443    0.015479    -0.10792   -0.038505    0.086417   -0.029377    -0.56887     0.10336     0.11747    0.004867    0.029869     0.19512    0.054473    -0.21082     0.21814    0.015641     -0.1716     -0.1267].
#  Iteration 9:
   Ages are sampled.
   Parameters are updated.
   Updating parameters makes the average log-likelihood of samples increased by [-0.13059     0.18061    -0.25329    0.023539    0.055464   -0.061093     0.31675    -0.25009    -0.01309   -0.036631     0.10971     0.54508    -0.37509    0.032764   -0.026108    -0.58702    0.071164   -0.052195    0.048395    -0.36126     0.39839     0.16275    0.055611    -0.51321   0.0026439     0.15433   -0.020296     0.18044   -0.042369     0.10999    -0.33111    0.079168    -0.18202    0.099506   -0.048475    0.019452     0.19549    -0.42109    0.010757     0.11737      1.0933    -0.14626    -0.21421    0.093413   -0.005828    0.012659    -0.18496    0.030703    0.025731   -0.016394     0.01135    -0.10124    0.088535    0.085722     0.32795  -0.0070562   -0.021304     0.15956     0.25535].
#  Iteration 10:
   Ages are sampled.
   Parameters are updated.
   Updating parameters makes the average log-likelihood of samples increased by [-0.71512   -0.069785    -0.35372    -0.06876    -0.16183     0.19629   -0.062677     0.26358    0.010921    -0.13992 -0.00046735    -0.14873     0.43122    -0.19458    -0.07167     0.44801   -0.095427    0.046097  -0.0048099      0.4761      0.4215   -0.097435   -0.021249    0.030618   -0.042731    0.093721   -0.072294   -0.055128    0.034582   0.0047643     0.35738       0.177    0.093032   -0.043861    0.036047     0.14329    0.019057     0.17473    -0.15373    -0.15123     0.47957     0.12582     0.10572    -0.17504    0.047171   -0.076393     0.11402     0.30321   -0.094821    0.012787    -0.19061    0.083775   0.0052172   0.0072661    0.033186   -0.072401    -0.09195    -0.31968    0.033353].
#  Parameters are learned. Sampling algorithm is now running...
-------------------------------------------------------------------------------------------
#  Results and figures are being stored...
[Warning: MATLAB has disabled some advanced graphics rendering features by
switching to software OpenGL. For more information, click <a
href="matlab:opengl('problems')">here</a>.] 
[Warning: Limiting legend entries to 50. Specify a vector of graphics objects to
display more than 50 entries.] 
[> In matlab.graphics.illustration.Legend.autoUpdateCallback
In print (line 36)
In saveas (line 181)
In saveFigures (line 215)
In BIGMACS (line 34)
In main (line 8)
In run (line 112)] 
   Done.
   Results and figures are stored in Outputs/R111_d18O_stack.
-------------------------------------------------------------------------------------------
Parallel pool using the 'Processes' profile is shutting down.
Time elapsed = 27279 s
