MATLAB is selecting SOFTWARE rendering.
OMP: Warning #182: OMP_STACKSIZE: ignored because KMP_STACKSIZE has been defined

                            < M A T L A B (R) >
                  Copyright 1984-2024 The MathWorks, Inc.
             R2024b Update 3 (24.2.0.2806996) 64-bit (glnxa64)
                             November 26, 2024

 
To get started, type doc.
For product information, visit www.mathworks.com.
 
Starting parallel pool (parpool) using the 'Processes' profile ...
Connected to parallel pool with 36 workers.
Number of workers: 36
-------------------------------------------------------------------------------------------
## BIGMACS: Bayesian Inference Gaussian Process Multiproxy Alignment of Continuous Signals
-------------------------------------------------------------------------------------------
## Stack construction algorithm is now running...
#  Initializing...
   Data are loaded successfully.
   Initializing the age samples...
   Done.
#  Stacking algorithm is now running...
#  Iteration 1:
   Ages are sampled.
   Parameters are updated.
   Updating parameters makes the average log-likelihood of samples increased by [26.943856      89.691592       62.31082      44.564505      101.36192      54.213786      86.172939      76.747403       124.6263      56.809845      109.58476      134.62052      127.75405      11.634458      26.325185      250.56354       11.61789      62.539034      125.47586      11.209256      6.1467377      1121.2832       26.79144      22.088405      25.096847      88.770654      128.55415      102.17401      126.35444      20.609446      45.433367      31.068871      315.79491      71.236164      43.937144      162.39251      211.80252].
   Ages are sampled.
   Parameters are updated.
   Updating parameters makes the average log-likelihood of samples increased by [0.962948      4.41374      6.95062       2.0528      3.10809      4.36854      8.00811      3.08996      15.8969        6.354      9.32479      11.6107      16.0842     0.200745     0.101307       74.981     0.176341      25.7902      9.16138      1.12347     0.282725      59.0165     0.978894      2.91846       3.0384      4.07969      7.10033      6.19354      10.7102        1.918       17.448      1.41131      20.8686       2.7689       2.7629      21.0707      9.03656].
   Ages are sampled.
   Parameters are updated.
   Updating parameters makes the average log-likelihood of samples increased by [0.105763      1.82169      1.34473      0.13621     0.173624     0.547766     0.405286      1.42346     0.714508    -0.277109    -0.276652     0.511073      1.63629    -0.173401      0.21255      8.81841    -0.021915      11.4149    -0.380293   0.00193012  -0.00123004      1.65562    -0.027616    0.0364883     -0.26653     0.196031      1.96534       1.2628      3.09859    -0.015246      2.69643    0.0285341      2.40979     0.473093    -0.322476       4.6079     0.393458].
   Ages are sampled.
   Parameters are updated.
   Updating parameters makes the average log-likelihood of samples increased by [0.54111    -0.23485    -0.17963     0.20593    0.079589   -0.042807    0.086353     0.43968  -0.0050324    0.034004     0.10866   -0.085431   0.0097145     0.64695    -0.45393     0.97895    0.053402      2.1934    0.078256    0.037599   0.0060302   -0.022446    0.040775    0.082767      1.3044  -0.0059311     0.15911   -0.015245    -0.05972   -0.069894     0.36514   -0.096246   -0.090531    0.051248      0.1084     0.29039      0.1083].
   Ages are sampled.
   Parameters are updated.
   Updating parameters makes the average log-likelihood of samples increased by [0.088803    0.065996     0.28661    -0.10257   0.0055074    -0.09353   -0.042345    -0.01807    -0.14357   -0.025636    -0.20509     -0.1053    0.018351     0.21584     0.49721    0.088953   -0.053246     0.61533     0.19961   -0.026197    0.016353    -0.20852   -0.038104     0.10867    -0.28916    -0.26252    0.030487  -0.0080037    -0.41551    0.031159    0.071286    0.082339     -0.1242   -0.047428    -0.18088    0.028624  -0.0050471].
   Ages are sampled.
   Parameters are updated.
   Updating parameters makes the average log-likelihood of samples increased by [-0.044315    -0.55145  0.00073887    0.037488    -0.11844    0.081163   0.0022182    -0.11879     0.13708    -0.17419     0.17072     0.11578    0.080505   -0.073098  -0.0039395     0.46105    0.055206    0.028438    -0.26153   -0.015809    -0.01283     -0.7083    0.038319    -0.30056    -0.60651     0.30917    0.026517    0.039024     0.17802    -0.25977     0.11306   -0.078122     0.15984   -0.073623     0.15333  -0.0012455    0.080745].
   Ages are sampled.
   Parameters are updated.
   Updating parameters makes the average log-likelihood of samples increased by [0.055761     0.32087   -0.026516    0.047689      0.1179    0.015926     0.10546    0.091083   -0.073802     0.16067   -0.026652    0.037264    -0.25897    -0.10387    -0.11498    -0.68094  -0.0063071   -0.014079     0.19629    0.036402    0.017708    -0.29109   -0.018016     0.23945    -0.20636  -0.0034473   -0.014515    -0.03101     0.24155     0.16673    0.055602   -0.036026    -0.29665     0.11994    0.080608    -0.15968      0.5625].
   Ages are sampled.
   Parameters are updated.
   Updating parameters makes the average log-likelihood of samples increased by [-0.096276    -0.51951   -0.026022   0.0060379    -0.10369   -0.046871   -0.076917    0.024648   -0.013215    -0.01803    -0.25448   -0.091461     0.27692     0.27469   -0.050816      0.2173  -0.0077913   -0.090192     0.10987   0.0047197   -0.058013     0.79797    0.028769     -0.3952     0.15917   -0.050622   0.0052592   -0.018897    -0.46966     0.06881    -0.10839    0.093372      0.2786   -0.070703   -0.038256      0.1506     0.11788].
   Ages are sampled.
   Parameters are updated.
   Updating parameters makes the average log-likelihood of samples increased by [0.086107     0.58694    0.050985    0.017677    0.092163    0.047258    -0.54348    -0.12533    0.052135   -0.089861      0.1568     0.13392   -0.029492    -0.49612   -0.060482    0.089599    0.003816    0.076017     -0.0646  -0.0067507    0.031399    -0.11515    -0.11073   0.0092872   -0.061018    0.034477   0.0080094    0.056371     0.32021     0.18211    -0.56621   -0.032518   -0.064549   -0.025981    -0.17978   0.0072172   -0.092029].
   Ages are sampled.
   Parameters are updated.
   Updating parameters makes the average log-likelihood of samples increased by [-0.024437    0.085966   0.0016335 -0.00075644    -0.03569    0.043545    -0.38598      0.2216    -0.12636    0.075486    -0.19546   -0.036825   -0.012324    -0.46254     0.23892    -0.11289   -0.037661    -0.12544    0.054644   0.0027581    0.031715      0.4711    -0.11141     0.34583    0.069992    0.019111   -0.050964   -0.014339    -0.33738    -0.37433   -0.075546    0.038471    0.076239    0.030564     0.22298   -0.099069    -0.33336].
   Records are aligned to the target stack.
   Iteration 1/10...
   Iteration 2/10...
   Iteration 3/10...
   Iteration 4/10...
   Iteration 5/10...
   Iteration 6/10...
   Iteration 7/10...
   Iteration 8/10...
   Iteration 9/10...
   Iteration 10/10...
   A new stack is updated.
#  Iteration 2:
   Ages are sampled.
   Parameters are updated.
   Updating parameters makes the average log-likelihood of samples increased by [3.618753      8.969282      11.38699      6.333013      10.95129      12.91647      11.06079      9.381023      11.99098      5.969842      14.27816      11.18587      12.71451      8.032954      11.09042      92.19593      1.109142      21.92995      31.38949      0.906153      1.349494      266.9993      6.581111       4.64522      11.10323      10.79313      14.65383      12.92432      4.463418    0.08614522       19.9674      3.081916       139.927      12.44758      6.604146      19.83051      14.03425].
   Ages are sampled.
   Parameters are updated.
   Updating parameters makes the average log-likelihood of samples increased by [-0.020835    -0.18556     0.25351     0.32608     0.70657    -0.11495     -0.2002      0.7786     0.49221    -0.19663     -0.4635     -0.2396     0.29308      1.5066     0.60681      1.0193   -0.082211     0.34192    -0.48985     0.19545    0.065645      4.2686     0.32128    -0.23103     0.24466   -0.052303    0.039215     0.21104     0.41176     0.03634     0.97647     0.33966     0.71711     0.27368   -0.061528     0.65905     0.30391].
   Ages are sampled.
   Parameters are updated.
   Updating parameters makes the average log-likelihood of samples increased by [0.12126    -0.06332   -0.042762     0.08895   -0.027904    -0.14985    -0.28176     0.22814     0.40842    -0.20043   -0.003286    0.036698    0.019916    -0.17737      0.3349      1.7813    0.034913     0.32119    -0.15264   -0.013301     0.21959     0.43537    0.058297    0.035694    0.020872   -0.070776     0.16012    0.052944    -0.59099    0.011016      1.2696    -0.62819      1.2827    -0.52357    -0.20228    0.094122     0.17988].
   Ages are sampled.
   Parameters are updated.
   Updating parameters makes the average log-likelihood of samples increased by [-0.11474    -0.33574    -0.42218    0.029873    -0.12433    0.062529   -0.044085      0.2337    0.073537    0.035959     0.31956   0.0084984    -0.18173     0.21572    0.061122     0.25544   -0.055996    -0.26241     0.47033   -0.025112   -0.068308    -0.92954    0.038718    -0.15104     0.18377     0.25833     0.25547     0.12099    0.067617     0.12788     0.15529     0.10391    -0.56747     -1.0486    -0.13984     -0.1918   -0.002554].
   Ages are sampled.
   Parameters are updated.
   Updating parameters makes the average log-likelihood of samples increased by [0.33514      1.7515     0.13044     0.19268     0.36998     0.23141    0.021767    0.066072    0.074639  -0.0034321   0.0032727   0.0072564     0.15123   -0.088435 -0.00074404    -0.19748   -0.048015     0.25479    -0.26125    0.056004     0.15105      1.9236    0.064952     0.32298    0.051935    -0.56374   -0.046509    -0.51465   0.0014423    0.026532  -0.0052863   -0.073663     0.70618    0.051966    0.094512    0.098939    -0.10181].
   Ages are sampled.
   Parameters are updated.
   Updating parameters makes the average log-likelihood of samples increased by [-1.1446     0.54512    0.043116  -0.0093431    0.043618    0.018806   -0.041011    -0.07863  -0.0094463    -0.21514   -0.040417    0.023683     -0.3244   -0.038976    -0.17254    0.040365    0.030028   -0.021619     0.45167   -0.038168    -0.31259    -0.29601    0.036931     0.18538   -0.051469     0.16737     0.10407   -0.042492   0.0042332    -0.01834    0.015802    -0.19838     0.40821    -0.29626  -0.0066814    0.008717     0.08313].
   Ages are sampled.
   Parameters are updated.
   Updating parameters makes the average log-likelihood of samples increased by [-0.09196     0.05418     0.33844    0.056357   -0.087517   -0.085807    0.068278    0.056127    -0.16349    0.093624   -0.028302     -0.1619     0.35132   -0.098717     0.21451    -0.31556    0.018855    0.029033    -0.17397    -0.15394     0.15051     0.33469   -0.067781    -0.04332    -0.08234     0.52163   -0.046476   -0.034575  -0.0025585   -0.045999    -0.87104      0.2373     -0.1374     0.28083 -0.00091416    -0.10068   -0.025182].
   Ages are sampled.
   Parameters are updated.
   Updating parameters makes the average log-likelihood of samples increased by [0.03569   -0.090766    -0.50396   -0.017516    -0.27256    0.038447    -0.19596     -0.2919     0.15642     0.03242   -0.092072    0.064006   0.0071863     0.15306  0.00097291      0.4485  -0.0077933    -0.20834    -0.78161     0.19643     0.04166    0.054058    -0.17138   -0.053073     0.13679    0.074614    0.060505  -0.0020865  -0.0032102   -0.049697   0.0091788    -0.14191    -0.11846   0.0029195    0.018224   -0.052113   0.0097789].
   Ages are sampled.
   Parameters are updated.
   Updating parameters makes the average log-likelihood of samples increased by [-0.016201    0.082962    -0.28215   -0.076674    -0.33444   -0.047235    -0.03034     0.20387   0.0032529    0.016441     0.14309    0.050791   -0.051893   -0.044664  -0.0066087    0.030913    0.013896    0.052399     0.20229   -0.038757    0.012362   -0.078694     0.18813    0.069765  -0.0001764    -0.21768    -0.26486    0.078567   -0.077386    0.091667    0.044598   -0.064636     0.24492    -0.27944   -0.070539   0.0074455    0.032264].
   Records are aligned to the target stack.
   Iteration 1/10...
   Iteration 2/10...
   Iteration 3/10...
   Iteration 4/10...
   Iteration 5/10...
   Iteration 6/10...
   Iteration 7/10...
   Iteration 8/10...
   Iteration 9/10...
   Iteration 10/10...
   A new stack is updated.
#  Iteration 3:
   Ages are sampled.
   Parameters are updated.
   Updating parameters makes the average log-likelihood of samples increased by [2.0552   -0.071084    0.073396    -0.10958     0.14913   -0.040903    -0.21259     0.23701     -0.3684    0.018389     0.42158     0.12286    0.098232    -0.18687     0.81078     0.70468     0.37135     0.33054     0.47474      0.1043    -0.23501      1.1068    0.056936  -0.0077492    -0.81016     0.42244     0.19637    0.042508     0.28441     -1.2086     -4.0418     0.16652    0.023298     0.49104     0.29149     0.84592   -0.011249].
   Ages are sampled.
   Parameters are updated.
   Updating parameters makes the average log-likelihood of samples increased by [0.001953    -0.48179   -0.032868   -0.014999   -0.097696   -0.023311    -0.84384    0.018367   -0.031167       0.131   -0.030819     0.16748       -0.14    -0.41924    -0.57592     0.29621    -0.04394     0.28264   -0.047101    0.082819    -0.10135    -0.54123    -0.10088     0.02996    -0.61132     0.25452     0.12773    -0.18619    -0.42858   -0.011321     0.13045     0.18615     0.41281     0.20783    -0.39208   -0.043326    0.043764].
   Ages are sampled.
   Parameters are updated.
   Updating parameters makes the average log-likelihood of samples increased by [0.33704     0.26395      0.4921     0.10021    -0.12127   -0.078484  -9.557e-05     0.41429   -0.085556       0.111    -0.19631   -0.082628    -0.05106     0.45775    -0.02553     0.36423   -0.032716   -0.048741     0.72058   0.0033315   -0.044541     0.31188    -0.24162    0.078994     0.17438    0.065693    0.024332     0.42787    0.051769     0.10889     0.50843   -0.029026      -1.423    0.057292   -0.094301     0.62478   -0.011299].
   Ages are sampled.
   Parameters are updated.
   Updating parameters makes the average log-likelihood of samples increased by [-0.29405   -0.097409    -0.45226    0.058218    -0.41573    -0.20786   -0.049602    -0.28818   0.0051587    -0.24139    -0.12864   -0.093971     0.16735    -0.34929    -0.66039     0.34916   -0.011893    -0.42447     0.26835     0.10228   -0.037543    0.077908     0.33445     0.16518    -0.17619  -0.0043604   -0.046743     0.20965     0.24949   -0.072894    0.017123     -1.0029     0.17207    0.057569     0.27355     0.21119     0.45523].
   Ages are sampled.
   Parameters are updated.
   Updating parameters makes the average log-likelihood of samples increased by [0.21776      0.1459     0.33254   0.0074059     0.46062     0.10524    0.025079     0.28453   -0.055696      0.3561  -0.0072462  -0.0051651    0.079122     -1.0539   -0.036265     0.43693    0.025081      0.4124     0.34641     -0.1751  -0.0053472    -0.32259    -0.24288     0.23005    -0.49433   -0.032053   -0.076928   -0.072417    -0.38183     0.31366     0.16862     0.49903    -0.84793    -0.29832    -0.63961    -0.19031   0.0086027].
   Ages are sampled.
   Parameters are updated.
   Updating parameters makes the average log-likelihood of samples increased by [-0.30649  -0.0014036     0.16847   -0.025259    -0.49133    0.089216    -0.31819    0.010827   -0.039789    -0.39145   -0.074697    -0.19122    -0.23855     -1.6203     0.42853     0.14576  -0.0052146   0.0050541    -0.20267     0.13744   -0.016872     0.15955     0.25763     0.24134    0.096312     0.03474     0.17415     0.38725   -0.078738    -0.30577   0.0029137    -0.13536   -0.047672     0.23358     0.38075      0.1695    -0.11028].
   Ages are sampled.
   Parameters are updated.
   Updating parameters makes the average log-likelihood of samples increased by [0.56878   -0.044649   -0.043458    0.044283     0.69094    0.082152     0.16859    -0.11042    0.070886     0.38334   -0.016248     0.23764    -0.11782     0.17861      -1.334     -0.7213   -0.039283  -0.0073553     -0.3787    -0.28402    0.016764     0.13333    -0.20821     -1.0159   -0.067143   -0.095158   -0.048737    -0.64132      0.2472     -0.1029    0.042229     0.11766     0.35616     0.10038     0.30081   0.0065579     0.11848].
   Ages are sampled.
   Parameters are updated.
   Updating parameters makes the average log-likelihood of samples increased by [-0.0054809    -0.05324    0.044681    -0.12883    0.046083    -0.13542   0.0034628   0.0090133   -0.014135   -0.012634    0.016759    -0.21325     0.24129    -0.42914     0.86493      1.9003    0.045426    0.002744     0.59934     0.11758  -0.0059404    -0.01552     0.20382    0.042909     0.36923    0.056983 -3.5205e-05    -0.32403     0.23328     0.19926    -0.15453    -0.78416    -0.15399    -0.12599   -0.046142    -0.12549   -0.015011].
   Ages are sampled.
   Parameters are updated.
   Updating parameters makes the average log-likelihood of samples increased by [0.023912    0.016131    -0.17132  -0.0052959  -0.0013765     0.12696     -0.1095     0.09115    0.012433    0.016759    0.083106     0.36771     0.22489    -0.31065     0.36219    -0.56933   -0.032803   -0.051697     0.25311    -0.15169  -0.0023711    0.049847   -0.076281  -0.0075896    -0.70017    -0.12714    0.028892    0.078657    -0.28662    -0.12803    -0.26708    0.094154     0.18992    0.048709  0.00084991     0.11967    0.019075].
   Ages are sampled.
   Parameters are updated.
   Updating parameters makes the average log-likelihood of samples increased by [-0.0045715    0.015609    -0.32002     0.11046   -0.025894    0.030483     0.25559    -0.15877    -0.10108    -0.32642    -0.23203    0.032179     -0.1193      0.4966    -0.23351     0.20054    0.032322   -0.031103    -0.48044   -0.048176   0.0086198   -0.096501    -0.23579   -0.034098    -0.25282     0.16141    -0.12214     0.29763     0.26881     0.19733     0.36493     -1.4205    -0.27627   -0.042983    -0.24981   -0.025925    -0.14247].
   Records are aligned to the target stack.
   Iteration 1/10...
   Iteration 2/10...
   Iteration 3/10...
   Iteration 4/10...
   Iteration 5/10...
   Iteration 6/10...
   Iteration 7/10...
   Iteration 8/10...
   Iteration 9/10...
   Iteration 10/10...
   A new stack is updated.
#  Iteration 4:
   Ages are sampled.
   Parameters are updated.
   Updating parameters makes the average log-likelihood of samples increased by [-0.10086     -1.3374    0.010867     0.18906    0.046446     0.10112   -0.055932    -0.12487    0.068378     0.10677     0.14059     0.10113    0.012353    -0.74457    0.060723     0.24096    0.012953    -0.07776   -0.054615  0.00067551    -0.21318      0.7205     0.18199    -0.32449    0.040465     0.34752     0.11492    0.037368    0.027406    0.056257     0.61791    0.061098    -0.52347    -0.79463    0.043744     -1.2565    -0.18191].
   Ages are sampled.
   Parameters are updated.
   Updating parameters makes the average log-likelihood of samples increased by [-0.068341    0.038787     0.31166    -0.21756    0.053559     0.41103   -0.014166     0.15595  0.00088715     0.40933     0.23171   -0.036079   -0.044559   -0.020185    -0.42209     0.81528   -0.028187    -0.04061    0.088298     0.14043     0.17705    -0.11167    -0.14321     0.43314     0.25581    -0.10674    -0.10785    -0.48693   -0.038367     0.26042     0.14711     0.13667     0.71786       0.343    0.012361    0.091339    0.030607].
   Ages are sampled.
   Parameters are updated.
   Updating parameters makes the average log-likelihood of samples increased by [-0.15147      0.2229    -0.49058   -0.035747    0.027882    0.084718    -0.01829   -0.094602    -0.20178    0.027399    -0.21008   -0.094298     -0.3002     0.41526     -1.8604     -1.0763    -0.10319   -0.029168    0.073844    -0.04279    0.083404    0.058706     0.15071   -0.021048     0.19056     0.14555    -0.70285   -0.082133    0.032337    0.067843     0.16103    -0.23979    -0.31186   -0.096057   -0.059422      1.2132   -0.078873].
   Ages are sampled.
   Parameters are updated.
   Updating parameters makes the average log-likelihood of samples increased by [-0.089499    -0.23861    -0.32743   -0.012088   0.0095845      0.4938    0.099402     0.41304     0.15591      0.3243     -0.0982    -0.71447    -0.23208     0.10485     -0.8841   0.0095043    -0.14315    -0.48429    -0.20668   -0.049236   -0.005786    0.076973   -0.031964     0.13411     0.22773     -1.0656     0.16675    -0.28791    -0.07921     0.76123    -0.22469    -0.22228     0.42564     0.50653    0.026799      -0.259     0.14307].
   Ages are sampled.
   Parameters are updated.
   Updating parameters makes the average log-likelihood of samples increased by [0.092499    0.048213     0.24317    0.055484   0.0017904    -0.28301     0.27648    0.057112    -0.13918   -0.011124    -0.28374  -0.0050781     0.37514     -0.2173    0.089469    -0.17533   -0.034981     -0.2972    -0.54712   -0.021461  -0.0030203    -0.85673   0.0034709    -0.14615   -0.070791     0.60076     0.13762    -0.24382   -0.034318    0.042212     0.24287     0.16507    -0.10239    0.017371    -0.07301      0.4404    0.013683].
   Ages are sampled.
   Parameters are updated.
   Updating parameters makes the average log-likelihood of samples increased by [-0.14112    -0.25388     -0.1143  -0.0066881    -0.26949   -0.030645   -0.064644    -0.49046     0.14577    -0.18082     0.66724   0.0080002    -0.42537     0.20698    0.011635     0.32165    0.066971      1.0481     0.86424     0.02432   -0.029086    -0.89017    0.031885     0.12184    0.075568   -0.012216    -0.35339     0.61716      0.3751    -0.49351  -0.0055235    0.051974    -0.67155   -0.071928  -0.0078915    -0.29037   -0.093293].
   Ages are sampled.
   Parameters are updated.
   Updating parameters makes the average log-likelihood of samples increased by [0.060394     0.23346     0.13177   0.0084307     0.15628    0.049373    0.082547     0.26958      0.0756     0.19286    -0.16666    -0.07194     0.15522   -0.092455   -0.093714     -0.1622    0.079745       0.286    -0.16996    0.026287    0.018875     0.12754    -0.14766    -0.11072    -0.20756    -0.27445     0.32058     0.19748    -0.41869     0.36532    -0.20763   -0.033309    -0.12628     0.12094    0.068877     0.42125    0.099626].
   Records are aligned to the target stack.
   Iteration 1/10...
   Iteration 2/10...
   Iteration 3/10...
   Iteration 4/10...
   Iteration 5/10...
   Iteration 6/10...
   Iteration 7/10...
   Iteration 8/10...
   Iteration 9/10...
   Iteration 10/10...
   A new stack is updated.
#  Iteration 5:
   Ages are sampled.
   Parameters are updated.
   Updating parameters makes the average log-likelihood of samples increased by [0.56719     0.27665    0.012191    -0.62266     0.26396     0.34126    -0.43104   -0.037795     0.14478     0.25521   -0.037959    0.041542    -0.22779    0.025005     0.20008      1.1812   -0.013037    0.016967    -0.30644   -0.096511   -0.022431     0.79816     0.07525    0.017254     0.59983    -0.15808   -0.025006     0.32131    -0.12592      0.1261      1.3152   -0.040458      1.5936    -0.19198     0.11437    -0.18238     0.94708].
   Ages are sampled.
   Parameters are updated.
   Updating parameters makes the average log-likelihood of samples increased by [0.11229    0.054545   -0.087856    0.081572     0.03702    -0.56021    -0.45751    -0.27313    0.052663   -0.044047     0.92662    -0.19407     0.24877     0.18493    -0.35293     0.13134     0.09113     -0.4578      0.3611    -0.30916   -0.097758     0.31871     0.14984    -0.16486     -0.3737     0.10624  -0.0020974     0.12194      -1.809     0.75551    -0.47287    0.021886    0.019905     0.77102    -0.20373     0.81123     0.17985].
   Ages are sampled.
   Parameters are updated.
   Updating parameters makes the average log-likelihood of samples increased by [0.39055     -0.1266   -0.050899    -0.10809    -0.32972    0.030722    -0.04709   -0.031468   -0.002717     0.70949   -0.014684     0.20387    -0.15907   -0.014987     0.14036    -0.25224     0.13436      0.1535     0.19044     0.13196   -0.030756    0.048928    -0.10252     0.40849   -0.010833    0.034005    -0.13295    -0.45766    0.080646     0.36361     0.10587    -0.48265    -0.12748     0.38216    0.063182    -0.58014    0.042565].
   Ages are sampled.
   Parameters are updated.
   Updating parameters makes the average log-likelihood of samples increased by [-0.016503     -1.6084    0.025702    0.050156     0.38054     0.20638    -0.19976     0.07439   -0.098336    0.036033    -0.33478   -0.089243    -0.33355    0.032089    0.003413     0.35357    0.030548   -0.037094   -0.052606     0.11763     0.25438      0.3708  -0.0054554  -0.0017365     0.10503   -0.071871   -0.069288  -0.0043955     0.29748      0.3502     0.06041     0.13316     0.45088   -0.022863   -0.072547    -0.20988   -0.095168].
   Ages are sampled.
   Parameters are updated.
   Updating parameters makes the average log-likelihood of samples increased by [0.036906   -0.058481    -0.34867    -0.56242    -0.16535   -0.048542     0.24969    -0.18517    -0.24461    -0.11444     0.73215   -0.079144   0.0018514    -0.53125     -0.2634    -0.29713    0.026463   -0.026676   -0.088114    -0.21271    0.015138   -0.065028    -0.10891    0.032161    -0.17609   0.0074971   -0.012565    -0.05465   -0.082202     0.12669    -0.16188    0.047074    -0.26927    -0.22359    0.022255    -0.70103     0.15672].
   Ages are sampled.
   Parameters are updated.
   Updating parameters makes the average log-likelihood of samples increased by [0.0027611    -0.25246      0.3499     0.55892     0.24053   -0.045275  -0.0048178     0.29848    -0.11205      0.2093    -0.43214    0.058977     0.33485     0.17945      0.2429     0.29283    -0.10569   -0.055548     -0.1315    0.040181    -0.30862    -0.56096      0.1004  -0.0017537   -0.049667    0.088961     0.09727    0.031362    -0.37047    -0.33529    -0.40688    -0.13223    -0.78935     0.24854     0.01789      0.1136    0.062899].
   Ages are sampled.
   Parameters are updated.
   Updating parameters makes the average log-likelihood of samples increased by [0.0095743    0.061961    0.001909     0.15773    0.010189    -0.18586   -0.032734    -0.23877      0.3667    -0.18742      1.7128    0.024935     -0.2901     0.24307   -0.039291    0.066814    0.082961    0.055634      0.3472    0.058773     0.64381     0.69015   -0.010353  -0.0064732     0.15897   0.0060457   -0.065071   -0.075628     0.45157     0.25826     0.70075    0.063961    -0.25078   -0.040475    -0.82673   -0.074318   -0.084913].
   Ages are sampled.
   Parameters are updated.
   Updating parameters makes the average log-likelihood of samples increased by [-0.024282     0.13222     -0.3663   -0.057296    -0.12905     0.19988    -0.52577     0.25162    -0.15773   0.0078117   -0.036876  -0.0075847     0.21981    -0.98784    0.045164   -0.015925   -0.062643   0.0055181     -0.3247     0.16984   -0.028959    0.078416    0.011002    -0.20682    -0.23066   -0.039209    0.077036    0.054488    -0.17083    -0.28034    0.085572    0.057723     -1.5306    -0.25008      1.3568    -0.33338   -0.058247].
   Ages are sampled.
   Parameters are updated.
   Updating parameters makes the average log-likelihood of samples increased by [0.01318    0.058175        0.23    0.014621      -1.583    0.057765    -0.14511    -0.05792     0.12179    0.023588     0.11538     -0.1116    0.011908     0.21143    -0.54021    -0.10021    0.070324     -0.1495     0.19605   -0.054041     0.16855     0.10917   -0.048734     0.18589     0.26179    0.036299    0.016726    0.012535   -0.021581    -0.28938  -0.0020561    -0.23075     -0.1885     0.25394    -0.28403     0.31365    0.091299].
   Ages are sampled.
   Parameters are updated.
   Updating parameters makes the average log-likelihood of samples increased by [-0.0081337     -0.1228     0.13634   -0.067076    -0.14307   -0.017062     0.39378    0.051668    0.020411   -0.034951    -0.12965     0.10246     0.05242    -0.43364   -0.086171    -0.68804    0.020459   -0.006618    0.089961    -0.13187   -0.017202    -0.12118    0.031121   -0.010192    -0.44432    -0.13404   -0.052981    0.037248   0.0033854     0.42585    0.020573      0.2167     -1.0524    -0.13589      0.1367    -0.10632   -0.062029].
   Records are aligned to the target stack.
   Iteration 1/10...
   Iteration 2/10...
   Iteration 3/10...
   Iteration 4/10...
=>> PBS: job killed: walltime 43246 exceeded limit 43200
MATLAB is selecting SOFTWARE rendering.
OMP: Warning #182: OMP_STACKSIZE: ignored because KMP_STACKSIZE has been defined

                            < M A T L A B (R) >
                  Copyright 1984-2024 The MathWorks, Inc.
             R2024b Update 3 (24.2.0.2806996) 64-bit (glnxa64)
                             November 26, 2024

 
To get started, type doc.
For product information, visit www.mathworks.com.
 
Starting parallel pool (parpool) using the 'Processes' profile ...
Connected to parallel pool with 36 workers.
Number of workers: 36
-------------------------------------------------------------------------------------------
## BIGMACS: Bayesian Inference Gaussian Process Multiproxy Alignment of Continuous Signals
-------------------------------------------------------------------------------------------
## Stack construction algorithm is now running...
#  Initializing...
   Data are loaded successfully.
   Initializing the age samples...
   Done.
#  Stacking algorithm is now running...
#  Iteration 1:
   Ages are sampled.
   Parameters are updated.
   Updating parameters makes the average log-likelihood of samples increased by [21.401516      111.19421       56.99621      27.917442       94.57909      54.283161       76.20396      67.816552      100.04396      66.065515      124.37077      129.32416      146.03747      8.2642004      39.134264      207.73471      11.928686      78.168213      141.01843      12.361186      6.0889974      1063.9179       21.36647      27.013454      37.278654      94.713105      121.43856      98.420591      127.49256      18.656812      59.180766      28.668024      268.73161      66.029053      44.117895       156.0002       242.4783].
   Ages are sampled.
   Parameters are updated.
   Updating parameters makes the average log-likelihood of samples increased by [2.26209      9.31343      9.08786      2.30684      2.63569      2.27312      5.53228      8.53393      14.3907      7.87756      4.15405      12.6575      11.1168     0.593022      1.82845      83.4542     0.524931      24.5728      6.90351      1.19809     0.487177      71.7581     0.229427      1.60563      1.70432      6.80555      15.0101      6.54998      14.4179      1.34397      20.8946      2.88032      27.6713      3.31731      3.75531      20.6877      7.17817].
   Ages are sampled.
   Parameters are updated.
   Updating parameters makes the average log-likelihood of samples increased by [0.475393     0.472938     0.229745   -0.0392075     0.155705    0.0157907   -0.0472682      1.52365     0.351266    0.0288872     0.876827     0.728809      1.36013   -0.0823842     0.354782      13.4288   0.00412531      7.60486     0.748295    -0.546857     0.047178      7.18534    -0.374659     0.148964      2.52162     0.994421   -0.0584949     0.526561      1.39274    0.0495936      1.88851     0.114309      3.87546     0.659969      0.84695      1.70941     0.427984].
   Ages are sampled.
   Parameters are updated.
   Updating parameters makes the average log-likelihood of samples increased by [-0.82651    0.012524    0.054745    -0.12301   -0.030567  0.00012612     0.28854     0.42305   -0.068305     0.14697     0.16872     0.52193   -0.098146   -0.072544    -0.15248      1.1324    -0.10672      1.0007     0.21951   -0.044164    0.014714    -0.60984   -0.030215    -0.14152    -0.68032    -0.09258     0.61641     0.29391     0.99589    0.089002   -0.012463      0.2466     0.13794   -0.023762     0.05667    0.017666    -0.11959].
   Ages are sampled.
   Parameters are updated.
   Updating parameters makes the average log-likelihood of samples increased by [-0.065763    0.056343   0.0010172     0.10289   -0.064212   -0.045142    0.029548    0.062984    0.026702   -0.037176    0.034047   -0.067447      0.1317   -0.017894     -0.2585       0.478    0.091785     0.02775    -0.24953    0.035219   -0.025004     -0.4837  -0.0079912    0.037754     0.25563    0.041821   -0.071976     0.14117    0.015225    0.022742     0.19483   -0.098365     0.22595   0.0022758   -0.038004    -0.11029    -0.41298].
   Records are aligned to the target stack.
   Iteration 1/10...
   Iteration 2/10...
   Iteration 3/10...
   Iteration 4/10...
   Iteration 5/10...
   Iteration 6/10...
   Iteration 7/10...
   Iteration 8/10...
   Iteration 9/10...
   Iteration 10/10...
   A new stack is updated.
#  Iteration 2:
   Ages are sampled.
   Parameters are updated.
   Updating parameters makes the average log-likelihood of samples increased by [4.002866      17.91623      10.47432      3.428859      9.091368      11.16004       9.19225      6.675194      12.65536      4.206345      12.41007      10.38031      17.93418      16.20559      10.97023       72.9176     0.3338323      17.55192      25.36636     0.6440333     0.2041664      267.1202       7.53232      6.030103      9.605044      10.61333      9.779708      9.719824      9.703774      1.282798      17.05268       4.74478      91.09683       10.1462      2.499361      23.47415      18.68955].
   Ages are sampled.
   Parameters are updated.
   Updating parameters makes the average log-likelihood of samples increased by [0.1791       1.116    0.091647     -0.1553    0.019162    -0.03916    -0.63164      1.1406      0.1794     0.26092     0.30095     0.66916    -0.57377     0.10118     0.42539      1.7044   -0.024447    -0.43252      1.4569   -0.068263      0.4786      3.3574    0.013608    0.056832      0.3145     -0.8799     0.30347   -0.093652     0.97525   0.0049417      4.7151   -0.017745      2.4668    -0.35408    0.024621      2.4461    -0.11101].
   Ages are sampled.
   Parameters are updated.
   Updating parameters makes the average log-likelihood of samples increased by [0.05851  -0.0090898    -0.30037    -0.77876    0.024159    -0.12935  -0.0087392     0.25709   -0.039881   -0.028537   -0.064413    0.063782   -0.057246  -0.0084255   -0.021915     0.10452   -0.051298    0.087741     0.09475    -0.13658   -0.051424    -0.50653    0.018912    -0.14837    -0.00778     0.70761    0.029154    0.037158   -0.065253     0.30521      0.5589    -0.15784     0.31676   -0.030081    -0.10577     0.20382    -0.66361].
   Ages are sampled.
   Parameters are updated.
   Updating parameters makes the average log-likelihood of samples increased by [0.022354    0.098348     0.34013   -0.079911     0.29805   -0.007378    -0.22358    -0.39083    -0.55692     0.14741    0.080831   0.0017671      0.2745   -0.031053    -0.19094    -0.41297    -0.20692    -0.22262    0.056831      0.1325     0.11632    0.048824  -0.0089927  0.00052427     0.40205    -0.38697    -0.14606    -0.12987    -0.83387      0.2138   -0.010358    0.018736     0.88194    -0.05991    -0.11991    -0.21787    -0.42683].
   Ages are sampled.
   Parameters are updated.
   Updating parameters makes the average log-likelihood of samples increased by [-0.39936    0.043656      0.0232    -0.33116    -0.19165    0.023442     0.05947   -0.017705   -0.066045     -0.2188    0.030048   0.0021225    0.025722    0.021035    0.051977      0.5867   -0.078224     0.48143   -0.028355   -0.081868    0.032324   -0.034177   0.0048021   -0.022898    -0.65294     0.55096    0.090189      0.2315    -0.40392   -0.098376    -0.11601   -0.080758     -1.0533    0.045155    0.028999     0.18862    -0.91354].
   Ages are sampled.
   Parameters are updated.
   Updating parameters makes the average log-likelihood of samples increased by [0.42548    -0.27214     -0.0155    0.084597    -0.70064    0.011385   -0.058867    -0.35237      0.5162     0.14401    -0.06244    -0.37904   -0.048982    0.018891  -0.0013979    -0.16803      0.2597    -0.36514    0.028869    0.033198   0.0062571     0.12894   -0.051375   -0.053728    -0.21607   -0.038015    0.066439     0.26753    0.037362    -0.36394    0.094523   -0.034675     0.45761    0.035511    0.051264    0.015571    0.071908].
   Ages are sampled.
   Parameters are updated.
   Updating parameters makes the average log-likelihood of samples increased by [-0.087433     0.17983    -0.27117     0.15252   -0.043912    -0.06644    -0.62588     0.25393    -0.41923    0.065376  -0.0052654    0.060717  0.00070054   0.0037133   -0.044833    -0.04602    -0.16011     0.35077    -0.16669    -0.02915   -0.078168    -0.30088    0.065116    0.064023     0.03818    0.037641    -0.14304    -0.54065    -0.45022     0.46413    -0.35083    0.029222     -0.4174   -0.005122   -0.004937  -0.0064675    0.032767].
   Ages are sampled.
   Parameters are updated.
   Updating parameters makes the average log-likelihood of samples increased by [0.076127    -0.04575     0.27629     0.16689     -0.1183    0.065165    0.037325    -0.34161     0.13093 -0.00086766    0.069515     0.30726   0.0051676   -0.020093    0.047109    0.035753     0.13286  -0.0022208     0.17225    0.039725    0.029272    -0.55218   0.0024869    0.012109    0.080423    -0.15749     0.11031    -0.04797     0.83935   0.0015082    -0.13759    0.010732    -0.71036  -0.0030006   0.0081841    -0.17852   -0.010456].
   Ages are sampled.
   Parameters are updated.
   Updating parameters makes the average log-likelihood of samples increased by [-0.071989    -0.35992    -0.24294    0.046753    -0.43784    -0.19742    0.062976      1.0353     0.67624   0.0051049    -0.29555   -0.034986    0.037967    0.015549  -0.0034131   -0.029133    -0.10894    0.036395   -0.031609   -0.018573   -0.032963    -0.08733    -0.18249   -0.010636     0.14137     0.14309     0.01884   -0.058747     0.69239    -0.10453      0.4819    0.063304     0.48183  -0.0052196   -0.001378     0.01221   -0.049821].
   Ages are sampled.
   Parameters are updated.
   Updating parameters makes the average log-likelihood of samples increased by [0.080121     0.29838     0.11261     0.22045     0.61809      0.2001    -0.01979    0.063079     0.44803  -0.0064533    0.021265   -0.031581   -0.090344   -0.097692    -0.43124  -0.0083969    0.072122   -0.043295   -0.016522   -0.036779    0.083053    -0.18533      0.1703 -0.00076569    -0.23969    0.019801   0.0055361     0.13681    0.084292    0.019652     0.04219   -0.056488     0.34244   0.0037968   -0.029079     0.20295   -0.079324].
   Records are aligned to the target stack.
   Iteration 1/10...
   Iteration 2/10...
   Iteration 3/10...
   Iteration 4/10...
   Iteration 5/10...
   Iteration 6/10...
   Iteration 7/10...
   Iteration 8/10...
   Iteration 9/10...
   Iteration 10/10...
   A new stack is updated.
#  Iteration 3:
   Ages are sampled.
   Parameters are updated.
   Updating parameters makes the average log-likelihood of samples increased by [0.42891     0.22689    0.038802     0.46417     0.93914    0.043481     0.15777     0.22286    -0.22202   -0.029937    -0.26847    0.046644     0.40277   -0.017177     0.37963      1.0577   -0.015921    -0.01839    -0.62109   0.0023713    0.020811       3.518     0.36238    -0.13151     0.12791   -0.030603   -0.038726     0.08524    -0.32864    -0.13012    -0.74332     0.03956    -0.49367      1.4874    -0.36668      1.5375     0.22278].
   Ages are sampled.
   Parameters are updated.
   Updating parameters makes the average log-likelihood of samples increased by [0.44862      0.1115    0.050446    -0.03732    -0.04204     0.15819   -0.089087   -0.013968    -0.27507     0.21459     0.31532    -0.20846     0.21885     -0.1127     0.26856     0.54879    -0.30795   -0.098949     0.69885   -0.086163   -0.014771      2.6776    -0.52531     0.12905    0.013578      0.0206    -0.55488    0.074618    -0.59654     0.01586    -0.17527     0.13984      0.2901    0.055369    0.015751    0.027161     0.13088].
   Ages are sampled.
   Parameters are updated.
   Updating parameters makes the average log-likelihood of samples increased by [0.041264   -0.068767    0.069437     0.36901    -0.62216   -0.041009    -0.43118     -0.4087   -0.064362 -0.00077808   -0.018699   -0.044066    -0.17623    -0.11141    0.053004   -0.054842     0.24161    -0.52907    -0.41102    -0.31196     0.11259   -0.094857     0.11913    0.039985     0.06814     0.28849      0.2323     0.19948   -0.075609    -0.42438     0.23413 -0.00085628    0.044711  -0.0044332    -0.26186   -0.031593    -0.51762].
   Ages are sampled.
   Parameters are updated.
   Updating parameters makes the average log-likelihood of samples increased by [-0.0068156     0.99704    -0.64993    -0.23298    0.018509    0.031933    0.042888  -0.0053272    -0.78697   -0.021894 -0.00094571     0.21968   -0.079053    -0.76869  -0.0010595     0.13922   0.0075931       0.474    -0.74435     0.05924    0.027455     0.27697    0.074914    -0.16629     -0.6415     0.28332     0.48821    -0.13365   -0.041721    -0.25512    -0.89712    0.064564      1.3226    -0.17028    -0.81086     0.19153    0.052382].
   Ages are sampled.
   Parameters are updated.
   Updating parameters makes the average log-likelihood of samples increased by [-0.0014997      0.7516   -0.046582     0.22042  3.9506e-05  -0.0044101    -0.02522    -0.38897      0.1261    0.027755    -0.03992    -0.30069    0.058583     0.91656    -0.48905    0.082154   0.0073018    -0.22862     0.32642   -0.083665   -0.082992      0.2461   -0.019368   -0.031342    -0.26665   -0.014138    0.049481      0.1166   -0.031533     0.17626     0.32934  -0.0046247      1.8704     0.10905     0.19815    -0.65959     0.17712].
   Ages are sampled.
   Parameters are updated.
   Updating parameters makes the average log-likelihood of samples increased by [0.017026    -0.15124   -0.014497   -0.019924    0.003946  0.00077272    0.079219     0.34965 -0.00096739     -0.0559   -0.060455    -0.61955  0.00080356     0.20729     0.49265    0.045632   0.0018969     0.18208     0.85285    -0.13388    0.076394   0.0022948    0.047125     0.19627     0.16121    -0.31259      -0.034   -0.095352     0.06968    -0.25871    -0.11042   -0.013368     0.66194    0.077893  -0.0012963     -0.1319   -0.084666].
   Ages are sampled.
   Parameters are updated.
   Updating parameters makes the average log-likelihood of samples increased by [-0.043335     0.16017    0.061342    0.048837   -0.017397    -0.16976    -0.12968   0.0093723   -0.032037     0.25259    0.019194   -0.019053   -0.082383    0.043836    -0.22239    -0.24964 -0.00073858    0.066286      1.0547     0.22995    -0.30828    -0.15599    0.042376 -2.5339e-05    -0.09496     0.27051     0.11934     -0.4158    -0.10153     0.31425      0.1299    0.017467   -0.058588    -0.69036   -0.077176    -0.29223    0.018949].
   Ages are sampled.
   Parameters are updated.
   Updating parameters makes the average log-likelihood of samples increased by [0.039226    -0.27267   -0.024875   -0.035803    0.015124     0.18017   -0.086244    -0.22301    0.020364     -0.2484    0.071375   -0.001469    0.091497 -0.00012278     0.18998   0.0027248   -0.013487   -0.056619    0.086396    -0.18445     0.27333     0.23449    -0.17434    0.018602     0.15541     0.18652   -0.094616     0.50559    0.092827  -0.0030526    -0.22024   -0.020662    -0.25778   0.0041418    0.076912     0.39272    0.046278].
   Ages are sampled.
   Parameters are updated.
   Updating parameters makes the average log-likelihood of samples increased by [-0.1131     0.20184    0.037515    -0.03328   -0.050215   -0.010819     0.19364    -0.18549   0.0090997    -0.29186    -0.38268    0.061676    -0.21655   -0.094749    -0.09483     0.22301    0.010064    0.045101     0.11293     0.14353    -0.13372   -0.058037     0.19114   -0.002536     0.11102    -0.14418    -0.42355     0.12867    -0.26921    -0.23394     0.15602  -0.0087612     0.24958    -0.17212   -0.067108    0.061328    -0.31893].
   Records are aligned to the target stack.
   Iteration 1/10...
   Iteration 2/10...
   Iteration 3/10...
   Iteration 4/10...
   Iteration 5/10...
   Iteration 6/10...
   Iteration 7/10...
   Iteration 8/10...
   Iteration 9/10...
   Iteration 10/10...
   A new stack is updated.
#  Iteration 4:
   Ages are sampled.
   Parameters are updated.
   Updating parameters makes the average log-likelihood of samples increased by [0.12438   -0.042041   -0.049263    0.052781      0.2081     0.20897    0.069413    0.033142    0.011617  -0.0069569     0.18769     0.29008     0.00123    -0.24663    -0.18581     0.23063     0.11721     0.27538    -0.18664     0.27917     -0.2235    0.054263   -0.070689    -0.25533    0.097643    -0.87385    0.030617    -0.25823    0.073866   -0.029634      1.7938    -0.23703     0.37427    -0.13006    -0.34563     0.24357     0.11981].
   Ages are sampled.
   Parameters are updated.
   Updating parameters makes the average log-likelihood of samples increased by [0.47449   -0.078088    0.022323   -0.029798    -0.17317     0.10534   -0.037959    -0.43739   -0.040093     0.21883    -0.18671     -0.0896  -0.0087415    -0.79857    0.022407     0.32189   -0.047515     0.15235     -0.1887      0.2095    -0.15705    -0.16443    -0.14698   -0.024644     0.27886     0.24128    0.057727   -0.014651   -0.094175    -0.03681     0.14061      -0.327    -0.11462      0.1206    0.040629   -0.042519     0.17632].
   Ages are sampled.
   Parameters are updated.
   Updating parameters makes the average log-likelihood of samples increased by [-0.60221    -0.24424    0.035133    -0.17527     0.11453     0.25775     0.13438    -0.14931    -0.01705    -0.21198   -0.075396    0.055952    0.071139     -0.2021   -0.080096    -0.14482  0.00054068    0.063532    -0.21811    0.087393    -0.11337    0.043676     0.21882     -0.6593     0.51346   -0.066042     -0.3098    -0.34069    -0.52865    -0.05504    -0.50408   -0.083558    -0.39036     0.61564     0.24997    -0.79812    0.082295].
   Ages are sampled.
   Parameters are updated.
   Updating parameters makes the average log-likelihood of samples increased by [-0.046827     0.14862   0.0021193     0.12798     0.11026   -0.027081   -0.054478    -0.06347     0.21926    -0.18131    -0.35039   -0.029486     0.23399    -0.56963    0.033837  -0.0028446    0.044979   -0.078325   -0.039812  -0.0023077    -0.42882 -0.00059163     0.17016     0.36002   -0.089964    0.014617   -0.054072    -0.22751    -0.30181   -0.092773     0.27212    0.062308     0.67852    0.061969  -0.0077173    0.054565    -0.12262].
   Ages are sampled.
   Parameters are updated.
   Updating parameters makes the average log-likelihood of samples increased by [-0.17345    -0.28456   -0.056134     0.45277    -0.12585     0.03755    -0.27808    -0.17077    -0.42971    -0.58751     0.10857    0.060179    -0.12681    -0.38591   -0.038262   -0.093152  -0.0024562    -0.52242    0.091736   -0.018981     0.44952    -0.33916    -0.17828      0.1105    0.093327   -0.013258   -0.036175     0.23749      0.7978    0.090621   0.0055905   -0.057703      0.3128     -0.0182    0.094658    -0.21837     0.83522].
   Ages are sampled.
   Parameters are updated.
   Updating parameters makes the average log-likelihood of samples increased by [0.24584     0.15962    0.099794     0.22207     0.17203 -0.00014495     0.31452     0.14874     0.35039     0.38367     0.42448    0.081926      0.2208     0.34067    -0.22673    0.037857    0.010654    0.020696   -0.049653     0.03207    0.017373     0.35907     0.24427    -0.66359    -0.17414     -0.4565    0.046738    -0.65213    -0.30877    0.010005   -0.030784     0.43413    0.033154    0.030043     0.15448     0.23877     -0.6634].
   Ages are sampled.
   Parameters are updated.
   Updating parameters makes the average log-likelihood of samples increased by [-0.18093     -0.6869   0.0083487    -0.13507   -0.021911    0.001759     -0.1084    -0.16628     0.36389    -0.10029    -0.13795    -0.40821   -0.055579    -0.35298     0.33147    -0.55506  -0.0050868   -0.056292    0.047869   0.0077317 -0.00090939   -0.049014     0.11757    -0.30486     0.21877     0.36362   -0.078787    0.033019     0.43362    -0.14786   -0.075309   -0.084254    -0.86657    -0.16522    0.030761    -0.12834    -0.12279].
   Ages are sampled.
   Parameters are updated.
   Updating parameters makes the average log-likelihood of samples increased by [0.20592   -0.026557   0.0052925     -1.3511   -0.017514   -0.008915     0.10281      0.2848    -0.88509     0.58849    0.070736     0.38203   -0.029311    -0.31338   -0.013565      2.1048  -0.0099508    0.035498   0.0045332   -0.041293    0.010741    -0.24402    -0.39725     0.26963    0.023894    -0.18275    0.013047   0.0077056    -0.10615     0.14973    0.060838     0.22668     0.30269     0.12112    -0.07922     0.14865   -0.067311].
   Ages are sampled.
   Parameters are updated.
   Updating parameters makes the average log-likelihood of samples increased by [-0.46626    -0.24255    0.002473     -1.1296     -0.2815  0.00021192    0.045327    -0.14424    -0.43523   -0.040722     -0.2499   -0.063787     0.10709     0.81961    -0.12571    -0.25857  -0.0059184   0.0064286  0.00092313   -0.040544    -0.28446    -0.25662     0.37384    -0.12558    -0.13707     0.28898     0.35279   -0.004927    0.061367   0.0015738    0.032377    -0.59691    -0.08955  -0.0090648  -0.0085425    0.011521     0.23477].
   Ages are sampled.
   Parameters are updated.
   Updating parameters makes the average log-likelihood of samples increased by [0.025046     0.27288    -0.10039    -0.56154     0.28167  -0.0045475 -0.00085319     0.13975     0.11604     0.12407   -0.061889    0.081947   -0.052402     0.50673   -0.065403     -0.1104   -0.094892    -0.25803  -0.0085281    0.052146    -0.17919     0.48931    -0.21299    0.091624     0.12366   -0.081217    -0.48579      -0.018    0.054619    -0.20489    -0.39696    -0.11613    -0.06687    0.016164    0.055508  -0.0075739    -0.03073].
   Records are aligned to the target stack.
   Iteration 1/10...
   Iteration 2/10...
   Iteration 3/10...
   Iteration 4/10...
   Iteration 5/10...
   Iteration 6/10...
   Iteration 7/10...
   Iteration 8/10...
   Iteration 9/10...
   Iteration 10/10...
   A new stack is updated.
#  Iteration 5:
   Ages are sampled.
   Parameters are updated.
   Updating parameters makes the average log-likelihood of samples increased by [-0.1985     0.12991    0.027134    -0.72695   -0.014238     -0.1488   0.0075003  -0.0045076     0.16837     0.11219     0.92723     0.58407   -0.083262     0.22669   -0.034955   -0.058553     0.30434      0.2122     0.39863    -0.14891   -0.017446     0.86029     0.25729    -0.16145   -0.073627     0.16659    -0.16824     0.10593     0.18116    0.054351      1.1941   -0.076408     0.51351    0.038622     0.14008     0.72765     0.25598].
   Ages are sampled.
   Parameters are updated.
   Updating parameters makes the average log-likelihood of samples increased by [-0.06019      0.8722   -0.062371     0.32701    -0.49172   -0.030363    -0.36476     0.16481    -0.23028    -0.11429     -0.2406    -0.29126    0.027671     0.24864     0.13331    0.027659    -0.17792    0.063237     0.40163   -0.051797   -0.071685     0.65846    0.016496   -0.026428     0.34493     0.12441    0.010779    0.010281    0.056073    0.071132     0.93016     0.26001     0.37695    0.075358    -0.59327     -1.1962    -0.26606].
   Ages are sampled.
   Parameters are updated.
   Updating parameters makes the average log-likelihood of samples increased by [0.054994   -0.051505   -0.027322    0.021073   -0.016723    -0.10005       0.216     0.13468    -0.24094   -0.051924     0.37192    -0.21992    0.078559   -0.041229    -0.02726    0.095679     0.17409      0.1197     0.30666   -0.031772     0.16689    0.077095   -0.061161   -0.060506     0.31703   -0.095745    0.042838    0.012324    -0.12599    0.016649     0.91664   -0.015141    -0.04041     0.27443     0.26255      1.5615   -0.032668].
   Ages are sampled.
   Parameters are updated.
   Updating parameters makes the average log-likelihood of samples increased by [-0.14278     0.25036    -0.10294    -0.14568     0.16633     -0.2175    0.012337     -1.0736     0.34166    -0.18654      0.8125    -0.58062    0.022484     0.12795    -0.06792     0.23022     0.19278     -0.4919   -0.022423   -0.030121     0.14133     0.52064    0.016668     0.64106    0.067658    0.051692    0.083808    -0.17855    -0.41712    0.024194     0.01346    -0.23154     0.47905    -0.02767      1.1194    -0.35153    -0.42761].
   Ages are sampled.
   Parameters are updated.
   Updating parameters makes the average log-likelihood of samples increased by [0.094324    -0.32108    -0.37429     0.19869     0.16454    -0.21291  -0.0052182     0.02837    0.029223     0.38424    -0.20324     0.26037  -0.0088602     0.11969    0.010435    0.033884    0.097439    -0.27774     0.03296    -0.06224    -0.16865      2.0814    -0.17754    0.023384    0.072028   -0.052057  -0.0065924   -0.085656     0.65587    -0.23913    0.057558     0.11794   0.0059187    0.078329    0.023346     0.26073     0.12927].
   Ages are sampled.
   Parameters are updated.
   Updating parameters makes the average log-likelihood of samples increased by [0.037135     0.15035    0.073798   -0.024652     0.10235    -0.37695   0.0063597   -0.018074     -0.1232     0.39229      0.1948   -0.059517    -0.19662    0.016032   -0.080958     -0.1573    -0.16315    -0.87118  -0.0070156     0.08006    0.061181    -0.25187     0.15852   -0.018452     0.13451    0.041352   -0.062149     0.12061   -0.057378     0.23008  -0.0054094     0.35542   -0.034957    -0.01885     0.21133   -0.040499    -0.23333].
   Ages are sampled.
   Parameters are updated.
   Updating parameters makes the average log-likelihood of samples increased by [0.018446   -0.085049     0.19057   -0.081267  -0.0024969     0.10309    -0.17813    -0.11643    -0.31565    -0.15521   0.0005661   -0.053395     0.20136   -0.051196   -0.018773     0.15416     0.22699  -0.0093281    0.015989    0.086066      0.1094     0.18133    -0.10516    0.051145    0.028294  -0.0046546    0.058274     0.16378     0.05078   0.0093631  -0.0078906    -0.89388     -0.3587   -0.018541    -0.10749     0.15565     0.18977].
   Ages are sampled.
   Parameters are updated.
   Updating parameters makes the average log-likelihood of samples increased by [-0.023378    0.039875     0.16129     0.10532   -0.068487   -0.050172    -0.35108     0.03049     0.30687    -0.57476   -0.071179   -0.018701   -0.076746    0.045625     0.11504   -0.054574    -0.47876     0.08686    -0.10237    -0.24626    -0.49375     0.44056     0.11454   -0.047261   -0.054168    -0.12979    0.012724    -0.49229    -0.10068    -0.29602    0.042328    0.060948     0.27003    0.025371    -0.25261    -0.03525    -0.34368].
   Ages are sampled.
   Parameters are updated.
   Updating parameters makes the average log-likelihood of samples increased by [0.011725     0.16663   0.0078232   -0.073754    0.063944     0.33938     0.46326    0.033158   -0.053257   -0.012518     0.22362     0.10667    0.078209   -0.098914    -0.15794    -0.18763     0.47172    -0.12216    0.053047    0.023871     0.31206   -0.044111    0.011629    0.034691    -0.12834     0.13756  -0.0048101     0.32506     0.10059     0.07176    -0.16313     -1.1061     0.17373   -0.050877     0.36242   -0.049226     0.54087].
   Ages are sampled.
   Parameters are updated.
   Updating parameters makes the average log-likelihood of samples increased by [0.014185    -0.28295   0.0075691    -0.15679   -0.015263     0.42261    0.061427  -0.0066489     0.20108    0.023854   0.0097573   0.0032735   -0.016024    0.080025     0.10553     0.24349    0.043983     0.10731   -0.048957     0.19948    -0.48002     -0.1158   -0.016304   -0.063787     0.16729   -0.083728   -0.012626    -0.14988    -0.14366     0.21718    0.062988     0.41458    -0.21939   -0.010213    -0.13068    0.027543    -0.40433].
   Records are aligned to the target stack.
   Iteration 1/10...
   Iteration 2/10...
   Iteration 3/10...
   Iteration 4/10...
   Iteration 5/10...
   Iteration 6/10...
   Iteration 7/10...
   Iteration 8/10...
   Iteration 9/10...
   Iteration 10/10...
   A new stack is updated.
   Done.
#  Age model construction algorithm is now running...
#  Iteration 1:
   Ages are sampled.
   Parameters are updated.
   Updating parameters makes the average log-likelihood of samples increased by [-0.17497     0.13688    -0.59466     0.19593    0.014808    -0.73234     -0.4887    -0.44802    -0.28205     0.03301   0.0088667     0.50583   -0.089528     0.15153    -0.16279   -0.054825   -0.025299    0.051196   0.0031819    -0.11561     0.36911     0.89174   -0.056548   -0.048489     0.73619    -0.38566    -0.19667   -0.063042     0.28878   -0.011257     0.52802   -0.077045     0.67584   -0.035005    0.085206    -0.35568    -0.60238].
#  Iteration 2:
   Ages are sampled.
   Parameters are updated.
   Updating parameters makes the average log-likelihood of samples increased by [0.14077    -0.05296    -0.23211    0.036619     0.12785   -0.058933    -0.45282     0.14149     0.13108    0.060797     0.63553    -0.10191    -0.62226    -0.42521   -0.010943   0.0085767    0.031629    0.026903     0.48652    -0.13039     0.52442     0.86734      0.2328      0.2168  -0.0019833  -0.0015604   -0.098659    -0.29224   -0.075251    -0.66491  -0.0019358     0.10816     0.64368    0.099843     0.18364 -0.00012363     0.38195].
#  Iteration 3:
   Ages are sampled.
   Parameters are updated.
   Updating parameters makes the average log-likelihood of samples increased by [0.055599     0.11011   -0.059924   -0.034436    0.082119     0.10394     0.12336    0.036829    0.079737     0.14624     0.12551     0.17971     0.96375    0.087442    -0.95756     0.15199  -0.0043699    -0.28037    -0.87355    -0.26645   -0.088382     0.11109 -0.00013468   0.0086826     0.94539     0.31104   -0.065943     0.34466     0.21626   -0.004943   -0.029136     -0.1251    -0.13904     0.16871      0.2015   0.0073416     0.67239].
#  Iteration 4:
   Ages are sampled.
   Parameters are updated.
   Updating parameters makes the average log-likelihood of samples increased by [0.11554      -0.146     0.11658     0.20749 -0.00046027    -0.21058   0.0010297     0.69792    -0.53631     0.14959    0.074568    0.016761     0.21855      1.7315    0.064295     0.11279    -0.22788     0.23726    0.066959    0.050128     0.22235    -0.12754    0.054773    -0.55687    0.034454   -0.050067    -0.17259     0.20049   -0.032191     0.11791    -0.11856    0.088519   -0.062881     -0.1332    -0.35743     0.17495  -0.0034587].
#  Iteration 5:
   Ages are sampled.
   Parameters are updated.
   Updating parameters makes the average log-likelihood of samples increased by [-0.28515    0.019783    -0.29119    0.097802 -0.00087005    -0.15776   -0.001265    0.056143     0.29672     -0.1234    -0.68351  -0.0064182    -0.17873    -0.52081     0.39129   -0.058054    0.059801   0.0074627    -0.48665     0.01532    -0.29636      0.2644    -0.11648     0.36551    -0.60275   -0.017482   -0.059621     0.42542     0.10282    0.038573    -0.26315   -0.061117     0.21231      0.1245     0.46246    0.022759    0.013311].
#  Iteration 6:
   Ages are sampled.
   Parameters are updated.
   Updating parameters makes the average log-likelihood of samples increased by [0.24129     0.24999     0.22829    -0.21152    -0.14346      0.1949  -0.0032654    -0.31188    -0.83996     -1.0676  -0.0035577    -0.47746     0.20123    -0.06249     0.29888     0.45696    -0.10844   0.0096446     0.30521    0.017529     0.27387     -1.1652    0.039055     0.56043   -0.080192    0.086812     0.14875      0.1108 -0.00074581    0.087207      0.2735    0.069857     -1.3225   -0.021003   0.0059824    -0.23739    0.055948].
#  Iteration 7:
   Ages are sampled.
   Parameters are updated.
   Updating parameters makes the average log-likelihood of samples increased by [-0.26292      -0.423   -0.057901     0.23992     0.10215     0.24025   0.0030465   -0.079704      0.3229   -0.098109     0.33469     0.36567   -0.057766     0.81732    -0.37714    -0.24998     0.15405   -0.054105  -0.0053861   -0.015522    -0.24799    -0.17362   -0.097971   -0.058456     0.23412    -0.15707     0.12158   -0.036662   -0.047685    -0.17561     0.02932    -0.12889     0.87813    -0.21795   -0.035535     0.23833    -0.12438].
#  Iteration 8:
   Ages are sampled.
   Parameters are updated.
   Updating parameters makes the average log-likelihood of samples increased by [0.30653     0.18638     0.11546   -0.095112    -0.22499     0.05313  -0.0057381     0.25233      -1.261    0.047603    -0.47851    0.052144   -0.096842    -0.28846     0.26487     0.22603     0.09693    0.066005     0.15983   -0.026777      0.1422     0.40245     0.17384    0.027553   0.0037207    -0.23963    -0.02439    -0.49022    0.038677    -0.10185    -0.19169    -0.24548    0.014188     0.22927    -0.26629    -0.20616     0.11555].
#  Iteration 9:
   Ages are sampled.
   Parameters are updated.
   Updating parameters makes the average log-likelihood of samples increased by [-0.0029563     0.33238   -0.046827   -0.046101     0.24854    -0.16823   -0.042376     0.11251    -0.58577    0.027575     0.28213     -0.4908    0.096576   -0.087698   -0.093817  -0.0098139    -0.72627    -0.12281    -0.49071    0.048651    -0.24515  -0.0065074  0.00025467    0.098571    -0.50311     0.48279   -0.041186    -0.71193    -0.21652    0.042245    0.019681   -0.082577   -0.018592    0.021291     0.29792     0.15757    0.011993].
#  Iteration 10:
   Ages are sampled.
   Parameters are updated.
   Updating parameters makes the average log-likelihood of samples increased by [-0.0014708    -0.16411    0.046144    -0.16986    -0.11117     0.17611    -0.13988   -0.013751   0.0080214    -0.12189     0.11755     0.63409    -0.55512     0.44638   0.0077303    0.032946     0.10112    0.057552     0.13259   -0.019138     0.18349    -0.31423    -0.18509    -0.41324    0.025562    -0.64035    -0.40272    -0.61523     0.16287     0.12486    0.096517     0.19016    -0.52289   -0.034275   -0.061401    0.010778  -0.0093914].
#  Parameters are learned. Sampling algorithm is now running...
-------------------------------------------------------------------------------------------
#  Results and figures are being stored...
[Warning: MATLAB has disabled some advanced graphics rendering features by
switching to software OpenGL. For more information, click <a
href="matlab:opengl('problems')">here</a>.] 
   Done.
   Results and figures are stored in Outputs/R112_d18O_stack.
-------------------------------------------------------------------------------------------
Parallel pool using the 'Processes' profile is shutting down.
Time elapsed = 52827 s
