MATLAB is selecting SOFTWARE rendering.
OMP: Warning #182: OMP_STACKSIZE: ignored because KMP_STACKSIZE has been defined

                            < M A T L A B (R) >
                  Copyright 1984-2024 The MathWorks, Inc.
             R2024b Update 3 (24.2.0.2806996) 64-bit (glnxa64)
                             November 26, 2024

 
To get started, type doc.
For product information, visit www.mathworks.com.
 
Starting parallel pool (parpool) using the 'Processes' profile ...
Connected to parallel pool with 36 workers.
Number of workers: 36
-------------------------------------------------------------------------------------------
## BIGMACS: Bayesian Inference Gaussian Process Multiproxy Alignment of Continuous Signals
-------------------------------------------------------------------------------------------
## Stack construction algorithm is now running...
#  Initializing...
   Data are loaded successfully.
   Initializing the age samples...
   Done.
#  Stacking algorithm is now running...
#  Iteration 1:
   Ages are sampled.
   Parameters are updated.
   Updating parameters makes the average log-likelihood of samples increased by [34.40396      39.34956      18.04816      7.081929      41.21411      6.061744      13.54628      12.39466       18.3115      17.66529      15.16736      42.00979      11.64703      51.88325      22.09904      125.7039      11.99659       12.1396      6.199552      32.15283      27.26802     0.9620388      83.45099      58.06236      57.89266      80.01214       90.7885      89.04724      58.02924      50.78589        144.65      7.331528      23.50783       57.7968].
   Ages are sampled.
   Parameters are updated.
   Updating parameters makes the average log-likelihood of samples increased by [0.089733     0.30487      0.4144    0.099525     0.21104  -0.0012973     0.39871     0.27382    -0.18226    -0.24421     0.66145     0.40912    0.035272      1.9217    0.041425       0.955    -0.11064   -0.025508   -0.012009   -0.042485      1.2871   0.0011037      7.1252     0.17479     0.30344     0.47026     0.39702      1.9909   -0.071833     0.82894      3.0192    -0.13931      1.6316      0.5294].
   Ages are sampled.
   Parameters are updated.
   Updating parameters makes the average log-likelihood of samples increased by [0.001658    0.041556    0.050099    0.013188   0.0016097   0.0052665     0.13772 -0.00046701     0.40204   -0.050786   -0.051292     0.13235   -0.081611     0.24688    0.016474     0.29674    0.042648   -0.012541    0.078223    0.065196    0.053028    0.014318       1.871   -0.019861   -0.023307    -0.04315    -0.20528     0.26707    0.045613     0.21765     0.10265     0.17738    0.033746     0.06301].
   Ages are sampled.
   Parameters are updated.
   Updating parameters makes the average log-likelihood of samples increased by [0.028408    -0.36545    -0.02961   0.0066439    0.058596    0.028581    -0.19793    0.096342     0.28195   -0.062721   -0.066701    -0.14467   -0.014662   -0.018948    -0.05665   0.0076482   -0.056089   0.0030865   0.0069677     -0.1357   -0.049151   -0.001776       0.105    0.080357  -0.0042159   -0.019079  -0.0032414   -0.033428    -0.22059   -0.022365    0.069452     0.17223 -0.00090688   -0.012791].
   Records are aligned to the target stack.
   Iteration 1/10...
   Iteration 2/10...
   Iteration 3/10...
   Iteration 4/10...
   Iteration 5/10...
   Iteration 6/10...
   Iteration 7/10...
   Iteration 8/10...
   Iteration 9/10...
   Iteration 10/10...
   A new stack is updated.
#  Iteration 2:
   Ages are sampled.
   Parameters are updated.
   Updating parameters makes the average log-likelihood of samples increased by [16.9505      19.7137      13.6363      6.23334      27.4994      7.89734      30.8382      10.0502      17.5799      18.2477      4.85859      28.5904      33.5034      17.6849      26.6457      39.0178      9.63995      3.33536     0.121622      17.8127      5.48466     0.544214      21.5307      29.7088      27.9205      59.2525      42.1926      30.6239      22.3165      40.4493      87.4916      20.4708      15.7536      26.2819].
   Ages are sampled.
   Parameters are updated.
   Updating parameters makes the average log-likelihood of samples increased by [0.498598     0.916536       0.7131   -0.0900453     0.276208     0.350905      1.13941   -0.0342302      1.00481    -0.325151    0.0207954    0.0447651     0.788378       -1.542     0.976384      2.36463       0.2634     0.274261     0.127116     0.887558     0.245304   -0.0601203    -0.153676      1.44328     0.189647      2.97708      2.63646      1.57629     0.694076      4.44898      12.4482     0.954806     0.477155      1.71559].
   Ages are sampled.
   Parameters are updated.
   Updating parameters makes the average log-likelihood of samples increased by [-0.16372    0.049248   -0.011333    0.038008     0.14462    0.050715    -0.14672   -0.027072    -0.79801    -0.16755   0.0045877   -0.010906     0.16895     0.01714   -0.011263      0.1371    0.091077    0.012394    0.010497 -0.00072545   -0.017597  -0.0061093  -0.0060383    -0.15521     0.44738      1.0552     0.22621     0.31864     0.31443    -0.31071   -0.023525    -0.28449     0.15369     0.11202].
   Ages are sampled.
   Parameters are updated.
   Updating parameters makes the average log-likelihood of samples increased by [-0.13562    -0.11797    0.063882     0.21068    0.020838   -0.032674   -0.030538    0.024578     0.19225    0.045627    0.043273     0.20098     0.04269    0.066661    0.066561   -0.055182     0.21651   -0.021701   0.0073202    -0.17993    0.043002    0.025283     0.35794   0.0018935    -0.45013        0.57   -0.011655     0.11986    0.077174    0.012325     0.37111    0.091735    -0.13304    -0.23164].
   Ages are sampled.
   Parameters are updated.
   Updating parameters makes the average log-likelihood of samples increased by [-0.21438     0.19208     -0.1098    0.019528   -0.097568   -0.051223   -0.042024   0.0045569   -0.015182   -0.062157   -0.023102  -0.0059033   -0.073042    -0.25078  -0.0073215     -0.1222    0.042111    0.027255   -0.025075     0.26661    -0.17784   0.0028387    0.042493   -0.036531     0.46475     0.54513   -0.060392    0.054049    -0.19554    -0.16504    0.023107   -0.065384     0.15629     0.34953].
   Ages are sampled.
   Parameters are updated.
   Updating parameters makes the average log-likelihood of samples increased by [0.32122    -0.16155     0.10306   -0.079259    0.099616     0.08917    0.067239    -0.15209   0.0093751   -0.097712    0.016022    0.033949     0.12545   0.0069499    -0.17057    0.072768    0.053588   0.0077702    0.029125    0.035154   -0.017329   -0.016865   0.0028869   -0.067355   -0.040685    -0.34834    0.085629    -0.29181     0.19016     0.14777   -0.057888    -0.06368    -0.15233  0.00078696].
   Records are aligned to the target stack.
   Iteration 1/10...
   Iteration 2/10...
   Iteration 3/10...
   Iteration 4/10...
   Iteration 5/10...
   Iteration 6/10...
   Iteration 7/10...
   Iteration 8/10...
   Iteration 9/10...
   Iteration 10/10...
   A new stack is updated.
#  Iteration 3:
   Ages are sampled.
   Parameters are updated.
   Updating parameters makes the average log-likelihood of samples increased by [0.028891    0.068344   -0.023532   -0.044467    -0.13163  -0.0099469     0.29697   -0.068592     0.23913    -0.66837   -0.031874     0.41996    0.074034       1.247   0.0048623     0.20615    -0.27393    -0.11091   0.0016451     0.25023     0.19852  -0.0090185  -0.0024617     0.51932      0.6039      0.3498     -0.5532     0.18538     0.92091     0.50157      1.5271    -0.16911    -0.15081    0.047115].
   Ages are sampled.
   Parameters are updated.
   Updating parameters makes the average log-likelihood of samples increased by [0.53038  -0.0025993   -0.038786    -0.16495    0.018683    0.026348     0.21867    0.047652    0.068279    -0.18488     -0.3749      0.1028     0.21457  -0.0023144    0.018605    -0.23035    0.084292     0.13095    -0.32736     0.26317   -0.036386    0.026618    -0.12384   -0.082515     0.49884     0.45085     0.14454    0.023099   -0.025005 -0.00020488     0.20619  -0.0094445     0.33603     0.67374].
   Ages are sampled.
   Parameters are updated.
   Updating parameters makes the average log-likelihood of samples increased by [0.047123    -0.30727   0.0067753   -0.091864   -0.021278    0.017221   -0.053763     0.12096   -0.025163    0.032481    -0.20021    -0.35458   -0.071669   -0.046674    0.046551   -0.092451     0.14435     0.01764 -0.00042847   0.0054614    -0.12674   -0.028984     0.60406     0.19168     0.41564   -0.024694     0.11886    0.022397    -0.34968     0.13554    0.073399   -0.011999   -0.096103    0.079844].
   Ages are sampled.
   Parameters are updated.
   Updating parameters makes the average log-likelihood of samples increased by [0.009256    0.066065   -0.038405    0.073447     0.23819    0.022555    -0.11255    0.014196    0.092005    -0.02495     0.24587   -0.026299    0.037949     0.22107   -0.042239    0.049066    0.021986    0.028188    -0.13405   -0.048108   -0.029369   -0.045998    0.075969     0.13951  -0.0026098   -0.018193     0.23169     -0.3544   -0.060471   -0.082857    -0.70766    0.019764     0.22275     0.11808].
   Ages are sampled.
   Parameters are updated.
   Updating parameters makes the average log-likelihood of samples increased by [0.12508    -0.27936   0.0099965     0.13242    0.097701     0.01622    -0.59609  0.00064366    -0.19657     -1.1871    0.036242    0.050584  -0.0014636   -0.019141   -0.055244   -0.019887    0.073979    -0.14892     0.20437     0.05724   -0.074184    0.037795    0.015117   -0.032446    -0.10704    -0.11199    -0.10326    0.027853     0.13638      0.2089     0.25184   -0.043787    -0.15713    -0.27396].
   Ages are sampled.
   Parameters are updated.
   Updating parameters makes the average log-likelihood of samples increased by [0.0017085    0.043664    0.029345     -0.1151    -0.46224   -0.050227     0.20541   -0.099198     0.12891    -0.40579  0.00078832   -0.020674   -0.010725   -0.017262     0.12033    0.064528    0.029859   -0.025583   -0.058619    -0.26757    0.042861    0.015563    0.012641    0.035245     0.11284     0.13116    0.097895     0.21169     0.13881  0.00084504     0.39437    -0.22285    0.087944    -0.52355].
   Ages are sampled.
   Parameters are updated.
   Updating parameters makes the average log-likelihood of samples increased by [-0.0099714   -0.014472   0.0014935     0.10348     0.12537    0.047377  -0.0019705     0.09899    -0.14049     0.17442    0.064017   0.0019752    0.011786    -0.27639    0.082126    -0.24123     -0.0144     0.12624     0.36706     0.27253    0.080926  -0.0042353    -0.02719   -0.075302  0.00012022   -0.031759    -0.12254      0.1903    -0.18532    0.076282    -0.12016    -0.25943    -0.20501     0.31042].
   Records are aligned to the target stack.
   Iteration 1/10...
   Iteration 2/10...
   Iteration 3/10...
   Iteration 4/10...
   Iteration 5/10...
   Iteration 6/10...
   Iteration 7/10...
   Iteration 8/10...
   Iteration 9/10...
   Iteration 10/10...
   A new stack is updated.
#  Iteration 4:
   Ages are sampled.
   Parameters are updated.
   Updating parameters makes the average log-likelihood of samples increased by [-0.10443   -0.079537   -0.016028  -0.0070548     0.06284     0.13481    0.084833    0.021512    -0.16967    -0.17637    -0.30087   -0.017827    -0.17515    -0.23702     0.21742    0.047557    -0.64179  -0.0044447   -0.065553   -0.055919     0.26475    0.079246   -0.015458    0.095767    -0.11071    -0.29809   -0.010949     0.13934    0.062381  -0.0076479     0.14902     -0.3516    0.070724    -0.15535].
   Ages are sampled.
   Parameters are updated.
   Updating parameters makes the average log-likelihood of samples increased by [-0.3705  -0.0074531    -0.03597  -0.0039198     -0.1288   -0.053965   -0.073105    0.077055   -0.040582     -0.5289   -0.046195    0.058208   -0.028956    0.020685   -0.057534    -0.20652    0.039536   0.0040219  -0.0046684   -0.075692   -0.022702   -0.043071    -0.12986    -0.49322     0.29217   -0.081618   -0.012234      0.1074    0.095098      0.3858    -0.33957    -0.29046    -0.28991   -0.075811].
   Ages are sampled.
   Parameters are updated.
   Updating parameters makes the average log-likelihood of samples increased by [0.0050968    0.022192     0.36103    -0.03729   -0.062999    -0.22016    -0.79396   -0.042279    -0.06564    -0.66102    -0.20275    -0.11329     0.14695    -0.24344    -0.56552   0.0014536    0.085014   -0.029314    -0.13682     0.12833    0.031637    -0.11927    0.054663   -0.024295    -0.32979    -0.19207    -0.42137 -0.00039578    -0.13843    0.029174     0.17692    -0.28691     0.10308     0.20264].
   Ages are sampled.
   Parameters are updated.
   Updating parameters makes the average log-likelihood of samples increased by [-0.059474      -0.138      0.3566    -0.02054    -0.10003    0.025514    0.058216    0.098596    0.039821     0.34387  0.00070187    -0.18377    0.011311   -0.036933    0.051579    -0.01012    -0.10809    -0.22973   -0.020927   -0.064488     0.13769  -0.0018659    0.010294    -0.29962    -0.11268     0.20611     0.10039   -0.035788    -0.61151    -0.75832      1.4453    -0.27122   -0.086489    -0.24911].
   Ages are sampled.
   Parameters are updated.
   Updating parameters makes the average log-likelihood of samples increased by [0.087062     0.16877    -0.29132   0.0069443    0.080296    0.060166     0.28774      -0.255   -0.009132    0.082015   0.0067292     0.22899   -0.091287  -0.0092807   -0.062379   -0.019218     -0.7143     0.11775   0.0050948     0.07432    -0.51214  -0.0062426  -0.0054405     0.33176     0.17455    0.050646    0.093023   -0.060179     0.17348   -0.023677     0.26007    -0.10459   0.0003324    -0.08799].
   Ages are sampled.
   Parameters are updated.
   Updating parameters makes the average log-likelihood of samples increased by [-0.0017371    -0.15999     0.19165    0.003969   -0.027654    0.011743   -0.025129    0.035795    0.086748     0.46619   -0.016521   -0.031577    -0.11228  -0.0043182    0.087242    0.026929     0.20686     0.18679    0.029398    0.011631     0.43212    -0.11877   -0.050588     0.17149    -0.26272  -0.0016611    0.024713     0.27913   -0.040866   0.0048604    -0.18463    -0.28451     0.35148     0.51279].
   Ages are sampled.
   Parameters are updated.
   Updating parameters makes the average log-likelihood of samples increased by [-0.0074274    0.088557    -0.36993   0.0096192   -0.047018   -0.021031    -0.37537     0.16341    -0.10791   -0.025166  -0.0054847   -0.080142     0.19648    -0.23497   -0.028954    0.026949    0.090044   -0.065212   -0.058233    0.002435    0.057052     0.10061    0.017784    -0.42485      0.3953    -0.13089    -0.10865    -0.29075     0.10544   0.0038765   -0.023414     0.49761    -0.77922    -0.26978].
   Ages are sampled.
   Parameters are updated.
   Updating parameters makes the average log-likelihood of samples increased by [-0.091673    -0.33019    -0.31519   0.0003665     0.12207    0.016876     0.38357    -0.16948   -0.015903    -0.16493  0.00062049     0.11098    -0.12528      0.1647   -0.061647  -0.0034404   -0.093491   -0.057754    0.059857  -0.0026562    -0.43892    0.011138    0.020473    0.057856    0.072931     0.14113  -0.0044059    0.019383    0.040126    -0.36829    -0.41842  -0.0081193    -0.33484    -0.16859].
   Records are aligned to the target stack.
   Iteration 1/10...
   Iteration 2/10...
   Iteration 3/10...
   Iteration 4/10...
   Iteration 5/10...
   Iteration 6/10...
   Iteration 7/10...
   Iteration 8/10...
   Iteration 9/10...
   Iteration 10/10...
   A new stack is updated.
#  Iteration 5:
   Ages are sampled.
   Parameters are updated.
   Updating parameters makes the average log-likelihood of samples increased by [0.10066   -0.038016    -0.36112   0.0082844    -0.13371    -0.43807   -0.039603     0.24013    0.036016    0.021188   -0.035957    0.079382  -0.0054623    -0.20029  -0.0062478   -0.025252     0.10299   -0.020404   -0.094422    -0.14461      0.2548    0.017815     0.24429    0.057298    -0.11338    0.067142    0.026673    -0.13954     0.32384     0.17729    0.024001    -0.70245   0.0048015    0.036018].
   Ages are sampled.
   Parameters are updated.
   Updating parameters makes the average log-likelihood of samples increased by [-0.061828   -0.026125  -0.0013553    0.036608     0.01167    -0.11033    -0.75089   -0.030034   -0.026209   -0.039718     0.20507    -0.19111   -0.012943     0.04997     0.03186    0.060811    0.036278   -0.010667    0.078246    -0.40092    -0.53893    0.054086     -0.2285     0.17591     0.10173    -0.76569    -0.09563    -0.16434    0.030552    0.016664    -0.22033    -0.29247    0.072036     0.32413].
   Ages are sampled.
   Parameters are updated.
   Updating parameters makes the average log-likelihood of samples increased by [-0.067511    -0.14954  -0.0032432    0.061728    -0.42893    0.012545    -0.31855    -0.13776    -0.98313   -0.059476     0.12803   -0.029481    0.016839     0.17582    -0.43066    -0.22185     0.18914   -0.035678  -0.0031101   0.0047212  -0.0062149   0.0039809   -0.033427      0.2048    -0.40783   -0.038262     0.21653    0.008458     0.21398    0.028937      0.7474    -0.16842   0.0054499    0.004418].
   Ages are sampled.
   Parameters are updated.
   Updating parameters makes the average log-likelihood of samples increased by [0.14271   0.0055163   -0.024977   -0.021723     0.11809    0.017481   0.0071156     0.13398   -0.046743    0.072703     0.45691    0.058142    0.018046     0.29788     0.40063    -0.46159     -0.2985    0.060902    -0.22713  -0.0066072   0.0069031     0.16905     0.12017    -0.13536    -0.67135   0.0064159     0.33887   0.0079824     0.14975    0.086852     0.83625    0.091846     0.26408    -0.14873].
   Ages are sampled.
   Parameters are updated.
   Updating parameters makes the average log-likelihood of samples increased by [-0.41214    0.013231   -0.011604     0.02113   -0.021767     0.12688    0.010031 -0.00029991     0.11726    -0.25235    -0.32747    0.047015   -0.025985     0.12792     0.05014     0.33737     0.34665     0.20466     0.19046  -0.0035851   0.0073046  0.00029148    -0.18892      0.1795    0.067455   0.0037305   -0.011812    0.026057     0.10756    -0.13861    -0.17356   -0.048571    -0.23015     0.13355].
   Records are aligned to the target stack.
   Iteration 1/10...
   Iteration 2/10...
   Iteration 3/10...
   Iteration 4/10...
   Iteration 5/10...
   Iteration 6/10...
   Iteration 7/10...
   Iteration 8/10...
   Iteration 9/10...
   Iteration 10/10...
   A new stack is updated.
   Done.
#  Age model construction algorithm is now running...
#  Iteration 1:
   Ages are sampled.
   Parameters are updated.
   Updating parameters makes the average log-likelihood of samples increased by [0.2027   -0.089159     0.18673   -0.035713     0.16149    0.031306   -0.010938    0.015874    -0.20824    0.031224    0.017103   -0.061903   -0.045452   -0.024203   -0.043241    0.049785    -0.30957    0.082959     0.15529     0.24953     -0.0482   -0.023597   0.0022489    -0.03783  -0.0070604    0.096624   -0.083391    0.038654      1.6761    0.082789     0.18877    -0.10247     0.57673     0.14785].
#  Iteration 2:
   Ages are sampled.
   Parameters are updated.
   Updating parameters makes the average log-likelihood of samples increased by [0.14972     -0.1523     0.16356    -0.15364  -0.0010311     0.08835   -0.084577    0.019961    -0.34498    -0.16813    0.002986    0.074661    0.085495   -0.039796   -0.051544    -0.55589    0.023689     0.18813   -0.085265    0.032164    -0.54196   -0.012524     0.18777    0.017256   0.0089145    0.038047    -0.20955     0.16544     0.16561    0.045771    0.054801   -0.012655    -0.19934    -0.50873].
#  Iteration 3:
   Ages are sampled.
   Parameters are updated.
   Updating parameters makes the average log-likelihood of samples increased by [0.080297    0.028334     0.48141  -0.0020073   -0.016479     0.30712  0.00071721  -0.0067447     0.11245    0.011043    -0.15674   -0.044493   -0.047792      -0.643     0.20282     0.45875    0.025759    0.032511     0.11262   0.0090666     0.16174    0.072996    -0.13597    0.075245     0.12642   -0.010236    0.060927    -0.12948     -1.1387    0.032653     0.72382     0.15608     0.21217    0.042265].
#  Iteration 4:
   Ages are sampled.
   Parameters are updated.
   Updating parameters makes the average log-likelihood of samples increased by [0.023959    -0.35331    0.086578    -0.17546    0.077688     0.33849     0.56277   -0.058904   -0.058069     0.15483    0.082434    0.022276    -0.04315     0.19083    -0.16307    -0.13996   -0.015842   -0.054359     0.21571    0.087684    -0.35077   0.0060744  -0.0083481    -0.08638     0.02161    -0.02509    -0.12299   -0.049562  -0.0081972    -0.45864    -0.25049    -0.29889  -0.0013997    -0.25971].
#  Iteration 5:
   Ages are sampled.
   Parameters are updated.
   Updating parameters makes the average log-likelihood of samples increased by [-0.014348    -0.45421     0.27216    0.055208    -0.05947    -0.14687     0.17355    0.033144    0.013471    -0.11214    -0.23278     0.03664    -0.14094   -0.078504    0.042579      0.3064    -0.15918    0.060327    -0.21166    0.084332     0.40277   -0.040993    0.013388     -1.3498    0.010979   -0.036055     0.15001  -0.0050619    0.004023      0.4721    0.005426     0.27495   -0.040804    -0.24687].
#  Iteration 6:
   Ages are sampled.
   Parameters are updated.
   Updating parameters makes the average log-likelihood of samples increased by [-0.15151     0.64805    0.057742     0.28325    -0.12381    0.085898    -0.11675    0.022377    -0.30271     0.22465     0.46787   0.0018024     0.17986   -0.038039   -0.024142    0.076813    0.095666  -0.0077256    0.074952    -0.32912   0.0083237    0.052885  -0.0057132     0.22625  -0.0073373    0.011321   -0.063314    0.044922  -0.0020127     -1.0675    -0.26031    -0.32579    -0.13872      0.1747].
#  Iteration 7:
   Ages are sampled.
   Parameters are updated.
   Updating parameters makes the average log-likelihood of samples increased by [0.18209    -0.59466    -0.16773    -0.54658     0.11175    -0.28848      0.1267   -0.011503   -0.022176    -0.99158    -0.11955   -0.011534   0.0041852     0.12406    0.087886    -0.12619    0.036313   -0.043207     0.13107     0.29135   -0.038936   -0.050618    -0.10211    -0.10536    0.018489    -0.19754   0.0043211   -0.030419   -0.051034    0.087027     0.24386    0.034751     0.17277     0.17659].
#  Iteration 8:
   Ages are sampled.
   Parameters are updated.
   Updating parameters makes the average log-likelihood of samples increased by [0.0011877    0.072263    0.049646     0.18937    0.075068   -0.016881    0.016379   0.0087436     0.34458    -0.42132     0.10694   -0.026661   -0.002474   0.0083336    -0.31272     0.19918    0.001682    0.047709    -0.14234   -0.028195  -0.0077466    0.060715    0.096446     0.12912   -0.010568     0.15059    0.068725   -0.066215    -0.14666   -0.008038   -0.053964    -0.19332   -0.031468    -0.47867].
#  Parameters are learned. Sampling algorithm is now running...
-------------------------------------------------------------------------------------------
#  Results and figures are being stored...
[Warning: MATLAB has disabled some advanced graphics rendering features by
switching to software OpenGL. For more information, click <a
href="matlab:opengl('problems')">here</a>.] 
   Done.
   Results and figures are stored in Outputs/R113_d18O_stack.
-------------------------------------------------------------------------------------------
Parallel pool using the 'Processes' profile is shutting down.
Time elapsed = 16812 s
