MATLAB is selecting SOFTWARE rendering.
OMP: Warning #182: OMP_STACKSIZE: ignored because KMP_STACKSIZE has been defined

                            < M A T L A B (R) >
                  Copyright 1984-2024 The MathWorks, Inc.
             R2024b Update 3 (24.2.0.2806996) 64-bit (glnxa64)
                             November 26, 2024

 
To get started, type doc.
For product information, visit www.mathworks.com.
 
Starting parallel pool (parpool) using the 'Processes' profile ...
Connected to parallel pool with 36 workers.
Number of workers: 36
-------------------------------------------------------------------------------------------
## BIGMACS: Bayesian Inference Gaussian Process Multiproxy Alignment of Continuous Signals
-------------------------------------------------------------------------------------------
## Stack construction algorithm is now running...
#  Initializing...
   Data are loaded successfully.
   Initializing the age samples...
   Done.
#  Stacking algorithm is now running...
#  Iteration 1:
   Ages are sampled.
   Parameters are updated.
   Updating parameters makes the average log-likelihood of samples increased by [91.40519      124.7549      30.48775        95.787      8.419229      128.7215       148.345      107.6335      82.45216      19.95183      83.53504       14.6081      136.7893      198.7909      8.857179     0.2314585      73.47642      123.3293      30.71898      15.12181      7.408602      10.24752      232.6947        82.207      14.05663      180.4632].
   Ages are sampled.
   Parameters are updated.
   Updating parameters makes the average log-likelihood of samples increased by [1.11629      2.35513      3.62305        3.761       1.0766       1.7869      11.1049      2.81273      6.86971     0.806863      2.63612    -0.662237      4.98237       5.1784     0.366764    0.0721964      2.41126      8.92335     0.797095     0.227235      0.72478    0.0426373      15.8558      3.21055      1.10548      1.81001].
   Ages are sampled.
   Parameters are updated.
   Updating parameters makes the average log-likelihood of samples increased by [0.10454   -0.017107    0.013575     0.01953    -0.40058     0.65694     0.47533     0.76191      1.1804     0.11757    0.025803   -0.040361    0.018418    -0.31315    0.015196     0.10685    0.028946     0.49586    -0.29531    -0.16796    -0.14497     0.51311      8.7071     0.23217   0.0046412       0.107].
   Ages are sampled.
   Parameters are updated.
   Updating parameters makes the average log-likelihood of samples increased by [0.0061469    -0.13334   -0.018626   -0.031146  -0.0036741     0.49007     0.03874   -0.082606     0.31477    0.031708    0.058151     0.10002    -0.65636     0.33638     -0.2767     0.16744    0.028343     0.45945     0.12285   -0.010614    -0.25868 -0.00096729     0.19701     0.13855     0.13872    -0.01338].
   Ages are sampled.
   Parameters are updated.
   Updating parameters makes the average log-likelihood of samples increased by [0.0080903    0.091478  -0.0094887    0.097054    0.070207   -0.027365     0.15458    0.038061   0.0040808  -0.0026307    0.026154    0.049663    0.091573    -0.11441     0.31854   -0.052213  -0.0032125    -0.12436      0.0156     0.16529     0.38034 -0.00020266     0.20176     0.07145   -0.017002    -0.10812].
   Records are aligned to the target stack.
   Iteration 1/10...
   Iteration 2/10...
   Iteration 3/10...
   Iteration 4/10...
   Iteration 5/10...
   Iteration 6/10...
   Iteration 7/10...
   Iteration 8/10...
   Iteration 9/10...
   Iteration 10/10...
   A new stack is updated.
#  Iteration 2:
   Ages are sampled.
   Parameters are updated.
   Updating parameters makes the average log-likelihood of samples increased by [59.31168      58.35484      46.13151      34.20625      7.465874      74.03785      45.09248      43.07779      26.28707      10.96482      19.75763       11.1172      31.44655      97.55975      3.795293      2.999539      26.93344      84.45591      17.81593      10.18245      6.004787       9.47627      36.78192      46.26871      2.491753      125.2094].
   Ages are sampled.
   Parameters are updated.
   Updating parameters makes the average log-likelihood of samples increased by [0.56661     0.89903     0.71899     0.87991    -0.16155      1.5734      2.8178     0.77507      1.6437      1.2944     0.13668     0.13017    0.028983     0.96312    -0.20596    -0.17183    -0.48832       2.021     0.11178   -0.028756     0.35404     -0.1635      4.1017      1.1285    -0.16832      1.4297].
   Ages are sampled.
   Parameters are updated.
   Updating parameters makes the average log-likelihood of samples increased by [-0.10933     0.11927    -0.16979   -0.033095   -0.084587   -0.005899    -0.20694    0.049765   -0.020921     0.28888   -0.055572   -0.061491     0.02068   -0.051664    -0.60059    -0.26479     0.71217     0.80198   -0.028629     0.31417    -0.30758    0.015923    -0.17154     0.28494    -0.13022     -0.1313].
   Ages are sampled.
   Parameters are updated.
   Updating parameters makes the average log-likelihood of samples increased by [-0.23284   -0.088472    -0.19628   -0.048221      0.1039    -0.20227    0.019394   -0.065051    0.021728    0.076525    0.054748     0.15962    -0.28266    0.076557    0.077336   -0.041982     0.12939    0.022183   -0.023508    -0.15133    0.024464    0.048356    -0.31466    -0.31452    -0.19927    -0.25842].
   Records are aligned to the target stack.
   Iteration 1/10...
   Iteration 2/10...
   Iteration 3/10...
   Iteration 4/10...
   Iteration 5/10...
   Iteration 6/10...
   Iteration 7/10...
   Iteration 8/10...
   Iteration 9/10...
   Iteration 10/10...
   A new stack is updated.
#  Iteration 3:
   Ages are sampled.
   Parameters are updated.
   Updating parameters makes the average log-likelihood of samples increased by [-0.30258     0.10763    -0.23503    0.035857     -0.0945     0.89184     0.12788   -0.073133      1.4397     0.14934    0.025472    -0.10236   -0.059441     0.51068    -0.26874    -0.06213     0.13343   -0.067698   -0.039527   -0.060548      0.1599    -0.18341    -0.68638   -0.067269    0.078191     0.53756].
   Ages are sampled.
   Parameters are updated.
   Updating parameters makes the average log-likelihood of samples increased by [0.80477    -0.24548    -0.32266    -0.31315 -3.4252e-05    -0.14791     0.21393     0.10767     0.41674     0.32748     -0.1454    -0.14543     0.11544    -0.20132    0.055095    0.052704     0.26867     0.16574   -0.012083     0.24096    0.054633    -0.15986   -0.019436    -0.10195   -0.056785     0.18718].
   Ages are sampled.
   Parameters are updated.
   Updating parameters makes the average log-likelihood of samples increased by [0.024646    -0.56277    -0.11785    -0.13698  -0.0030368   -0.046548      0.1077    0.058856     0.32864    -0.21906     0.37325   -0.069757   -0.020753    0.010777    -0.35632    0.041619    0.055997    0.004421     0.11684    0.026035   -0.054765    -0.19442     0.40933     0.68293   0.0054076    -0.45283].
   Ages are sampled.
   Parameters are updated.
   Updating parameters makes the average log-likelihood of samples increased by [0.12506    0.025216    -0.75055     0.23654    -0.22144     0.35208    0.049579    -0.16034    0.039364     -0.2753     0.29448    0.032558    -0.91764     0.15365   -0.085967     0.14998    0.026426   -0.078769     0.12619     0.28403    0.013236   -0.079583    0.028073     0.10622    -0.13537     0.60803].
   Ages are sampled.
   Parameters are updated.
   Updating parameters makes the average log-likelihood of samples increased by [-0.26421     0.22355      0.1793   -0.022116   -0.012337   -0.021119   -0.016003     0.48672  -0.0058512     0.30451    -0.12828    -0.26481     0.32649    0.020327    0.060019   0.0074498   -0.017436     0.30627    -0.25511      0.2084    -0.10198    0.025159     0.01886    0.071904     0.22243     0.40047].
   Records are aligned to the target stack.
   Iteration 1/10...
   Iteration 2/10...
   Iteration 3/10...
   Iteration 4/10...
   Iteration 5/10...
   Iteration 6/10...
   Iteration 7/10...
   Iteration 8/10...
   Iteration 9/10...
   Iteration 10/10...
   A new stack is updated.
#  Iteration 4:
   Ages are sampled.
   Parameters are updated.
   Updating parameters makes the average log-likelihood of samples increased by [0.93587   -0.034248   -0.095712     0.17915     0.29136   0.0062311     0.07154     0.12192     0.50759     -0.1598     0.26229     0.06375    0.053229    -0.07296     0.10018   0.0020989    -0.09321    0.077804    -0.61935     0.56468   -0.064722    0.046491    0.083251    -0.02083     0.37899     0.11871].
   Ages are sampled.
   Parameters are updated.
   Updating parameters makes the average log-likelihood of samples increased by [0.039653     0.42444    0.061019    -0.57584    -0.45189    0.048818    -0.31914   -0.083025    0.028777     0.11053    -0.21875   -0.032639    -0.21554     0.12522     0.46136   -0.067596    -0.38558    0.059232     0.32495    -0.01483    0.072405    0.053647      0.2618     0.27029     0.13228     0.26438].
   Ages are sampled.
   Parameters are updated.
   Updating parameters makes the average log-likelihood of samples increased by [-0.1895    -0.18576    -0.30802    0.054291   -0.021609   -0.021283     0.26116   -0.021922    -0.32156   -0.015968    0.019626   -0.021641     0.12941  -0.0035609    -0.33891   -0.036068   -0.016402      1.0082    -0.73962     0.10139     0.28699    -0.24234    -0.44471     0.38545     -0.2922    -0.12235].
   Ages are sampled.
   Parameters are updated.
   Updating parameters makes the average log-likelihood of samples increased by [-0.039265   -0.089689      -1.043    0.022273    0.060352     0.24794    0.010798    -0.31739     0.57095    0.067145    -0.19655    0.018361    0.070165     0.28823   -0.054512    -0.33227    0.051465     0.38683   -0.031861    0.061634    -0.22231   -0.028037     0.35735     0.50291  -0.0095051     0.14658].
   Ages are sampled.
   Parameters are updated.
   Updating parameters makes the average log-likelihood of samples increased by [-0.11538     0.01128     0.23315     -0.2669    0.029385    -0.08951  -0.0054265     0.41236   -0.037853    0.025367     -0.1286    -0.19455   -0.078859    -0.20525    0.080656     0.40094    0.034497     0.26403    0.037472   -0.046637     0.14961   -0.016155   -0.039256     0.28879   -0.016214 -0.00036669].
   Records are aligned to the target stack.
   Iteration 1/10...
   Iteration 2/10...
   Iteration 3/10...
   Iteration 4/10...
   Iteration 5/10...
   Iteration 6/10...
   Iteration 7/10...
   Iteration 8/10...
   Iteration 9/10...
   Iteration 10/10...
   A new stack is updated.
#  Iteration 5:
   Ages are sampled.
   Parameters are updated.
   Updating parameters makes the average log-likelihood of samples increased by [0.26283  -0.0090977    0.092129    0.071927     0.11396      1.3034    -0.57361   -0.042646     -0.1395      1.0314     0.16994      0.1426    -0.21187    -0.63135     0.65487     0.17631    -0.33834     0.12051    -0.54375    -0.69204   -0.027884    -0.26704     -1.0685    -0.37378   -0.096113    -0.12272].
   Ages are sampled.
   Parameters are updated.
   Updating parameters makes the average log-likelihood of samples increased by [0.073746    -0.23162     0.10364     0.50678   0.0058855     0.62341     -0.0341     0.35528       0.261    0.099445     0.27967    -0.15537   0.0037424    -0.75694     0.24949  -0.0084758  -0.0028326     0.36799    0.059858    -0.19729      0.7387     0.33717     0.46792    0.081174     0.12395      0.1068].
   Ages are sampled.
   Parameters are updated.
   Updating parameters makes the average log-likelihood of samples increased by [-0.13886     0.23897      -0.194    -0.34988     0.11807   -0.045252   -0.025456    -0.16785   -0.070139    0.024144     0.28492    0.070201   -0.066625     0.10102   -0.057192    -0.11087   -0.050741    -0.39816    -0.22455    0.071093   -0.077291    0.063929    -0.35122  -0.0037264    0.065788    -0.27503].
   Ages are sampled.
   Parameters are updated.
   Updating parameters makes the average log-likelihood of samples increased by [-0.19764   0.0030099    0.080743    0.034025  -0.0023376  -0.0051302     0.10663   -0.043826   -0.078236  -0.0091621    -0.26258    -0.19435    -0.14383   -0.028083    0.024284    -0.18076   -0.058741         0.2    0.068829    0.027834  0.00046857   -0.049288     0.67438    0.052676   0.0050923    -0.25785].
   Ages are sampled.
   Parameters are updated.
   Updating parameters makes the average log-likelihood of samples increased by [0.26726    -0.26957    0.070719    0.094705     0.06875    -0.12222     0.46219  -0.0059055    0.028445     -0.1298     0.33313    -0.10621    -0.33978   -0.083867    -0.08779    -0.11961     -0.1376    -0.25278    -0.26997   -0.047052   -0.050258    -0.14457      -2.156   -0.087083    -0.21872     0.56755].
   Ages are sampled.
   Parameters are updated.
   Updating parameters makes the average log-likelihood of samples increased by [-0.021383     0.26861     0.10639    -0.00533    -0.26797   -0.059332    -0.66258    0.040851   -0.011957  -0.0015918    -0.46881   -0.057129    -0.12094     0.13414    0.089358   -0.025464     0.16299     0.20676    -0.26623    0.057669     0.10543    0.093659    -0.77282    0.089325     0.19507    -0.81121].
   Ages are sampled.
   Parameters are updated.
   Updating parameters makes the average log-likelihood of samples increased by [0.028604    -0.19765    -0.75263   0.0082156      0.2522     0.44102    -0.63803  -0.0090387    -0.17331   0.0018667     0.39999     0.30121    -0.46349    0.023608   -0.032942     0.21419    0.069402    -0.30296     0.62401   -0.015497 -0.00083733    0.066763     0.27557   -0.011326    0.022473   -0.035991].
   Ages are sampled.
   Parameters are updated.
   Updating parameters makes the average log-likelihood of samples increased by [-0.47375     0.15593     0.33107   -0.014534   -0.027983    -0.94904    -0.11496    -0.11064     0.21113     0.12627     0.07498    -0.16268     0.65524   -0.034426   -0.010585     0.12967    -0.19379     0.17744  -0.0058206    0.031557   -0.091725     0.15071   -0.033349   -0.070805   -0.019042     0.35779].
   Ages are sampled.
   Parameters are updated.
   Updating parameters makes the average log-likelihood of samples increased by [0.36537    -0.42949     0.12805   0.0096601    0.028623     0.45764    -0.56937    0.097689    -0.12066   -0.012108   -0.023015     0.19748    0.043606    -0.25612    0.049806   -0.053553     0.18541     0.16574    -0.39462   -0.026072    0.029408   -0.063283    -0.78393      0.0888    -0.10571   -0.017303].
   Ages are sampled.
   Parameters are updated.
   Updating parameters makes the average log-likelihood of samples increased by [0.10427     0.44209    0.013215   -0.011265    0.079782   -0.046983 -0.00088396    0.019586     0.12097     -0.2006   -0.064978    0.023472   -0.031404    0.047528   -0.040907    0.080809   -0.066218    -0.33036     0.15299    0.023483     -0.1767    0.061453    -0.12859   -0.077381     0.12784    -0.26994].
   Records are aligned to the target stack.
   Iteration 1/10...
   Iteration 2/10...
   Iteration 3/10...
   Iteration 4/10...
   Iteration 5/10...
   Iteration 6/10...
   Iteration 7/10...
   Iteration 8/10...
   Iteration 9/10...
   Iteration 10/10...
   A new stack is updated.
   Done.
#  Age model construction algorithm is now running...
#  Iteration 1:
   Ages are sampled.
   Parameters are updated.
   Updating parameters makes the average log-likelihood of samples increased by [-0.040214   -0.081302     0.07704    -0.41557   -0.086897   -0.041071   -0.060711    0.073051     0.25681       0.292   -0.094869     0.12165    -0.14886     0.30291     0.26926     0.12677    -0.38859    0.011065    0.037608     0.25016     0.16329     0.65616    -0.17173     0.10937    -0.84673    -0.20482].
#  Iteration 2:
   Ages are sampled.
   Parameters are updated.
   Updating parameters makes the average log-likelihood of samples increased by [0.049638   -0.019526     0.36278     -1.1439     0.75063   -0.073653    0.017329     0.45876    -0.18423     0.15164     0.16608    -0.08583      1.4307   -0.036112  -0.0023483     0.13163      0.1203    0.053412     0.11932   -0.078255   -0.010448    -0.18246    -0.75083    -0.32717   -0.081187     0.39394].
#  Iteration 3:
   Ages are sampled.
   Parameters are updated.
   Updating parameters makes the average log-likelihood of samples increased by [-0.13224   -0.084289   -0.095074    -0.29594    -0.15996    -0.27376    0.009486      0.0231   -0.075646    0.010123    -0.25707  -0.0090213       0.148    -0.66402   -0.074795    0.048017   -0.024884   -0.015106    -0.27697   0.0036983     0.16973  -0.0064873   -0.071742   -0.062282   -0.016606     0.20247].
#  Iteration 4:
   Ages are sampled.
   Parameters are updated.
   Updating parameters makes the average log-likelihood of samples increased by [0.029247    0.010337    -0.06588     0.14916   -0.085941     0.27884    -0.35725    -0.50205   0.0051302    -0.36158    -0.50121    0.051242     0.16244     0.20557     0.22894   0.0061485     0.35939    -0.60944    0.084683   -0.076792     0.47134    0.061483   -0.055242     0.20143   -0.028571   -0.032833].
#  Iteration 5:
   Ages are sampled.
   Parameters are updated.
   Updating parameters makes the average log-likelihood of samples increased by [-0.10704   -0.076369    -0.38968 -0.00031903    0.062536   -0.017533    0.050576    0.079738     0.03035      0.3899    -0.20461    -0.34637    0.075801    -0.23687    -0.41671   -0.065998     -1.5979    -0.55889    0.016509     0.12162     -0.2197   -0.029604  -0.0042753    -0.24238    0.055078   -0.036858].
#  Iteration 6:
   Ages are sampled.
   Parameters are updated.
   Updating parameters makes the average log-likelihood of samples increased by [0.13864    -0.18297     0.40973  -0.0069954    -0.38417    0.021538     0.35162     0.28264    -0.27417    -0.23089    -0.29733     0.41253    -0.13853     0.12819     0.79768   -0.064149      1.1025     0.29709    -0.13906   -0.061921     0.10159    0.018995    0.047859      0.3069   -0.047325     -0.4281].
#  Iteration 7:
   Ages are sampled.
   Parameters are updated.
   Updating parameters makes the average log-likelihood of samples increased by [-0.013721     0.13633     -0.2475   0.0075559     0.26131    -0.55364   -0.004065    -0.31841     0.18219    -0.18275     0.50849    0.060976    0.082979    -0.42135     0.44774     0.15724    0.093045    0.071973    0.079984   -0.041414   -0.027674   0.0098164    -0.28448    -0.38675    -0.21175     0.47425].
#  Iteration 8:
   Ages are sampled.
   Parameters are updated.
   Updating parameters makes the average log-likelihood of samples increased by [-0.0043547    0.023673     0.28408   -0.012974    0.053494     0.31208   -0.018061    -0.85995    0.072958     -0.1883     0.10479   -0.033393    0.047592    -0.32023     0.29481   -0.026455    0.051051   -0.030755    0.046834   -0.067633   -0.049279     -0.1456     0.17337     0.15357     0.14947     -0.1371].
#  Iteration 9:
   Ages are sampled.
   Parameters are updated.
   Updating parameters makes the average log-likelihood of samples increased by [-0.053251    -0.20135    -0.31204     -0.2334    -0.16342   -0.009417   -0.036337    0.058958  -0.0012619     0.42406     0.12778    0.069712   -0.066117     0.89571   -0.026638   -0.079917    -0.27504   -0.017801    -0.02172     0.22334     0.16466     0.12106     0.10776     0.18347    0.091832    -0.18595].
#  Iteration 10:
   Ages are sampled.
   Parameters are updated.
   Updating parameters makes the average log-likelihood of samples increased by [0.072734     0.24546      0.1823     0.21847     0.44413   -0.042991    0.032649   -0.076821    0.046541   -0.022633    -0.12194   -0.019932   -0.022477     0.28363    -0.52881     0.10546     0.19394    0.095054   -0.013793   -0.043758    -0.55391    0.011405  -0.0066148    0.014519    0.035996    -0.11378].
#  Parameters are learned. Sampling algorithm is now running...
-------------------------------------------------------------------------------------------
#  Results and figures are being stored...
[Warning: MATLAB has disabled some advanced graphics rendering features by
switching to software OpenGL. For more information, click <a
href="matlab:opengl('problems')">here</a>.] 
   Done.
   Results and figures are stored in Outputs/R114_d18O_stack.
-------------------------------------------------------------------------------------------
Parallel pool using the 'Processes' profile is shutting down.
Time elapsed = 11614 s
