MATLAB is selecting SOFTWARE rendering.
OMP: Warning #182: OMP_STACKSIZE: ignored because KMP_STACKSIZE has been defined

                            < M A T L A B (R) >
                  Copyright 1984-2024 The MathWorks, Inc.
             R2024b Update 3 (24.2.0.2806996) 64-bit (glnxa64)
                             November 26, 2024

 
To get started, type doc.
For product information, visit www.mathworks.com.
 
Starting parallel pool (parpool) using the 'Processes' profile ...
Connected to parallel pool with 36 workers.
Number of workers: 36
-------------------------------------------------------------------------------------------
## BIGMACS: Bayesian Inference Gaussian Process Multiproxy Alignment of Continuous Signals
-------------------------------------------------------------------------------------------
## Stack construction algorithm is now running...
#  Initializing...
   Data are loaded successfully.
   Initializing the age samples...
   Done.
#  Stacking algorithm is now running...
#  Iteration 1:
   Ages are sampled.
   Parameters are updated.
   Updating parameters makes the average log-likelihood of samples increased by [36.9449      25.7524      40.3645      16.2306      16.7629      11.7676      13.9003      4.50448      25.1449      17.7998      2.94142      4.33325      7.28811      7.29975      9.02659      1.48783      5.55737      16.8171      19.6218      14.5076      13.9541      14.9463      47.0484      17.8549      39.9518      78.0221      38.3179      10.1492      36.5274      20.2932      19.9912      22.5141      44.9781      14.2867      59.6803      14.8358      15.2426      8.76881      24.8079      19.9599      5.81536      26.2449      3.23128      18.6221      20.4257      16.4694      17.4023      2.54494      61.4191      14.3859      53.9881      54.2337      20.0038      23.2742       12.009      45.7604      26.3277      15.4781].
   Ages are sampled.
   Parameters are updated.
   Updating parameters makes the average log-likelihood of samples increased by [1.0047      1.0189      4.7494     -0.6497     0.27406   -0.095226     0.49791    -0.12573      1.5986      1.8166     0.48539     0.10382     0.34066    -0.22564     0.29242   -0.097751     0.30898     0.95334      2.1772    -0.18173      1.5246     0.90607      1.6211      1.2366     0.53199      3.3331      7.2472     0.47288      2.9775      2.3449     0.61324      2.0408      1.4698      1.1948      4.3877     0.48723     0.59317     0.12877      1.4308     0.45142      1.2449   -0.091784     0.75029      1.4158    0.089398      1.4753    -0.97392    0.085657      3.7399     0.69377     0.91985      2.9891     0.72411      0.8638     0.73975      7.1471      1.1743      4.2299].
   Ages are sampled.
   Parameters are updated.
   Updating parameters makes the average log-likelihood of samples increased by [-0.064736    -0.31896      1.3307   -0.093379     0.14343    -0.27367    -0.12629    0.082541     0.06826    -0.12069     0.23812     0.10261   -0.071518      0.0618    0.097293    0.042018   -0.093123    -0.21704     -0.1707   -0.050468      0.1028    -0.13611    0.095376     0.15294   -0.061967      0.2633      0.5092     0.40157     0.17034   -0.082229      1.1725   -0.076135    0.060066    -0.11969   -0.033389     0.12959     0.59862     0.13295   -0.020654    -0.15147   -0.078594   -0.077765     0.21462    0.073373     0.21767    -0.27043     0.49668     0.16465     0.60879    -0.57786    -0.92775     0.84406     0.11321   -0.024179    0.048852     0.85679     0.36713     0.45647].
   Ages are sampled.
   Parameters are updated.
   Updating parameters makes the average log-likelihood of samples increased by [0.14044     0.23281     0.50711    0.068489   -0.061294     0.17257    -0.28042    -0.25134    -0.45317   -0.083844     0.25467   -0.023452   -0.065497     0.10429   -0.092353    -0.16012   -0.095842     0.45228    -0.12172     0.01212    -0.67589     0.15399      0.2106    -0.86412    -0.20869   -0.088343    -0.14272    -0.17948    -0.24527     0.10025    -0.75817   -0.053759  -0.0046104    -0.42592    -0.51102    -0.02286     0.11051    0.051795      1.0065    0.041816    -0.27848   -0.046929     0.10378     0.22758    0.092456     0.13519     0.24304   -0.059256    0.013324     0.11321      0.3981    -0.54527    -0.10189  -0.0029286   -0.097205     0.40915    0.065687    -0.14406].
   Ages are sampled.
   Parameters are updated.
   Updating parameters makes the average log-likelihood of samples increased by [-0.92175   -0.065195      0.1693     0.12629  -0.0078172    0.046046    -0.34622     0.30646       0.408    0.027071     0.22575    -0.16639    0.022411    -0.64422   -0.067004     0.18826    -0.11132   -0.080724    0.075402    -0.26053     0.23573    -0.29595    -0.22449    -0.16519     0.23424    0.039333     0.13873     0.31162    -0.46314    -0.24309    -0.31441    0.077592    -0.10882     0.16878    -0.42663    0.015357   -0.085897  -0.0068294    -0.10269    -0.19322    -0.14375     0.17426     0.08593   -0.067508   0.0087334  -0.0019463  -0.0021479    -0.27044  -0.0031253    -0.02377     0.21017    0.021231    0.084018  -0.0099749    -0.20905    -0.18634   -0.016478    0.083984].
   Ages are sampled.
   Parameters are updated.
   Updating parameters makes the average log-likelihood of samples increased by [-0.41736    0.076609    -0.06043   0.0010409     0.08873   -0.021164     0.73952   -0.056786     0.13248     0.14614    -0.47175     0.17756    0.053897     0.10185   -0.027796   -0.076821     0.13485    -0.28404     0.03672     0.19606    -0.52582     0.28031     0.04132    0.021167   -0.023794    -0.10627  -0.0081299   -0.049955     0.61235    0.049356     0.30673   0.0049037     0.11281    0.042711     0.63661  -0.0030062     0.11239     0.03243     0.18174   -0.034158      1.1902    -0.20064   -0.099925   -0.030002 -0.00052127   -0.058594    -0.01845     0.32709   0.0087152    0.048994    -0.21577   -0.034661   -0.019158   -0.046408     0.33273    -0.83853  -0.0025135     -0.5314].
   Ages are sampled.
   Parameters are updated.
   Updating parameters makes the average log-likelihood of samples increased by [0.27009    -0.12024   -0.045275    -0.19941    0.013699  -0.0025796    0.066178    0.054278     -0.3529    0.028218     0.22175    -0.04049   0.0025369    -0.22401     0.17962   0.0049779    0.076876     0.35975    -0.09024    0.067451   -0.010065   -0.019382     0.14915     0.19198    0.036954     0.10983   0.0030979     0.18864    -0.43897    -0.16054    -0.18225   -0.008555  -0.0042145    -0.11079     0.18689   -0.026775    -0.29692   -0.057453   -0.066983      0.1133    0.058332     0.16219     0.06138   -0.074434  -0.0013578    -0.13308    0.023332   -0.024232    -0.35521    -0.10243     0.20573  -0.0036817   -0.058608    0.011174     -0.2385     0.66294   0.0052545    -0.11442].
   Ages are sampled.
   Parameters are updated.
   Updating parameters makes the average log-likelihood of samples increased by [-0.073601    -0.10991    0.076494    0.096216   -0.037868     0.06877   -0.014056   -0.061595     0.29038    0.015379     0.18661    0.073403    0.002762    0.088726    -0.42954    -0.31029    -0.08212    -0.10651   -0.015181   -0.013246   -0.090882   -0.048779    0.046388    -0.22207  -0.0045886    -0.34891   -0.042713    -0.40959   -0.066139     0.33637     0.38181  -0.0031363    -0.11253   -0.090167     -1.7591    -0.24332     0.27365   -0.034655     0.15487      0.1096   -0.010101    -0.14258    0.021652    -0.64216    -0.11258     0.21114  -0.0086136     0.10037     0.19806   0.0099299   -0.031422   -0.022022    0.011119    0.034387    0.049029    0.028894   -0.016934    -0.09898].
   Ages are sampled.
   Parameters are updated.
   Updating parameters makes the average log-likelihood of samples increased by [0.21068     0.21947    -0.01669    0.074772    0.011983    0.011078   -0.042963    0.019707    0.062873   -0.031004    -0.11249   0.0043847  -0.0076238   -0.029858      0.3845     0.34315    0.051897    -0.27379   0.0098115    0.011063    0.070301   -0.030196   -0.085893     0.12281    -0.11067     0.32632    0.033783     0.24822     -1.6949   -0.077588    -0.62669   -0.021277    0.041551     0.25642    -0.99609     0.26679   -0.071142    0.077336    -0.14293   0.0023628   -0.069796     0.11731   -0.068286    -0.74699     0.07949    0.012833    -0.32613  -0.0004704     0.07873     0.01866    -0.23246    0.070195    0.064712    -0.18254     0.18616    0.085262    0.035172     0.14103].
   Ages are sampled.
   Parameters are updated.
   Updating parameters makes the average log-likelihood of samples increased by [-0.012864   0.0056834    0.042505  -0.0041393   0.0056803   -0.018105    0.091704    0.032434   -0.046866    0.019314     0.17791  -0.0084626   0.0064371    -0.13478  -0.0063217    0.094149    -0.05783     0.38189    0.026054   -0.053966   0.0061257     0.10133    -0.26225    0.046345     0.11504   -0.040082    0.014037    -0.14254    -0.19134    0.096803    -0.12589    0.029991    0.047005    0.044235   0.0028607    -0.11394    -0.10433   0.0067355    0.035204   -0.022029   -0.098444  -0.0068036    0.049064    -0.16479   -0.010865    -0.27924     0.32708   -0.037454   -0.042889    0.030695     0.27491   -0.014094  -0.0077496     0.19247   -0.053566     -0.3319   -0.024547   -0.060542].
   Records are aligned to the target stack.
   Iteration 1/10...
   Iteration 2/10...
   Iteration 3/10...
   Iteration 4/10...
   Iteration 5/10...
   Iteration 6/10...
   Iteration 7/10...
   Iteration 8/10...
   Iteration 9/10...
   Iteration 10/10...
   A new stack is updated.
#  Iteration 2:
   Ages are sampled.
   Parameters are updated.
   Updating parameters makes the average log-likelihood of samples increased by [99.20038      53.47556      40.49773      24.34975      19.76121      4.939954      23.89968      24.16967      26.96525      25.21939      23.90728      109.8211      28.15032      37.87031      20.53037      64.85236      26.04494       18.8744       66.6042      37.60405      33.18155      22.41537      99.89297      95.82707      72.87268      157.8229       48.5315       34.2737      392.2055      49.33446      11.60497      39.26866      59.54105      67.30292      111.4461      28.25228      16.93598      8.556737       24.4638       58.3738      23.52393      39.56108       15.0317      31.89158      18.70421      21.89825       37.0563      106.7304      132.4743      21.87863      5.910127      73.55953      47.13716       52.3862      41.58388       159.731      28.01505      26.71903].
   Ages are sampled.
   Parameters are updated.
   Updating parameters makes the average log-likelihood of samples increased by [26.1664      18.1045      10.5639      1.41196      11.7568      3.50527      6.84934      4.87203      8.32085      17.6601      4.78321       6.4715      3.57871      1.50558      5.68759      1.24758      3.59634      1.18771      17.9342      2.49912      6.52446     0.240401      8.37632      8.72426      43.3328      88.8209      2.63143      2.53539      64.9944     0.840578     -0.33739      13.5196      21.0749      1.64191      8.47231      6.38711      9.30101      2.03704      2.18466      7.23634      5.83929      20.3721      3.89471      8.03341      7.78148      5.34971      9.04633        2.063      65.4183      3.99058     0.558142       32.323      26.2992      14.7738      6.52394      44.2005       6.5658      1.58012].
   Ages are sampled.
   Parameters are updated.
   Updating parameters makes the average log-likelihood of samples increased by [4.557334      1.270223      6.349361      3.221632       4.18944     0.7154628      9.935694    -0.3138929      10.16061      10.37894      7.151405       1.95238     -1.279281    -0.1128782      2.960306     0.6190195      1.794186      1.977599      3.024765      5.006581     0.8663258    0.06778227      8.786303      2.228656      3.055789      11.57896    -0.7586469     0.4656985      123.4828      1.610729     0.1808816      2.519423      4.081896      3.220926      3.188631    -0.0356479      5.145857      3.411038      0.221432      11.30298      5.486213      1.745359      1.380821      1.718323    -0.4611791     0.7946898       2.31997    -0.1117801      13.02895   -0.02450436   -0.03924469      4.788337      4.934012      2.397039      12.90005      37.42676      4.082448     0.8988355].
   Ages are sampled.
   Parameters are updated.
   Updating parameters makes the average log-likelihood of samples increased by [-1.124139      3.511135      1.754457     0.8491427     0.2235036      1.770753       1.63132   -0.04299746      8.189349      1.118521      3.467745    -0.1224893     0.1699855     0.3987865      6.576816     0.8474989    0.03450625     0.3463005     0.2148663      2.794458    -0.1940492   -0.07797845      2.997312    -0.7979736   -0.07391083      5.633412    -0.2758853    0.02018575      123.2108      2.396416       1.50899     0.1899772     0.2312552     0.6095016    0.02711065     0.2984957      3.023517     0.4277505    0.08485264      2.106184     0.5494184    -0.9804292    0.01062006      0.789963      1.032784      3.057647   -0.02396105   -0.08365737     0.8706696     0.6933721     0.2693641     0.1414253    -0.3784153     0.1123119      1.645238      7.960152      1.359953      2.585015].
   Ages are sampled.
   Parameters are updated.
   Updating parameters makes the average log-likelihood of samples increased by [-0.068799      1.53459    0.0331103     -0.13647    0.0241302     0.585238   -0.0359439   -0.0975605     0.173413  -0.00157035     0.650334     0.183886  -0.00469614    0.0972118       0.5771     0.229459     0.456571    0.0874713    -0.073504    -0.378125    -0.356209    0.0438215     0.488864    -0.724698    -0.161768     0.338733   -0.0130862   -0.0250249      33.8456      0.13141    -0.335335    0.0131208     0.387923      0.68916    0.0292221   -0.0925276   -0.0350425    -0.150741     0.643578     0.385717   0.00879205     0.545163    -0.137441     0.127849    -0.132221     0.498465     0.115951    -0.198943   -0.0853958     0.277027      -0.1174      -0.2639      0.40179   -0.0106846     0.200528     0.333964     0.631947    -0.276974].
   Ages are sampled.
   Parameters are updated.
   Updating parameters makes the average log-likelihood of samples increased by [0.064035     0.98369  -0.0047725     -0.3178   -0.084458    0.085693    0.038485     0.13715     0.12045   -0.055881      0.1879   0.0088291    -0.45658    -0.29959   -0.047633   -0.012142    0.091075   -0.052893     0.10956     -1.4371      0.4691    -0.62409    0.031216     0.36533    -0.17999    -0.34547      -0.239    -0.24492      2.3932    0.043645     0.10988   0.0060703    0.048509      4.1541   -0.020087     0.10228    -0.10076   -0.025746   -0.045921    0.081413    -0.30835  0.00037299     0.11494    0.098559    -0.12762    -0.32633   0.0010745    0.075028    -0.10763    0.079388    -0.68243     0.23646    -0.15202   0.0095682    0.022644       0.269      -2.256     0.30591].
   Ages are sampled.
   Parameters are updated.
   Updating parameters makes the average log-likelihood of samples increased by [0.0119295     0.151962    -0.133245     0.294907     0.105915    0.0270863    -0.303424   -0.0338123    0.0516348    -0.122601    0.0243826    -0.106669     0.307279     0.198905     0.163442    0.0528322     -0.70194    0.0623612    0.0213227    0.0859086    -0.230464     0.794397    -0.162047  -0.00493601     0.457963     0.303482     0.271264     0.190234    0.0107792    -0.228173   -0.0930464   0.00842134     0.006192      1.03853    0.0503621   -0.0214286     0.125889     0.121671  -0.00636297    -0.258593     0.306539   -0.0508475    0.0224983    -0.919681      -0.2848     0.408132   0.00605799    0.0761438    -0.190352    -0.285459    -0.354211    -0.245442    0.0771773    -0.202472   -0.0153699   -0.0596887      10.1967    0.0502466].
   Ages are sampled.
   Parameters are updated.
   Updating parameters makes the average log-likelihood of samples increased by [-0.037686     0.12133     0.16521    0.035082    -0.12728   -0.042687     0.12519    -0.17521    0.025184   0.0032304    0.015423    0.040065    0.087641   -0.061468    -0.13014    -0.22574     0.37378  -0.0056488    -0.22186   -0.044459    0.064515     -1.0843     0.20552  -0.0017775    -0.29005    -0.33365  -0.0098613   -0.029059    -0.20598      0.1576     0.20525   -0.037038     0.21134      1.3268     -0.1568    0.027552   -0.046677    0.072477    0.028338     0.09812     0.10402    0.053121    -0.10324   -0.086603     0.50499   0.0027737  -0.0074148    0.039343     0.24771  -0.0096497   -0.060981      0.2089   0.0082355    0.081177   -0.045341    0.010006      6.8218    -0.11751].
   Ages are sampled.
   Parameters are updated.
   Updating parameters makes the average log-likelihood of samples increased by [0.066347    -0.50534  -0.0078078   -0.092836    -0.02994    0.041552     0.11986    0.097705    -0.12686     -0.1368     -0.1098    0.043091    -0.17886     0.15467     0.13537     0.28883   -0.030703   -0.032563     0.19108    -0.17689    0.081974     0.86698   -0.023874    0.011383   -0.049433     0.23104    -0.04182     0.14519     -0.1495    -0.32898    -0.35707    0.039876   -0.013984     -0.2057     0.15134    -0.13451    0.054248    -0.15692   -0.064993    0.058437   -0.033093  -0.0080776     0.09631   0.0019478    -0.18939    -0.17239    -0.04072     -0.1972    0.010323     0.32953    -0.42423    0.067355   -0.033588    0.031585    0.058179   -0.012001   -0.083799   -0.051291].
   Ages are sampled.
   Parameters are updated.
   Updating parameters makes the average log-likelihood of samples increased by [-0.0027308   -0.057002   -0.020989    -0.16688     0.15914  -0.0081041  -0.0061392   -0.050775     0.12021     0.22249    0.087354  -0.0045296     0.16187   -0.064598   -0.023535    -0.31678    0.012558    0.037885   -0.042523     0.29213    -0.27865     0.21694   -0.079618    -0.11603     0.31868     0.14361     0.10212    -0.19945    -0.14346     0.13198    0.010919   -0.039688    0.017063   -0.068242    -0.16846     0.11565   -0.036116    0.082005    0.051747    0.031818   -0.049908   -0.012231   -0.003635     0.05968     0.11772      0.1333    0.035783     0.17275    -0.56236   -0.048941    -0.24092   -0.058753  -0.0066847   -0.090676   -0.080994   0.0048355   -0.029422   -0.044889].
   Records are aligned to the target stack.
   Iteration 1/10...
   Iteration 2/10...
   Iteration 3/10...
   Iteration 4/10...
   Iteration 5/10...
   Iteration 6/10...
   Iteration 7/10...
   Iteration 8/10...
   Iteration 9/10...
   Iteration 10/10...
   A new stack is updated.
#  Iteration 3:
   Ages are sampled.
   Parameters are updated.
   Updating parameters makes the average log-likelihood of samples increased by [2.5356     0.16635      2.8383     0.43873      1.3555    0.064523      1.0042     0.52617      3.0692     0.61311     0.44373     -1.2239      1.6523    -0.29067     0.19341       1.313     0.86461      1.6633      1.1604     0.69252     -1.3056      1.4764     0.70812     0.47398     0.74015      2.4646      0.5504    -0.13002      6.0682     0.71241     0.40664      1.2176      2.0482     0.60426      1.5335      2.4128     0.66618       1.218   -0.029197     0.17642      0.5587     0.67526     0.94927       2.192     0.85768     -1.1982     0.59853       2.259      1.6823    0.057074      2.5269      2.4515      1.0116   -0.089927      1.0958      3.1209     0.71423      -0.833].
   Ages are sampled.
   Parameters are updated.
   Updating parameters makes the average log-likelihood of samples increased by [0.0012587     0.31992    -0.28121      2.4757   -0.085285     0.29663     0.39002   -0.015953     0.27769     0.14214    -0.80526      0.8179    0.070756    -0.24914    -0.13554      1.0382      2.0213     -0.2604   -0.091584   0.0093312    0.019677    -0.37996    0.051679     0.22647    -0.03227    -0.26886    -0.52008     0.28463      0.1695     0.33482   -0.095967    0.098785     0.10284     0.08949      1.1317      2.3268     0.79885     0.90472     0.17945     0.41664    0.050351    -0.16614    0.029753     0.34547     0.21141    -0.54852     0.41822    -0.13744     -2.4171    -0.24937    -0.19372    0.033304    -0.23801     0.12033     0.47947    -0.24514      1.2367     0.39943].
   Ages are sampled.
   Parameters are updated.
   Updating parameters makes the average log-likelihood of samples increased by [-0.079434   -0.026279   -0.052262      1.0514      0.2265   0.0034349    -0.47499   -0.034499    0.052631    0.073432    -0.19978    0.024239     0.11244     0.16371    -0.40552    -0.18331      1.1027     0.28624    0.021394   0.0043527    -0.43491   -0.017431   0.0075619   -0.057893    -0.36461    -0.54541    0.042375   -0.041017      1.1192    -0.14251   -0.066722    -0.12765     -0.6067     0.22927     0.25125    0.038677      -0.334    0.021825  -0.0044085     0.27946    0.079151   -0.020081   0.0051836     0.52967     0.66923    -0.13877    -0.48002    0.077034    -0.28441     0.16011     0.12203     0.20674   0.0072928     0.10336   -0.054151     -0.1675     0.66479    -0.34784].
   Ages are sampled.
   Parameters are updated.
   Updating parameters makes the average log-likelihood of samples increased by [0.08123    -0.13591     0.20421      2.7703   -0.096102     0.16922   -0.069763    0.022634   -0.017766    0.014532     0.26726     0.42781    -0.02768    -0.38966   -0.020346     0.12828     0.36136     0.17762     0.12597   0.0079231     0.26493    0.026652   -0.018661    0.048124     0.48485     0.10941    0.071813   -0.044856     0.15666   -0.085948     0.16881   -0.018119     0.56786     0.04664    -0.99545     0.45747    0.014236   -0.097294   -0.060287     0.19666   -0.027058     0.28149    0.022208    0.071565   0.0079929     0.11234   -0.033085   -0.031404   -0.053813    -0.23628     0.15285     0.28804     0.39629    -0.41825   -0.051758     0.57226    -0.18932     0.11075].
   Ages are sampled.
   Parameters are updated.
   Updating parameters makes the average log-likelihood of samples increased by [-0.031598     0.13186    -0.16032      2.5136    -0.13388    -0.16071    0.072546  0.00011381    -0.16015   -0.029668   -0.013876    -0.25614   -0.057064     0.10325    -0.22444    -0.38847  -0.0025442    -0.12261    -0.19967   -0.012459  -0.0028314     0.14352    -0.24283  -0.0035385   -0.046507  -0.0041021    -0.20509    0.056873     -2.1479     0.15895     0.13606   -0.049063    0.055702    -0.03529      1.6869    -0.18303    -0.21148     0.18822   -0.020794    0.042888    0.012798    -0.56639   -0.078373    0.029866   -0.084235    -0.15189    0.010637    0.041424     0.14045    -0.26438     0.11063    0.027128    -0.13957     0.90973    0.015619   -0.040873    -0.23346   -0.098707].
   Ages are sampled.
   Parameters are updated.
   Updating parameters makes the average log-likelihood of samples increased by [0.12422    -0.78356     0.09505     -1.3758     0.22706      0.2121    -0.32319   -0.032167     0.22958    -0.50021    -0.20311     0.17907   -0.049797     0.19516     0.22365     0.21502   -0.069206    0.037906      0.0312    -0.14646    -0.15904    -0.62692    -0.33079   -0.072921    0.065057   -0.066013     0.14548    0.077713     0.38027    -0.22499   -0.056403    0.023717   -0.010973   -0.061493    -0.91332   -0.027961      0.2051    -0.15453    0.057455    0.020546   0.0041018    -0.11599    0.053577   -0.064467    0.052617     0.19127   -0.017205   -0.022378     0.20287    0.075248    -0.31774   -0.024652     0.14331    -0.06719    0.047031   -0.097701     0.19201    -0.17244].
   Ages are sampled.
   Parameters are updated.
   Updating parameters makes the average log-likelihood of samples increased by [-0.042369   -0.031581    0.040375      2.1112   -0.034962    0.033528    0.036351    0.016537   -0.038632     0.16612    0.011811   -0.066735    -0.23946    0.070289   0.0022322    -0.10572    0.071871    -0.58148     -0.4615     0.13759    0.077556    0.077397     0.33414   0.0044767   -0.067962    0.048468    -0.14973   0.0064392    -0.11521    -0.20836     0.04961    0.027486    -0.10291   0.0053733   -0.031195     0.12776   0.0060756   -0.029592   -0.045166    0.064475     0.05929   -0.057517    0.084339    0.024847    0.062646    -0.23909    0.011324    0.012615    -0.14018  -0.0038691     0.42628    0.023106   0.0003946    0.027356  -0.0037523     0.16599   -0.015015     0.04059].
   Ages are sampled.
   Parameters are updated.
   Updating parameters makes the average log-likelihood of samples increased by [0.0012785    0.089505    0.043383     0.79014    0.031975   -0.084523     0.21826    0.035555    0.041169   -0.063731    -0.14619    0.042957     0.47969    -0.47917   -0.027503    -0.09822   0.0021621   -0.080384     0.57232    0.021506   0.0011277    0.013592    0.018526    0.073007    -0.12555    0.010682     0.25051   -0.044625    -0.15853     0.31719    -0.32041   -0.083214   -0.086999    -0.23824    0.030525   0.0083113   -0.028263     0.19208    0.043293   -0.018782    0.003733     0.12992    -0.51486   0.0083728    -0.12663     0.26644    -0.38586    0.019136    0.045148    0.057545    -0.66674   -0.013136   -0.059524   -0.074017   -0.044537   0.0081038    -0.57813  -0.0059671].
   Ages are sampled.
   Parameters are updated.
   Updating parameters makes the average log-likelihood of samples increased by [0.05637  -0.0053279    -0.18854     0.05011   0.0019379   0.0012974    0.068551    -0.29213   -0.081794   0.0036223     0.23974     0.12666    -0.13914     0.72359    -0.10581     0.33722    -0.10867    0.055227     0.21278    -0.11709    -0.41747   -0.032368     0.25987   -0.018276   -0.054497  -0.0038609   -0.031847   -0.032949     0.25748    -0.22819      0.2684  -0.0020191     0.11348     0.32215     -0.3153   -0.066498    -0.10976    0.051294   -0.013916    0.019294    -0.23306  -0.0058071     -0.2499  -0.0037291    0.081788    -0.06728     0.37637   -0.013891    0.053575     0.11621    -0.15182   -0.010935   -0.047358    0.059508    0.028586  -0.0010332    -0.60956     0.15267].
   Ages are sampled.
   Parameters are updated.
   Updating parameters makes the average log-likelihood of samples increased by [-0.23858    0.021953     0.17573  -0.0037591  -0.0050228   0.0035078    -0.19014     0.17402    0.036614    0.049884     0.12752    -0.32509    0.052354    -0.25317    0.059405    -0.40859     0.10492    -0.04628   -0.051318    0.037325      0.5573    0.033172    -0.30576   -0.012606     0.20501    -0.37457    0.020262   -0.020735   -0.070351     0.45795    0.056311    0.039004    -0.21758    -0.01186      0.1519     0.14185     0.11931    -0.23107    0.015508 -0.00057709      0.2239    -0.18755     0.20613   -0.041818    0.043147   -0.040931    0.024974    0.013536    0.026486     0.13048     0.15094   -0.049156    0.043054    0.041764    0.018942   -0.013057    -0.21846    0.084488].
   Records are aligned to the target stack.
   Iteration 1/10...
   Iteration 2/10...
   Iteration 3/10...
   Iteration 4/10...
   Iteration 5/10...
   Iteration 6/10...
   Iteration 7/10...
   Iteration 8/10...
   Iteration 9/10...
   Iteration 10/10...
   A new stack is updated.
#  Iteration 4:
   Ages are sampled.
   Parameters are updated.
   Updating parameters makes the average log-likelihood of samples increased by [0.10055     0.12641    0.058243     0.58987     0.35888     0.18504   -0.060152    -0.15572     0.14183     0.47895   -0.041621     0.84266   -0.093341    -0.27068   -0.051076     0.18358    -0.43443   -0.061435     0.50441     0.20605     0.14229   -0.021764     0.32456    -0.16988       1.624     0.33049     0.17859    0.012094      3.0562    -0.36273      1.9848     0.65929   -0.020068     0.94572    -0.94551    0.077081     0.17521     0.23546     0.11258   -0.035924    0.074524     0.27258     0.22742    -0.12191  -0.0078195   -0.031399   -0.098086    0.050234     0.59658    -0.67988   -0.027427     0.49001     0.49001    -0.34244    -0.58237     0.41297     0.25677   -0.039552].
   Ages are sampled.
   Parameters are updated.
   Updating parameters makes the average log-likelihood of samples increased by [0.0050015    -0.23808    0.036379    0.064153   -0.025245     0.21831    -0.17221  0.00015617     0.10074   -0.046547   0.0084026     0.13204     0.17002    -0.53778     0.14384   0.0086948    -0.57327      0.2038     0.32279     -0.4543   -0.019626   -0.058676    -0.10497    -0.16802   -0.036982    -0.15151    -0.51054  -0.0075802     0.26529    -0.39127   -0.028334   -0.026026    0.071306   -0.034353     0.40927    -0.50264   -0.054649     0.10807     0.15657    0.078344    -0.15132      0.2977    0.036472     0.28681    0.063731     0.17468    -0.13688    -0.14524     0.36849    -0.22577    -0.41377     0.43244     -0.2831    0.054569     0.01086    0.085488     0.18825     0.16241].
   Ages are sampled.
   Parameters are updated.
   Updating parameters makes the average log-likelihood of samples increased by [0.37346    -0.14144    0.010922    0.040107     0.46938    0.071818    0.042675   -0.011348    0.062588    0.044376     0.38846    0.020195  -0.0035247     0.53569    -0.13298    0.067506     0.37838    0.084528     -1.4818     0.37739    -0.24937     0.19105    0.013205     0.44357   -0.021879   -0.019356   -0.051707    -0.18205     0.97261    -0.18155    -0.57506    0.037177    -0.52944     0.17659    0.048978     0.69506     0.34413     0.17907    0.097027    0.032411    -0.11835   -0.012698   -0.055187     0.18812   -0.060146     0.11682     0.26709    0.014367     -0.2715   -0.069573    -0.37463    0.030235    -0.30499  -0.0081681    0.030346     0.84793    0.081626   -0.075193].
   Ages are sampled.
   Parameters are updated.
   Updating parameters makes the average log-likelihood of samples increased by [-0.24905      0.2557    0.044756      0.2206    -0.17667    -0.11773    0.051511   -0.053345    -0.12487    0.063154    -0.13802   -0.051699    -0.20486   -0.070204    0.005822     0.19076     0.28876    0.006694    -0.45825   -0.012927   -0.063866    0.038671   -0.022219   -0.022523   -0.029337    -0.14292     0.11986     0.15085     0.20702   -0.062203      0.1218     0.19646   -0.041121    0.030755     0.59935     0.44083     0.38017    0.065415     0.15711   -0.037625  -0.0093613     -0.1271    -0.43013     0.06933    -0.19485   -0.010845   -0.019835     0.74608     0.15991     0.18049     -0.1306      0.4468     -0.1147     0.45197     0.15489    0.046079    -0.19245  -0.0057539].
   Ages are sampled.
   Parameters are updated.
   Updating parameters makes the average log-likelihood of samples increased by [0.4608    0.064457    0.055505    -0.58209    -0.05942    0.066559   -0.053166    0.026242     0.31544      0.1495     0.19077    -0.18471    -0.17393    0.065419    -0.12102   -0.019333    -0.15372     0.01779    -0.31409   -0.021719    0.016693    -0.26704    0.079548   -0.032151    0.061851     0.21091   0.0016194   -0.039571     0.60579     0.05562    0.018611    -0.27205     0.10845    -0.11389      1.3021    -0.24008    -0.30226    0.053244     0.11438     0.07182   -0.000632     0.10704     0.46737    -0.25755     0.14306    0.035871   -0.035706   -0.046108    -0.21847    -0.19507   -0.071282     -1.2385    -0.11624    0.099203    0.027642    -0.40923    -0.52667   -0.056042].
   Ages are sampled.
   Parameters are updated.
   Updating parameters makes the average log-likelihood of samples increased by [-0.019548    -0.70154    -0.27721    -0.11294   0.0033751    -0.19442    -0.17104   -0.002523    -0.29508    -0.17155    -0.10396     0.12752     0.64104    0.027912     0.20549   -0.076395     0.15074   -0.007898     0.64046   -0.029952   -0.098857     0.24243    -0.73758    0.013053   -0.037513     -0.2364   -0.013917    -0.31246     0.38335  4.5813e-05   -0.015492    -0.11214   -0.041235    0.051173      2.3916    -0.38323     0.49305   -0.024501    -0.20412   -0.074184   -0.064921   0.0080242   -0.073338     0.10958    0.021403  -0.0042977    0.054684   -0.040443    -0.15176     -0.6948    -0.17538     0.15774     0.23224    -0.72176  -0.0028019     0.20857    -0.16551    -0.27067].
   Ages are sampled.
   Parameters are updated.
   Updating parameters makes the average log-likelihood of samples increased by [-0.14598      0.2605    -0.13597     0.10095    0.017037     0.33536     0.20581    0.023232    0.053039    -0.21672     0.02184    0.053985     0.16616     0.02942   -0.014645    0.062449   -0.090329    -0.29626    0.010983    0.031703     0.24096   -0.061751    0.025776   -0.038495    0.027372   -0.093942   -0.018796     0.38607    -0.23643   -0.016269   -0.044678     0.24485    0.039457    0.050586     -0.3753     0.48657    -0.52085    0.012539    0.086658    0.066552    0.072513   -0.049071     0.09829      0.1392    -0.13309   0.0049006   0.0084869   0.0036244    -0.66292     0.14981     0.41064  -0.0010613   -0.015458    0.050639 -0.00058646     0.16486     0.13611     0.21273].
   Ages are sampled.
   Parameters are updated.
   Updating parameters makes the average log-likelihood of samples increased by [0.015409    -0.16737     0.48616   0.0054406    0.064415    -0.21027    -0.19663   -0.017835    -0.15881     0.32724   -0.071558  -0.0029249    0.013646    -0.19403    -0.68877    -0.17229    -0.05897     0.30146   -0.014126    0.023667    -0.37933  -0.0050826     0.13496    0.032271    -0.37962     0.33062  0.00062449    -0.21279    0.019902    -0.20727    0.035502    -0.17095   -0.040497    0.016433    -0.82035     0.18409    -0.25458   0.0026437   -0.058324   -0.055896    -0.15178    0.022136   0.0046954    -0.19046     0.19268    -0.11237   -0.083448    0.071888   -0.075914     0.44882     -0.4252   -0.050898   -0.062603    -0.29238 -0.00076015   -0.055335    -0.30336    -0.20082].
   Ages are sampled.
   Parameters are updated.
   Updating parameters makes the average log-likelihood of samples increased by [0.081549     0.15886    -0.70359    -0.01912     0.16336     0.17962     0.24615    0.013861   -0.051665   -0.021504    -0.20194   0.0027636    0.029297     0.09064    -0.16055    -0.15933    0.039728    -0.17608   -0.025641   -0.028061     0.32653    0.086581    -0.20404   -0.039349     0.14636   0.0035148    0.030665   0.0082633   -0.033871     -0.2236    -0.19949     0.28968    -0.38774   -0.098895     0.45398    0.022191     0.34043   0.0093938   0.0097889    0.052998    0.061806   0.0030588   -0.032204     0.16959  -0.0044348    0.095328    0.029181   -0.056426     0.11832  -0.0083919    0.077849   -0.042772    0.064242    0.090937   -0.019935    -0.31657     0.33671     0.16056].
   Ages are sampled.
   Parameters are updated.
   Updating parameters makes the average log-likelihood of samples increased by [0.034518    -0.13391   -0.087256    -0.13527     -0.2314   -0.092075    -0.21972   -0.012133    -0.12047     -0.3169     0.18052   -0.092496  -0.0038877     0.13071   -0.083956     0.33277     -0.1499     0.17718    0.041738    0.024227    -0.11673  -0.0037454    0.047076    0.041771     0.24459    -0.14555  -0.0066015    0.064915     0.28689     0.36891     0.16823    -0.11056     0.42404    0.085556    0.081798   -0.053648   -0.089612   0.0040758   -0.074572    0.017479    0.027251    0.019758    -0.36563    0.007067   -0.013356    -0.11015    0.035961   -0.011622    -0.19368    -0.27947     0.28592    0.086879    -0.24569     0.20859   -0.041198     0.39182   -0.054633    -0.35868].
   Records are aligned to the target stack.
   Iteration 1/10...
   Iteration 2/10...
   Iteration 3/10...
   Iteration 4/10...
   Iteration 5/10...
   Iteration 6/10...
   Iteration 7/10...
   Iteration 8/10...
   Iteration 9/10...
   Iteration 10/10...
   A new stack is updated.
#  Iteration 5:
   Ages are sampled.
   Parameters are updated.
   Updating parameters makes the average log-likelihood of samples increased by [-0.43575     0.51106    -0.27949     0.11113   -0.013844   -0.037517   -0.066317    0.010129    0.079187     0.11609   -0.069671  -0.0024582      1.2493     0.17949    0.028317    -0.13731     0.08507     0.14372     0.10203    0.029996     0.18475     0.01536    0.038642    -0.25628   -0.016723     0.39777     0.28474  -0.0023213   -0.064286   -0.010958    -0.48885    0.056913    -0.11849     0.42907      1.7263      5.9106    0.075922  -0.0034721    0.025641     0.38869    0.019636   -0.085873    -0.45899    0.038888    0.043391    0.032829    -0.12921     0.41541     -0.3556    -0.14303     0.42085    0.078389     0.16385    -0.46425     0.60532   -0.021928   -0.091412     0.31663].
   Ages are sampled.
   Parameters are updated.
   Updating parameters makes the average log-likelihood of samples increased by [-0.18939   0.0040453   0.0068188    0.052195    0.044231   -0.064823   -0.017899   -0.062426    0.029127   -0.011901     0.43317    -0.41823      1.3833    0.086752     0.32409    -0.02846    -0.98529   -0.081836    -0.10817     0.01128     0.06862    -0.17495    -0.11259     0.46028  -0.0042307    0.019139     0.44991   0.0066982     0.17368    -0.11073     0.16599     0.02775    -0.16384    0.014361       1.016     0.91777     0.22664   -0.052535    -0.25367    -0.18315    -0.14412    -0.31811    -0.16509     0.05965   -0.081626    0.083536     -1.0467    -0.28014     0.60951     0.13809     0.10025    -0.22964     0.43999    -0.17746    0.031568     0.14189    0.040005     0.11579].
   Ages are sampled.
   Parameters are updated.
   Updating parameters makes the average log-likelihood of samples increased by [-0.072181    0.026821    0.078762    0.040024    -0.14272    -0.10363   -0.090417    -0.19227     0.10455   -0.065624     0.67035     -0.1244     0.17406     0.29625    -0.08084   0.0086866    0.058787     0.38931    -0.14197    -0.01922    -0.12409    0.013944    -0.32443    -0.24972  -0.0065445    -0.60288     0.08506     0.34119    -0.26088   -0.074087     0.42316     0.02995   -0.064738    0.034558     0.13081    -0.28777   -0.092848    -0.11682     0.00277     0.17523    -0.17361     0.62468  -0.0017803     -0.5932    0.068711    0.083735     0.48151    0.021694   -0.033922    -0.17335    -0.37504    -0.10327  -0.0026462    0.038096    0.052477      0.9412    -0.11986     0.36927].
   Ages are sampled.
   Parameters are updated.
   Updating parameters makes the average log-likelihood of samples increased by [-0.28066    0.077944     -1.1028    0.082797   -0.014338   -0.093643     0.09575   -0.043625   -0.091348     0.78612     0.26701   -0.002401     0.16867   -0.038182  -0.0038392   -0.017616     0.33363    0.043004   0.0099174   -0.063552    -0.31977     0.23307    -0.12343     0.12521     0.11101    -0.18692    -0.21432    -0.28366     0.45644    0.082376    0.030282      0.2227   -0.040205    -0.17512     0.72337    0.023184    0.099981    -0.21961    0.014892     0.10635    0.052547      0.1046    0.088637     0.27229    -0.24455     0.28769     0.28389    -0.50134    0.018495   -0.098194   -0.016666   -0.069541   -0.059989     -1.2105   -0.041593     0.15706   -0.057838   -0.087386].
   Ages are sampled.
   Parameters are updated.
   Updating parameters makes the average log-likelihood of samples increased by [-0.0068953    -0.01989   -0.012931    -0.25607    -0.28141    0.089618   -0.029168    0.040733    0.033322     0.43288     0.16072   -0.024854     -0.0685   0.0071297   -0.053792   0.0066328     -0.4507    0.037412   -0.027075    0.035274     0.34938    0.029659  -0.0033498    -0.17409   -0.091665    -0.17361     0.22576  -0.0081416    -0.49576    -0.12422    -0.10102   -0.099004   -0.018368     0.19679    -0.22677    -0.81178    -0.43422     0.11838    0.014045    -0.19359   -0.042971   -0.021077    -0.41284   -0.081837     0.19564    -0.07606    -0.27345    0.012749   -0.017489    0.084371    0.040763    -0.19391    0.044102   -0.072154   0.0052729     0.72341   -0.079066    0.026693].
   Ages are sampled.
   Parameters are updated.
   Updating parameters makes the average log-likelihood of samples increased by [-0.042123    -0.10325    -0.37489     0.27821     0.16206    0.012402    0.026144  -0.0054453   -0.082713    -0.51772   -0.016614   -0.069694   -0.024589    0.001028    0.040494    -0.15002   -0.069472     0.01286    0.096436   -0.024751   -0.083396   0.0086055    0.056901      0.1863     0.15434     0.29845  -0.0093954     0.20148     0.15407   -0.047305     0.10249    -0.24835    -0.45501   -0.008117    -0.23623    -0.18006     0.43872     -0.3774    -0.04534    0.058654    0.050296   -0.030598      0.1285    -0.50823     0.11077   -0.086584     0.11831   0.0069776    0.061442   -0.024343     -1.3526    -0.11961   -0.031505     0.11484    0.030124    -0.32008    -0.17821    0.024163].
   Ages are sampled.
   Parameters are updated.
   Updating parameters makes the average log-likelihood of samples increased by [-0.066674   -0.045444    -0.23578    -0.35428    -0.11444  -0.0060061    -0.18159   0.0072311    -0.11628     0.15805  -0.0098083    -0.13056  -0.0018314   -0.029581   -0.042615     0.13789      0.2947    -0.17092    -0.13204    0.046239     0.22645    -0.22016     0.10179   -0.076815   -0.011229   -0.035612    -0.35483   0.0041144     0.16601    0.026604   -0.063429     0.32514     0.46696   -0.044813     0.63715     0.10048   -0.011209     0.43524    0.045787    0.030596    -0.32051    0.048712     0.36569     0.13097   0.0079428    -0.44318    -0.16061    0.096991   -0.035733    0.057046    -0.29578    0.023015     0.03373  -0.0041809 -0.00061108       0.402     0.31923     0.10043].
   Ages are sampled.
   Parameters are updated.
   Updating parameters makes the average log-likelihood of samples increased by [0.01426    -0.18742     0.29469      0.2889     0.26858   -0.066926   -0.071521   -0.036442     0.10856     0.37165  -0.0093286     0.22062    -0.17872    0.002306   -0.011785   0.0067308    -0.29013     0.14451    0.097096  -0.0019268    -0.19005    -0.12313    -0.22114    -0.12549   -0.041296    -0.27456     0.20627   -0.018024    -0.38923    0.079235    0.024195   -0.028916   -0.058626  -0.0076013   -0.094602  -0.0051939   -0.034526     0.16869    -0.02603   0.0087495     0.35557   -0.090444   -0.093343     0.12475   -0.047749     0.41479     0.40249     -0.1157    -0.72932   -0.045586      0.4685    -0.52302    -0.01943    -0.09007  -0.0070137    -0.24097   -0.014986     -0.5761].
   Ages are sampled.
   Parameters are updated.
   Updating parameters makes the average log-likelihood of samples increased by [-0.0077817    0.076461     0.40839    0.065411   -0.065182     0.06917     0.30725    -0.10024    0.037789    -0.25719    -0.13909   -0.051441     0.28407    0.021759    0.067245   -0.071155     0.25048   0.0033151   -0.012192    0.013286     0.18904     0.10619     0.15604      0.2041    0.048572      0.2864     0.12776   -0.039955     0.41274    0.073446    0.095764   -0.098499    -0.53523    0.052672   -0.027729    0.047896   0.0010441    -0.58583    0.026541    -0.42009   0.0072504     0.01136    -0.51169   -0.013225    0.030962    -0.17459    -0.76278    0.099707     0.18782     0.02311    0.068494     0.67804 -0.00012841    0.088942   -0.028906     0.04871    0.012829   -0.089457].
   Ages are sampled.
   Parameters are updated.
   Updating parameters makes the average log-likelihood of samples increased by [0.1785    0.081311    -0.45009    0.033078     0.10732   -0.022847    -0.20967     0.12998    0.052296    -0.62989     0.16477 -0.00091637    0.002969    0.012606   -0.036929    0.077631     0.13088   -0.090189   -0.040334   -0.017973   -0.010368    -0.15889    0.072684   -0.086732   -0.026073   -0.046014   -0.069407   -0.015372    0.061628    -0.16204    -0.14368     0.15794    0.054178   -0.087559    0.084839      0.0274     0.02663    0.079857   -0.016678      0.4161   -0.001597    0.059014   -0.047496    0.020487  0.00018701      0.1439     0.13477    0.077994    0.025117   -0.035184    0.031578    0.033729    0.017246    -0.01976    0.040154     0.13904    0.008243      0.1619].
   Records are aligned to the target stack.
   Iteration 1/10...
   Iteration 2/10...
   Iteration 3/10...
   Iteration 4/10...
   Iteration 5/10...
   Iteration 6/10...
   Iteration 7/10...
   Iteration 8/10...
   Iteration 9/10...
   Iteration 10/10...
   A new stack is updated.
   Done.
#  Age model construction algorithm is now running...
#  Iteration 1:
   Ages are sampled.
   Parameters are updated.
   Updating parameters makes the average log-likelihood of samples increased by [0.17459      0.1712    0.016894    0.021895     0.15481   -0.020656   0.0036396     0.28799  0.00016067    0.032141     0.15675    -0.38826    0.018184     0.41525    -0.20554    0.055062   -0.065621    -0.33638    -0.19704    0.027242     0.44117    0.091232   0.0099433   -0.091538     0.20464    -0.22175    -0.23088    0.034096     0.10972    0.085408     0.19327   -0.094907  0.00031886    0.049084    0.054002    -0.03119    0.017298    -0.55275    0.046991    0.019464    0.027517    -0.16595    -0.22772  -0.0066993    0.044659    -0.46335    0.067452    0.032117     0.74867    -0.17559    -0.38735   -0.035056  -0.0049117    -0.10527   -0.045905     0.18064   -0.016043   -0.017982].
#  Iteration 2:
   Ages are sampled.
   Parameters are updated.
   Updating parameters makes the average log-likelihood of samples increased by [0.12647     0.17485     -0.1785      0.1239   0.0041609    -0.13881   -0.026097    0.011088  -0.0083446    -0.04439    -0.51604    -0.20538    0.037993    -0.18339   -0.025569    0.039677   -0.015886    -0.35098   -0.080075    -0.22406       0.157   -0.050145    -0.43276    -0.31495   0.0021877     -0.0104     0.66013   -0.059579    -0.71302       0.076     0.30552    0.026521    -0.15092     0.32486    -0.48206    -0.21655    0.012428    0.091607   -0.096937     0.25484    0.039642   0.0046461  -0.0063471    -0.41586    -0.55958    -0.26364     -0.1336    -0.11846    -0.60272   -0.029493    0.094354     -0.1973    0.043221    0.069847   -0.054624     0.29348    0.069635     0.14182].
#  Iteration 3:
   Ages are sampled.
   Parameters are updated.
   Updating parameters makes the average log-likelihood of samples increased by [0.16226    0.063645   -0.032974    0.020286    0.065215     0.13346    0.089521      0.1438   -0.089491    0.016568      0.5191     0.14118    -0.37573   -0.011637   -0.031109   0.0073831    0.060501    -0.29228    0.060164    -0.14491   0.0098789    -0.14327    -0.34615     0.01661    0.025513   -0.028533      1.0738    0.052862     0.13763  -0.0013018     0.02078   -0.052157    -0.73472     0.20843    -0.33576     0.97067     0.12788    -0.33611    0.019368   -0.034802    0.039316    -0.12159      0.1016     0.07255    -0.17756     0.16531      0.2672    0.071023     0.11219     0.22552     0.17716     0.26003     0.53569    -0.12379     0.13661     0.04214     0.22716    0.023158].
#  Iteration 4:
   Ages are sampled.
   Parameters are updated.
   Updating parameters makes the average log-likelihood of samples increased by [0.20524      0.1249   -0.027016     -0.2102     0.11556     0.39219    -0.14291    0.053444    0.099609   -0.094768   -0.018349    -0.18095     0.01666    -0.15102    -0.57026  -0.0083438    0.028633   -0.055615    -0.27658      0.1952    0.054651      0.2471    -0.47946   -0.011082    -0.73238    -0.24703    -0.18786  -0.0015633      1.6988    -0.44193    -0.07853    0.055437   -0.034531   -0.095141    -0.65244    -0.23112   -0.088829   -0.099829   -0.067896    -0.16925     0.26193    -0.34518   -0.065126    -0.10474   -0.036088  -0.0070595   -0.029436    0.073995    -0.78268  0.00065461    -0.21942     0.20394    -0.32935    0.072906    0.011197    -0.17252    -0.36798    -0.32047].
#  Iteration 5:
   Ages are sampled.
   Parameters are updated.
   Updating parameters makes the average log-likelihood of samples increased by [-0.045094    -0.17071    -0.57446     0.29978    -0.15333    -0.39104      0.1433    -0.12171    0.080567     0.12746   0.0027629    0.049975   0.0074042     0.13404     0.10921   -0.016108    0.099645  -0.0069356     0.75175    -0.23644   0.0041068    -0.32567     0.63175   -0.067953    -0.14391     0.52785     0.11103    -0.12293     0.87634      0.4804    0.073659   0.0025735    -0.17777     0.48444    0.088646    0.083593     0.12107   -0.022194     0.15087     0.26968   -0.090487     0.30331   0.0083776    0.084011    -0.22896   -0.012812   -0.045495   -0.082521    0.052105    -0.24334     0.44485   -0.072418    -0.15343      0.0183    0.050345     -0.1446     0.18093     0.28344].
#  Iteration 6:
   Ages are sampled.
   Parameters are updated.
   Updating parameters makes the average log-likelihood of samples increased by [0.10858     0.07685  -0.0024083    -0.22947     0.23091     0.32517    -0.58072   -0.039516    -0.19703    -0.44263   -0.069106     0.11332    0.066394    0.038648    -0.12125    0.089802    -0.14337     0.02333   -0.021089    -0.17886  -0.0019069     0.29776  -0.0038601   -0.054882      0.1808    0.059055     0.14066     0.13335     0.10079     0.74288   0.0089247  0.00012264     0.29101   0.0085488    -0.10842     0.25714    0.083334    -0.16224   -0.016301    -0.33133    -0.44497    -0.10583    0.030599   0.0095604     0.04567   -0.064605    0.001095    0.082988     0.13174     0.28135    0.085103   -0.044126   -0.033678     0.10971    -0.11382     0.48659      -0.344   -0.046934].
#  Iteration 7:
   Ages are sampled.
   Parameters are updated.
   Updating parameters makes the average log-likelihood of samples increased by [0.0037759    -0.16128    -0.26098     0.18803    -0.67654    -0.22986     -0.3446    0.079487    -0.53461     0.36807    0.052792    0.013132    0.023749    -0.14348   0.0090389  -0.0070354     0.14791   -0.062387    -0.10832     0.28308  -0.0037922    -0.26393    0.072494     0.13443   -0.072492   -0.009472      0.1243  -0.0078049    -0.10471     0.10289   -0.045718    -0.13174  -0.0062651   -0.087205     0.14143    -0.86475    0.005924     0.17105   0.0081257    0.082541    -0.23209     0.14865    0.028096    0.046106    0.086583   -0.010838     0.03732   -0.011447    -0.13187   -0.012775    -0.29446     0.18591     0.49491    -0.33605    -0.11864   -0.039907     0.46732   -0.043564].
#  Iteration 8:
   Ages are sampled.
   Parameters are updated.
   Updating parameters makes the average log-likelihood of samples increased by [-0.35751     0.18462     0.10595    0.081791   -0.043444     0.15391     0.25406    -0.11132     0.11166     0.16027    0.096712    0.043429    -0.18177      0.1603    0.036637   -0.037671  0.00051955    0.054694     0.03846     0.19387    -0.14416     0.02038    -0.53206   0.0040233    0.075239  -0.0010953    -0.04653    -0.24967    -0.39905    0.023572    0.037246    0.058463    -0.02834     -0.3403   0.0067343    -0.12148    0.017233     0.13897    0.015364     0.36198     0.40044   -0.028944    -0.18965   -0.041615    0.093078    0.088352    0.014675    -0.07957     0.13021   -0.056912    -0.60877    0.038395     0.10126     0.29677     0.19381    0.035197    -0.59095    0.084005].
#  Iteration 9:
   Ages are sampled.
   Parameters are updated.
   Updating parameters makes the average log-likelihood of samples increased by [0.34223   -0.088907   -0.068662   -0.029997    0.016381     0.14171   -0.047121     0.15309  -0.0099819    -0.21996   -0.012451    -0.62785     0.17468   -0.096633    0.078395    0.012024    -0.16346    -0.36935    0.067069    -0.64686     0.14647     0.14787     0.13183   -0.074338   0.0042764   -0.052555   -0.063989     0.14311     0.57746  -0.0038005    -0.15944     0.01863    -0.24923   -0.060238   -0.023466   -0.050624   -0.025173    -0.12276    -0.20025   -0.062038     0.11724    0.012225     0.19542    0.043885    -0.11686   0.0026091    0.011256    0.071089    -0.72272     0.10998    0.019722   -0.049647    -0.17215     0.13705     -0.2679   -0.099983    0.035899   -0.099746].
#  Iteration 10:
   Ages are sampled.
   Parameters are updated.
   Updating parameters makes the average log-likelihood of samples increased by [-0.11887    0.060022    -0.19333   -0.084508    -0.11941    -0.24927    -0.23432    -0.29612    0.045686    -0.55283    0.032837     0.13611    -0.06749    0.033401     -0.2542    -0.17199    0.059057     0.35162   0.0070761     0.14908   -0.039607    -0.12375    -0.69871    0.059139    0.003512    0.051856    0.044656    -0.13465     0.35462  -0.0089205    0.038485    0.028041     0.28454     0.89375    -0.20119      0.1331    -0.03021    -0.30614     0.12291     -0.2878     0.19101    0.014215   -0.036663   -0.017745     0.21238   -0.011808  -0.0035986   -0.010673    -0.29052    0.014046    -0.13742    0.049034    0.056454   0.0034858    0.016748    -0.17836      -0.148     0.10935].
#  Parameters are learned. Sampling algorithm is now running...
-------------------------------------------------------------------------------------------
#  Results and figures are being stored...
[Warning: MATLAB has disabled some advanced graphics rendering features by
switching to software OpenGL. For more information, click <a
href="matlab:opengl('problems')">here</a>.] 
[Warning: Limiting legend entries to 50. Specify a vector of graphics objects to
display more than 50 entries.] 
[> In matlab.graphics.illustration.Legend.autoUpdateCallback
In print (line 36)
In saveas (line 181)
In saveFigures (line 215)
In BIGMACS (line 34)
In main (line 8)
In run (line 112)] 
   Done.
   Results and figures are stored in Outputs/R122_d18O_stack.
-------------------------------------------------------------------------------------------
Parallel pool using the 'Processes' profile is shutting down.
Time elapsed = 63802 s
