MATLAB is selecting SOFTWARE rendering.
OMP: Warning #182: OMP_STACKSIZE: ignored because KMP_STACKSIZE has been defined

                            < M A T L A B (R) >
                  Copyright 1984-2024 The MathWorks, Inc.
             R2024b Update 3 (24.2.0.2806996) 64-bit (glnxa64)
                             November 26, 2024

 
To get started, type doc.
For product information, visit www.mathworks.com.
 
Starting parallel pool (parpool) using the 'Processes' profile ...
Connected to parallel pool with 36 workers.
Number of workers: 36
-------------------------------------------------------------------------------------------
## BIGMACS: Bayesian Inference Gaussian Process Multiproxy Alignment of Continuous Signals
-------------------------------------------------------------------------------------------
## Stack construction algorithm is now running...
#  Initializing...
   Data are loaded successfully.
   Initializing the age samples...
   Done.
#  Stacking algorithm is now running...
#  Iteration 1:
   Ages are sampled.
   Parameters are updated.
   Updating parameters makes the average log-likelihood of samples increased by [45.45916      39.54495      13.40298      12.76681      22.05285      4.457695      31.62754       17.0419      28.60793      16.81186      29.68122      10.84019      11.15338      9.116411     0.9178468      7.206327      63.12501      17.14879      7.160697      86.21715      9.839526      9.601564      11.45747      25.95593      17.29055      51.01953      9.637403      1.534983      15.67723      5.907902      21.87513      17.34262      5.349669      48.33387      25.54908       14.4044      20.08495      113.5518      34.11638      15.52656      57.54424      11.78295      6.765661      60.84884      5.806837      23.31645].
   Ages are sampled.
   Parameters are updated.
   Updating parameters makes the average log-likelihood of samples increased by [2.2098     -1.4242      1.1271     0.91359    -0.32606     0.56338      2.9159     0.60915       1.056     0.85336    -0.11796     0.93991      1.4824     0.50798    -0.14866    -0.39491      2.1964     0.74445     0.68036      4.2553     0.79375      1.1627      1.4568   -0.029159     0.62894     0.69213     0.38995   -0.027459     0.99363      1.0056     0.52609       1.488     0.33335      4.4935      1.5839      1.0112   -0.011928      2.4826      4.3309      1.5366      4.4049      1.8124     0.57688     0.17828    0.029883      1.1127].
   Ages are sampled.
   Parameters are updated.
   Updating parameters makes the average log-likelihood of samples increased by [-0.32444    0.080672   -0.042812    -0.15486     0.45663     0.03199      0.8224    -0.14489     0.69841    -0.32388     0.77774     0.01333     -0.0374   -0.090054    -0.45304     0.22272     0.21574     0.54537     0.02724     0.24085    0.087921    0.044948    0.042627    -0.50459    0.044097    -0.27149     0.23903    -0.50735      1.3923   -0.017841    0.089398      1.3243     0.67703      1.7998   -0.056491     -0.4262   -0.016447    -0.48444     -0.7835     0.17191     0.17559     0.46327   -0.056579   -0.018446     0.18304   -0.043176].
   Ages are sampled.
   Parameters are updated.
   Updating parameters makes the average log-likelihood of samples increased by [-0.076772   -0.036044   -0.057957    0.056195     0.16989    0.074972     0.15871   -0.082813    0.013671    0.079103    -0.12749     0.08667     0.29699     0.23668     0.15891      0.5241     0.73282     0.14743   -0.074723     0.33147      1.0859   -0.024329     0.26392    0.036105    -0.28251     0.17375   -0.062487    -0.35233     0.63381    -0.17737   -0.035043     0.46493    -0.63167     0.44126    -0.35635    -0.14453    -0.54178     0.17808     0.75708     0.51535     0.24789      1.0179    -0.12286   0.0021512    -0.23855   -0.019022].
   Ages are sampled.
   Parameters are updated.
   Updating parameters makes the average log-likelihood of samples increased by [-0.026294    0.033745     0.12068    0.041569    -0.28712   -0.015842    -0.18756     0.10706    0.069664   -0.084137      0.1392    -0.25504   -0.051288    0.010555   -0.025763    0.098331    0.090553     0.70174    0.047544    0.092403     0.19178    0.024817    -0.13348  -0.0057452   -0.060406     0.02631    0.032054     0.22727     -1.4128    -0.19671     0.09543    -0.77979    -0.32384    0.026783     0.37274     0.11187    0.025726    0.061405    -0.49154     0.05177      -0.419    -0.86406   -0.016028   -0.011961     0.21895    0.013444].
   Ages are sampled.
   Parameters are updated.
   Updating parameters makes the average log-likelihood of samples increased by [0.0026239 -2.9249e-05    -0.27779   0.0022452   -0.012296    0.031925     0.13623    -0.03027   -0.024303     0.03531     0.22528      0.4155    0.046568   -0.036926   0.0010695   -0.096901    -0.44571     0.30035   -0.086152   -0.055793   -0.019859    -0.13113    -0.56858    -0.45341     0.40559   -0.052506   -0.041459   -0.037129   -0.052668     0.27566    -0.03212   -0.043378   -0.033978   -0.007443    0.019771   -0.080984  -0.0043383   -0.063642      0.5709     0.12663     0.34435    0.097911    0.044953  -0.0012497     0.14018   0.0005414].
   Ages are sampled.
   Parameters are updated.
   Updating parameters makes the average log-likelihood of samples increased by [0.29499   -0.033899     0.25666   -0.029062      0.2815   0.0056147    -0.02034    0.021987    0.044325    0.048271    -0.29686    -0.04441     0.30307    0.033531    -0.12295    0.041959     0.46048   0.0096824     0.10595   -0.020836    0.012514     0.11082    0.033731     0.56405     0.22638    -0.56548    0.014211    -0.14491   -0.012661    -0.20907   -0.080343    0.094808     0.26387   0.0029051  -0.0076074    0.061169    0.017131    -0.57059   -0.078371   -0.077308    -0.16734    -0.19694  -0.0039449    -0.12814    -0.28039  0.00040119].
   Ages are sampled.
   Parameters are updated.
   Updating parameters makes the average log-likelihood of samples increased by [-0.023908    0.041997   -0.060673    0.012204    0.043423     -0.0308    0.013203   -0.021886     -0.1181  -0.0047382     0.29921      -0.124    -0.45298    -0.18232     0.16364    0.052261    -0.47707   -0.060768   -0.044205    0.021903     0.02735   -0.028947    -0.11979    0.015504     0.11889     0.43701    0.038221   -0.084811     0.17261     0.41028    0.074257   -0.016958    0.019484   0.0030944    0.017456    0.017792    -0.24671     0.17433    0.072474    -0.16522     0.21141     0.20532     0.11105    0.075162     0.16147  -0.0013295].
   Records are aligned to the target stack.
   Iteration 1/10...
   Iteration 2/10...
   Iteration 3/10...
   Iteration 4/10...
   Iteration 5/10...
   Iteration 6/10...
   Iteration 7/10...
   Iteration 8/10...
   Iteration 9/10...
   Iteration 10/10...
   A new stack is updated.
#  Iteration 2:
   Ages are sampled.
   Parameters are updated.
   Updating parameters makes the average log-likelihood of samples increased by [76.2078      49.1375       43.982      45.6928      6.38497       2.3322      63.5015      27.3919      39.1079      51.2294       16.226      7.53193      9.07213      9.40854      14.6471      8.95715      61.8638      48.0066      17.2354      99.4771      19.0721      9.82968       7.2781      23.2866      46.1721      48.3471      8.47144      7.82713      33.8342      6.66472      29.9836      27.0333      12.1215      6.03124      35.2431      37.1989      20.3276      24.7987       28.695      10.9562      91.7134      30.1847      12.6681      31.0332      25.4176       20.965].
   Ages are sampled.
   Parameters are updated.
   Updating parameters makes the average log-likelihood of samples increased by [10.8387      11.6319      7.91352      3.94113      4.09206      1.16129      4.34606      1.18168       1.0156      5.40988    -0.287214    0.0456197     -1.08711    -0.346493       3.6313    -0.205995      1.32104     0.196275      1.09657     0.757389     0.129368     0.785175     0.276835     0.441039       7.0938       10.894      1.28972      1.62659    0.0398633      1.07904    -0.318671      7.75399      2.88846     -1.99236      5.35579      4.17424      4.38816      4.37765      2.92787      4.73376      11.2241      1.30485    -0.126683     0.841263       10.309      1.78252].
   Ages are sampled.
   Parameters are updated.
   Updating parameters makes the average log-likelihood of samples increased by [1.0753      4.4433    -0.99089     0.26104      3.9253     0.67893      2.3133      1.8023      1.7284      1.1562    -0.26197   -0.089572     -0.6384    0.094613    -0.79763     0.17955     0.31895    0.058879      1.0172   -0.030828    -0.32259    0.012826   -0.063923    0.018358      1.1358      4.4397     0.19895    -0.38276      1.4087      0.6643      1.1477     0.32576    0.069946     0.30457       1.526     0.86937       1.124      4.1858      2.8381      3.3955      0.5469    -0.44325     -1.5336    -0.44273     0.23582     0.51643].
   Ages are sampled.
   Parameters are updated.
   Updating parameters makes the average log-likelihood of samples increased by [-0.98709     0.27795    0.085558 -0.00021413      3.9034     0.66498      1.2257      1.3335     0.25974    -0.40863    0.091633   -0.091031    -0.22679   0.0029639    -0.19019     0.55435     0.11284     0.11467     0.12279  -0.0099597    0.052392     -0.1575    0.068856      0.8218    -0.17162    -0.25599      0.2617       1.318     0.18328     0.20987     0.42412    -0.29844  -0.0037742      1.6445      1.0472      0.7812    -0.50706     0.30212      1.5017      0.4212       1.071    -0.44276     -0.5171     0.91858     0.96516    -0.20123].
   Ages are sampled.
   Parameters are updated.
   Updating parameters makes the average log-likelihood of samples increased by [0.15604    -0.36519      0.9437    0.070579     0.36929     -0.1263     0.13243   -0.024331   -0.065667     0.12659   -0.089604     0.14673     0.24841    -0.36609    0.066277     0.37033   -0.075714   0.0082854   -0.062867   -0.063922     0.13888     0.30192     0.21477    -0.49921   -0.088353     0.03931    -0.15466    -0.47011    0.048323    0.039372   -0.041224     0.15876     0.04677    -0.31201    -0.04636    -0.12147     0.39374     0.66804      2.0119    0.033492     0.43721     -0.4167     0.25933     0.83439    0.052651     0.13053].
   Ages are sampled.
   Parameters are updated.
   Updating parameters makes the average log-likelihood of samples increased by [-0.054419     0.36558   -0.024166    0.017722   -0.031451     0.13044    0.002162   -0.016738    0.021808  -0.0034921    -0.19112    0.013741   -0.075383     0.29309      0.0522    -0.00205    0.084297   -0.012099   0.0099114    0.077156    -0.41305    -0.25932    0.020726    -0.23435   -0.036452    -0.40606     0.11293    -0.24573   -0.001029   -0.020109     0.25206    -0.28923    -0.04266     0.15278    0.032076    -0.32157    0.047282      1.9376     0.74314   -0.082015   0.0035745     0.64861    0.052357      1.0011    0.088583   -0.025289].
   Ages are sampled.
   Parameters are updated.
   Updating parameters makes the average log-likelihood of samples increased by [-0.050832    -0.13446     0.14164    -0.17345   -0.080463   -0.041535   -0.053479  -0.0057616    0.031614    0.060412     0.22581    -0.13371   -0.012509    -0.11961    -0.12041    0.016518   -0.011524   -0.015105    0.051742    -0.26694     0.84647     0.20367  -0.0061931     0.45071     0.33581     0.24141    -0.33008     0.43858  -0.0063766    0.017907    -0.15496     0.10957    0.026186     0.14597    0.015226    0.048203   -0.066289      3.1251     0.17811    0.005255   -0.062729    -0.37217   -0.041067   -0.065957    0.019649    0.030695].
   Ages are sampled.
   Parameters are updated.
   Updating parameters makes the average log-likelihood of samples increased by [0.13954     0.02625    0.013226     0.21914    0.097791    0.040042    0.032513   -0.021302   -0.024859   -0.024305    -0.38042     0.10634    0.053981     0.20264     0.13997   -0.017891   -0.080285     -0.1214   -0.024437    0.091358    0.016011     -0.3041    -0.10748     0.26731    -0.34769     0.15451     0.32862    -0.15359   0.0019705   0.0015101     0.27598    -0.31146   -0.024892   -0.016692    -0.28617    0.030287    0.068629     0.84453    0.073179     0.10374   -0.019548     0.35442     0.50394   -0.003784   -0.063398  0.00031003].
   Ages are sampled.
   Parameters are updated.
   Updating parameters makes the average log-likelihood of samples increased by [-0.05772    0.099052   -0.077956 -0.00066034   0.0093533    0.063338    -0.10707   -0.013692   -0.039988    0.045571      0.4613    -0.10353    -0.29124    -0.13002    0.012696   0.0096614    0.036231     0.13736   0.0098127    0.081881    0.014406     0.30209    0.031448    -0.99193   -0.049295    -0.35531    0.083308    -0.32358   0.0005043  -0.0066405    -0.16466     0.49788     -0.2689    0.053022     0.27899     0.22874   -0.027989    0.013553    -0.31556   -0.021622     0.11244    -0.10689     0.40492    -0.01941    0.064833    0.022982].
   Ages are sampled.
   Parameters are updated.
   Updating parameters makes the average log-likelihood of samples increased by [-0.36662    0.004781    -0.25793    -0.18479   -0.037748   -0.010185    0.022582    0.045478    0.080467    -0.79666    -0.18266   -0.032137     0.28205    -0.27584    -0.63972   0.0071205    0.054628   0.0035462   -0.028111    0.090991   0.0008978     0.18039    -0.11149    0.052297     0.25698     0.43192    -0.28737     0.26451    -0.17655   -0.010329    -0.61258    -0.52183     0.14147    -0.33608    0.013264   -0.039048    0.028408    -0.12176   -0.024022  -0.0054111   -0.019467     -0.4283    -0.18002    0.019742   -0.082897   -0.041152].
   Records are aligned to the target stack.
   Iteration 1/10...
   Iteration 2/10...
   Iteration 3/10...
   Iteration 4/10...
   Iteration 5/10...
   Iteration 6/10...
   Iteration 7/10...
   Iteration 8/10...
   Iteration 9/10...
   Iteration 10/10...
   A new stack is updated.
#  Iteration 3:
   Ages are sampled.
   Parameters are updated.
   Updating parameters makes the average log-likelihood of samples increased by [0.19431      2.1567     0.42344      1.4781    -0.85248     0.69379    -0.21425     0.13457       1.599     0.98171     0.79455     0.80543     0.73149    -0.71486     0.28913    0.090331      1.9019      6.0197      0.3917      6.0653    -0.47089       1.044      1.5255    0.019611     0.49991      1.0902    -0.35458      1.7679       3.157    -0.08362      1.6217     0.11873     0.23339     0.67867     0.56205      1.2434      1.0205     0.44338     -1.6153      2.0539     0.72129     0.66732    -0.16783    -0.28361      1.5357    -0.73076].
   Ages are sampled.
   Parameters are updated.
   Updating parameters makes the average log-likelihood of samples increased by [-0.013588     0.58088  -0.0012634   -0.021484   -0.088356     0.17781     0.24621      0.1821  -0.0085896      0.4236     0.33971     0.12381     0.13408   -0.046627     0.28287      0.1968     0.54403    -0.28304   -0.039429    -0.50877   -0.079283     0.18845     0.11079    -0.88288     0.16317     0.58892    0.054686    0.032242    -0.40219    0.069827      0.5183     0.62303     0.27975    0.013035     0.11215     0.56809     0.42217     0.63554   -0.081036     0.91689     0.25355     -0.8037    -0.38524  -0.0047617     -0.2002   -0.039297].
   Ages are sampled.
   Parameters are updated.
   Updating parameters makes the average log-likelihood of samples increased by [0.24357     0.52648     0.74802    0.047192     0.63079   0.0048453     0.40396     0.70044      1.2693    0.029151   -0.049893      1.1906   -0.059357   -0.042475       0.457    -0.11681      0.1251    0.095059   -0.025169   -0.081836    -0.24104      0.2282    -0.11824  -0.0079957   -0.047052    0.061917  -0.0067186     0.11242     0.16799     0.20716     0.54551    -0.20941    0.018745   -0.083777      1.0913    -0.13048     -0.6702    0.065474     -0.2687   -0.064629      1.5176     0.15346    -0.10798     0.14614     0.24899     0.39542].
   Ages are sampled.
   Parameters are updated.
   Updating parameters makes the average log-likelihood of samples increased by [-0.033777     -0.3478   -0.095134     0.27542    -0.11024    0.085801    -0.11098   -0.011019     0.45212     -0.2291     0.07713    0.044277    -0.23557     0.31103   -0.020781     0.40351    -0.12773    -0.13219    -0.03512     0.51085   0.0069979    -0.13884     0.60739   -0.029952    -0.13209    0.032666     -0.1476     0.24748     0.26205   -0.058437    0.015163    -0.28922     0.26118     -1.0237     0.12418    -0.20967    -0.36328    0.019028     0.02956     0.20268       0.024   -0.079703  -0.0082075    0.085229     0.12867    0.098125].
   Ages are sampled.
   Parameters are updated.
   Updating parameters makes the average log-likelihood of samples increased by [0.099761    -0.38599    0.073916    -0.88082      0.1396     0.18181    -0.24314   -0.039017     -0.2993     0.40397   -0.015992   -0.063511     0.78315    -0.77965   -0.019657     0.73128   -0.063965    0.085126    -0.16217    -0.10394     0.13622   -0.018851   -0.022724     0.11393     0.18906     0.05464     0.25004    -0.19408    0.086311    0.040086    0.002792     0.25031     0.10306    0.065671    -0.97578      0.1193     0.23631     0.89101   -0.025985    -0.29864    0.014398     0.10754   -0.076833   -0.020087    -0.60019   -0.016374].
   Ages are sampled.
   Parameters are updated.
   Updating parameters makes the average log-likelihood of samples increased by [-0.040433     0.66639    -0.14264    -0.28161    -0.15064   -0.042194     0.17571   -0.021727    -0.10204    -0.30168    0.051025   -0.092034     0.97726     0.43082   0.0025082   -0.049785    0.028513    -0.31465     0.16809     0.13286    -0.23141    -0.32131   0.0074645    -0.49224   0.0013304   -0.034839   -0.017762    0.066342    -0.25216    0.032957    -0.30925    -0.74381   -0.043889   0.0010439    0.069977     0.13519    -0.47336    0.072393    -0.13222     0.41363   -0.073712    -0.55219    0.097588   -0.056837    -0.18484   -0.063889].
   Ages are sampled.
   Parameters are updated.
   Updating parameters makes the average log-likelihood of samples increased by [-0.038173   0.0030235     0.17885     0.28018     0.12912    -0.13458    -0.52891    0.062899     0.29695     0.25858    0.018698    -0.38872    -0.56283     -0.3463   -0.060507   -0.018102    0.060472     0.24565    0.021811    -0.32933     0.24706     0.21881   -0.026477       0.557   -0.024056    0.032268   -0.093478    -0.11798    0.046842    0.029466     0.23976     0.21907    0.033891   0.0033506 -0.00039963    -0.11147     0.47901    -0.59339    0.054687    -0.14625    -0.20798     0.13159   0.0083767    0.081535     0.22692    0.002515].
   Ages are sampled.
   Parameters are updated.
   Updating parameters makes the average log-likelihood of samples increased by [0.066092    -0.11297   -0.083885    -0.30125     -0.3597   -0.018353    -0.24028   -0.033253     0.11839    -0.18645    -0.11529     0.38137     0.12191     0.53406    -0.11069   -0.035346    -0.29669    0.031862   -0.049406      0.4172    0.010473    0.012369    0.033476 -0.00077449    -0.18687  -0.0011967     0.14101    0.092406     0.04709    -0.21891    0.049944     0.66357   -0.038663   -0.035344   -0.054883     0.13938   0.0049327    -0.16014   -0.010335    0.035997     0.23562    0.045107  -0.0081734    -0.08054   -0.017304    0.021535].
   Ages are sampled.
   Parameters are updated.
   Updating parameters makes the average log-likelihood of samples increased by [-0.06615    -0.14273     0.11541    -0.60524    0.063625     0.17204     0.43496    0.010527    -0.16618     0.34417     0.12215   -0.038535     0.34312    -0.28296     0.15882    0.065946    0.070204    0.040734    -0.12196   -0.023206   -0.020856      0.2301  -0.0064217     -0.3488     0.17646   -0.058544    -0.24244    0.045215    -0.12028     0.22285    0.051293    0.027218     0.04452   -0.073569     -0.1209    -0.13701    -0.12501      0.5734    0.079548   -0.059957    -0.23205    -0.53727   -0.018247    0.050325    -0.15456    0.053214].
   Ages are sampled.
   Parameters are updated.
   Updating parameters makes the average log-likelihood of samples increased by [-0.020985      0.2358   -0.058398    -0.22103     0.24691    -0.37561    0.068203    0.025316     0.11255  -0.0085789   -0.012062     0.26506    -0.49203     0.20841   -0.040236    0.010017      0.2872    -0.21545     0.23909    -0.39135    -0.15188    0.063781  -0.0084599      0.1332    -0.30025   -0.043881     0.19533     0.10354     0.16078    -0.14918   -0.015384   -0.087101  -0.0090215    0.081391   -0.014456     0.16883    -0.40974   -0.041477     -0.2259    -0.33778     0.26397     0.52766   -0.059996    0.044149    -0.16629  -0.0012256].
   Records are aligned to the target stack.
   Iteration 1/10...
   Iteration 2/10...
   Iteration 3/10...
   Iteration 4/10...
   Iteration 5/10...
   Iteration 6/10...
   Iteration 7/10...
   Iteration 8/10...
   Iteration 9/10...
   Iteration 10/10...
   A new stack is updated.
#  Iteration 4:
   Ages are sampled.
   Parameters are updated.
   Updating parameters makes the average log-likelihood of samples increased by [-0.063852     0.11416    0.024915    -0.14668     0.39739    -0.51295    -0.12758      0.1414     0.28168     0.35346     0.18239   -0.085119    -0.79059     0.17216     0.48837     0.10208     0.93282      2.2303    0.089119        1.08     0.28047     0.16272     0.02486    -0.64658   -0.011952   -0.091051    -0.14631     0.30864       1.528    0.011953    -0.33523     0.56792     0.13696   -0.034168    -0.41009     0.17296     0.35901    0.063901    -0.79303    0.061647     0.66137     0.46242   -0.046005   -0.080813     0.09734     0.51357].
   Ages are sampled.
   Parameters are updated.
   Updating parameters makes the average log-likelihood of samples increased by [-0.85501    -0.13215    0.062524    0.032342     -0.1058    -0.14235  -0.0094831     -0.4876    -0.20398    0.043452    0.038787    0.029161     -0.1433     0.23498   -0.075687   -0.062292     0.18308      0.1929     0.25302    -0.10937   -0.011537    0.029213   -0.048256    -0.78834    0.063857    -0.52765    -0.19035   -0.060561     0.19472   -0.052834     0.31656     -0.1741   -0.056625     0.37492    0.091644     0.33478   -0.053794     0.40538    0.024451     0.16409    -0.16943    -0.11761   -0.012884    -0.18163   -0.027756   -0.032147].
   Ages are sampled.
   Parameters are updated.
   Updating parameters makes the average log-likelihood of samples increased by [-0.033613      0.0473    -0.42319   -0.054084   -0.038669    -0.32424   -0.041466   -0.016917     -0.1886    0.038178   0.0046521    0.069609    -0.29092    0.018291   -0.032224  -0.0096837     0.17927     0.27843    -0.11598   -0.053357    -0.11813     0.06785     0.22869     0.10977     0.74828   -0.018391     0.05739     0.13443    0.014075   0.0019884    0.065724     0.16056   -0.022172     0.31653    -0.55033     0.19304     0.11206    -0.25661    -0.30351     0.27293      0.1937    -0.30986    0.053657   0.0079041    -0.17286    -0.44931].
   Ages are sampled.
   Parameters are updated.
   Updating parameters makes the average log-likelihood of samples increased by [0.0060659    -0.22602    -0.51538    -0.39202    -0.44616    -0.05681   -0.021554    -0.20945  -0.0086297    -0.10086    -0.05037     0.29601    0.032654   -0.078528     0.26889    0.022558    -0.54399   -0.059232    -0.11357    0.072231    -0.13944   -0.010431    0.074986     0.14754     -0.3554    -0.33228    0.018663     0.10758   -0.020545    -0.46107    -0.42264    0.095613     0.36587     0.22897    -0.61809     0.18367    -0.18702   -0.059581     0.24995  -0.0065699    -0.13568   -0.025837      0.2013     0.78317    -0.18795    0.051264].
   Ages are sampled.
   Parameters are updated.
   Updating parameters makes the average log-likelihood of samples increased by [0.0032592     0.15156    -0.43781    -0.26172     0.40707    0.037909   -0.076551    0.056374   0.0064929    0.085904    0.022179    -0.15214     0.26527    -0.10724    0.067893    -0.21206   0.0049908   -0.049428   -0.061184    -0.47553     0.13801   -0.047717     0.09474   -0.026064     0.28646    -0.35895   -0.004957    0.042608  -0.0044978     0.33137     0.33064   -0.018852    -0.88063   -0.044255    0.040445   -0.063587    -0.17801    0.075375    -0.12397  -0.0046042     0.37096   -0.036539    -0.47223   0.0015403  -0.0044123   -0.025663].
   Ages are sampled.
   Parameters are updated.
   Updating parameters makes the average log-likelihood of samples increased by [-0.025715   -0.021342     0.34953      0.9404    0.076966   -0.031919    -0.03287     0.38962    -0.20522  0.00076591    -0.14612     0.12615     0.13312     0.16909   -0.041776     0.20862   0.0058252    0.028224    0.056688     0.51565    0.031499    -0.12599    -0.07531     0.11747    0.027967    -0.29083    -0.15532    -0.19608    0.009867    -0.11324   -0.014193    -0.41652    0.050515  -0.0056937    0.021313    -0.26335     0.19009    0.028621    -0.69012    0.010913    -0.16387    0.069048     0.54594   0.0086456    -0.11879    0.017378].
   Ages are sampled.
   Parameters are updated.
   Updating parameters makes the average log-likelihood of samples increased by [-0.12335  -0.0066374    0.081483   -0.022108    -0.30617   -0.054646    0.099531    -0.51918     0.22198    -0.16357      0.1627     -0.6947     -0.5018    -0.27904     0.05825    0.041339   -0.044888    0.098011   -0.067483     0.31613    0.006104     0.27369    0.063937   -0.067946    0.036834           1     0.15189   -0.040572    -0.11461     -0.2217     -1.0043      0.2616  -0.0012203    0.043036   0.0023504     0.40224    -0.27627    -0.13706     0.14865   -0.035225     0.16427   -0.011334    -0.26974   -0.026553     0.17201   -0.034713].
   Ages are sampled.
   Parameters are updated.
   Updating parameters makes the average log-likelihood of samples increased by [0.041804    0.036749    -0.04346    -0.11794    -0.13247    0.071377    0.013513     -0.1164    -0.29236     0.16186    0.019037    -0.60007  -0.0078679     0.27526   -0.052824    -0.20753   -0.018368    -0.25245     0.08528    -0.25344   -0.055541    -0.38648    0.019002    -0.21885    -0.16312      1.1728    0.012198     0.14534     0.12915     0.24762      1.1872     0.20399  -0.0047048   -0.042385   -0.048148   -0.049891   -0.022333     0.10664    -0.13138    -0.30371    -0.03815    0.010199     0.37008    0.028265   -0.026687    0.042659].
   Ages are sampled.
   Parameters are updated.
   Updating parameters makes the average log-likelihood of samples increased by [-0.41209   -0.082756    0.068352     0.24088    0.055576   0.0052344   -0.021746     0.11491      0.2876    0.004964   -0.040568  -0.0065907   0.0040561   -0.030181   -0.055869    0.087041    0.055672    0.085106   -0.024755     0.25382    0.031936     0.14482   -0.096749     -0.2292     0.11797   -0.091665  -0.0027034     0.10398    -0.14507   -0.087314    0.011862    -0.21398   0.0047156   -0.078533    0.036638     0.11747     0.31247    -0.36522    0.053069      0.3244   -0.042134  -0.0022958   -0.085594   -0.047719    0.020448   -0.023859].
   Records are aligned to the target stack.
   Iteration 1/10...
   Iteration 2/10...
   Iteration 3/10...
   Iteration 4/10...
   Iteration 5/10...
   Iteration 6/10...
   Iteration 7/10...
   Iteration 8/10...
   Iteration 9/10...
   Iteration 10/10...
   A new stack is updated.
#  Iteration 5:
   Ages are sampled.
   Parameters are updated.
   Updating parameters makes the average log-likelihood of samples increased by [0.1015     0.55895    0.024083      1.3858     0.32645   -0.014048     0.30341    -0.36798   -0.064284   -0.070567     0.41502    -0.45383     0.55005     0.75029    0.023487       0.111      1.0405      3.4109    0.008288      1.0814     0.26532     0.11302     0.26968     0.82232    -0.11226     0.87965    -0.15314     0.31197    -0.53925     0.24392     -1.1109   0.0079747      0.0653 -1.5242e-05    -0.42628    -0.11788   -0.079853     0.25392    -0.39127     0.23328     0.47585    0.047711    0.085156    -0.05791     0.16121     0.17708].
   Ages are sampled.
   Parameters are updated.
   Updating parameters makes the average log-likelihood of samples increased by [-0.054751    -0.35444    -0.34327   0.0054378    0.073561     0.37613    -0.29153   -0.006175     0.29901     0.01454   -0.092727    0.021152   -0.047985  -0.0040994     0.18684     0.17708     0.43895      1.3837  -0.0096267    0.093508     0.01634    -0.38146    0.091412    -0.14213     0.39117     0.25181    0.070217     0.16446     0.20489     0.41973       0.706     0.24778    0.097215    0.015429    -0.14098    -0.37571    -0.18152     0.32633    0.059833   -0.014402     0.52344     0.18483   -0.023889   -0.016566    -0.14145     -0.2185].
   Ages are sampled.
   Parameters are updated.
   Updating parameters makes the average log-likelihood of samples increased by [-0.14426   -0.030665    -0.13171     0.11443    0.018195    0.046499   -0.024595    -0.28182     0.33351    -0.19329    0.050569    -0.10127    -0.15322     0.13201     0.73136     0.24405    -0.03325     0.31457     0.17248    -0.15184    0.059044  0.00043949    0.033445     0.04824      2.1306   -0.038978   -0.092119    -0.70873    -0.48553 -0.00070357     0.23897   -0.035002     -1.3301    0.044711    -0.13011    -0.17763     -0.4256    0.092094     0.52146     0.24976    -0.12707    0.075399   -0.089822    -0.26106   0.0017902     0.42467].
   Ages are sampled.
   Parameters are updated.
   Updating parameters makes the average log-likelihood of samples increased by [0.099711    0.061664     -1.0409    0.054495      0.1344    0.041902    0.025787    -0.38586   -0.022207   -0.038188   -0.053284    0.042021     0.19253   -0.025722   0.0021647     0.14818   -0.086658    -0.20618    0.098071  -0.0089978     0.25172     0.10689   -0.027586    0.011119    -0.32829    -0.02017   -0.016626    0.017316     0.68195     0.27886     0.11514    -0.07286     0.55973    -0.66058    -0.27404    -0.52326  -0.0051906    -0.18019   0.0015713    0.095011    -0.39305   -0.063183    0.052167    0.012226     0.69274    -0.03024].
   Ages are sampled.
   Parameters are updated.
   Updating parameters makes the average log-likelihood of samples increased by [-0.0086173    -0.27556    0.016595   -0.018776   0.0057382     -0.1288    0.060796     0.36863    -0.10682     0.18474   -0.042652   -0.038695    0.071121    0.034121  0.00060641   0.0016398     0.10356    0.010838    0.017486   -0.015244    -0.30349  -0.0065244    0.029148  -0.0020012      0.2719     0.43731     0.11776   -0.013497     0.58123   -0.065836    -0.15621      0.1184    0.012444    0.041142     0.37896   0.0058201    -0.37023    -0.11125 -0.00095708    -0.19035    0.014482    0.052971     0.17789     0.27926     0.38876     0.03685].
   Ages are sampled.
   Parameters are updated.
   Updating parameters makes the average log-likelihood of samples increased by [-0.095063     0.49888    -0.19486   -0.033897  -0.0013898     0.10673  -0.0022895   -0.036063      0.1812    -0.89211    0.073392    0.021294    -0.20647    -0.11291   -0.046409   -0.035561   -0.093501    0.084852     -0.1101    -0.27178       0.315    0.040468   0.0085104    -0.18854     0.12618    -0.64487   -0.025728    0.015205    -0.51114    -0.30399     0.16708   -0.032664   -0.061084   -0.069706    0.017095   -0.028001   0.0020603     0.37677    -0.12098     0.42645    -0.69475    -0.05739     -0.2358    -0.18277    -0.08975   -0.090431].
   Ages are sampled.
   Parameters are updated.
   Updating parameters makes the average log-likelihood of samples increased by [0.10325  -0.0047873     0.19067     0.13096   -0.030202    -0.06682    -0.03867    -0.41838   -0.021466    -0.51471    0.024938   -0.099743    0.065979    0.099123    0.027708    -0.18109   -0.069793   -0.042279      0.0644     0.19056    -0.16641    0.038808  -0.0071225     0.18935   -0.093568    -0.28341   -0.043764   -0.053152    0.070133     0.13003    -0.42711    0.024844   -0.017868    0.011788   -0.041945    0.030573     0.28861     0.15966    0.046049    -0.24661    -0.27323    0.065259     0.29966     -0.4272    0.083099    0.021478].
   Ages are sampled.
   Parameters are updated.
   Updating parameters makes the average log-likelihood of samples increased by [0.0058375  0.00024547   -0.071291   -0.025099    -0.21135    0.060554    -0.48398     0.41453    0.030355    0.020607  -0.0096401     0.10588     0.16374   0.0031299  -0.0036339     0.20624    0.047077    -0.14934   0.0029676    0.093137     0.12223     0.10987   0.0022228  -0.0052948   -0.016463     0.33013   -0.011971    0.058082   -0.033668     0.34596     0.41366   -0.045175      -0.123     0.33073     0.21791    0.023016    0.036553    -0.25549    -0.21987    -0.12338     0.21716   -0.040614    -0.18187     0.54112   -0.011843    0.068452].
   Ages are sampled.
   Parameters are updated.
   Updating parameters makes the average log-likelihood of samples increased by [-0.26851   -0.036431     0.03198    -0.02087     0.23538    0.033438     0.48019    -0.29283   -0.072454   -0.053969   0.0029513   -0.036933    -0.13308  -0.0077576   -0.004899    0.062869   -0.039302     0.22319  -0.0084156   -0.000405   -0.004898   -0.037759   -0.068075    0.013601     0.26266    -0.25978   -0.046847   -0.023778    0.016664    0.011014    -0.37188   -0.035004     0.22567    -0.24755    -0.28373  -0.0046394    0.040288   -0.014155     0.29294     0.24689     0.02905    0.034625     0.23742   -0.073502   -0.017963   -0.044444].
   Records are aligned to the target stack.
   Iteration 1/10...
   Iteration 2/10...
   Iteration 3/10...
   Iteration 4/10...
   Iteration 5/10...
   Iteration 6/10...
   Iteration 7/10...
   Iteration 8/10...
   Iteration 9/10...
   Iteration 10/10...
   A new stack is updated.
   Done.
#  Age model construction algorithm is now running...
#  Iteration 1:
   Ages are sampled.
   Parameters are updated.
   Updating parameters makes the average log-likelihood of samples increased by [-0.19071    -0.17899     0.06012    -0.28199     0.10743     0.21869   -0.054003     0.38438     0.15106    -0.20476    0.019249   -0.022582    -0.13009     0.48249   -0.030916   -0.090984    -0.24217     0.22075     0.11482      2.3153    0.037808   -0.011293    0.091907     0.20393     0.75237    0.051418       0.115      0.1018       2.095   -0.034278     0.49723    -0.15492  -0.0054709    -0.80079    0.045201     0.18059     -0.5794     0.45007    0.075959    0.025286     0.20693    0.047131    -0.20974    -0.12554     0.46157   -0.053293].
#  Iteration 2:
   Ages are sampled.
   Parameters are updated.
   Updating parameters makes the average log-likelihood of samples increased by [-0.48336    -0.37348    0.089434   -0.016819   -0.022383   -0.019316   -0.040353    -0.19844    -0.59236   0.0060862    0.056864    0.041647    -0.13557     0.14527    -0.24232   -0.056623   0.0069298      0.1366     0.21108    0.019797   -0.073361     0.52166     0.11012    0.087942    -0.26465   -0.049805   -0.041204    0.051019   0.0066849    -0.12999    0.064618    0.053889     0.15546    -0.28923     0.10018     0.25152    -0.63902    0.038071     -1.6154     0.25794   -0.081989    0.062391    -0.29595     0.55594    0.061362    0.072276].
#  Iteration 3:
   Ages are sampled.
   Parameters are updated.
   Updating parameters makes the average log-likelihood of samples increased by [-0.08065     0.55416     0.22446     0.16549   -0.018052    0.024274    -0.20362    -0.29584    -0.36641   -0.013464   -0.080602     0.12017    -0.20259      0.2342   -0.051022     0.41098     0.11188     0.59877    -0.48079   -0.039581   -0.016488    -0.17401     0.10131    -0.51892     0.20451    -0.14405    0.043856    0.017116     0.15165     0.10734     0.15054    0.096451    0.027075   -0.087652    -0.71405    -0.41351    0.097697     0.21777    0.033913   -0.002415    0.019662    -0.06972     0.17741    -0.10454   -0.095016    -0.11414].
#  Iteration 4:
   Ages are sampled.
   Parameters are updated.
   Updating parameters makes the average log-likelihood of samples increased by [-0.057812      0.3599    0.049484    -0.24188    -0.32038    -0.12271    0.035142   -0.080691    -0.25364    -0.36564    -0.06402    0.080907    0.019767    0.016024   0.0038282    0.089118     0.12454    -0.29429   -0.099372   -0.047489     0.28532   -0.086649     0.22916    0.047161    0.046608     0.28001      0.1034    0.017884   0.0039443    -0.16932    -0.60423    -0.19852    -0.47049     0.03326   -0.091593    0.030875    -0.29378    0.039727   -0.093259     0.05273   0.0046799  -0.0078797    0.014577     0.25776    -0.21401    0.024088].
#  Iteration 5:
   Ages are sampled.
   Parameters are updated.
   Updating parameters makes the average log-likelihood of samples increased by [-0.030266   -0.084871     -0.4513      0.1812    0.027229    -0.44364    -0.23086   -0.032988   -0.050481     0.62534     0.18805     -0.1234    -0.20612     -0.0238    0.053908    -0.39068    0.057756    0.078637      0.4574     0.18966     0.16397    0.052878    -0.12097   0.0037451    0.046803     0.18855   -0.025636   -0.044347    0.052658     0.13267     0.15653     0.40616     0.96413     -0.1934      -0.134   -0.015183     0.23947    -0.56089    0.026995    -0.47481    0.090205    0.029159    -0.29315    0.033664     0.20033    0.087251].
#  Iteration 6:
   Ages are sampled.
   Parameters are updated.
   Updating parameters makes the average log-likelihood of samples increased by [0.035386     -0.1211     0.22639    0.020921     0.25402     0.45332     0.17297    0.038342    -0.19323    0.055271   -0.061542    0.081002     0.16328   -0.079661   -0.044163     0.26183   -0.026753    -0.10878    -0.20438    -0.20584    -0.21399  -0.0049361     0.14552  0.00018055    -0.29597      0.6207      0.1359    0.066706    -0.37679    -0.35186    -0.26297    -0.14902    -0.14631     0.12989      -0.153   -0.023933     0.21188    -0.11445   0.0061475   -0.018941  -0.0094767 -0.00022121     0.14351   -0.099088    0.011146    -0.01334].
#  Iteration 7:
   Ages are sampled.
   Parameters are updated.
   Updating parameters makes the average log-likelihood of samples increased by [-0.005595     0.16355     0.23783   -0.062215    0.063402    -0.58638   -0.054277    0.037133     0.28348    -0.27456   -0.086739   -0.054281    -0.26746     0.14679   -0.059449     0.10678     0.14008     0.12997   -0.038556    0.098691    -0.10456   -0.016215    -0.10773   -0.012974     0.29228   -0.036435    -0.53226  -0.0032605     0.36124     0.24534     0.13046     0.13635  -0.0056129   -0.023663     0.29157   -0.017658     0.38929     0.15566     -0.2456     0.66815   -0.020124   -0.021799     0.31314    0.057775     0.04156     0.02035].
#  Iteration 8:
   Ages are sampled.
   Parameters are updated.
   Updating parameters makes the average log-likelihood of samples increased by [0.012849      -0.201     0.25093    0.044943   -0.091849   0.0020094    0.091658   -0.013096    0.099613     -0.9352      0.3147    0.038986     0.30551   -0.014994    -0.23661    0.028332     -1.0369   -0.067095     0.31934    0.042964     0.20402    -0.11595    0.070752    0.018322    -0.47985    -0.39107    -0.29219  -0.0099157    -0.25086     0.22529     0.01359    -0.34903    0.090035     0.10201  -0.0050998   -0.094363    -0.53943    0.015115   -0.078285    -0.27439    -0.23559      0.0257    0.044277    0.024509    0.020772    -0.10965].
#  Iteration 9:
   Ages are sampled.
   Parameters are updated.
   Updating parameters makes the average log-likelihood of samples increased by [-0.027176     0.18949    -0.40709   -0.071973    0.076982  -0.0032415    -0.52197   -0.020131    -0.15662     0.26277     0.20806    0.057692   -0.032006   -0.018822     0.26736   -0.072609     0.10625     0.07935   -0.082395   -0.038724     0.12699     0.14985   0.0072883   -0.014632     0.40304  -0.0075712    -0.12297   0.0022262     0.26548   -0.056097    -0.21754    0.037133    0.034547    -0.13879    0.016065       0.153    -0.25203    -0.16979      0.3099     0.18645     0.26448   0.0077261  -0.0071402    -0.21245    -0.12256    0.042881].
#  Iteration 10:
   Ages are sampled.
   Parameters are updated.
   Updating parameters makes the average log-likelihood of samples increased by [-0.00083659    -0.17047    0.041571    0.060365   -0.025654   -0.032735    -0.24225    0.039629     0.29231    -0.29329    -0.10603  -0.0038774   -0.087997  -0.0091127     0.10075   -0.091104   -0.057105    0.028249    0.012199    0.084594    -0.15825   -0.065953    -0.29977   -0.033293    0.011845     0.57952    -0.13059    -0.11507    -0.37711   -0.069633     0.22015    -0.10919    -0.12006   -0.060251    -0.15383   -0.051432     0.25454    0.026207   -0.032842    0.046738   -0.084028   0.0090813    -0.31159   -0.018145     0.07082    0.036571].
#  Parameters are learned. Sampling algorithm is now running...
-------------------------------------------------------------------------------------------
#  Results and figures are being stored...
[Warning: MATLAB has disabled some advanced graphics rendering features by
switching to software OpenGL. For more information, click <a
href="matlab:opengl('problems')">here</a>.] 
   Done.
   Results and figures are stored in Outputs/R123_d18O_stack.
-------------------------------------------------------------------------------------------
Parallel pool using the 'Processes' profile is shutting down.
Time elapsed = 10135 s
