MATLAB is selecting SOFTWARE OPENGL rendering.
OMP: Warning #181: OMP_STACKSIZE: ignored because KMP_STACKSIZE has been defined

                            < M A T L A B (R) >
                  Copyright 1984-2022 The MathWorks, Inc.
                  R2022a (9.12.0.1884302) 64-bit (glnxa64)
                             February 16, 2022

 
To get started, type doc.
For product information, visit www.mathworks.com.
 
Starting parallel pool (parpool) using the 'local' profile ...
Connected to the parallel pool (number of workers: 36).
Number of workers: 36
-------------------------------------------------------------------------------------------
## BIGMACS: Bayesian Inference Gaussian Process Multiproxy Alignment of Continuous Signals
-------------------------------------------------------------------------------------------
## Stack construction algorithm is now running...
#  Initializing...
   Data are loaded successfully.
   Initializing the age samples...
   Done.
#  Stacking algorithm is now running...
#  Iteration 1:
   Ages are sampled.
   Parameters are updated.
   Updating parameters makes the average log-likelihood of samples increased by [99.6886      106.5175      127.1049        182.85      8.036952      30.16326      317.8582      11.37833      123.4206      107.6657       7.78801      4.847312      8.632414      3.319129      8.096669     0.7097095       45.1792      4.681366      37.21981      16.47398      13.82785      7.299956      59.38555      10.01888      28.39757      187.9994      189.9548      43.07119      19.07234      8.884826      5.623804      174.0003      37.51395      75.70125       85.3949      27.28236      3.978372      43.98423      18.86899      12.27335      18.59711      99.81012      7.440097      7.595487      19.84843    -0.6919018      16.52064].
   Ages are sampled.
   Parameters are updated.
   Updating parameters makes the average log-likelihood of samples increased by [8.01131     0.941005      6.04109      2.44353     0.206203   0.00236663      19.2109     0.833505      2.36779      2.13079      0.84515   -0.0318555      1.21111     0.336262     0.325015     -0.21603     0.550212   -0.0367301    -0.214961      1.26005     0.389862     0.208787      1.15073      0.30383     0.357588       4.6601      3.04593     0.704238        4.449     0.216792   -0.0641312      1.42531   -0.0676256      1.92097      1.11635      1.43112    -0.326478      4.73265      1.00092     0.491099     0.578204      3.33966      1.30833     -0.11558     0.521498    -0.175013     0.085506].
   Ages are sampled.
   Parameters are updated.
   Updating parameters makes the average log-likelihood of samples increased by [0.77267    -0.03291     -0.2216    -0.24899     0.12114    0.088781    -0.16897   -0.080194    -0.20863     0.29689    -0.41228   -0.070248    -0.87596     0.12249    -0.71133     0.13849   -0.079646   -0.029795     0.07937     0.88451      -0.179  -0.0096649    0.013267     0.61073    0.021384      1.3422      1.0185    0.049502      1.1572   -0.052244    0.067211    0.018736    0.021203    0.055774     0.13202     0.18645  -0.0010155     0.99415     0.28843    0.012954    -0.32161      1.6283    0.043753   -0.036519   -0.032472    -0.35876      0.1715].
   Ages are sampled.
   Parameters are updated.
   Updating parameters makes the average log-likelihood of samples increased by [0.0032852    -0.33207    0.033772    -0.04632     0.30002   -0.049681     0.22689      0.1524    0.059177    0.033998    -0.13621   -0.045475     -0.4001    -0.33423     -0.1416     0.29181     0.14794    0.089076    0.058078  -0.0018979    0.050177   0.0042557   -0.083762  -0.0052437    0.056811    -0.36235     0.21626     0.21376    0.053674    0.080766  -0.0084773   -0.054382  -0.0044446    0.029393     0.12787    0.091182      0.1102     0.57262  -0.0042231   -0.063584    0.056362    -0.56954    -0.38161     0.11162    -0.44653    -0.11869    0.016434].
   Ages are sampled.
   Parameters are updated.
   Updating parameters makes the average log-likelihood of samples increased by [0.0048572     0.30914   -0.098638    -0.17079     -0.1754    -0.15744     0.21476    0.025506    -0.20625    -0.86658     0.20639   -0.016859      0.2782    0.036932     0.14474    -0.13509     0.13626     0.15014   -0.052609   -0.052097   -0.034261   -0.052006   -0.062081     0.06753   0.0070416     0.58858    -0.25149    -0.25937   -0.014427    -0.74203  -0.0069477   0.0011254   0.0014425     0.19993   -0.023302 -0.00039496    -0.11856    0.076754    0.016397    0.063074   -0.070358     0.68779     0.43653    -0.15352     0.45731     0.14726   -0.045489].
   Ages are sampled.
   Parameters are updated.
   Updating parameters makes the average log-likelihood of samples increased by [-0.176    0.028651     0.13057     -1.3527     0.14194     0.19219    -0.56561   -0.090772    0.013097     0.11868    -0.20764    -0.11944    0.046828    -0.27417   -0.064116     0.10896   -0.017145    0.062632  -0.0077771    -0.33031      0.0514    0.049177    0.083194    -0.18712    0.017029   -0.055493     0.13698   -0.034392    0.010968    0.051475   -0.052766     -0.4198    0.050626    -0.13189   -0.058405   -0.096136  -0.0014929   -0.020117    0.017778   0.0067608    0.085348      0.0462   -0.035965    -0.15913    -0.25446   0.0061547    0.077322].
   Ages are sampled.
   Parameters are updated.
   Updating parameters makes the average log-likelihood of samples increased by [0.14943     0.12429    0.065285     0.96869   -0.032969 -0.00032499   -0.085183    0.071469     0.18303    0.026119     0.15536   -0.065663    0.039453     0.37018    -0.16769    -0.15044    -0.10399  -0.0077895    0.047074     0.35021    -0.11009  -0.0076909    0.024415     0.29286   -0.002849    -0.54178     0.04651    -0.13205 -0.00092552    0.013277    0.070321     0.36314    0.013389    -0.23789    0.067397     0.10248     0.11368    0.017491   -0.047168   0.0027621   -0.011884     -0.2826    0.026523     0.51045    -0.51723    0.014673 -5.9989e-05].
   Ages are sampled.
   Parameters are updated.
   Updating parameters makes the average log-likelihood of samples increased by [0.019897    -0.59098    -0.32069    -0.11101     -0.2392   0.0020814     0.13867    -0.16354    0.017804    -0.01429    -0.35538     0.20096     0.20228     0.18942     0.04381   -0.040349    0.042244    -0.13638   -0.021881    0.037398    0.088869    0.014025   -0.042572   -0.049414    -0.04652     0.49482    0.051411     0.39632   0.0024771   -0.085909   -0.065071      0.1248   -0.020674     0.20769   0.0018178   0.0086203    -0.05022   -0.089013    0.049329   -0.088296   -0.031754     0.19973     -0.0974     0.13543     0.20377    0.012865    -0.34658].
   Ages are sampled.
   Parameters are updated.
   Updating parameters makes the average log-likelihood of samples increased by [0.0075095     0.15655     0.31219     0.12321     0.13824  -0.0066222   0.0084278     0.18007    -0.46433   0.0066433     0.43925   -0.079363    -0.34507    0.014915    -0.23451      0.2547    -0.17767    0.010812    -0.34646   0.0083459    0.019176  -0.0048264   -0.033583   -0.078207  -0.0070809    -0.23973    -0.11491    -0.17781 -0.00047885   -0.062985     0.03857    -0.13241    0.013727   -0.012549    0.061607   -0.013905    -0.14328    0.048296    -0.16029    0.032126    0.053722   -0.031985    0.006233    -0.14062    -0.49461    -0.37125   -0.075739].
   Records are aligned to the target stack.
   Iteration 1/10...
   Iteration 2/10...
   Iteration 3/10...
   Iteration 4/10...
   Iteration 5/10...
   Iteration 6/10...
   Iteration 7/10...
   Iteration 8/10...
   Iteration 9/10...
   Iteration 10/10...
   A new stack is updated.
#  Iteration 2:
   Ages are sampled.
   Parameters are updated.
   Updating parameters makes the average log-likelihood of samples increased by [110.8323      110.9945      92.81409      84.74819      12.11974      17.81251      130.8387      10.17832      117.0891      76.12124      28.18268      3.098311      7.428407      4.367958      11.52215      6.261895      11.90118      9.067354      22.64626      5.863644      8.131581      7.755479      6.215846      1.784829      23.37937       80.0687       173.434      24.96429      11.40541       7.37714      2.379157      20.69135       1.70049      62.69723      54.28697      22.41598       5.84232      1.936165      34.41366      28.31932      25.47566      39.07132      8.620906      3.102701      6.398001      17.10039      17.28795].
   Ages are sampled.
   Parameters are updated.
   Updating parameters makes the average log-likelihood of samples increased by [5.75724      3.73675      2.33686       1.9771     0.518676     0.357078      9.07823      1.15203      3.20821      4.33824      2.38904   -0.0137533     0.208949    -0.235557    0.0239263     0.318976    0.0156863    0.0845793     0.635843      1.21127    -0.522838   -0.0720522    0.0164084     0.234356      3.57562      2.47222      5.07842    0.0426774     0.836432     0.339406     0.182803     0.185156    0.0246582      1.50001      1.70832      1.22448    -0.540806     0.480013      1.08482      1.90089     0.609782      29.7773     0.398435    -0.651352     0.363795     0.929345     0.371262].
   Ages are sampled.
   Parameters are updated.
   Updating parameters makes the average log-likelihood of samples increased by [-0.2002     0.29554  -0.0056063     0.25963    -0.14913      0.4313     0.42563    -0.73891     0.22269   -0.065423    0.014026    0.083145     0.41457    -0.91674    0.038586    0.053688    -0.07563     0.13335     0.26279    -0.18493    -0.11524      0.2143   -0.016861    0.058457   -0.064776      1.2881     0.50568     0.33206    -0.74647    0.047052     0.15789    0.042293     -0.2265   0.0038606     0.19529     0.02288     0.93333    -0.47962     0.48737     0.62795     0.08707     0.83437   -0.072006     0.16027    -0.14195     0.27108     0.10829].
   Ages are sampled.
   Parameters are updated.
   Updating parameters makes the average log-likelihood of samples increased by [0.18093    0.015846    -0.60125    -0.69203    -0.64612     0.30821     0.47637   -0.058852     0.35191    -0.13673     0.18805    0.027051    0.063106    0.021793     0.26678    -0.11403    0.089972    0.068548    -0.35433      0.4369   -0.036976     0.35852    -0.16919   0.0071016    0.067985    0.002118   -0.094189     0.15339   -0.094625     0.31742     0.10036    0.050015   -0.059168     0.44726   -0.053437     0.18427     0.28476     0.17105    -0.56297    -0.12132    0.036165    -0.40695     0.15613    0.032488    -0.40027    0.037473   -0.089193].
   Ages are sampled.
   Parameters are updated.
   Updating parameters makes the average log-likelihood of samples increased by [-0.30778    0.012955    0.036744    0.097859   -0.084784    -0.19963    -0.51117    0.057769   -0.048951     0.11652    -0.11557 -0.00096463     0.13003   -0.083173    -0.60217    0.063028    -0.03982     0.01124      0.3067    0.086435   0.0099075    -0.13071    0.048912   -0.060169    0.026468    -0.22372     -0.1995   -0.076689    0.089497   -0.069548   -0.013884   -0.029077    0.061884   -0.022195  0.00015034  -0.0022427   -0.035439    -0.41253    0.060102    -0.16348   -0.028014     0.44851    -0.27768   0.0016344     0.39619  8.4025e-05    0.086737].
   Ages are sampled.
   Parameters are updated.
   Updating parameters makes the average log-likelihood of samples increased by [0.15496    -0.29551    -0.12741   -0.026032      0.1244    -0.57192      1.0107  -0.0082131    0.035526    -0.20487   0.0091096   0.0012215    -0.47217      0.1026     0.64594  -0.0086879    -0.60702   -0.090147  -0.0093575    -0.11221   0.0080255    -0.24452     0.10322    0.080015   -0.080777     0.22163     0.20418     0.15615  -0.0021904    -0.35318    -0.10874   -0.017818   -0.038464   -0.035741   -0.058745    -0.12771    -0.15737   -0.038654    -0.02585     0.27434    -0.11122  -0.0067228      0.1679   0.0002812   -0.021958   -0.007197   -0.027518].
   Ages are sampled.
   Parameters are updated.
   Updating parameters makes the average log-likelihood of samples increased by [-0.25167     0.40659    0.097432    0.037931    -0.21372     0.37168    -0.64186    0.018413    -0.16363   0.0090356     0.12018   -0.016483    0.051848    0.012819    0.035435   -0.099517     0.13997   -0.041365   -0.087238    -0.17173   -0.028669    -0.15029   -0.089403   -0.023518    -0.26094   -0.042137    -0.17943  -0.0075078   0.0023908     0.25817     0.05772    0.064706    0.042957     0.11577    -0.02211    0.096687     0.21262     0.16661     -0.1171    -0.98467       0.121   -0.034095  -0.0068477     -0.2242     0.02892   -0.095103    -0.19897].
   Ages are sampled.
   Parameters are updated.
   Updating parameters makes the average log-likelihood of samples increased by [-0.29088    -0.21404    0.024403  -0.0082528    -0.15005    -0.16375    0.030601  -0.0055615     0.14018     0.20891    0.058893    0.011298     0.37994   -0.013433  -0.0024008     0.16726  -0.0065948    0.082134     0.12947     0.33052    0.030947     0.42184     0.12933  -0.0036853     0.35579    -0.25596    0.012886    0.064342  -0.0026655    -0.17033    0.013745   -0.056238   -0.024208  -0.0066957    -0.15145    0.045705    0.038997    -0.22409     0.15637     0.16144   -0.087359    -0.03861   -0.028454      0.1658   -0.034424    0.097907     0.14844].
   Records are aligned to the target stack.
   Iteration 1/10...
   Iteration 2/10...
   Iteration 3/10...
   Iteration 4/10...
   Iteration 5/10...
   Iteration 6/10...
   Iteration 7/10...
   Iteration 8/10...
   Iteration 9/10...
   Iteration 10/10...
   A new stack is updated.
#  Iteration 3:
   Ages are sampled.
   Parameters are updated.
   Updating parameters makes the average log-likelihood of samples increased by [0.27631   -0.034297     0.63132      1.2726     0.25733     0.21287       1.256   -0.010576      1.6975   -0.058865   -0.057057    0.054118     -0.2823    -0.60166     0.19009     0.73249     0.21157     0.34169     0.54125    -0.33292    0.089536    0.032834     0.28156     0.12957     0.37482     0.36238     0.85886    -0.25418     0.83905     0.45914     0.29784     0.30011     0.10924   -0.076185     0.34793     0.21594   0.0074422     0.28795    0.075312     0.56622    0.082849      1.4963    -0.13609   0.0055762     0.12367    -0.23528     0.24991].
   Ages are sampled.
   Parameters are updated.
   Updating parameters makes the average log-likelihood of samples increased by [-0.1639     0.15098    -0.45494    0.014487   -0.030822    0.050889    -0.14163    -0.12535     -0.1104     0.52314    0.087512    0.049679   -0.030124    0.048148    -0.39239     0.11401    0.018674   -0.055394   -0.090292    0.023373    -0.72435  -0.0019925     -0.1293   -0.064784    -0.20216    -0.57518      1.3428     0.57838     0.51156    -0.10326    -0.18702   -0.016659    0.015116   -0.090855   -0.012762   -0.033534    -0.30819    -0.35414    -0.08516   -0.013524   0.0093252     0.36985    -0.14821   -0.047522   0.0027797    -0.21507     0.30445].
   Ages are sampled.
   Parameters are updated.
   Updating parameters makes the average log-likelihood of samples increased by [-0.39652   -0.038521    -0.02457     0.23052   -0.013037    0.013439   0.0049799   -0.092284   -0.050205     0.12123    0.090641    0.045829   -0.007158    0.087588     0.10978      0.4557    -0.23423    -0.14529   -0.021715    -0.50162    0.068001      -0.118   -0.012134    -0.39002    -0.44898   0.0097771    -0.24527     0.26854     0.22302     0.83704     0.10626    -0.50321    0.072966 -0.00016503    -0.17725   0.0034463  -0.0065294    -0.22207    -0.35161    -0.10392    -0.22578     0.60989  -0.0057982   -0.040148   -0.036093     0.10098     0.27305].
   Ages are sampled.
   Parameters are updated.
   Updating parameters makes the average log-likelihood of samples increased by [0.032885    -0.11999     0.05803     0.44828   0.0022534   -0.073237    -0.10053    -0.71331   -0.011668   -0.045184    -0.17377    0.036249      -0.077    0.058586   0.0025125  -0.0077039    0.024792   -0.034113    0.043003     0.15621    0.076729     0.18269     -0.2369   -0.098398    -0.12129    -0.19083   -0.027466    -0.03242   -0.092322     0.02261    0.072225     0.97048  -0.0081566    -0.26939     0.66294    -0.10096    -0.18104    -0.13408     -0.1971   -0.032959     0.20975     0.77879    0.049749   -0.083644    -0.46177      0.2023   -0.029442].
   Ages are sampled.
   Parameters are updated.
   Updating parameters makes the average log-likelihood of samples increased by [-0.41332     0.72939   -0.024565    -0.67873    0.013115     -0.6305    0.081219    0.037402     0.11677   -0.029739    -0.12534    0.026368    -0.40711  -0.0062911   -0.010262   -0.089416    -0.18454    0.072112    -0.02582  -0.0037808   0.0030427   -0.060761     0.25063    0.074886     0.26378     0.18015     0.06735    -0.23814    -0.10267    0.028087   -0.056232    0.064396   0.0070409    0.088434    -0.39663    0.049423     0.21731     0.36863     0.20764   -0.070946   0.0096247     0.37957    -0.60551    0.026463     0.48461   -0.068186  -0.0017865].
   Ages are sampled.
   Parameters are updated.
   Updating parameters makes the average log-likelihood of samples increased by [0.35153    -0.26444   -0.044805   -0.020807   -0.097927     0.43833    0.093024     0.01028    -0.17883   -0.037069     0.15875    0.042493     0.58676   -0.034143     0.19501      0.1357     0.15516     -0.2897   -0.022848   -0.075812   -0.026868   -0.038773    0.049505   -0.075817   -0.070195     0.14102   0.0053822    -0.25707    -0.27068   -0.024078     -0.3597    -0.01608   -0.012117  0.00081873     0.73998    0.047119    -0.12161    -0.11625   -0.022372    0.072765   -0.016309    -0.15174   -0.041383      0.1438    -0.30099     0.01463   -0.023916].
   Ages are sampled.
   Parameters are updated.
   Updating parameters makes the average log-likelihood of samples increased by [-0.17528     0.46355    0.016866   -0.029269     0.10303    -0.67372    -0.71915  -0.0079504      0.2409     0.12875     0.06674    -0.12195    -0.27626    0.018578   -0.048193   0.0082437   -0.022186     0.10991    0.039949    0.051887     0.01354     0.12421    -0.14086     0.11757   -0.072015    -0.11106     0.15148    -0.20461    0.056411    -0.16953     0.57204    0.019397   0.0065204     0.20749    0.050987    -0.38672   -0.092468     0.29849    -0.13487    -0.16815    0.011363     0.32684  -0.0059136    -0.21977    -0.11478    0.067185    -0.17813].
   Ages are sampled.
   Parameters are updated.
   Updating parameters makes the average log-likelihood of samples increased by [0.19948     -0.4358  -0.0043742    -0.32601   0.0056212     0.11381      1.1956   -0.018723   0.0040687    0.011295    0.097673    -0.10872     0.15235    -0.06741 -9.4669e-05 -0.00017896   -0.060181  -0.0022684   -0.022116  -0.0016921    -0.13051   -0.057399    0.096413    -0.25533     0.12428      0.0583   -0.046736     0.01698      0.4138     0.13672    0.059918   -0.052055   -0.015207   -0.098894    -0.49304    -0.67401     0.12561     -0.5021     0.12659     0.19121    -0.20729  -0.0096353    0.023718     0.19532       0.176    -0.26098     0.20709].
   Ages are sampled.
   Parameters are updated.
   Updating parameters makes the average log-likelihood of samples increased by [-0.14296     0.07902    0.018267     0.37147   -0.016656   -0.028846    0.079772    0.006552    -0.10601   0.0062476  0.00090507     0.17031    -0.10075    0.058254    -0.02956    -0.05542     0.11252     0.24233    0.019117    0.045687     0.13142     -0.1435 -0.00079329     0.29342    -0.44546     0.08833    -0.28257      0.5736    0.062932    0.053129    0.012881   -0.025681   -0.010644    -0.11477     0.33354     0.14459    0.078823    -0.19473   -0.076793   0.0092795     0.17024   -0.021655   -0.021538   -0.081816     0.18502      0.2385    -0.16552].
   Ages are sampled.
   Parameters are updated.
   Updating parameters makes the average log-likelihood of samples increased by [-0.054857     0.21743     -0.2543    0.017871   -0.018862    -0.40629    -0.12752    0.011837    -0.31445    -0.06563   -0.018493   -0.057049    -0.96725     0.03327    0.074247    0.052696    -0.23157    -0.53489    -0.11804   -0.022904   -0.013706     0.23041    0.066347    -0.15508     0.44802    -0.25511     0.22744   -0.018745    0.044992   -0.082598    0.044495    0.067521    0.032724     0.11701     0.24653   0.0099077   -0.064859   -0.016498    0.010855    -0.03213    0.011106   -0.027584   -0.079739   0.0039392    -0.52506   -0.013303    0.047503].
   Records are aligned to the target stack.
   Iteration 1/10...
   Iteration 2/10...
   Iteration 3/10...
   Iteration 4/10...
   Iteration 5/10...
   Iteration 6/10...
   Iteration 7/10...
   Iteration 8/10...
   Iteration 9/10...
   Iteration 10/10...
   A new stack is updated.
#  Iteration 4:
   Ages are sampled.
   Parameters are updated.
   Updating parameters makes the average log-likelihood of samples increased by [1.0042     0.87021     0.27815     0.16556    -0.24582     0.30158     0.32511    0.038425     0.74605    -0.33398     -0.2089     0.43487    0.060695   -0.071952  -0.0094953    -0.14209     0.09969     0.26024    -0.13357    -0.05818     0.10344     0.14836     0.20914    -0.22099     0.24506    0.084999     0.19368    -0.11454     0.23421     0.17947   0.0075045     0.20494    0.017844    0.044026    -0.77303   -0.028997  -0.0059393     -0.1966    0.020537    -0.51386     0.43788     0.34861    -0.91989     0.12048    -0.29407     0.12939    -0.24595].
   Ages are sampled.
   Parameters are updated.
   Updating parameters makes the average log-likelihood of samples increased by [0.02076    0.087801    -0.28573   -0.023833     0.62641   -0.076971     0.26417    0.087341    -0.50148    -0.58481    0.031447    0.036168     0.38327    -0.10417    -0.14475   -0.060237    0.047533    0.042049     0.45533     -0.1074    0.050658   -0.060438   -0.093132     0.20976     -0.4049     0.13481    -0.14062   -0.011724    -0.12999     0.17574    -0.15919    -0.16123  -0.0079335   -0.021251     0.23482     0.17871    0.051982    0.067663    -0.21608      0.1528    -0.32967    0.098657    -0.55421    -0.42466   -0.047269    -0.01648    -0.21519].
   Ages are sampled.
   Parameters are updated.
   Updating parameters makes the average log-likelihood of samples increased by [-1.307     0.61909   -0.060336     -1.5607    -0.25243    0.067859    0.010052    0.075448     0.33125     0.56299     0.01293   -0.027474      -0.895    0.097913   -0.021597   -0.078448    -0.14785   0.0043121   -0.061225    -0.12836    0.040587     0.14667    0.040822  -0.0044815   -0.025604    -0.36442    0.072905     0.12956    -0.37305    0.087522    0.014651   -0.050408   0.0033226     0.91874     0.05505    -0.36159     0.95307     0.02779     0.32821     0.21794  -0.0061797     0.18916     0.20862    -0.30367      -0.461     0.14908   0.0034267].
   Ages are sampled.
   Parameters are updated.
   Updating parameters makes the average log-likelihood of samples increased by [-0.3065     0.16977    0.025272    0.045563    -0.14317    0.086455    -0.89423    0.052272     0.10933   -0.050857   -0.021194   -0.049203    -0.07462     0.13973     0.61999      0.4221     0.40437    0.009658     0.20105     -1.0762  -0.0072311    -0.12491    -0.10182     0.11178    -0.77131    0.032134      1.1827    0.045848    -0.23331    -0.13265    -0.23671    0.028856    0.066178    0.076753    0.053131    -0.35686     -0.3873    0.046789      1.2456   -0.069204    0.002845   -0.084373   -0.033188    0.060269     0.13333     0.10936   0.0082996].
   Ages are sampled.
   Parameters are updated.
   Updating parameters makes the average log-likelihood of samples increased by [0.41445     0.51046    -0.50569   -0.066839    0.097591   0.0061594     -0.3319   -0.029786    -0.22748    0.016359    0.016599     0.05983     0.17154    -0.16073   -0.019533    -0.45694    -0.35221   0.0019703  -0.0026425    -0.14746    0.006042     0.29194    0.058783  -0.0039346   -0.023883     0.11064     0.62385    -0.42905     0.22082     0.12532     0.29177      0.1229  -0.0019317    -0.28964    -0.16627     0.27002     0.22554   -0.033527    -0.13426    0.099036    0.025771     -1.4706     0.11855    0.093983   -0.002772   -0.071384     0.12062].
   Ages are sampled.
   Parameters are updated.
   Updating parameters makes the average log-likelihood of samples increased by [-0.00014002     0.29704    0.044331    0.029958    -0.17749    -0.21671     0.30932   -0.086047    0.023674     -0.1162   -0.024039    0.038209    -0.22016    0.077596   -0.084503     0.40905     0.32891  -0.0048798    -0.26632    0.055025   -0.011768    -0.10754     0.12883    0.011896    0.042199    -0.30171     0.16838     0.34714   -0.058593    -0.24356   -0.036697    -0.32344    -0.19321     0.27845     -0.4057    -0.53624    -0.23621    0.082984      0.1074  -0.0079819   -0.088636    0.085156   -0.044952     -0.4124    0.001795     0.20751    -0.31154].
   Ages are sampled.
   Parameters are updated.
   Updating parameters makes the average log-likelihood of samples increased by [-0.22646    -0.17189    0.069915   0.0097282     0.17089     0.23741    0.015922     0.10676     0.24113     0.11017    0.024284    -0.31062    0.083741    -0.17992     0.05882    -0.39477    0.052612   -0.012659    -0.21361      -0.556    0.016667     0.10361   -0.066714    0.036459   -0.014374    -0.33449    -0.44022   -0.026838     0.17185     0.20077   -0.047135      0.2258   -0.018375   -0.067143     0.56924     0.33479     0.37074   -0.094157     -0.3019   -0.096967    -0.15116      -1.039    0.087516     0.25064    -0.11331   -0.061087     0.18501].
   Ages are sampled.
   Parameters are updated.
   Updating parameters makes the average log-likelihood of samples increased by [0.21321     -0.1509   -0.097223    0.024062   -0.030143    -0.53054    -0.88556    0.003976     -0.7095    -0.35837  -0.0065104     0.41061    -0.33911     0.35288    0.032924     0.25402    -0.33181    0.005458     0.50343     0.70918   -0.082802    -0.30677    0.048366    0.040108    0.010182   -0.042821      0.6109    0.091736     0.07742    0.066494     0.11507      0.1128     0.19352    -0.10204    0.064648     0.32011     -0.2326  -0.0021667     0.27855    0.039095     0.23553      1.8751      0.0137     0.11904    0.091165    0.042427     0.40096].
   Ages are sampled.
   Parameters are updated.
   Updating parameters makes the average log-likelihood of samples increased by [0.022718     0.51262    -0.87938   -0.052276   -0.018342    -0.05605    -0.55943   -0.072711     0.13622     0.11494  -0.0041742    -0.15527     0.42681    -0.11369   0.0047712     -0.3139     0.16949    0.011294     0.36919    -0.12224  -0.0033127     0.11099    0.028064    -0.24657   -0.065043     0.41727      0.7174   -0.070196   -0.024852   -0.010573  0.00026013     -0.4716    0.035997    0.019506    -0.66734    0.085176    0.091913    -0.37527    -0.02753    0.076292    -0.02626     0.12889    -0.21557   0.0067265   -0.058461    0.013691    -0.13773].
   Ages are sampled.
   Parameters are updated.
   Updating parameters makes the average log-likelihood of samples increased by [-0.083831     0.35326   -0.063382   -0.091513    -0.14498    -0.55031     0.10279    0.048783     0.16218     0.22457   -0.021395    0.027702    -0.30025    -0.17125   -0.034034    0.070462    -0.40646   -0.054916    -0.72857    0.012041    0.011668    -0.19684     0.02098    0.075865    0.086675     0.11249    0.086421    -0.31643    -0.26112   -0.010637   -0.098303     0.39542   -0.016521     0.13617     0.11129     0.28649     0.13037     0.46003    0.056519    -0.17189    0.016724     0.01291     0.21406    0.026806   -0.028752   0.0075055    -0.03018].
   Records are aligned to the target stack.
   Iteration 1/10...
   Iteration 2/10...
   Iteration 3/10...
   Iteration 4/10...
   Iteration 5/10...
   Iteration 6/10...
