MATLAB is selecting SOFTWARE OPENGL rendering.
OMP: Warning #181: OMP_STACKSIZE: ignored because KMP_STACKSIZE has been defined

                            < M A T L A B (R) >
                  Copyright 1984-2022 The MathWorks, Inc.
                  R2022a (9.12.0.1884302) 64-bit (glnxa64)
                             February 16, 2022

 
To get started, type doc.
For product information, visit www.mathworks.com.
 
Starting parallel pool (parpool) using the 'local' profile ...
Connected to the parallel pool (number of workers: 36).
Number of workers: 36
-------------------------------------------------------------------------------------------
## BIGMACS: Bayesian Inference Gaussian Process Multiproxy Alignment of Continuous Signals
-------------------------------------------------------------------------------------------
## Stack construction algorithm is now running...
#  Initializing...
   Data are loaded successfully.
   Initializing the age samples...
   Done.
#  Stacking algorithm is now running...
#  Iteration 1:
   Ages are sampled.
   Parameters are updated.
   Updating parameters makes the average log-likelihood of samples increased by [58.34567      76.44758      15.78259      28.97632      24.13598      53.16048      9.147232      21.15269      4.399144      9.906591       2.32752      20.17596      63.68043      13.66058      16.12878      31.42529      69.33945      58.51495       18.0301      11.77961      3.666768      8.877966      23.20003      9.206905      23.70908      34.61685      58.65979      11.09824      27.39846      3.417492      4.667858      10.09264      7.465927      18.40719      11.51284      17.78985      35.57745      14.19313      11.87417      7.497135      29.99001      44.83375       104.681      7.332728      1.968929      37.89788      32.51667      17.78401      5.262737      9.926729      10.63778      8.319595      5.084256      11.83043      18.69871      39.10462      22.45878      25.35216      39.37696      34.66971].
   Ages are sampled.
   Parameters are updated.
   Updating parameters makes the average log-likelihood of samples increased by [0.387096     0.583461     0.442613    -0.158896      1.57706       1.2464     0.212008     0.232011     0.190637     0.553569    0.0173007      0.23059      0.72239    -0.744614      0.58931     0.254626      5.41204       1.0333     0.288536     0.202009    0.0684507     0.362175   0.00310967     0.056846      1.06599     0.116109      5.58859      1.70674      1.01911    -0.170999    -0.159183      1.18654    -0.996852      1.14197     0.503129   0.00717979     0.740678    -0.168623      1.25676    -0.114925      3.46397    -0.795817     0.467929    -0.412596      1.32674     0.503813    -0.449156     0.681134     0.376345     0.634867     0.110793  -0.00478679     0.476921      0.22412     0.463124      31.4942      1.44933     0.333704     -0.14755      1.16718].
   Ages are sampled.
   Parameters are updated.
   Updating parameters makes the average log-likelihood of samples increased by [0.083745     0.04606     0.17885  -0.0028946  -0.0015367    -0.12566   0.0054595    -0.20904   -0.040231    -0.14701    0.023013  -0.0013571   -0.082168    0.052626    -0.18387    -0.57983   -0.046432     0.50206   -0.088467    0.090342    0.062104    0.063766     0.16666    0.054613     0.22534    0.087717     0.20544     0.83991     0.13452   -0.047951    0.061351    -0.10119     0.10397    0.014208   -0.016722    -0.26105   -0.083001     0.20259     0.21093    0.014213      1.6166    -0.28774   -0.052906      0.1325    0.035934    0.095506     0.38507    -0.24375     0.01453   -0.068117     0.03712    0.080633      0.1369     -0.0379   -0.032007     0.75109     0.83042    -0.11474   -0.012179    -0.65139].
   Ages are sampled.
   Parameters are updated.
   Updating parameters makes the average log-likelihood of samples increased by [-0.016958     0.04766    0.024784   -0.038272     0.36173    0.084413    -0.15412    0.057509    0.039575       0.323    0.059203    -0.30337    0.010669   -0.010232     0.31026   -0.048428    -0.19155   0.0016065    0.035185    -0.07383    0.024842    -0.12543   -0.013101     0.21263   -0.019676    -0.24579    -0.13235    0.085177  -0.0036518    0.026583     0.12874    0.011355   -0.074974     0.28141   -0.055532    -0.30158      0.0643   -0.025129    -0.07222   -0.022568    -0.65955    -0.31978    0.012112    -0.25142    0.050045    0.084448    0.071587    -0.34734    -0.12434    0.078046   -0.065945   -0.034042    -0.23797   -0.080778   -0.082051   -0.062133   0.0098009   -0.077892   -0.017639    -0.13746].
   Ages are sampled.
   Parameters are updated.
   Updating parameters makes the average log-likelihood of samples increased by [-0.10167    0.014882     0.14605    0.024547    -0.78662   -0.015557     0.18347    0.072644    -0.24578   -0.018016  -0.0013667     0.30563    0.025665  -0.0050609   0.0058799    0.078675    0.019115    -0.44384   -0.030178    0.046206   -0.025052     0.11124    -0.13474  0.00043817    0.028735     0.54866     0.18992   -0.044885   -0.063767    -0.18269    -0.21623   -0.062648    -0.43983    0.015727     0.03792     0.37735   -0.013487   -0.025116     0.13378 -0.00045507    0.028421    -0.17897   -0.015979     0.13743    -0.11046     0.14691    0.018458    0.044772     0.38852    -0.10762     0.02445    -0.13593    -0.51076     0.18173    0.039826    -0.19238 -0.00081113    0.074828    0.057905    0.036608].
   Ages are sampled.
   Parameters are updated.
   Updating parameters makes the average log-likelihood of samples increased by [0.024246   -0.070735    -0.13588   0.0078046    -0.43888    -0.50724     0.18319   -0.041466      0.2504   -0.043378   0.0032853   -0.021819     0.01161   0.0065332    -0.11619   -0.075387     -0.1133      0.4762    0.029373    0.013718   -0.013258   -0.020125     0.12992     -0.1052   -0.085562   -0.071137    0.021917    -0.13069    0.071228     0.11427     0.14362    0.019631     0.37587     -0.4069   0.0099134    -0.11731   -0.016251    0.073861   -0.080653  -0.0066162      0.0111     0.53622   0.0052892    0.081304   0.0042598    0.012293    -0.08924   -0.094503    -0.60308    0.080995     0.01746     0.24704     0.23102   -0.076392    0.001861     0.27082   -0.090605   0.0030732   0.0010371    0.078736].
   Ages are sampled.
   Parameters are updated.
   Updating parameters makes the average log-likelihood of samples increased by [0.074333     0.13297    0.048177  0.00076253     0.46479   0.0087904    -0.26682     0.01735      -0.574    0.029879   -0.062191    0.031962    -0.16149  -0.0018578    0.095342    0.077772      0.2336    -0.60789  0.00026868    -0.01444    0.033305    0.018426   -0.044691      0.1108    0.011635     0.18221   -0.077544    -0.20148    0.021238    0.021427   -0.025171    0.057017     0.26289     0.27303   0.0098305     0.15387 -2.7972e-05 -0.00030385   -0.067654     0.02942   -0.011143     0.64209   -0.026135   -0.044382  -0.0063499    -0.31756     0.09873     0.30393   -0.019342     -0.1344    -0.16513    -0.45455   -0.057483    0.053481    0.072699   -0.070648    0.087182    0.014116    -0.11156   -0.091983].
   Ages are sampled.
   Parameters are updated.
   Updating parameters makes the average log-likelihood of samples increased by [-0.063595   -0.020203   -0.095551   -0.043764    -0.50019    -0.03347     0.21189    0.025524    0.024844    -0.20902    0.044575 -0.00067171    0.050137   0.0049255   -0.066855   -0.013583    -0.29221    0.065194    -0.20774  -0.0006317   0.0064011   -0.085411    0.030948   -0.016878    -0.20951    0.053234    -0.17838   -0.063892  -0.0078756    -0.10919  -0.0011948     0.00115    -0.47799     -0.0871   -0.020641   -0.082396    0.033794   -0.045882    -0.10756    -0.19402    0.013016     0.29579   -0.023634   -0.047189    0.063913     0.28635    -0.32441    -0.33586   0.0048615    0.047212     0.16079    0.099641   -0.033624   -0.099872     -0.1146    0.061723   0.0030523  -0.0089533   -0.050168     0.07455].
   Ages are sampled.
   Parameters are updated.
   Updating parameters makes the average log-likelihood of samples increased by [-0.15644    -0.37088     0.20252     0.04902 -0.00055647  -0.0010613    -0.31427  -0.0025376   -0.008717  -0.0013792   -0.087039   -0.069443     0.10912    -0.05253   -0.038229  -0.0070916     0.28393     0.19844    0.032695   0.0083648    -0.13665    0.095355  -0.0024111   0.0030861      0.2829    0.018527     0.25772     0.28231    -0.17917     0.15083    0.011284  -0.0064856     0.20121    -0.24589    0.017046    0.025578   -0.088491    0.038537     0.22886     0.19877   -0.090641   -0.041095   -0.023685    -0.15717    -0.19595   -0.034814     0.29772     0.39481    -0.10352    0.034339   -0.027077    0.018983    0.049071    0.094775    0.017847    -0.01043  -0.0042619     0.01987    -0.23764    0.024096].
   Records are aligned to the target stack.
   Iteration 1/10...
   Iteration 2/10...
   Iteration 3/10...
   Iteration 4/10...
   Iteration 5/10...
   Iteration 6/10...
   Iteration 7/10...
   Iteration 8/10...
   Iteration 9/10...
   Iteration 10/10...
   A new stack is updated.
#  Iteration 2:
   Ages are sampled.
   Parameters are updated.
   Updating parameters makes the average log-likelihood of samples increased by [83.81742      66.24504      20.29958      51.16812      65.31382      55.61117      9.685056      25.93655       23.2185      48.96204      24.10842      44.05627      97.92747       17.8172      22.59261      38.93782      60.68712      47.83217      81.45492      19.88806      45.59969      50.33047      42.53849      54.92922      73.15268      56.40627      271.5937      71.78971      114.0517      20.28529      10.93659      8.693265      14.98955      22.38439      26.72564      8.092747      21.36829      12.65102      12.36118      13.99473      55.88231      54.78053      119.6082      13.95112      7.990703      35.54553      40.07985      13.17922        39.695       53.7266      6.072768      18.90439      7.728513      10.71208      21.73744      652.3224      112.3614      37.12072      123.7515      73.44736].
   Ages are sampled.
   Parameters are updated.
   Updating parameters makes the average log-likelihood of samples increased by [2.94646      4.929256       1.13934      1.867644      2.754257      2.894463     0.7261958      2.594168      1.338938      1.810945      1.596813      1.836012      4.847333      1.187266     0.3693915      3.617631       2.28293      2.417456       2.54086   0.001441581     0.4199872      1.196264      1.578207       5.89154      6.572355      2.711066      10.89796      6.713178      1.797245      1.609334     0.7202942    -0.9865264    0.02616612      1.253468     0.7900407    -0.1892849     0.7695656     0.6300056     0.8127134     0.4057379      2.211583      3.875906      3.901013      1.511038     0.5524557      2.944855      2.014588      1.221748      3.168709      5.042782     0.3317714      1.349521   -0.02755384     0.2827553     0.4873227      121.7703      3.796617      1.691703      11.91111      2.763799].
   Ages are sampled.
   Parameters are updated.
   Updating parameters makes the average log-likelihood of samples increased by [-0.28      1.5664     0.27636      1.2283    -0.21617     0.32977     0.36805    0.095366    0.037971    0.091021    -0.11647    0.037016      1.0245   -0.053991     0.06533     0.39559     0.16974     0.89435      1.3229    0.020803      0.2306      2.3859     0.53045      1.5627      1.8948     0.63253      2.5726      2.0042     0.26256    -0.56163     0.22552   -0.023793    -0.15056       1.088     0.17576     0.12582    -0.11311     0.46173   0.0035928   -0.072537     0.56365      1.4183     0.50186     0.33867    0.039942     0.30847     0.48554    -0.25257     0.40058     0.84924     0.27416    -0.28466    -0.17934     0.67075   -0.028791     0.16926    -0.85747      1.0752     0.37411     0.68636].
   Ages are sampled.
   Parameters are updated.
   Updating parameters makes the average log-likelihood of samples increased by [0.03372      0.2043    -0.66862     -0.2051    0.088207     0.20685     0.19233    -0.16228    -0.30489    0.046381   -0.060329    0.028092    -0.10101     0.65315     0.14464     0.10831    -0.55678    0.099318    0.026351   0.0051185    -0.10952    0.042097   -0.082895   -0.045579     0.14371      0.1531    0.032194       1.085     0.48489   -0.033437   0.0011308   -0.033265    0.051789   -0.041942    0.036204    -0.14177 -0.00036594    -0.41852    -0.18617    -0.68015     0.16619    -0.13257    -0.10177    -0.10444     0.12493    0.063378    -0.17297    0.084647   -0.040553   -0.099123     0.14213    0.093025    -0.16143  -0.0041317     0.53344      1.1846   -0.048472    0.055128      -0.136     0.23309].
   Ages are sampled.
   Parameters are updated.
   Updating parameters makes the average log-likelihood of samples increased by [-0.012535      0.0133     0.64047     0.16472   -0.062918   -0.070818   -0.028349    0.019244     0.32751    0.010865    -0.12463   -0.027154     0.13918    -0.22195    -0.10322      0.1057    -0.10753    0.040487   -0.031899   -0.058683    0.072661    0.088989    0.044255    0.079536   -0.038897  -0.0021013   -0.025747   -0.056433    0.050404   -0.026786    0.046921    0.012072   -0.025585   0.0039855    0.062827   0.0020292   0.0057392     0.15699     0.15736     0.10424    0.030373    0.048495     0.15987    0.013529  -0.0015998    -0.71309    0.058856   -0.071437     -0.3468    -0.38976     0.47993  -0.0056974    0.068896   0.0058696  -0.0020877     -0.1962     0.10948     0.13594     0.14605    -0.14281].
   Ages are sampled.
   Parameters are updated.
   Updating parameters makes the average log-likelihood of samples increased by [0.010417     0.26948     0.38497    0.036612    0.042079    0.092777    -0.33109     0.11924    0.083768   0.0091671     0.18748   -0.039611   -0.018611     0.13326     0.34657    0.010191     0.10592       0.111   -0.021175    0.048291    -0.44385   -0.019281    0.052148    -0.21561    0.015267    -0.11171    -0.29401    0.038994    -0.59433   0.0062878    0.070395   -0.011769   -0.001029    0.024259   -0.041207    -0.36574   -0.033686     0.44921   -0.060914    0.021952  -0.0089046     0.17488    0.085478    0.060712   -0.041815    -0.27839    -0.42097    0.073081     0.33631     -0.3905    -0.18503    -0.14887    0.042748  -0.0056533   0.0067037     0.22588     -0.2272    -0.28671    -0.16932     0.12338].
   Ages are sampled.
   Parameters are updated.
   Updating parameters makes the average log-likelihood of samples increased by [-0.20894    -0.31674    -0.35378   -0.014257    0.027643   -0.050258     -0.1892   -0.067114    -0.11361    -0.14556   -0.077253    0.036345    0.012648     0.11498    -0.23541   -0.018931   -0.012801     -0.2078    0.038322   -0.028486    0.039574   -0.041791    -0.18986     0.14239  -0.0022487    0.075479    0.024482    -0.07416      -0.147 -0.00089283    -0.17585    0.010665   0.0024986    0.014819   -0.034944     0.44167   -0.013185    -0.20622    0.087834     -0.1411   -0.020294     0.20764   -0.098673     0.25474   0.0025584    -0.16361      0.3455    -0.13822     -0.0725     0.53364    -0.19584     0.14578    0.054163   -0.065706   -0.017909    0.013551     0.24104     0.41792     0.08957    0.022752].
   Ages are sampled.
   Parameters are updated.
   Updating parameters makes the average log-likelihood of samples increased by [0.074781     -0.2441     0.63683    -0.54493     0.02337    0.013247     0.44366     0.11079   -0.073936    0.043647    0.054528    0.039442   -0.002983   -0.017225    -0.50471    0.022502   0.0035722    0.095176   0.0012977   -0.052946      0.2183    0.083955     0.17533   -0.092273     0.01421   -0.049691     0.28442   -0.061276     0.10417   -0.087066     0.12617   -0.066451   0.0049672  -0.0087534    0.024909     0.20861    0.044482     0.15079   0.0045684      0.2476  -0.0012251    -0.26844     0.10935    -0.26792   -0.048016     0.54436    -0.80113    0.029213    -0.44778    0.080997    0.088719   -0.083314   -0.023209     0.06596    0.022186   0.0033617    -0.00372    -0.13044    -0.45654    -0.20762].
   Ages are sampled.
   Parameters are updated.
   Updating parameters makes the average log-likelihood of samples increased by [0.085012      0.4858     0.67202    -0.14362    -0.14632    0.034577    0.057693  -0.0014479 -0.00056632    0.080152    -0.10597   0.0018044    -0.13899     0.01618    0.020962    -0.23797    -0.06951    0.094225   0.0097275    0.043925     0.14242   -0.053628    -0.10395   -0.026732   0.0013104    0.034296     -0.2719    -0.06505    -0.20295  -0.0070724    0.017202   -0.040397   0.0031314      0.0267    0.014099   -0.072237   0.0031269    0.038172    -0.01237   -0.016104    -0.14756     0.24099   -0.016226     0.11527  -0.0012105   0.0062385    -0.16967    0.077744      0.4297     0.03064      0.1601 -0.00096723   -0.060906   -0.010523   -0.038651    -0.20182   0.0027637  -0.0050493     0.13654     0.18985].
   Ages are sampled.
   Parameters are updated.
   Updating parameters makes the average log-likelihood of samples increased by [-0.080373     0.10462     0.05709    0.075277    0.081213    -0.25236    -0.10863   -0.016021      0.2092     0.02733   -0.096889    -0.22351    0.024317    -0.14004   -0.021635     0.15953    0.076958   -0.075469   -0.013729    -0.10423     0.07858    0.029434    -0.28426     0.18592   0.0085297    0.029785     0.27125    -0.17611     0.21426   -0.044306    0.053101     0.10922    0.013381  0.00029568   -0.080033    -0.42726   -0.090532   -0.069723  -0.0016512    -0.15822     0.15471    -0.17616   0.0078114   -0.082665     0.00287    0.013078     0.17592     0.03158    -0.31463    -0.33287    -0.53986  -0.0013587   0.0041142    0.016672    0.038118    0.077009   -0.010942   -0.083921    0.045935    0.018845].
   Records are aligned to the target stack.
   Iteration 1/10...
   Iteration 2/10...
   Iteration 3/10...
   Iteration 4/10...
   Iteration 5/10...
   Iteration 6/10...
   Iteration 7/10...
   Iteration 8/10...
   Iteration 9/10...
   Iteration 10/10...
   A new stack is updated.
#  Iteration 3:
   Ages are sampled.
   Parameters are updated.
   Updating parameters makes the average log-likelihood of samples increased by [0.201757    -0.118116    0.0195712     0.102966     0.779212      1.00356    -0.129229    -0.236633   -0.0795327    -0.750349     0.422485     0.492351     0.791438     0.465811    0.0475514      1.27639    0.0408463     0.151188      0.42482     0.188461     0.591994     0.463799     0.437362    -0.293986     0.180579      2.20842      5.37969     0.208599      1.83864     0.470804      0.96773     0.101911     -0.16947     0.588016      1.53433  -0.00248532   -0.0278108     0.308593      0.19461    0.0285227     -0.14273    -0.152288     0.372881    -0.728781     0.462115     0.834974    0.0251584    -0.972271    -0.237837     0.324833   -0.0767658     0.248606     0.129997    -0.485089    0.0207657      17.3664     0.331982    0.0786379     -0.74825    -0.142134].
   Ages are sampled.
   Parameters are updated.
   Updating parameters makes the average log-likelihood of samples increased by [-0.149753     0.284336   -0.0820991    -0.382773    -0.282318    -0.152649   0.00933874     0.202535   0.00725536    0.0312269   -0.0824938   -0.0936863    0.0686113   -0.0578698     -0.31296   -0.0620506     0.156449     0.874772    0.0697125   0.00609669    0.0797358     0.451166   -0.0821283     0.405477   -0.0853112    0.0101489      0.44259   -0.0867797    -0.126275   -0.0900856    0.0625306     0.204559     0.202776     0.174027  -0.00140624    -0.070295     -0.22229     0.521571   -0.0123464   0.00968189     0.581543    -0.194248     0.117246  -0.00067048     0.168281   0.00549726   -0.0665543  -0.00200828     0.334856     0.307502     0.146865    -0.133139     0.116328    0.0787837     -0.41444       54.511     0.963087      1.54962   -0.0151847    -0.404222].
   Ages are sampled.
   Parameters are updated.
   Updating parameters makes the average log-likelihood of samples increased by [-0.50138    -0.10614  -0.0038976    -0.15286    0.037647    0.011786    0.052392    0.070242    0.029273   -0.056166   -0.052675    -0.10782    -0.24173    -0.82342    -0.51962    -0.16521     0.34844     0.29103    -0.01621   -0.043972     0.20261   0.0031855   -0.012588    -0.31372    -0.20493     0.35746   -0.082123    0.092407    -0.32587    0.080118    0.084237    -0.12853     0.69109     0.32468    -0.47653    -0.17681   -0.051214       0.104     0.16661    -0.10893    -0.14887    0.050889   -0.040985    -0.17683    0.072834    -0.16641    -0.16348     0.06982   0.0033645   -0.023412    -0.14631   -0.025532    0.061455     -0.1067      0.3818     0.42195    -0.51364     0.18986     0.05125   -0.086159].
   Ages are sampled.
   Parameters are updated.
   Updating parameters makes the average log-likelihood of samples increased by [-0.14708    -0.24641   -0.059638     -0.7858     0.20938     -0.1258     0.11696   -0.062192   -0.051289    0.070717   -0.041414    -0.53541   0.0049282     0.13888  -0.0055187    0.043569    -0.13001   0.0035228     0.19801   -0.021008   -0.022376   -0.095239    0.037386     0.24358     0.10759    -0.61235   -0.064933     0.30821     -1.0054    -0.46817    -0.30104    0.076772    -0.35384    0.033955    -0.08035    -0.53282    -0.91088    -0.46636       0.066   0.0011439     -1.4797  -0.0037693    0.082927     0.27064     0.19139   -0.022188    0.036805   0.0086751    -0.14436    -0.84204     0.20066    -0.25715    0.061217    0.030712   -0.034563     0.78565    0.050511    -0.45567    -0.13381    0.054252].
   Ages are sampled.
   Parameters are updated.
   Updating parameters makes the average log-likelihood of samples increased by [0.21794    -0.22585   -0.075247     0.13828   -0.015906    0.081564     0.15282    0.050619    0.022126   -0.057227     0.24505  -0.0063248    0.021361    0.002747     0.46994  -0.0031205    -0.39779    0.013742   -0.057306   -0.082082    -0.03399     0.10407   0.0071879    0.017861    -0.26942    0.081055    0.026724   0.0023262    -0.15411     0.78853    -0.10222    0.001581    0.070785    -0.44339    -0.18417   -0.057482   0.0056934    0.029884    0.029569    0.088578    -0.36495   -0.022605    0.022297     -0.4046    -0.40058    -0.27108    -0.51512    0.021729     0.11227     0.12913     0.04982     0.08233    0.019902     0.06465    0.065696     0.60271  -0.0062046    -0.85613     0.64147  -0.0026431].
   Ages are sampled.
   Parameters are updated.
   Updating parameters makes the average log-likelihood of samples increased by [-0.012865     0.21399     0.10433     0.45712     0.25198   -0.074642    -0.18532    -0.13553     -0.3586     0.12231    -0.32942    -0.15936    -0.05575   -0.067036     -0.2007   -0.014578       0.551    -0.14589     0.17414   -0.081762    0.015495   0.0047656    -0.14575    0.068074     0.30478   -0.031344    0.048612    0.021854    0.088183   -0.052444     0.22968  -0.0037917    -0.28444    -0.57353    0.081979    0.059263    -0.60555    0.067661   -0.040059    0.017006     0.12216   -0.096434   -0.065058    -0.55584     0.21852     -0.6434   -0.081724   -0.012591    0.027972  -0.0023518    -0.27821     0.29646    -0.01358   -0.054521    -0.16282    0.048852   -0.043536    -0.13919   -0.027114    -0.11281].
   Ages are sampled.
   Parameters are updated.
   Updating parameters makes the average log-likelihood of samples increased by [-0.40325     0.24834   -0.010145     -0.4649    -0.16736     0.07217   -0.092676     0.11766     0.08849 -0.00085388     0.34141    -0.20915   -0.046785    0.094831    -0.28717   0.0091257    0.047728     0.11711    -0.30843     0.11466   -0.074975    -0.34072    0.049159   0.0027619    0.053321    0.047857    -0.41282   -0.030672   -0.039785    0.060238  -0.0055615  0.00052002    -0.08625   -0.013687    -0.12245  -0.0042854    0.015589     0.44839   -0.036106    0.020177    0.060938     0.08779    -0.36563    0.056752     -0.1347    -0.27752    0.067042    -0.22698    0.011577 -0.00057178     0.25636   -0.058198   -0.049674    -0.13274     0.40039     0.09764    -0.12582     0.19684    -0.42657     -0.1462].
   Records are aligned to the target stack.
   Iteration 1/10...
   Iteration 2/10...
   Iteration 3/10...
   Iteration 4/10...
   Iteration 5/10...
   Iteration 6/10...
   Iteration 7/10...
   Iteration 8/10...
   Iteration 9/10...
   Iteration 10/10...
   A new stack is updated.
#  Iteration 4:
   Ages are sampled.
   Parameters are updated.
   Updating parameters makes the average log-likelihood of samples increased by [0.0152256     0.274753  -0.00095075     0.602675    0.0340664     0.110867    -0.161518     0.151015     0.410481     0.158757  -0.00435576     0.114589    -0.763163    -0.281038     0.119142    0.0257398   -0.0533762   -0.0872217   -0.0760584    0.0121968    -0.115049   -0.0390952    0.0448274   -0.0579211    -0.456755    -0.522933   0.00549177   -0.0532313    -0.012271    -0.137753    0.0125656    -0.136509   -0.0664195   -0.0050248    -0.154609     0.489344   -0.0589114    -0.143876       0.2348    0.0758911  -0.00163744   -0.0328666   -0.0396396    -0.004894     0.704729   -0.0560528    0.0997919     0.137476    -0.166093    -0.026121   -0.0908822     0.129036      0.12825   -0.0477017   -0.0308354      51.8653  -0.00682178    0.0159272    -0.212158   -0.0449163].
   Ages are sampled.
   Parameters are updated.
   Updating parameters makes the average log-likelihood of samples increased by [-0.446525     0.507669    0.0307254     0.452633     0.177373     0.266004      0.17253   0.00238721    -0.119327    -0.220857     0.514002   -0.0645252    -0.350737   -0.0739059    -0.174132   -0.0671871    -0.114786    0.0707617   -0.0963634     0.271575    0.0130251   -0.0694866    -0.747219  -0.00219844    -0.206611   -0.0234382    -0.122555     0.336182    0.0555725    -0.081737  -0.00122505    0.0167811     0.151082    0.0110968   -0.0638453   -0.0766733    0.0306193    0.0615827    0.0346309    -0.050937    0.0106818   0.00158645    0.0100126     0.298398     0.291921      0.52252    -0.117612   -0.0890944    -0.199347    0.0604688     0.395529    0.0174593    0.0269616   -0.0767147     0.253784      76.1012    0.0239441    -0.036478     0.104676  -0.00715989].
   Ages are sampled.
   Parameters are updated.
   Updating parameters makes the average log-likelihood of samples increased by [-0.30739    -0.29357    -0.19789     0.43177    -0.18774    -0.12061   -0.075755   -0.014307     -0.2045    -0.58218    -0.15521    -0.30411    -0.18528     0.01012    -0.11251   -0.064556     0.19881    -0.20661     0.14124    -0.71013     0.23681   -0.031791     0.17544   -0.029901    -0.15959   0.0074662    -0.35597    -0.26273   0.0065648   -0.043803     -0.1098     0.20078   -0.098178    0.014379    0.042375     0.87495    -0.27209    0.042585    -0.21258    -0.30876     0.16936    -0.30415    0.048788    0.014955     0.31717   -0.049147     0.74724    -0.12783    -0.14241    0.060086   0.0014116     0.13674    0.036795   -0.038197    -0.20727      0.8065   -0.077484    -0.27326     0.19487    -0.36639].
   Ages are sampled.
   Parameters are updated.
   Updating parameters makes the average log-likelihood of samples increased by [-0.37993    -0.20709   0.0090215    0.028464   0.0061326     0.12635   -0.014448   0.0068265   -0.027202    0.086453    -0.51536     0.18421    0.086747    0.033428     -0.1689      0.0277    -0.17747    -0.40681   -0.002713    0.029375     -0.2632    0.030114    -0.43447    -0.28075     0.28498     0.52998     0.12178     0.02932      0.1295   -0.058688  -0.0029267   -0.060645    0.027474   -0.075984    0.015836   -0.019229     0.15906    -0.25522    -0.26519    -0.21515   0.0034153   -0.089967      0.1685    -0.02059    -0.39782     0.48258    0.069006     0.26911     0.11424     0.18241     0.13464     0.40473    0.033022   -0.034873    -0.12892      1.0019     0.11089     0.33677   -0.030801   -0.047218].
   Ages are sampled.
   Parameters are updated.
   Updating parameters makes the average log-likelihood of samples increased by [0.33719    -0.03937     0.16193     0.04949   -0.020073     -1.0379     0.12244    -0.51478    0.063698     0.18608    -0.28823    -0.27159    -0.12995    -0.20973     0.14986    -0.89805     0.11643     0.41192    -0.64701  -0.0021072     0.41183    -0.15729     0.38122     0.28629  -0.0019225     0.16607   0.0042043    -0.16392    0.029062   -0.013497  -0.0033658      0.1231    -0.15623     0.27416     -0.1264    0.020168     0.05041     0.22356     0.43279     0.16203     0.32077   -0.081407     0.10974    0.014716     0.17822    -0.16025    0.095516     0.21089    -0.36284   -0.028508    -0.42926    -0.84204    -0.10498     0.16066     0.11313    -0.24945    -0.10855  0.00026138     0.15576    0.042109].
   Ages are sampled.
   Parameters are updated.
   Updating parameters makes the average log-likelihood of samples increased by [-0.57129     0.32957    -0.82851   -0.049573    0.020387     -1.0294   -0.004748    -0.19509    0.058949    -0.75579   -0.085132    -0.79072    -0.37631    0.015853    -0.11043     0.35375    0.043702      0.1557    -0.40216  -0.0049487    0.019585     0.15803   -0.091239   -0.034426   -0.016136   -0.021551   0.0085387     0.18936   -0.018156    0.067444   -0.079852    -0.11321     0.16663    -0.24537     0.12378   -0.034732     -0.4959    0.015978    -0.32604    0.027562     0.32579    -0.12465    -0.19415   -0.054881     0.19686   -0.010421   -0.043804    0.058165     0.20759   -0.011185      0.4539   -0.084205      0.1266    -0.23808    0.087146     0.17599     0.14262    -0.37473      0.2121 -0.00022288].
   Ages are sampled.
   Parameters are updated.
   Updating parameters makes the average log-likelihood of samples increased by [-0.52863    -0.10827     0.38079   -0.064042   -0.065948     0.02305    -0.10937     0.12057   -0.055353  0.00072662      0.2312     0.35474     0.35701     0.18889    0.084855    -0.42444    -0.21077   -0.097631     0.38034   -0.093254    -0.13126    -0.22768    0.098815    0.035072    -0.16443   -0.044552    -0.55208    -0.17893   0.0091284   -0.024229    -0.18154    0.063084    -0.01564     0.12889   -0.044005   -0.027024     0.45249   -0.020892    -0.14076    -0.14609    -0.19593   -0.029552     0.17022   -0.020589    -0.35425    -0.25632    0.006888    -0.01135    -0.20877    0.011184    -0.28693    -0.25757   0.0075164     0.26646   -0.034417    0.075544  -0.0016277     0.11445    0.069552      0.1444].
   Ages are sampled.
   Parameters are updated.
   Updating parameters makes the average log-likelihood of samples increased by [0.040362   -0.018984    -0.44335    0.086748    -0.40663    -0.77168    0.072144    0.041803    -0.28374   -0.061947    -0.53664    -0.69684    0.075039   -0.016716    0.036122   -0.049123     0.31643   -0.052777     -0.5097     0.06335     0.16807     0.12417    0.031999    -0.23335     0.15324    0.066435     0.35518     0.10874  0.00043546    0.024481     0.17652    0.041496    0.018149   -0.020988    0.046239    0.045676     0.14219   -0.018005    -0.12292    0.095986     0.15838     0.30552   -0.015566    0.046715      0.2376      0.3479    -0.15946    -0.18285   0.0078586     0.01194   -0.013295     0.26052    0.045015    -0.15315    -0.16192    0.074527   0.0045291     0.09108     -0.5735   -0.022659].
   Ages are sampled.
   Parameters are updated.
   Updating parameters makes the average log-likelihood of samples increased by [-0.032443    -0.44242     0.53816   -0.079364     0.43357    -0.26487    0.029994   -0.042765   -0.032971    0.062862     0.10917     0.47072    -0.21605    0.037176   -0.011786     0.30151   -0.030878    0.068775    0.039993   -0.065758    -0.74757     0.10424    -0.45196     0.21381    -0.25134     -0.2318     0.19757    -0.12876  -0.0071592   -0.079453   -0.037846     0.01127  -0.0044721    0.023814  0.00034626    0.016491    -0.43411    -0.13108     0.43219    0.041607     0.28514    -0.27313    -0.13226   -0.090484    -0.10061    0.028556     0.19543    -0.47806    -0.17305   -0.022589    0.096181    0.065856   -0.082726    0.095157     0.15909    -0.28308     0.02779      0.0351     0.44085    0.026542].
   Ages are sampled.
   Parameters are updated.
   Updating parameters makes the average log-likelihood of samples increased by [-0.77935     0.53409    -0.19438    0.085106   -0.057902    -0.22636    -0.19764    0.036169     0.15444   -0.071745    0.071324     0.23726     0.26509    -0.52068    0.025635   -0.090657    0.026237    -0.45798  -0.0054489     0.10176     0.08737   -0.074708     0.38112   -0.052556      0.2836     0.17838    0.011913    -0.13048    -0.13737    0.062351     0.11071   -0.075067   0.0050782   -0.008303    -0.17935   -0.039075     0.44778     0.17094    0.096525   -0.021517    -0.67543   -0.013323     0.14288     0.10641   -0.068041    -0.10523   -0.015949   -0.048544     0.57686    -0.00323     0.48351   0.0098695    0.069931   0.0044935     0.02825     0.34854   -0.050252    -0.35954     0.20152    -0.22649].
   Records are aligned to the target stack.
   Iteration 1/10...
   Iteration 2/10...
   Iteration 3/10...
   Iteration 4/10...
   Iteration 5/10...
   Iteration 6/10...
   Iteration 7/10...
   Iteration 8/10...
   Iteration 9/10...
   Iteration 10/10...
   A new stack is updated.
#  Iteration 5:
   Ages are sampled.
   Parameters are updated.
   Updating parameters makes the average log-likelihood of samples increased by [1.17678   0.00330674     -0.17234    -0.319839     0.164214    -0.167401    0.0902564    -0.187315    0.0716185    0.0568548   -0.0104723     -0.15806    -0.598386    0.0495946   -0.0242458   -0.0374753    -0.223625    0.0101346   -0.0249949     0.159256    -0.263234     0.213308    -0.644199    -0.019329    0.0878905     0.093255   -0.0206766     0.255964     0.228089   -0.0652128   -0.0373491   -0.0702487     0.568812     0.127278   0.00115546    -0.315751      0.14377    -0.117319   -0.0193732    -0.241358     0.224418   -0.0126938     -0.37746     0.302395    0.0663003   -0.0818386    0.0123252    -0.103379     0.133179  -0.00371216   -0.0704788   -0.0016738     0.257913      0.23431    0.0713115      65.0045    -0.660866     0.564275    0.0389735    0.0720955].
   Ages are sampled.
   Parameters are updated.
   Updating parameters makes the average log-likelihood of samples increased by [-0.503102     -1.54851     0.265074   -0.0206169    0.0523546   -0.0130451    0.0983454    0.0329845     0.238303   -0.0519987    0.0137015    -0.131545    0.0981321   -0.0247127    -0.375657     0.028813    -0.102878    -0.363751    -0.117845     -1.05289    0.0188935    0.0187903    0.0711519    0.0344488     0.116839    0.0282096     0.274911     0.180717     -1.50069    0.0894714     0.688183    -0.345695    0.0276848   -0.0470203    -0.311778    -0.365056     0.061624   -0.0866541     0.106489   -0.0150401     0.261027     0.177692    -0.829648    0.0544888    -0.128787     -0.23335    0.0257566     -0.14539    0.0621126      0.12989     0.200063     0.164192     0.530186   -0.0219172   -0.0242167      65.9942     0.160972    -0.218744     0.521832      0.40503].
   Ages are sampled.
   Parameters are updated.
   Updating parameters makes the average log-likelihood of samples increased by [-0.56133    0.090024   -0.038018   -0.058459    -0.52657    -0.72897     0.16299     0.35234   -0.018067    -0.43938   0.0060491     0.12359     -0.1655    0.030054    -0.24765    -0.13768     0.61497    -0.46105     -0.6435     0.18744     0.01073    0.024491    -0.23274     0.35395   -0.010888   -0.052224   0.0030405     0.19654    0.065384   -0.014925     0.21395    -0.14876    0.045508    -0.36305  -0.0079432     0.28063    -0.57378    -0.15421    -0.64629   -0.024699    -0.38856      0.0133    0.095878   -0.020271  -0.0017441    -0.19424    0.025456    -0.12054   -0.032675  -0.0033868    -0.02337     -1.5217    0.012297    -0.22756   -0.028455      2.0358     0.12145     0.39051     0.13155      -1.055].
   Ages are sampled.
   Parameters are updated.
   Updating parameters makes the average log-likelihood of samples increased by [0.0098197    0.026537    -0.26293     0.15036   -0.014427   -0.073882    -0.38653      1.1818     -0.3265    0.067667    0.023911      0.4671    -0.31587     0.37223    -0.03065   -0.017702     0.15013    0.023375    -0.27402    -0.67638   -0.027247    -0.27268  0.00044057    -0.50006     -0.5005    -0.14602    -0.48738   -0.054868    0.040096     0.41523    0.072348    0.038629    0.045718     -0.4173    -0.29652    -0.05567   -0.073995    0.070168    0.069899    -0.18064    -0.35835  -0.0046823    -0.60398    0.046524   -0.055011    -0.56826    0.042005     0.03698    -0.24067    -0.39583   -0.060396     0.20618   -0.060527    0.036549   -0.087382    -0.21451     0.58588    0.043605   -0.013901   -0.025365].
   Ages are sampled.
   Parameters are updated.
   Updating parameters makes the average log-likelihood of samples increased by [0.028678    -0.00402     0.41141    -0.36703    -0.09279   -0.039987     0.27557     -0.9726    -0.53257   0.0057327   -0.076185    -0.75309   -0.081574    -0.69338     0.07731   -0.011453   -0.062104  -0.0066828     0.24976     0.20939    0.037341  -0.0031663    -0.05432     0.11645    -0.23613     0.35211        0.54   -0.091254    0.085376    -0.84497    -0.02943   0.0044027   -0.060059     0.38191    -0.39658   -0.042735    0.067809    -0.12213   -0.052173     0.21092     0.33103   -0.038849     0.35665     0.31516     0.21763    0.027746   -0.023183   -0.044024     0.19368     0.40579    0.064182    -0.17663     0.02411    0.012854  -0.0089268    -0.52408   -0.057452   -0.017675     0.02262    0.077747].
   Ages are sampled.
   Parameters are updated.
   Updating parameters makes the average log-likelihood of samples increased by [-0.11895   -0.017549    -0.13928     0.36488    0.088752     0.28266    -0.43882   0.0033629    -0.12211   -0.021022   -0.081623      -0.991    -0.12853     0.15482   -0.029261   -0.068036    -0.24517     -0.1074   -0.091304  -0.0093386   -0.048816     0.38153     0.06476    -0.22389     0.28718    -0.16371    0.033698      0.0225  -0.0033712   -0.036582   -0.088663    -0.18101     0.06267    0.092899     0.23796    0.072617   0.0099277     0.12871     0.22919    -0.10403    -0.15326    0.042074    0.019081    -0.57392     0.33568    0.001941    -0.06473    0.025697   0.0031352   -0.079591   -0.099801     0.16676    0.025023    0.004863     0.10979    0.057651     0.05897   -0.027687    0.008303   0.0022744].
   Ages are sampled.
   Parameters are updated.
   Updating parameters makes the average log-likelihood of samples increased by [0.066182    -0.49353    -0.21391    0.058465   -0.089738    0.062096    0.052094    -0.74594     0.18011   0.0059266     0.18117    0.053663     0.24144   -0.071013    0.014981     0.08164     0.30872     0.11196     0.18034   -0.019976   0.0095074    -0.18066   -0.071722     -0.2285   -0.033343 -0.00057307     0.44321    -0.29474    -0.12388    0.062132   -0.095345    0.082198   -0.028004    -0.30014    -0.33958    0.028508  -0.0083561    -0.13057    -0.19095    0.024446     -1.0342    -0.32819     0.29572    0.020442    -0.58245   -0.085502     0.04186   -0.018773   -0.081058   -0.032247    0.097514   -0.013688 -0.00086693    -0.31135    -0.16732    -0.28391    0.064964    -0.05377   -0.053939   0.0064035].
   Ages are sampled.
   Parameters are updated.
   Updating parameters makes the average log-likelihood of samples increased by [-0.64643      0.4841     0.41519   -0.057179    0.061973    -0.36574     0.22138    -0.48763   -0.064473   -0.039751    -0.29007    0.018028    -0.28328     0.10392   -0.032138    -0.10695   -0.036447   -0.035186  0.00065181   0.0086366   -0.072613     0.12076    0.066251    -0.24792    0.030949   -0.051831     -0.2469     0.30023    -0.51347  -0.0038337     0.20779   -0.093097   -0.040021     0.14414     0.15718   -0.093048   0.0071086      0.1147    0.006176    0.089803      0.9638     0.14483    -0.87005   -0.054738    0.062686    0.035228    -0.22445   -0.045906   -0.091798    -0.83165  -0.0098429    0.033048   -0.031821    0.097629    0.047644     0.42295    0.025716    0.096783    -0.17949    -0.02285].
   Ages are sampled.
   Parameters are updated.
   Updating parameters makes the average log-likelihood of samples increased by [1.3918    -0.12001     -0.3398    -0.17746   -0.033227     0.15147    0.075102      0.4887    0.033132    0.038452     0.24379   -0.069602      0.3815   -0.078352    -0.11602    0.023798   -0.015909    0.017918  -0.0063666    0.024206    -0.16255   -0.020415  -0.0096163     0.26816    -0.10936    -0.22628     0.23264     0.14588    -0.10577   0.0017085    -0.02266     0.10529     0.02314    -0.17891     0.58546    -0.15172   -0.052385     -0.1921    0.073596    -0.24533     0.15285     0.17779   -0.015819    0.001261    -0.26556    0.047035     0.18354   0.0014399     0.13757    -0.29252  -0.0094966   -0.012872   -0.076819    0.066628     0.13853    -0.11262  -0.0089299     -0.1106     0.16412    0.018381].
   Ages are sampled.
   Parameters are updated.
   Updating parameters makes the average log-likelihood of samples increased by [0.00027331     0.13896     0.10386     0.22923     0.05238   -0.045462    -0.19191  -0.0024673    0.018564   -0.010784  -0.0096001   -0.062758  -0.0094297     0.10326     0.15534    -0.25316    0.052537    0.039739   -0.022106   -0.050813     0.24197    0.044389   0.0017158      0.6596    0.097485     0.41025    -0.37464     -1.3703  -0.0006295   0.0042765   -0.093285    0.078474    0.034642     0.35783    0.070297     0.22119   0.0032911     0.10059   -0.075939      0.2444     0.15835   0.0035793    0.025042     0.07151     0.27853   -0.032794    0.087305    0.081291    -0.16512     0.19055    0.022036    -0.19783    0.096216     0.14585   -0.089092    0.092955   0.0068625    0.080003   -0.069795   -0.022402].
   Records are aligned to the target stack.
   Iteration 1/10...
   Iteration 2/10...
   Iteration 3/10...
   Iteration 4/10...
   Iteration 5/10...
   Iteration 6/10...
   Iteration 7/10...
   Iteration 8/10...
   Iteration 9/10...
   Iteration 10/10...
   A new stack is updated.
   Done.
#  Age model construction algorithm is now running...
#  Iteration 1:
   Ages are sampled.
   Parameters are updated.
   Updating parameters makes the average log-likelihood of samples increased by [0.224555   -0.0141212     0.327585     0.247208     0.530352    -0.145777   -0.0708808    0.0498695    -0.168326    0.0102899    -0.228739     0.134302     0.310138   -0.0992559    0.0482668      -0.1968   -0.0272753    0.0125888    -0.602119  -0.00756257      0.79818    -0.189621    -0.016748     0.333916   -0.0177906     0.120718     -0.28638    0.0943481      0.21442    0.0963542    -0.266549   -0.0547982     0.246295    -0.309465    -0.148259    -0.432715    0.0341728    -0.013912   -0.0339847    -0.196674    -0.521042     0.223336     0.280888     0.960981   -0.0247129    -0.167525    0.0326304   -0.0208496   -0.0914279    -0.484791     -0.01224      0.70434      0.14457    -0.155642     0.199896      64.4859    0.0132737     0.195207     0.299024    -0.173785].
#  Iteration 2:
   Ages are sampled.
   Parameters are updated.
   Updating parameters makes the average log-likelihood of samples increased by [-0.567743    -0.303852   -0.0176337     0.401617     0.706454    -0.500114     0.336081    0.0378195   -0.0272173   -0.0217716    0.0364959      0.10414   -0.0257346    -0.159591    0.0948152       1.2737    0.0610877    -0.163432    -0.109751   0.00114913    -0.015007   -0.0161079      0.10317    0.0947439    -0.341916   -0.0331808    -0.273202    0.0312256    -0.079646    0.0237334    0.0997849       0.2667     0.220832    -0.157571    -0.254974    -0.269863    0.0775357   -0.0107902     0.020842     0.257797    -0.365824    -0.178542    -0.148395     0.329069     0.429016     0.319823    0.0875332   0.00530186   -0.0368986     0.189387    -0.153753   -0.0156539    0.0615152     0.261263    -0.380745      83.7551    0.0195319     0.181674     0.462238     0.117658].
#  Iteration 3:
   Ages are sampled.
   Parameters are updated.
   Updating parameters makes the average log-likelihood of samples increased by [0.33851     -0.4198    0.028871   -0.075819    -0.68186    0.084196     0.64508    -0.05646    -0.04625    -0.30412   -0.072484    0.092906   -0.033564    -0.01809   -0.056962   -0.050892     0.19352    -0.34918    -0.11151     0.04082     0.02942     0.19929  -0.0021328     0.31232   0.0014545     0.14597    -0.93334  7.9947e-05    -0.11737    -0.14186  -0.0022402    0.042327     0.13357   -0.067937     0.13652    -0.04853    -0.16065    0.006386     0.14421    0.033621    -0.14577    0.011686     0.23239    -0.18732     0.17272     0.01235   0.0031749    -0.10589   -0.019961    -0.93925  -8.105e-05     0.19682    0.065697     0.20285     0.04278   -0.033945    0.054918    0.020499     -0.3961    -0.45365].
#  Iteration 4:
   Ages are sampled.
   Parameters are updated.
   Updating parameters makes the average log-likelihood of samples increased by [0.11158     0.16843    0.091625    0.092733   -0.038067    -0.14512    0.035883    -0.00321     0.18566     0.20155   -0.068058     0.31849     0.13079    0.054958    0.056964   -0.070341   -0.078947    0.032225     -0.2522     0.20812    -0.95225    -0.23086      0.1467    -0.20052     0.20916     0.34427    -0.12726    0.038178    -0.29855     0.10094     0.22116    -0.51321   -0.065075   -0.080722   -0.065238     0.25514     0.21989    -0.47023    -0.16572     0.26435    -0.13366    -0.95557     -0.2973     0.26155    -0.12407     0.95593    0.043156  -0.0024177     -0.6928    0.043772    -0.72473    -0.23048  0.00045147    0.083525    -0.24374     0.96996     0.86358    -0.58289     0.14742    -0.31996].
#  Iteration 5:
   Ages are sampled.
   Parameters are updated.
   Updating parameters makes the average log-likelihood of samples increased by [0.048845     0.15046    0.072314    -0.38265   0.0040669    0.066489     0.14355  0.00069742   -0.075877    0.018069    -0.15443     0.25251   -0.032196     0.04497    0.003174    0.037402    0.078597    -0.20338     0.40557    -0.34455     0.14377     0.55872   -0.004735    0.096401   -0.070525    0.049625    -0.14727    0.059534     0.21706   -0.001725    -0.27445   0.0092974   0.0057972    -0.13919   0.0070469     -1.0627     -1.7191     0.10358     0.18491     0.02639     0.71077     0.43314    -0.13669   -0.067456     0.15832    0.077294    0.027284   0.0030497     0.53056   -0.013703   -0.095317      0.1811    0.001885    -0.12428    -0.26409      1.5891      0.2632     0.11771  -0.0097151     0.32319].
#  Iteration 6:
   Ages are sampled.
   Parameters are updated.
   Updating parameters makes the average log-likelihood of samples increased by [-0.28492     0.11787    -0.11308     0.35488    -0.17226      0.7224    -0.25207     -0.5881     -0.2331   -0.056286    -0.20845    -0.21246   -0.056982    -0.20735   -0.061818    0.042895    0.027985     0.10532    -0.19503      0.3257    -0.19924    -0.14632    -0.12438    0.080663    0.075724     0.15537      0.1411    -0.13929   -0.081603    -0.05231     0.60584   -0.082896     0.05922    -0.04891    0.014281    0.036417    -0.59999    -0.11156   -0.022939    -0.01722   -0.011981    0.034174     0.44575    0.081437    -0.12812   -0.010089    0.010541   -0.081912   -0.030945   -0.035844    -0.37255    -0.66665   -0.040884     0.28972     0.62592      0.1545   0.0047245   -0.023358    -0.33399   -0.059654].
#  Iteration 7:
   Ages are sampled.
   Parameters are updated.
   Updating parameters makes the average log-likelihood of samples increased by [0.098987    -0.51132   -0.042869    -0.12972     0.17516   -0.040211     0.25787    -0.16385   -0.050772    -0.36607      0.5276     0.46415    0.056484     0.22147     0.05016   -0.011375    -0.47248    0.098836     0.01596   -0.052822     0.16748   0.0053456    0.067539    0.072261   -0.071961    -0.18659    0.055457     0.14822    0.056972    0.053265    0.036162    -0.15795  -0.0024386     0.20541   -0.083635    0.035783    -0.66986     0.79405    -0.21165    0.043983    0.053149    -0.12239    -0.69563    0.019856    0.036389    0.051246    -0.28839    0.062033   -0.016689    0.031935     0.25516    -0.10296   -0.039338   -0.092678    0.024295    0.023285    -0.25313     0.12278     0.25927        0.11].
#  Iteration 8:
   Ages are sampled.
   Parameters are updated.
   Updating parameters makes the average log-likelihood of samples increased by [0.034671    -0.33327      0.2202   -0.018287  1.4833e-05    0.080718    0.071611    -0.16624     0.10852     0.40416     -0.2785     -1.0087     0.12983  -0.0050991   -0.016499   -0.069075     0.49515    -0.18089     0.23984   -0.050771    0.046124    0.027923     0.02548   -0.049751    0.068214    -0.34576    -0.35374   0.0026195    0.011265   -0.053343  -0.0048589     0.18578   0.0023382   -0.033491     0.12965   -0.028544    0.058373      0.5013     0.14823     -0.2464    -0.28693    0.090933    0.050047   -0.061795    -0.15506   -0.081051     0.19617     0.02526    0.028079   -0.038631     0.13913    0.061087    0.075764    -0.10505   0.0082727    -0.27138    -0.12331   0.0046455    0.059989   -0.027482].
#  Iteration 9:
   Ages are sampled.
   Parameters are updated.
   Updating parameters makes the average log-likelihood of samples increased by [0.17524     0.40409    -0.22549     0.18421    0.018383     0.17946  -0.0039907    -0.34945    -0.19317 -0.00015387     0.21554   0.0073942    -0.12156   -0.085474    0.024779    -0.01509   -0.032009    -0.96992    0.011441       -0.04   0.0026076    -0.17488    -0.14661    0.032027   -0.095338    -0.42014    -0.18355  -0.0067323    -0.41304    -0.10806  -0.0030689    0.061404   -0.057438    -0.16142   0.0013094    0.023363      0.1607    -0.25208    0.052085    -0.17818      0.2775    0.028546   -0.031174    0.090518      0.2055    -0.38632    0.063773   -0.070243   0.0046543    0.044754   0.0050225   -0.097077      -0.158   0.0053868  -0.0085234     0.21293      0.3759   -0.040605    -0.21486   -0.091024].
#  Iteration 10:
   Ages are sampled.
   Parameters are updated.
   Updating parameters makes the average log-likelihood of samples increased by [-0.081351   -0.045818    0.081436    -0.21773   -0.067316  -0.0030513    -0.33424     0.69865    0.066495   -0.075823     0.17929    0.034101    -0.51765    -0.21591    -0.18174   -0.011416   -0.029606    -0.11562    -0.39381    0.014975   -0.014023     0.15367  0.00046359    0.028412    -0.14504     0.22664     0.34823    0.013753     0.21785   -0.037767   -0.026371    -0.10051   -0.027917    0.054526   -0.026114    -0.10262    0.026943   -0.097248   -0.033938     0.18822    -0.16067    -0.38391    -0.42466   -0.086301    -0.17836    0.034855    0.044417    0.050119    -0.18113     -0.2043  -0.0047675     0.10636     0.15472    0.099453    -0.03703    0.032883     -0.2832     0.04122     0.10874     0.13469].
#  Parameters are learned. Sampling algorithm is now running...
-------------------------------------------------------------------------------------------
#  Results and figures are being stored...
[Warning: MATLAB has disabled some advanced graphics rendering features by
switching to software OpenGL. For more information, click <a
href="matlab:opengl('problems')">here</a>.] 
   Done.
   Results and figures are stored in Outputs/R39_d18O_stack.
-------------------------------------------------------------------------------------------
Time elapsed = 58355 s
