node101.podcluster

                            < M A T L A B (R) >
                  Copyright 1984-2021 The MathWorks, Inc.
             R2021b Update 1 (9.11.0.1809720) 64-bit (glnxa64)
                              November 2, 2021

[Warning: Unrecognized command line option: nospxlash.] 
 
To get started, type doc.
For product information, visit www.mathworks.com.
 
>> Starting parallel pool (parpool) using the 'local' profile ...
Connected to the parallel pool (number of workers: 40).
>> Number of workers: 40
>> >> >> >> >> -------------------------------------------------------------------------------------------
## BIGMACS: Bayesian Inference Gaussian Process Multiproxy Alignment of Continuous Signals
-------------------------------------------------------------------------------------------
## Stack construction algorithm is now running...
#  Initializing...
   Data are loaded successfully.
   Initializing the age samples...
   Done.
#  Stacking algorithm is now running...
#  Iteration 1:
   Ages are sampled.
   Parameters are updated.
   Updating parameters makes the average log-likelihood of samples increased by [98.93933      105.9999      148.5525       200.926      9.418735      49.33053      278.6718      27.57002      8.515544      140.7964      118.1589      19.92468      6.193668      7.475246      2.580621      6.261526      1.634298      40.82587      4.521008      42.42491      12.17045      17.07303      6.118465      66.29548      8.980493      28.94908      218.4776      201.2571      52.87711      19.28481      7.140723     0.5784213      253.7305       138.582      78.75689      80.63075      367.5825      32.02565      1.171381      37.48785       17.7259      13.51571      19.84205      79.20544       5.70896      4.798714      18.03614  -0.009169048      15.92135].
   Ages are sampled.
   Parameters are updated.
   Updating parameters makes the average log-likelihood of samples increased by [3.51706      0.37628      9.30672      2.92141     0.673811      2.08759      22.8459     0.738128     -1.17876       4.1446      2.19719      8.49159    -0.291399    -0.529844   -0.0280953     0.246722     0.410819      1.02059     0.737553     0.892885       3.7802    -0.887894     0.255091     0.901598    -0.875235       1.1255      5.40474      3.06444       1.1443    -0.187711      1.40443   -0.0349486      5.12617      1.90859     0.875859      1.15417      7.13346      2.42107     0.257975      6.29387      1.85091      1.64598      1.72465      5.53077      1.77607     0.055319    0.0275661     0.331368       2.1846].
   Ages are sampled.
   Parameters are updated.
   Updating parameters makes the average log-likelihood of samples increased by [0.87822    0.057736    -0.77397      1.2558     0.22346   -0.021142      1.2581     0.23519    -0.18196     0.70061     -0.1071      1.2933    -0.42805     0.18535       0.172     0.12758    0.095997   -0.024358     0.25611    -0.11852    -0.23622      0.3078    0.096225     0.35363     0.15192    0.074074    -0.50412    0.039653     0.02564    -0.33404    -0.15612     0.24188    0.029245    -0.40021    0.027063    0.043747     0.68168    0.098075    -0.20475       2.199     0.15508   0.0067944     0.22706      1.4601   -0.070894     0.11813    -0.02836     0.31209     0.33104].
   Ages are sampled.
   Parameters are updated.
   Updating parameters makes the average log-likelihood of samples increased by [0.18809     0.16028     0.29305      0.1773    -0.19746    -0.16409   -0.036415    0.078276     0.12124     0.45674    0.011277    -0.67818     -0.0373     0.16454   -0.023444    -0.68909    -0.14788    0.023259    0.042544     0.17988     0.23927     0.63154   -0.044363     -0.0169    0.082711       0.223   -0.055136     0.22042   -0.030019     0.26257    -0.13908   -0.014347     0.36296    -0.29985   -0.002962    0.069609    -0.10778    -0.09359     0.05223    0.013624    0.082496   -0.095351      0.3433     0.27075     0.14521   -0.091553    -0.14213   0.0088814    -0.05637].
   Ages are sampled.
   Parameters are updated.
   Updating parameters makes the average log-likelihood of samples increased by [0.038771     -0.2095    -0.12548    -0.10304    -0.14707    -0.46959    -0.19451   -0.030148    -0.44367    0.053175    -0.32332     0.26598   -0.043684    0.071221   -0.028032    0.080002    -0.42569    0.019461     0.10171    -0.04181     0.05031     -0.1662  -0.0063812 -0.00071774   -0.017449    -0.40641    -0.15768  -0.0048369    0.030663    -0.21155   -0.086293   -0.019573    -0.18302     0.21334   -0.025965   -0.018114    0.063096     0.27036   -0.031519  -0.0061774    -0.13558     0.12129   -0.032595      0.5434    -0.11218   -0.093151     0.24313    0.014435    -0.14643].
   Ages are sampled.
   Parameters are updated.
   Updating parameters makes the average log-likelihood of samples increased by [-0.21358    0.067221    -0.36434    0.042891     0.37372      0.3171     -1.7725    0.019138   -0.057826     -0.4673    0.026143    0.065331    0.047648    -0.55633    0.031351    -0.21836    0.061168   -0.049796   -0.063268     0.04252    0.010284     0.10631   -0.012845   -0.081005   0.0044007     0.38574     0.12282   -0.031889   0.0098313    -0.20785    -0.47554    0.036021     0.28797    0.091321    0.039274   -0.058019    0.049405     -1.1232    0.010451    -0.46429   -0.043265    0.017477    -0.18545      1.0429   -0.029939     0.19095   -0.010039    0.018807     0.57282].
   Ages are sampled.
   Parameters are updated.
   Updating parameters makes the average log-likelihood of samples increased by [-0.085549   -0.029875     0.62199    -0.03439   -0.050935     0.34177    0.089375  -0.0025294     0.39696    -0.13174     0.28619    0.015078    -0.11052    0.046914   -0.087707    0.067459     0.06868    0.041289    -0.12949   0.0035911    -0.70628     0.28907     0.13336    0.094588   -0.018881    -0.71183    0.082888   -0.027748  -0.0059314      0.1617     0.72627   -0.017994    -0.49783   0.0010983  -0.0098709    -0.11317 -0.00013437    0.050738   -0.047993      0.1494    0.091855    -0.17165    -0.14353    -0.21754    0.088846    -0.38155    0.026674   -0.050436    -0.10488].
   Ages are sampled.
   Parameters are updated.
   Updating parameters makes the average log-likelihood of samples increased by [0.2888     0.10019     0.52902   -0.032739     0.06071    -0.22607    -0.27698   -0.017882    -0.16253     0.48691    -0.21234   -0.039412     0.12289    0.044507    0.091106    0.012997     0.44771  -0.0054732    -0.16123   -0.006721    -0.24511     0.30099    -0.16948   0.0043397    0.019571    0.046944    -0.11389    0.047217    0.014982     0.17225    -0.92811   -0.063187     0.37236  -0.0092617  -0.0084827    -0.77266   -0.016223    0.020781    0.069333    0.067123    -0.21449    0.080589     0.29463      0.2508    0.028138     0.25486 -0.00033402    0.025563      0.1713].
   Ages are sampled.
   Parameters are updated.
   Updating parameters makes the average log-likelihood of samples increased by [0.0021594   -0.044579   -0.066834    0.097739    -0.37068    0.055501     0.47177    0.030602   -0.070195    0.056114   -0.053993    -0.12552   -0.062792       0.115   -0.079658    -0.64415   -0.013666   0.0078107     0.32556   -0.086498     0.17865    -0.74476    0.078373  -0.0029499   -0.016593    -0.29261     0.11823   -0.072672  -0.0096001    0.062597     0.21911    0.080227      0.1581   -0.010828   -0.028441     0.33781    -0.15585  -0.0089887   0.0011087    0.083383     0.28787    0.063595    0.072557     0.13842   -0.062487     0.16591   -0.022823    -0.06851    0.035169].
   Ages are sampled.
   Parameters are updated.
   Updating parameters makes the average log-likelihood of samples increased by [-0.54893   -0.064608      0.0941   -0.036051     0.36142    -0.15673   -0.014073   -0.024611     0.17348     0.02439     0.15561     0.16701    0.010155   -0.070374   -0.010205    0.080452     -0.1109  -0.0030706    -0.27752   -0.013031    -0.91136   0.0092621    -0.05236    -0.01458   0.0066622      0.2809   -0.037149    -0.17699   -0.079619    0.015282    -0.15473   -0.013085    -0.37982   -0.069447    0.041684    0.097279     0.16744  -0.0075826    0.017042   -0.010434   0.0052969    0.033363    -0.41552    -0.14483    -0.19822    -0.14992   -0.024293    0.033578    -0.28291].
   Records are aligned to the target stack.
   Iteration 1/10...
   Iteration 2/10...
   Iteration 3/10...
   Iteration 4/10...
   Iteration 5/10...
   Iteration 6/10...
   Iteration 7/10...
   Iteration 8/10...
   Iteration 9/10...
   Iteration 10/10...
   A new stack is updated.
#  Iteration 2:
   Ages are sampled.
   Parameters are updated.
   Updating parameters makes the average log-likelihood of samples increased by [96.99453      109.5551      113.1476      95.83387      13.33166      24.30585      170.1046      3.077989      7.949593      120.7526      83.35648      28.13338      3.362362      10.59078      3.091126       13.7502      6.288917      9.823502      10.01087      25.57729      14.75661      3.832609      7.780247      5.421711      4.183306      25.94541      92.37051      179.3189      26.06807       10.7007      8.052863      2.867896      30.71004      6.018891      54.49469      43.29157      3.241823      18.58343      5.551772      7.746155      25.89748       18.0298      18.95685      67.70145      4.509718      2.357372      10.38568      15.03591      10.61717].
   Ages are sampled.
   Parameters are updated.
   Updating parameters makes the average log-likelihood of samples increased by [5.4554     0.84718      2.0831     0.87681     -2.1854       0.421      5.1527   0.0073175     0.94845      1.9902      1.0368      2.1343     0.64616     0.20664   -0.047195     -0.2724     0.50277    -0.20398    0.011996      1.7371   0.0095916    0.053112     0.13472    0.082904   -0.038827    -0.11725      4.4862      2.6773    -0.23599      1.1177      1.8389    -0.17528    -0.18332    0.050145      1.1806      1.2398     0.11952      1.9629    -0.61903     0.27896      1.1842      2.6287     0.27948      8.7134     0.29922    -0.39446   0.0031377    -0.72199    -0.11012].
   Ages are sampled.
   Parameters are updated.
   Updating parameters makes the average log-likelihood of samples increased by [-0.48417     0.56661      1.3846   -0.051445    0.068425     0.29131   -0.078289    -0.18205     0.78597     0.22309     0.02065     0.26356    -0.08655   -0.024597     0.10425      1.3129    -0.31484     0.56792    0.024509     -0.2341   0.0060052   0.0013994     0.38621    -0.12937    -0.20359     0.38359     0.97781     -0.4102     0.10066     0.37483     0.32661    -0.27998    0.044183   0.0099967    -0.01123   0.0058012  0.00081607    -0.18049    -0.46739    -0.60822    0.052333     0.57758      0.5264      2.0228     0.42083     0.15196  -0.0077053    -0.12036      0.3914].
   Ages are sampled.
   Parameters are updated.
   Updating parameters makes the average log-likelihood of samples increased by [0.62285    -0.26054    -0.21173    -0.36196   -0.060478    -0.25415    -0.86269    0.099158     0.43235    -0.24759     -0.1685    0.057303    0.001536   -0.015244    0.031249     0.56127    -0.04658     0.23267    -0.01123    0.076346   -0.088314    0.032305   0.0079819    -0.34749    0.032699    -0.16261    -0.14555     0.44365    0.043496    -0.16434     0.02402   -0.024314     -0.2017    -0.04609      0.2487   0.0068303  -0.0092763    0.041624   -0.061987   -0.065439    0.019646    -0.05965   -0.024656    -0.45423    -0.20767    -0.81214    -0.19531     0.11221   -0.083374].
   Ages are sampled.
   Parameters are updated.
   Updating parameters makes the average log-likelihood of samples increased by [-0.084886     0.22965     0.26832   -0.022719    0.017107   -0.027188    -0.01991   -0.032145    -0.21263    0.087893    -0.27499  -0.0075341   -0.029827   0.0099388    -0.10729     0.43294    -0.25849    -0.25992     0.15537    0.016746   0.0045113     0.14781   -0.086698   -0.028602   0.0059449    0.094416     0.15011    -0.62151   -0.011994     0.25283   -0.011035   -0.010211      0.1775    0.079547   -0.057039    -0.52939  -0.0038321    -0.10016    -0.24772    -0.03076   -0.057848    0.091228    -0.20411    0.039437     0.18215     0.26841    0.066962    -0.40295    0.057408].
   Ages are sampled.
   Parameters are updated.
   Updating parameters makes the average log-likelihood of samples increased by [0.023455     -0.1099   -0.028838     -1.2818   -0.094242     0.15381     0.17446     -0.1064   -0.081726    0.091526     0.20429   -0.011024  -0.0010612    -0.46884      0.1241    -0.36271     0.33799     0.16122     -0.2235   -0.026266    0.062568     -0.2047     0.23571   0.0063851   0.0012497    0.035941    0.059422   -0.040608   -0.063519    -0.26903   -0.025027     0.13527    -0.06722   -0.071772     -0.2465    0.059938   -0.040315   0.0015715     0.27319    0.090074    0.055576    -0.25008   -0.064667      0.4819   -0.084258    -0.11582     -0.1904     0.38334    -0.11356].
   Ages are sampled.
   Parameters are updated.
   Updating parameters makes the average log-likelihood of samples increased by [0.11181   -0.039585    0.049952   -0.020551     0.18186   -0.046254   -0.099243     0.12474    0.035315    -0.15972    0.088226    0.011793    0.020257      0.2441   -0.030507     0.34053    0.020147    -0.28899     0.38803     0.26214     -0.0218     0.37947     0.10223     0.19003   -0.025358    0.063642   -0.032425    -0.14883    0.061201     0.20073    0.033085   0.0014819    -0.36524    0.068178     0.23425    0.069308    0.046123      0.1032     -0.1817    0.099604    -0.10255      0.3681     0.27148   -0.054378     0.25271   0.0030897   -0.016353   -0.090798    0.064494].
   Records are aligned to the target stack.
   Iteration 1/10...
   Iteration 2/10...
   Iteration 3/10...
   Iteration 4/10...
   Iteration 5/10...
   Iteration 6/10...
   Iteration 7/10...
   Iteration 8/10...
   Iteration 9/10...
   Iteration 10/10...
   A new stack is updated.
#  Iteration 3:
   Ages are sampled.
   Parameters are updated.
   Updating parameters makes the average log-likelihood of samples increased by [-0.36197     0.34292      1.8204      1.2513    -0.25882     -0.2684      1.8422     0.10602     -0.1729      1.2143     0.65716     0.10675   -0.019899     0.16689     0.40394    -0.42222     0.14306     0.01111   0.0092814     0.53634       0.242    -0.12237  -0.0073002     0.21496     0.39692    -0.57347     0.51034     0.72235      0.3157    -0.57383    -0.24571   -0.018021     0.52229     0.75299      1.5574     0.58158   -0.014309     0.29771    -0.34198     0.28081     0.67049    -0.03067     0.32356       1.345     0.28706    -0.19439   -0.014273   -0.062653     0.26659].
   Ages are sampled.
   Parameters are updated.
   Updating parameters makes the average log-likelihood of samples increased by [-0.29333    0.018682   -0.049568     0.01063     0.31624   -0.026102    0.049838   -0.014384     -1.1025     0.13373     0.68534    0.028129    -0.43278    0.080605    -0.10395    -0.27167     0.19278   -0.037031   0.0018251    0.014467     0.15874   -0.012438   -0.076143     0.37021    0.083624     0.13046     0.15948   -0.010957     0.11106    0.083303     0.23022   -0.010843     -1.0449     0.39767     0.20257    -0.10638    -0.11633     0.19169     0.39904   -0.094555    -0.75822     -1.1689     0.16902     0.38503    0.017563    -0.16315   0.0032107  -0.0018694    0.040534].
   Ages are sampled.
   Parameters are updated.
   Updating parameters makes the average log-likelihood of samples increased by [-0.11388     -0.4286     0.31099    -0.27804     0.13422   -0.015991    -0.57577    -0.09832     0.24684    -0.73159     0.17205      1.5047     0.13577    0.053646   -0.085496    -0.12613    -0.01563      -0.207   -0.014869   0.0014782    -0.20075   -0.018384   -0.023907    -0.11553      -0.425    -0.65704     0.30411     0.44398   -0.090528     0.18981    0.027596   -0.043246   -0.045172     0.01169    -0.44339    -0.54624     0.35938   -0.069757   -0.083801    -0.28573    -0.01242   -0.035341    0.063749    0.048754     -0.0158    0.026235    0.068928     0.12749   -0.053854].
   Ages are sampled.
   Parameters are updated.
   Updating parameters makes the average log-likelihood of samples increased by [0.20789     0.64324     0.49086    -0.62997     0.27314     0.24474    -0.23271  -0.0042323    0.087109    0.030944    0.071285      1.2946     0.47577    -0.11237    -0.11226    -0.67563   -0.060382    0.091329   0.0091278    0.038457    0.018074   -0.083681      0.4203   -0.054586    0.032053    0.044699     0.74548     0.73447   -0.017966     0.17071     0.50664    -0.48284    -0.11506    0.098253     -0.3967     0.11083   -0.057066   -0.049754     0.26139    -0.18542    -0.20722    -0.20708    -0.42467    -0.05099    0.083464     0.26302   -0.083185   -0.080732    -0.25417].
   Ages are sampled.
   Parameters are updated.
   Updating parameters makes the average log-likelihood of samples increased by [-0.42351   -0.047099    -0.24457     0.60534    -0.47575    0.062372    -0.20495    0.014509   0.0031748     0.32602    -0.41575     0.34926    -0.95662     -0.0298    0.012288     0.38179     0.10514   -0.018966   -0.032319    -0.27505   -0.032867    0.032825   -0.066619   -0.035793 -0.00085463     0.10921     0.85582      1.9251    0.091384   -0.056967     0.23581    0.090469    -0.64985   -0.018265     0.36172    -0.64069       0.115    -0.32948     0.19461    0.093183     0.12094    -0.46099     0.29473     0.15727  -0.0043572    -0.47872    0.067582      -0.109    0.061867].
   Ages are sampled.
   Parameters are updated.
   Updating parameters makes the average log-likelihood of samples increased by [0.42725     0.14651     -1.0541     0.45874     0.38525   -0.020094     0.19176  -0.0038651   0.0090551    -0.12184     0.47094    0.021615    0.032143  -0.0066259     0.10296    0.040105    -0.01203     -0.2456   0.0007694     0.25446    0.039453  -0.0037388     -0.1123    0.086552     -0.2224    0.041085    -0.23157     -1.3494   0.0081073    -0.24859     -1.3131   -0.035123      1.0606    -0.12653    0.099675   -0.046712     0.27471    0.054687     0.11243     0.23477    -0.62874    0.010866     0.52883    -0.63916   0.0040981     0.31067    0.038117     0.10135     0.13334].
   Ages are sampled.
   Parameters are updated.
   Updating parameters makes the average log-likelihood of samples increased by [-0.0066789   -0.072342   0.0037796    -0.13194    -0.32135    -0.23879       -0.36   0.0036125    -0.11146  -0.0019989     -1.0314    -0.38944   0.0084254    0.073759   -0.058034    -0.31984     -0.2979     0.15555    0.034731    -0.47634   -0.079586   0.0050177     0.15309  -0.0029242     0.22669   -0.094272     0.25996    -0.14485     -0.5041     0.13293     0.17816     0.49545    -0.46561     0.17361   -0.016717     0.12109    -0.14238    -0.36156   -0.081778    -0.18392     0.20554     0.70306     0.73631     0.26359  -0.0068496     0.10402    -0.19491    0.065537      -0.254].
   Ages are sampled.
   Parameters are updated.
   Updating parameters makes the average log-likelihood of samples increased by [0.013677    0.066352     -0.1739    -0.72732   0.0041218     0.23123     0.38199  -0.0013104     0.12343    -0.44468    -0.98525     0.37672  -0.0036373    -0.11338    0.037253    -0.26666     0.15515     0.10557  0.00033621     0.30783    0.025746    -0.25968    -0.29001   -0.086396   -0.016498    -0.24217   -0.013374     0.10193     0.13116     0.21469   -0.016773    -0.12699     0.88459   -0.051995    0.019171  -0.0098712    -0.12849    -0.47791   -0.088836     0.10145    0.064114     0.09483    -0.12098   -0.048029   -0.074923     -0.1916     0.19685    0.066563    0.052136].
   Ages are sampled.
   Parameters are updated.
   Updating parameters makes the average log-likelihood of samples increased by [-0.0011813   -0.044784    0.085202    -0.15502     -1.0914   -0.066251   -0.059895   -0.014143   -0.036532     0.56093     0.39337    -0.12849   -0.043682     0.10774    -0.04587     0.51052     0.21154  -0.0073339  -0.0053848    0.085249    0.053193     0.11493     0.17511    0.095148    0.017267     0.30785    -0.22645   -0.022831    -0.34154    -0.97468   -0.066468     0.31441   -0.072121     0.08241   -0.081835   -0.023857    0.083067     0.71814     0.11244    0.042726   -0.031287    0.085361   0.0069663     0.17401    0.013551   -0.053478   0.0020497   0.0012303     0.22329].
   Ages are sampled.
   Parameters are updated.
   Updating parameters makes the average log-likelihood of samples increased by [-0.017249    0.001771    0.083608     0.16578     0.26413    0.079747     0.15447    0.011656    -0.24287    -0.32954    0.011422     0.13192    0.041554    -0.02323    0.047416    -0.50037   -0.072998    -0.01722   0.0051028  0.00069056    -0.06502     0.12699     0.03088   -0.006078   -0.090179   -0.028903     0.24217    0.040647     0.35312    -0.10395   -0.054413    -0.77025    -0.76567     -0.4711     -0.4695   -0.059596   0.0053465    0.031077    -0.30807   -0.076911    0.011848   -0.091985   0.0068355   -0.074378  -0.0014704     0.13294   0.0028189   -0.018652    -0.35182].
   Records are aligned to the target stack.
   Iteration 1/10...
   Iteration 2/10...
   Iteration 3/10...
   Iteration 4/10...
   Iteration 5/10...
   Iteration 6/10...
   Iteration 7/10...
   Iteration 8/10...
   Iteration 9/10...
   Iteration 10/10...
   A new stack is updated.
#  Iteration 4:
   Ages are sampled.
   Parameters are updated.
   Updating parameters makes the average log-likelihood of samples increased by [0.046406     0.76045       0.436     0.14861 -0.00055809     0.13512    -0.35176   -0.020014   -0.025297      0.4183     0.72422    -0.89417  -0.0093162  -0.0088007   -0.092456    0.032821   -0.022523    0.036932    -0.19527   -0.039204   0.0011858    -0.73782    0.088036   -0.025459     0.34804   -0.062292    0.043787      1.0614     0.08494    -0.10981    -0.33746   0.0026056   0.0067596    -0.21328    -0.32271    -0.12943    -0.04218    -0.45413     0.27387    -0.10322     0.38437    -0.33505    -0.21085     0.70152    -0.72414   -0.082128    -0.04696     -1.5486    0.082086].
   Ages are sampled.
   Parameters are updated.
   Updating parameters makes the average log-likelihood of samples increased by [-0.01667    -0.08235 -0.00048374    0.099912    -0.51014    -0.27795   -0.017714     0.08826    -0.64699    0.008015     0.20488     0.04826    -0.88662    0.077079     0.30389    -0.18564    -0.45324    -0.06252     0.16322     0.74569    -0.25665    0.039206    -0.01802   -0.021723     0.65672      0.0351     0.12465   0.0065539     0.75132  -0.0087462     0.18058    0.029685   -0.042515   -0.027213   -0.069236    -0.07042   -0.073559     0.10932      0.1994     0.10584    0.076218     0.15264    -0.34354     0.77488  -0.0026228    -0.14538    -0.33987     0.12982   -0.068709].
   Ages are sampled.
   Parameters are updated.
   Updating parameters makes the average log-likelihood of samples increased by [0.25576    0.046589    0.041633    -0.43718     0.22133    -0.10493     0.30791    0.040208    -0.54802      1.1937   -0.015646     0.16083   0.0037926    -0.12143     0.50427     0.35021   -0.087644    -0.18232     0.12471    -0.16145     0.30642    0.053665    0.031394     0.17415   0.0041923     -0.1751    -0.01644     0.63841   -0.093399     0.20734    0.024235     0.15482    -0.77436    0.091896    0.010174    -0.35774   -0.014701    0.010969    0.070446     0.06442    0.064329      0.3992    0.037848     0.21893   -0.020976    -0.21494    0.074328   -0.030209   -0.009284].
   Ages are sampled.
   Parameters are updated.
   Updating parameters makes the average log-likelihood of samples increased by [-0.010488    -0.54468     0.51128    0.035036     0.23447    -0.35854  -0.0034843    0.047382    0.039325    0.030766  0.00068853     -0.2525    0.084483    0.074261  -0.0027756    -0.31806   -0.020979    0.043107   -0.021645     0.07213     0.33284   -0.045081    -0.23613    -0.05505     -0.3572     0.26532   -0.011207     0.38201     0.12249   -0.033805    0.034336    -0.75363   -0.072641   -0.068964     0.56914    -0.05852    -0.10505   -0.021519  0.00023085    0.013976     0.53751   -0.079252     -0.3872    0.011873    -0.36304    -0.20016   -0.028768  -0.0064886    -0.19025].
   Ages are sampled.
   Parameters are updated.
   Updating parameters makes the average log-likelihood of samples increased by [-0.48058    0.055686   -0.081845    0.052047     0.22948     0.37677   -0.070745    -0.16169   0.0035611   -0.069777    -0.33627     0.47252  -0.0059856   -0.070716    0.017441     0.93882     0.18491    -0.13863   -0.021624      0.7156   -0.052377    -0.16211     0.20507     0.34586     0.46288   -0.019195     0.16051   -0.048185     -0.2138   -0.072882     0.10031    -0.11335      0.2559    0.097338     0.35632    0.032302     0.10331    -0.23056    -0.17471     0.01986    -0.49002    -0.10713     0.17685    -0.13214     0.92095     0.17335    0.026986    -0.02926     0.19246].
   Ages are sampled.
   Parameters are updated.
   Updating parameters makes the average log-likelihood of samples increased by [0.43915     0.53548    0.019088   -0.014387    -0.36087    -0.20314     0.10163     0.24563    -0.23992    0.025948      0.3356    0.065313   -0.073377    0.068038   0.0017604    -0.46159    -0.16284     0.20188    0.051967     0.18948   -0.080703    0.050877    -0.13088    -0.20305   -0.031007   -0.064517    -0.16814   -0.012144    -0.59638    0.047924   -0.015675     0.19586    0.022856   -0.046884    -0.11032     0.12436 -0.00065288    -0.36177     0.12286    0.003622     0.42056     0.19501     0.27811    0.047261    -0.22615    0.083111    0.009015    -0.12199   -0.015298].
   Ages are sampled.
   Parameters are updated.
   Updating parameters makes the average log-likelihood of samples increased by [-0.21798    -0.18121    -0.28898    0.039346     0.24716    0.093849    -0.21381      -0.448    0.038218    0.043447   -0.089007    0.014663    -0.20094   -0.075995   0.0034575   -0.091288    -0.22508    -0.14219   -0.039931 -0.00082319   -0.027118    0.081629    0.067898    0.040027     0.50716    -0.25158     0.17122    0.071032     -0.1673   0.0022805   -0.055165   -0.039121    -0.03695    0.053039      0.1552   -0.072338   -0.040278     0.51653   -0.015901    -0.13904       -1.05  -0.0025534   -0.072867    -0.19485   -0.080035   -0.037731   0.0054076    0.074128   -0.022189].
   Ages are sampled.
   Parameters are updated.
   Updating parameters makes the average log-likelihood of samples increased by [0.11645     0.25288     0.35181    -0.55244    0.030763     0.06929   0.0047404   -0.063342     0.17459    -0.20099    0.087877   -0.048263     0.24463    -0.05263   0.0069323    -0.19057     0.43359     0.28564    0.035221  0.00020572     0.13256   -0.069577     0.14698    -0.28847    -0.28237     0.33854    -0.27914    -0.22091    0.073092    0.025959    0.047728    -0.11811    0.043034   -0.010677    0.046991    -0.07651    0.030816     0.75953     0.18349     0.14394    -0.30012   -0.017818     0.11981     0.14237     0.17163      0.1014   0.0097379    0.051178    0.041568].
   Ages are sampled.
   Parameters are updated.
   Updating parameters makes the average log-likelihood of samples increased by [0.1818   -0.066222   -0.016742     0.24236    0.087906    0.048503    -0.41618     0.46061    -0.23704    -0.44713    -0.20054    -0.13056    -0.12993    0.020125  -0.0033363      1.1564     -0.2905   -0.038831     -0.1031   -0.013198   -0.015398    0.066059   -0.038705     0.44204     0.24464    -0.19746     0.16546     0.07633    -0.08076  -0.0022512    -0.43119     0.03538     0.01233   0.0037177    -0.36201     0.12992    -0.06951     0.20227     -0.1197     -0.2405    -0.24803    0.023762    0.018478     0.10602     0.19458    -0.25144  0.00050159    0.019076    -0.11831].
   Ages are sampled.
   Parameters are updated.
   Updating parameters makes the average log-likelihood of samples increased by [-0.63074    0.071912    -0.32448    -0.18746    -0.11533 -0.00077488     0.43105   -0.085787     0.12469     0.65082     0.15277      0.1836     0.17212    0.081285    -0.32208  -0.0011848       0.205    -0.16349     0.10316    -0.15633    -0.31621    -0.21332    -0.11642    -0.19096     0.13856     0.15964    -0.24248     0.12199    0.044663    -0.20293     0.44551     0.13258   -0.076448  -0.0074339     -0.8314    0.012099    0.038053    0.019935    0.088524      0.1622     0.57259  -0.0020258     0.01061   -0.066394    -0.13254       0.032  -0.0043499   -0.042463     0.11518].
   Records are aligned to the target stack.
   Iteration 1/10...
   Iteration 2/10...
   Iteration 3/10...
   Iteration 4/10...
   Iteration 5/10...
   Iteration 6/10...
   Iteration 7/10...
   Iteration 8/10...
   Iteration 9/10...
   Iteration 10/10...
   A new stack is updated.
#  Iteration 5:
   Ages are sampled.
   Parameters are updated.
   Updating parameters makes the average log-likelihood of samples increased by [-0.23079     0.44048     0.19651     0.54874   -0.047384    -0.11103      1.0113   -0.023556     0.30499     0.58228    0.071932     0.11044   -0.053096     0.25872   0.0043741     0.17666     0.52301     0.20495      0.2288    0.045024  -0.0093419     0.95229   -0.073364     -0.6282    0.027633     0.74837     -1.1267     0.18564     0.23589    0.031611     0.25833     0.18904     0.55674     0.30271    0.013166     0.57871     0.34181     0.16573     0.29881    0.047462    0.065966    0.086743    -0.15826      1.4785    0.020975   -0.035018     0.11297  2.8528e-05    0.021882].
   Ages are sampled.
   Parameters are updated.
   Updating parameters makes the average log-likelihood of samples increased by [0.7953   -0.025525    -0.28764     -0.3066   0.0095094   -0.018141    0.091572    0.020704   0.0099376   -0.048084    -0.14038      0.2884    -0.14999    -0.12362      -1.005   -0.043594   -0.093291     0.12262    0.044678    0.084283      0.1048    -0.79266    -0.34192     0.68524   -0.065894    -0.29091    -0.24748     0.08317   -0.016562    -0.21758    -0.11696   -0.059041   -0.068343    0.090389      -0.714    -0.59804   -0.037042   -0.032472   -0.022037   -0.072689     0.10705    0.019125  -0.0020842     0.60944     0.46352    -0.10346   -0.051766     0.19984    0.061477].
   Ages are sampled.
   Parameters are updated.
   Updating parameters makes the average log-likelihood of samples increased by [-0.12654    0.057641       0.386   -0.043823   -0.083645     0.13358    -0.12407   -0.010427    -0.18412    0.099404     0.14074     0.73483    -0.23864   -0.012647     0.21309    0.077624    0.029643    0.013048     0.11383     0.06198      0.1659    0.094116    0.048948   -0.065783     0.17272    0.082494     0.16618     0.27274    0.027468      0.2133   -0.033554      -0.661     0.47806    -0.10245    -0.08754    -0.46368  -0.0015628    0.080042    0.094915    0.034827   -0.097043    0.019544    -0.16245    -0.10722    -0.31929  -0.0058164     0.22817     0.83883    -0.12308].
   Ages are sampled.
   Parameters are updated.
   Updating parameters makes the average log-likelihood of samples increased by [-0.17429    -0.40371    -0.12758   -0.060274   -0.018139     0.16542    0.015297   -0.011354    0.011109    -0.38897   -0.010943      1.6666   -0.075894    -0.20292     0.19329     0.13168     -0.4743  0.00066684     0.12652    0.064854    -0.09796    -0.20848   -0.053166   -0.018956     -0.3498    -0.13868    0.033262    -0.14477     0.39374     0.22461     0.12397     0.13922     0.10511    0.023505      1.2055   -0.079724    0.094486    -0.06536     0.10334     -0.1109    0.012433    -0.68165    0.051541    -0.21353   -0.017882    0.037712    0.012503   -0.097432    -0.15593].
   Ages are sampled.
   Parameters are updated.
   Updating parameters makes the average log-likelihood of samples increased by [0.11779    -0.13433   -0.092738    -0.19486    0.030372      0.2341     0.28961  -0.0078895    -0.43288     0.20117   -0.016041     -0.3781     0.10623      0.2323    -0.19716    -0.44106     0.61749   0.0061117  -0.0046531    0.028889     0.23502    -0.15915     0.34242   -0.059577    -0.25928     0.08197    -0.82698    0.011786   -0.074119     0.15308    -0.18919     0.03319    0.028484    -0.17094   -0.081124    -0.18297   -0.082316    0.053236    -0.27323     -1.1643   -0.097658    -0.08642    -0.24611      0.4508  -0.0092755   -0.064121     0.25777      0.1082   0.0067821].
   Ages are sampled.
   Parameters are updated.
   Updating parameters makes the average log-likelihood of samples increased by [0.012241     0.15946     0.12564     0.45927 -0.00055609    -0.26279     -1.7176   -0.066293     0.43496     0.15216  -0.0057696     0.38403    -0.21737     0.15266     0.19441   -0.049768     0.17249   0.0027295    0.066984    -0.51293     0.25083     0.17922    -0.10021     0.10216     0.67392   -0.060456     0.79422    -0.17393    -0.13392   -0.050994     0.19726   -0.040389   -0.046308     0.17063    0.034019     0.16632    0.018241     0.11424    -0.11112    -0.11378     -1.1271    0.033804     0.25046     0.01266    0.038169    0.074474    -0.35517    -0.26659    0.078956].
   Ages are sampled.
   Parameters are updated.
   Updating parameters makes the average log-likelihood of samples increased by [-0.021333    0.066977     0.23208   -0.045179   0.0047227     0.16502     -1.5002    0.051063    -0.03055    -0.11114    0.014388     0.13515    0.031504    -0.21543   0.0076467     0.60129     0.12996  0.00022125    -0.14753      0.1508    -0.12704  -0.0095632     -0.2927   -0.029546  -0.0055074     0.10458    -0.20079    -0.43866    -0.58344     0.15035    -0.24272    0.068013    0.027436   -0.031916    -0.18089    -0.12869    0.062203    -0.94846      0.5039    0.068245     0.30461    -0.44501    0.005082   -0.061439   -0.087132    -0.32274   -0.073227     0.29015    -0.14049].
   Ages are sampled.
   Parameters are updated.
   Updating parameters makes the average log-likelihood of samples increased by [-0.17796     0.13525   -0.086676    0.083354   -0.012758   -0.055923    -0.27849    0.051997    -0.17824    0.086692    -0.10657    0.031485   -0.050286   -0.037665   -0.055966      0.2225   -0.089205  -0.0012183    0.085366      0.1908     0.13549    -0.17662     0.04375    0.021333  -0.0090877   0.0020056   -0.062895     0.30207   -0.017786      0.2069     0.37161    -0.18603   -0.014551   -0.075618     0.15936     0.17695   -0.082442    -0.57303    -0.16322   -0.027977    -0.44684     0.47852    -0.10809    0.037147    0.044687      0.2643     0.23786    -0.22982    -0.26396].
   Ages are sampled.
   Parameters are updated.
   Updating parameters makes the average log-likelihood of samples increased by [0.21137    -0.51744    -0.46329    0.036447    0.016955     0.13742     0.47259   -0.079347     0.19217    0.070209 -0.00074636   -0.037191    0.053682    -0.41385    -0.11882    -0.30027    -0.11169   0.0019451    0.047056    -0.49445     -1.0366   -0.082231     0.10514   0.0026644    0.024186  -0.0077653    0.067061  -0.0062411    0.065702    -0.24558    -0.45249     0.29278    0.035926     0.11012    0.055421     0.12949    0.084827    -0.17407   -0.028261     0.09615      0.4641    0.015609    0.030542    0.010168    0.042509    0.010402     0.12508     0.22048     0.36191].
   Ages are sampled.
   Parameters are updated.
   Updating parameters makes the average log-likelihood of samples increased by [-0.034069     0.75995     0.41264    -0.34335   -0.029232    -0.40097    -0.82309   -0.038145   0.0079902    0.015172     0.10512    -0.23892    -0.18557     0.91858    0.086991     0.51207    0.049567    -0.03263    -0.15513     0.19286    -0.50402     0.10459   -0.046764   -0.011029   -0.045901    0.015691    -0.20313     0.20224    -0.19441    -0.35931      0.3047   -0.057243   -0.066593   0.0015034   0.0096033   -0.018115    -0.15922     0.17296     0.29146    0.071344   -0.050764   -0.055732    0.071487    -0.01672  0.00077246    -0.35047    0.050258   -0.028379   -0.064847].
   Records are aligned to the target stack.
   Iteration 1/10...
   Iteration 2/10...
   Iteration 3/10...
   Iteration 4/10...
   Iteration 5/10...
   Iteration 6/10...
   Iteration 7/10...
   Iteration 8/10...
   Iteration 9/10...
   Iteration 10/10...
   A new stack is updated.
   Done.
#  Age model construction algorithm is now running...
#  Iteration 1:
   Ages are sampled.
   Parameters are updated.
   Updating parameters makes the average log-likelihood of samples increased by [-0.070451    0.041618     0.14275     0.38238   -0.006114    -0.78618    -0.24576     0.03832    -0.23987     0.93029    0.023218      1.0934     0.02184     0.01332    -0.14608     0.14631    -0.68915  -0.0051366    -0.11274     0.16711     0.16758      1.0706    -0.02449   -0.057167    0.019128    0.037263    -0.33134    -0.34563   -0.095963    0.060428   -0.048201     0.25262     0.21184    0.093448   -0.043973     0.27156     0.21959     -0.1745    -0.23517     0.20552     0.13806    0.048099    -0.15303     0.94502    0.065758     0.12434   -0.016564    -0.16679     0.26219].
#  Iteration 2:
   Ages are sampled.
   Parameters are updated.
   Updating parameters makes the average log-likelihood of samples increased by [-0.37655   -0.095899     0.41113  -0.0030801    0.075195    -0.15697  -0.0084276   -0.035145      0.1793     -1.0119    -0.12014     0.10011    0.074806   -0.049745     0.30894    -0.10535   -0.039201    -0.13015   -0.014104    -0.22291    -0.19021    -0.35198     0.26273    -0.18012    0.030637     0.16912     0.54032   -0.011991     0.35426   -0.040079    0.069397     0.11778    -0.30541     0.11109     0.52781 -0.00056018    -0.14636    -0.49024   -0.042214     0.05549     0.70564    -0.02649  -0.0071014    -0.58594     0.14574   -0.025648   -0.086511     0.13813   -0.032582].
#  Iteration 3:
   Ages are sampled.
   Parameters are updated.
   Updating parameters makes the average log-likelihood of samples increased by [0.46815     0.11269    -0.66358    0.087512    0.099536    0.036564     0.04098    0.089823     0.10371     -0.2472     0.19965     0.47878    0.096365     0.71798    0.025795     0.38614   -0.078681    -0.15767    -0.16785     0.81354     0.10366    -0.13486    0.041232    0.046624      0.2526    -0.56028    -0.20869   -0.027303     0.42821    0.017195    -0.34584   -0.045013    -0.33719    0.032575    -0.42057   -0.013452   -0.017415     -1.1096   -0.021503    0.021127    -0.13756     0.48037    0.091154      0.2381    -0.41544      0.1332    0.019478   -0.055969     0.23808].
#  Iteration 4:
   Ages are sampled.
   Parameters are updated.
   Updating parameters makes the average log-likelihood of samples increased by [-0.061264    0.049032    -0.43923     0.21018    -0.11356    -0.14518    -0.17259   0.0045654 -0.00033329    -0.18313    0.010696     0.31705   -0.095845   -0.027446    -0.36638   0.0049297    -0.22878     0.33592    -0.40096     0.14473     0.13765      0.2959   -0.014064    -0.52688    0.049321     0.26702     0.20602      1.2055     0.13359   0.0025754    0.042402  -0.0082133      0.1722   -0.079287      0.1724    0.049101    -0.00344    0.024032   -0.083621     0.25319   -0.027612   -0.048506   -0.071533    -0.19171   -0.013729     0.28885     0.05587   -0.012772   -0.024151].
#  Iteration 5:
   Ages are sampled.
   Parameters are updated.
   Updating parameters makes the average log-likelihood of samples increased by [-1.0354   -0.021262      0.6042    0.068553     0.10473     -0.6093     0.31935   0.0071712    0.023675     0.24696    -0.25189     0.06879    0.038965     0.30673    -0.24565        0.01     0.17812    -0.05091     0.17987    -0.43346    -0.35211     0.45397   -0.022023    -0.43589   -0.015812    -0.07893    -0.55548    -0.12567   -0.075014      0.1098    0.040539    0.060564    0.066682     0.12914    -0.01699    -0.29974   -0.034769   -0.052263   -0.029998     -1.1817   -0.091048    -0.48431     0.12371     -1.6701   -0.061325    0.077133   -0.017619    -0.01452  -0.0011797].
#  Iteration 6:
   Ages are sampled.
   Parameters are updated.
   Updating parameters makes the average log-likelihood of samples increased by [-0.15352   -0.055151     0.10917   -0.018668    -0.10686     0.15215   -0.026095   -0.039824    -0.20657    -0.16429     0.25305    0.086211    0.046481    -0.18532     0.46101   -0.014672  -0.0045535    0.054627     0.35055    0.042368    -0.15112    -0.29085    0.028658      1.2099   0.0020697    0.064313     -1.5168    -0.59707    0.004206   -0.040452    -0.10448   -0.077619   0.0053498    0.032924   -0.027029     0.32411   -0.080923   -0.079004      -0.164   -0.080511    0.080206     0.13619    -0.25211     0.12753    -0.34066    -0.38657    0.018521  -0.0089821   0.0022158].
#  Iteration 7:
   Ages are sampled.
   Parameters are updated.
   Updating parameters makes the average log-likelihood of samples increased by [0.45388   -0.094734   0.0041415   -0.068978   -0.032369  -0.0016694     0.10352    0.033799     0.20302     0.17874    -0.12871  -0.0079759    -0.32773     0.15267     0.13951     0.01314    0.023505    -0.13742    -0.24624     0.39819     0.41893    0.090861   -0.014739    -0.09481    0.022183   -0.055325    -0.11646    -0.70068   -0.046415   -0.063407     0.21512    0.075859  0.00087889    -0.24683    0.037132    0.035893     0.11561     0.14323      0.2245     0.19702     -0.1256     0.27714     0.14377   0.0073846     0.24215      0.4755     -0.3276  -0.0012553   -0.066602].
#  Iteration 8:
   Ages are sampled.
   Parameters are updated.
   Updating parameters makes the average log-likelihood of samples increased by [-0.37742     0.19433    -0.29301    -0.29905     0.13427    -0.10799    0.044629   -0.069303   -0.091794   -0.022726     0.12198    -0.40095     0.29273     -0.5605    -0.11194   -0.026804    -0.37942       0.123     0.28128   -0.056251    -0.62896    -0.77425    -0.11199   -0.019839    -0.10357    -0.11929     0.61321     0.65207     0.10415    0.031109    0.043179   -0.051587     -0.4183     0.24522    -0.28731    -0.14265   -0.013061    -0.69274    0.087872    0.027675     -1.1661    -0.11068    0.030976    -0.17735   -0.038937    -0.27723   -0.015343    0.011826    0.066576].
#  Iteration 9:
   Ages are sampled.
   Parameters are updated.
   Updating parameters makes the average log-likelihood of samples increased by [0.40055 -0.00040429     0.30043    -0.15932  -0.0081281    0.090697   -0.071968    0.062613   0.0085958   -0.023375     -0.0671  0.00027138    0.045757    0.048932     0.15157    -0.14061     0.35806    -0.16164    -0.16872    -0.13146    0.028535     0.32072     0.12417    -0.15816    0.085759     0.10611    -0.80243    0.071717  0.00028819    0.032455    -0.39634    0.054254     0.32625  -0.0054524     0.17925     0.17523    -0.10941   -0.085387    -0.19715    -0.18152  -0.0086074    -0.32857    -0.14685    0.083821     0.13714     0.10427     0.23435   0.0066358 -4.6639e-05].
#  Iteration 10:
   Ages are sampled.
   Parameters are updated.
   Updating parameters makes the average log-likelihood of samples increased by [-0.049806    -0.29181    -0.40949     0.18924   0.0076481   0.0043559    0.068795    0.014165    0.066482   -0.070807    0.072916     -0.0699   -0.027748    0.016864    -0.17739     0.17281      0.2285     0.11934    -0.12118     0.19332   0.0050098     0.10652   -0.048403      0.1647     0.01875     -0.2766    -0.71585   -0.095075    0.024558   -0.028426     0.29994    -0.21818   -0.010558   -0.035397    0.051088  -0.0004714    0.052347     0.33717   -0.067266     0.20967    -0.38497      0.4632     0.22547    -0.33223    -0.05787    -0.26085    0.054159    0.012348    -0.11126].
#  Parameters are learned. Sampling algorithm is now running...
-------------------------------------------------------------------------------------------
#  Results and figures are being stored...
   Done.
   Results and figures are stored in Outputs/R43_d18O_stack.
-------------------------------------------------------------------------------------------
>> 