node102.podcluster

                            < M A T L A B (R) >
                  Copyright 1984-2021 The MathWorks, Inc.
             R2021b Update 1 (9.11.0.1809720) 64-bit (glnxa64)
                              November 2, 2021

[Warning: Unrecognized command line option: nospxlash.] 
 
To get started, type doc.
For product information, visit www.mathworks.com.
 
>> Starting parallel pool (parpool) using the 'local' profile ...
Connected to the parallel pool (number of workers: 40).
>> Number of workers: 40
>> >> >> >> >> -------------------------------------------------------------------------------------------
## BIGMACS: Bayesian Inference Gaussian Process Multiproxy Alignment of Continuous Signals
-------------------------------------------------------------------------------------------
## Stack construction algorithm is now running...
#  Initializing...
   Data are loaded successfully.
   Initializing the age samples...
   Done.
#  Stacking algorithm is now running...
#  Iteration 1:
   Ages are sampled.
   Parameters are updated.
   Updating parameters makes the average log-likelihood of samples increased by [12.74079      12.47287      113.1051      7.443597      70.95465      36.24583      12.03306       10.6353      11.11308      16.62183      9.154404      8.996871      2.118095      5.629495      4.082686      2.861571      15.18899      26.59025      41.65096      30.58212      26.35504      6.332162      3.412783      16.25616      12.03956      146.3269      20.55904      18.72992      20.72889       35.6785      1.423723     0.4188633      1.878871      1.743817      40.80317      19.68522      4.489153      2.624913      4.742942      8.632501      5.322772      5.399032      8.206574      22.48312      7.259781      2.861833      5.891495      17.15065      2.839362       8.04486       6.56647      8.293303     0.5167034        25.187      24.24955     0.0475001      1.847645      24.38881      33.38684      58.88437      2.633598      103.5138      20.60751      56.65619      13.06238      2.793783      17.68702       20.7209      16.67369       10.7474     0.7599271      4.422275      3.179422      9.220539      21.15324      14.92259      162.1147      24.65879      168.6334      4.439067      6.145522].
   Ages are sampled.
   Parameters are updated.
   Updating parameters makes the average log-likelihood of samples increased by [2.69127     0.917943      11.8622      3.14315      1.15108      4.25074      1.36002    -0.885014     0.896654      2.62258     0.220895    -0.369371     0.449348     0.110746    -0.288606   -0.0599871      2.11375      2.10554      1.85738     0.653961     0.878061    0.0276402   -0.0787931     0.607887     0.533261      8.49731     0.205295      2.38138     0.348662   -0.0957462     0.238447    0.0671097    -0.086009   -0.0990474      7.97799       6.3601     0.399541    -0.301232      1.06915   -0.0198206       1.1162    -0.897004      1.39713      1.70571    -0.069259    0.0217631    -0.540794     0.560167    0.0549316      1.30516     0.867805     0.217937      0.53981      2.95012      3.71557     0.757819     0.159817      1.17569      1.01807      5.64191     0.874536      5.26256       2.7243      1.09638    -0.780932     0.402933      1.67491      1.66523     0.970813     0.398697     0.104085     0.533716   -0.0385438    -0.206584   -0.0845792      1.06475      17.8393      7.78547      11.2007     0.175249     0.624234].
   Ages are sampled.
   Parameters are updated.
   Updating parameters makes the average log-likelihood of samples increased by [-0.11529    -0.10916     0.54106      0.3583    0.046283     0.14562    0.064144    -0.34955    0.016488    -0.72989     0.29248     0.24387   -0.013336   -0.047902     0.24898   -0.090275   -0.026806   -0.072865     0.81872  0.00089373     0.16099     0.76457      0.2594    0.035947     0.12155     0.60429     0.35814   -0.083582    0.048414   -0.030226     0.34167   -0.046613   -0.006507    -0.25925      2.1654      3.9518     0.16626    0.090892    0.041272     0.58756    -0.14684 -0.00025225     0.06822    0.056575     0.79658    0.043728    -0.20939      1.0226     0.19589   -0.047738    0.030265     0.20553    0.030738    -0.30477     0.37446    -0.38835    -0.22547     0.30868     0.13366      1.3954     0.53876     0.06577   -0.076961    -0.12906     0.16076    0.025878   -0.050455     0.17835   0.0077688    0.054915    0.031367      1.4956    0.068476    0.096548  -0.0003315     0.26787      7.7488     0.36846     0.86454     0.52898    -0.05513].
   Ages are sampled.
   Parameters are updated.
   Updating parameters makes the average log-likelihood of samples increased by [-0.098547    -0.87598    -0.76335    0.034722   -0.083824      0.1969     0.96422      0.9733    0.063609    -0.14257    -0.36932   -0.069151    0.020359    0.036518   0.0017876    -0.10735     0.29165     0.14753     0.54679    0.038976    -0.71712      0.5231    0.046305   -0.084179  -0.0029279     -1.5679   0.0041037    -0.11901     0.37584    -0.11733     0.03199    0.021045     0.29692    -0.09003   -0.098083     0.60674   -0.024721    0.030527    -0.10225   -0.047251     0.15867    -0.02025   -0.060971    0.044056   0.0027167     -0.1262    -0.20151    0.031821     0.13537  -0.0035365    -0.51438    -0.16012    0.018303     0.67555     0.11686   -0.051485     0.36879     0.47184    -0.66965     0.20239    -0.48559     0.13273     0.40794    -0.11476    -0.30432  -0.0079851    0.038457    -0.53027   0.0013059     0.14423    -0.15984     0.12628    -0.13185   -0.058967   -0.075994   0.0042574     0.55053      0.1414     0.88715    0.046913  -0.0038165].
   Ages are sampled.
   Parameters are updated.
   Updating parameters makes the average log-likelihood of samples increased by [-0.29195      0.2885    0.066099    -0.11019      1.0425   0.0067774  -0.0034683   -0.043533   -0.022174    -0.26244    -0.16933   -0.098171    0.011234    -0.22607   -0.066056    0.084306    0.061659    0.040498    -0.16822   0.0069213    -0.30638    -0.33464     0.03115     0.10185  -0.0033661     0.62125   0.0057319     0.31918   -0.077227    0.071044    0.033415   -0.096992    -0.37354    -0.54298    0.060424     0.19936     0.23556   0.0093798    0.056692    0.080246   -0.058013    -0.16572    -0.20003   -0.074989   -0.029148    0.089048   -0.072282    -0.29475    0.037639    0.021207    0.028709   0.0077533    -0.12737     -0.1552   -0.037445     0.14581  -0.0096856  -0.0018784     0.27504    0.016447    0.053005  -0.0074794    -0.13199    0.091825     0.32519    -0.08168    0.013563    0.032928   9.455e-05    -0.11387     0.10148    0.068623     0.08819    0.030899    -0.14324   -0.035232      4.2488    0.086725   -0.051758  -0.0087356    0.006761].
   Ages are sampled.
   Parameters are updated.
   Updating parameters makes the average log-likelihood of samples increased by [0.33694     0.05232   -0.089268     0.11314     0.10694    -0.13628    -0.18385    -0.28689    0.037256     0.54488     0.10345    -0.21943   0.0023527      0.1692    0.010672    -0.24754   -0.091437   -0.001195  -0.0060785   -0.025154   -0.081677     0.20897     0.69818    0.012933   -0.042725   0.0029932   -0.013058    0.082505    0.053622    0.081993    0.017692    0.046639   -0.026143     0.23089    -0.67473    -0.18385   -0.030451   -0.019343    0.030023     0.20131     0.52301   -0.089636    0.071552    0.074461   -0.017517    -0.03155     0.43652     0.27566   -0.065874   -0.097084  -0.0015759      0.1838     0.10535     0.17058   -0.036152     0.13574    -0.68796    -0.03039    -0.38587    0.021909    0.020482    0.023727    0.085222   -0.039398     0.03528     0.11147     0.15342     0.17167  -0.0035163     0.11952    0.036174     -0.3259     0.11977    0.016768    0.076128    -0.07878     0.41941    -0.56843    0.042659    0.034665 -0.00017986].
   Ages are sampled.
   Parameters are updated.
   Updating parameters makes the average log-likelihood of samples increased by [-0.081618    -0.16879    -0.16648   -0.013289    -0.20901    0.080236     0.14001     0.82926   0.0061951    0.080203     0.31553      0.2238   -0.024193   -0.023072    -0.12972     -0.1472    -0.65773   -0.053402     0.20348   -0.028971    -0.26085    0.055193    -0.32437   -0.028143   -0.048536    0.065964    0.018278    -0.34392    0.018984    -0.01349   0.0078399    -0.02124      0.4777      0.2359   -0.049437     0.10833   -0.067285  -0.0028542    -0.30046    0.019506     0.10511      0.1299  -0.0084258   -0.082504     0.13895   0.0034857    -0.69447   -0.013344     0.10964    0.050822  -0.0061987   -0.049144    0.018704    -0.13473     0.08142    0.096047    -0.05421    -0.67651     0.28379   -0.028064   -0.031278    -0.11525    0.020414   -0.043557   -0.079735    -0.19501    -0.70673   -0.045387    -0.38178  -0.0010507    -0.25478     0.14972    -0.03102   -0.083295     0.09513   -0.081255    0.051099    -0.46792    -0.25659   -0.038146  -0.0052567].
   Ages are sampled.
   Parameters are updated.
   Updating parameters makes the average log-likelihood of samples increased by [-0.15032     0.10925     0.25407   0.0039222     0.19885    0.052597   -0.078062      0.4021   -0.012837   -0.022451   -0.064262    0.071942  -0.0036863     0.08744     -0.4796     0.23281     0.01638   -0.098637    -0.27344    -0.09693    -0.17048   0.0017203     0.37065      0.0268   -0.049885   -0.030477   -0.008919     0.28724   0.0033448    0.081724    0.012335    0.084248    -0.44101    0.071455   -0.031846    0.054438    0.017667    0.020962     0.28701    -0.33021   0.0020855    -0.12703     0.16328     0.08964   -0.011974  -0.0020088    -0.37638     0.11109     -0.0296    0.036447   0.0011875    -0.14865   -0.066091     0.20114    -0.07418    -0.13724    0.076624    -0.35197     0.22793   -0.001021    -0.23369     0.11392   -0.072579  -0.0090101    -0.41142     0.16987    -0.12417    0.028747     0.38572    -0.15611    0.039716     -0.2578   -0.021913     0.11727   -0.097762     0.17996    0.011076     0.57234    -0.14113    0.008493   -0.021549].
   Ages are sampled.
   Parameters are updated.
   Updating parameters makes the average log-likelihood of samples increased by [0.18178   -0.030219    -0.08233   0.0075372     -0.2692    -0.13304     0.20279    -0.65464    -0.10592    0.023059    -0.15993   -0.040563    0.032274    -0.14258     0.39054    0.022312   -0.019919    0.066031     0.13808     0.13747     0.32774    -0.53237  0.00088295   -0.026746  -0.0072109     0.11152  -0.0037428    0.034568    -0.13726   -0.032821  -0.0097458 -0.00078455     0.15534    0.024984   0.0052524    0.020619    0.032539   0.0084531    0.033504    -0.12082   0.0067667    0.034608     0.10208   -0.088819    0.038225     0.02652    -0.27387   -0.064536      -0.109    0.027864   -0.053879     0.25645    0.068239   -0.013721    0.046227   -0.054049    0.026102     0.19094    -0.42087   -0.016762     0.20917   0.0022571    -0.18387   -0.077105     0.24373      0.0193     0.10252    0.010566   -0.039163    -0.42037     0.16782     0.29558    0.036526   -0.072803    -0.15917    -0.17414    -0.47331     0.28937     0.36381    -0.37153  -0.0055062].
   Ages are sampled.
   Parameters are updated.
   Updating parameters makes the average log-likelihood of samples increased by [0.046733    -0.16233 -0.00050168    0.001792    0.082427    0.094211    -0.18291    0.010593    0.073051    -0.17578     0.38843   -0.089897  -0.0015887      0.1367    0.023373    -0.55051   -0.032794    0.069375   -0.036206     -0.1913      0.1232     0.33773   -0.019926    0.023229     0.14327   -0.071679   -0.012632    -0.13316   -0.027161    -0.19242    -0.11871    -0.25323     0.22739    0.064566   -0.012789     -0.1345   -0.011875    -0.12539    -0.16407     0.12475   -0.074551     0.24322     -0.1201    0.086004    -0.30621    -0.35762     0.62206    -0.11154     0.23021   -0.044607    0.056573    0.024391   -0.010577    -0.18603   -0.067988     -0.5245    0.034897    -0.80484     0.41846    0.044533    -0.56419    -0.26381    -0.14602     0.15217     0.19458    -0.16601    -0.44691   -0.010422    0.042239     0.51179    0.065207   -0.021855  -0.0057164     0.07661     0.24184     0.12774     0.31704     0.33139    0.029377     0.40109 -0.00050796].
   Records are aligned to the target stack.
   Iteration 1/10...
   Iteration 2/10...
   Iteration 3/10...
   Iteration 4/10...
   Iteration 5/10...
   Iteration 6/10...
   Iteration 7/10...
   Iteration 8/10...
   Iteration 9/10...
   Iteration 10/10...
   A new stack is updated.
#  Iteration 2:
   Ages are sampled.
   Parameters are updated.
   Updating parameters makes the average log-likelihood of samples increased by [4.69494      7.708282      34.46008      5.542238      16.31925      20.86748      3.850328       6.28199      6.268871      18.32397      11.47356      8.616905      5.612633      9.563943      2.387814      15.96253      11.18245      12.92858      70.21393      10.91328      33.77665      6.340452      9.463723      4.452154      1.241725      93.89624      3.247845      14.48468      20.00326      27.18227       3.80473      3.315617      2.751318      3.958413      5.067751    -0.4092197      5.016574      3.729025      4.619351        12.265      8.688371      24.15604      13.13099      14.37194   -0.02712984      2.605808      5.585395      6.305747      17.48451      6.606539      7.396404      16.79336      7.221391      20.27087       31.3528      6.943763      12.22866      14.18607      25.58933       10.2454      31.61006      20.31416      60.82437      77.64821      13.18593      10.71402      15.13448      2.025398      11.58919      16.25843      2.673128      25.51105       12.9776      11.86616      10.29482      4.756989      106.9452      29.35876      16.29312      6.536412      5.994821].
   Ages are sampled.
   Parameters are updated.
   Updating parameters makes the average log-likelihood of samples increased by [-0.366755      1.62491      2.53106     0.165576      1.33155      2.15405      1.39515     -1.33695      1.15605      1.46886      1.47703     0.743894      0.86705      1.34972     0.745159      1.47755     0.588835     0.212859      4.66657      1.27142      4.12532    -0.932564      1.24558     0.608058      1.63114      3.32106     0.628071      3.33272      0.60325      1.73421      1.37931     0.190275     0.254265    -0.717323      0.42071      2.05045     0.649642      2.12855    -0.510771      2.18276      1.94167     0.533704     0.657033      1.97155      1.54513      1.91713      0.38264    -0.195907      2.68983    -0.382589     0.249501     0.486004     0.696237      3.32899      6.98277      1.78057       1.3039      5.16743      6.34258     -1.38279      3.10894      6.95013      8.95883      4.09983      2.13224    -0.220153      1.04886      1.22802    -0.519974      1.28404    -0.659956      3.03842     0.724795     0.692566      1.21495     0.420188      20.7862     0.901357      3.07659      1.16951      1.33693].
   Ages are sampled.
   Parameters are updated.
   Updating parameters makes the average log-likelihood of samples increased by [0.086631     0.49201     0.39942    -0.67552     0.22025      1.0718     0.32591     0.51503      1.8317    -0.28128     0.13628    0.096475     0.28183    0.059955     0.54811    0.089826    0.021675   -0.042059      1.6734     0.41717     0.71016     -0.1023    -0.43544    -0.21359    0.052911      2.0774     0.42289     0.21377     0.29817    0.019346    -0.71521     0.26242   -0.015959      0.1117     0.15356    -0.58944   -0.021769      1.0533    -0.10425     0.19356     0.42596     -0.1513   -0.014931     0.26489     0.39421     0.61395     0.11344    -0.91785      0.2339    -0.27617   -0.076234     0.99792     0.53702       1.835     0.25732     0.42383     0.48162     0.48662     0.18693     0.19968      7.3232   -0.074749      2.8932      2.1453    -0.71436     0.64852     0.26626      1.8865     0.31995  -0.0041696    0.014076    -0.10264     -0.1049     0.15209     0.34193     0.25789       3.339      2.0916     0.81286    -0.13799    0.090009].
   Ages are sampled.
   Parameters are updated.
   Updating parameters makes the average log-likelihood of samples increased by [0.91614     0.13194     0.73719    -0.15306    -0.60056    0.023445     0.20989      0.2392     0.42543     -0.1441    -0.41672     0.49751    0.097869     0.19528     0.26577    -0.42249    0.027746    -0.28795    -0.47503   0.0094316      1.7883      1.5265   -0.031707     0.37442     0.05029     0.96639   -0.083536    -0.43548    0.012969    -0.38607    0.056596     0.32371    -0.09188   -0.055143     0.37663    -0.30803    0.022987    -0.12708    -0.11937     0.63941     0.18693    -0.20362    -0.27301    -0.07958    -0.07118   -0.023119   -0.092676     -1.3712     0.20957    0.083026    -0.03956  -0.0082803    0.012851    -0.32052     0.31635    -0.57968   -0.013972     -1.0637      0.6765     0.45275       2.292     0.16003     0.14445   -0.086375    0.056252    0.047779    -0.12245     0.61161  -0.0039738    0.089669   -0.044446   -0.033372   -0.064319    -0.29772   -0.017811     0.27402      2.6576    0.013557      0.5356     0.56639   -0.019847].
   Ages are sampled.
   Parameters are updated.
   Updating parameters makes the average log-likelihood of samples increased by [0.27783    -0.54881     0.36962     0.28448    -0.65965    -0.05293   -0.023889   -0.018707    -0.15597     0.11412    0.052956    -0.10335    0.035864    -0.05656    -0.34519      0.8951    0.071225     0.28641    0.049741   -0.061634   -0.081577    -0.12016    0.085488    -0.59027      0.0242      1.1431     0.10614     0.44371   -0.034431     0.41105    -0.11079    0.017403    -0.76449    0.019668   -0.080315    -0.28806   -0.023001   -0.022763    -0.52344   0.0049483    0.015779     0.22698     0.21216    -0.21129    0.023611    -0.17711     0.28717   -0.060275   -0.080516    -0.31805   -0.020069   -0.011529   -0.043636    0.026469    0.081832     0.27656   -0.089032    -0.43737       1.374 -0.00083528    0.022282    0.020776    0.031796    0.034798   -0.023838   -0.057954     0.15335      1.7238    0.027643     -0.1263    0.010207   -0.036258   -0.090862     0.49473    0.039734    0.035496      1.9914   -0.044549      3.3524    -0.64995    0.022826].
   Ages are sampled.
   Parameters are updated.
   Updating parameters makes the average log-likelihood of samples increased by [-0.17482   -0.045331   -0.065001   -0.035548    -0.89749    0.071377    -0.32052    0.032831    0.048526   -0.073795     0.23411     0.10748   -0.037488   -0.099944     0.27122     0.50596  -0.0047923    -0.40296     0.46852    0.066205    0.086936   -0.099973  -0.0078068     0.20499     0.12976    -0.61124   -0.077409    -0.19704    0.033665   -0.020504    -0.13979   -0.088212     0.48393    0.076807  -0.0060059      0.4307    0.044061  -0.0030318    0.086308  0.00018315   -0.037542   -0.044705    0.028351      0.4407  -0.0070052     0.30572   -0.074569    -0.10524    0.088837     0.25959   -0.011263    0.014473    -0.11513     0.23916   0.0075768    -0.10011    0.025217     -1.2465   -0.022291   -0.013461    0.022532     -0.7325    -0.73396   -0.040462    -0.17909    0.078931    0.037501    -0.17542   -0.052009    0.064962   -0.040797   -0.041718    0.094973     0.07368  0.00082306   0.0064756      4.1974    -0.59859    -0.93346   -0.097284    -0.11473].
   Ages are sampled.
   Parameters are updated.
   Updating parameters makes the average log-likelihood of samples increased by [-0.031326    0.049523   -0.011528    -0.19662      0.6434   0.0085689     0.11127   -0.050476    0.019614   -0.085702    -0.21359    -0.19271     0.14439     0.16592   -0.066957     0.10568   -0.030542     0.32857   -0.032527    0.028028    0.031156     0.29962   -0.012548     0.10075   -0.010268     0.38798    -0.02427     0.11728   -0.026739    0.072941    0.085636    0.072321   -0.043072   -0.014742    0.092502    -0.44676    0.034198    -0.14142    -0.10289   0.0083753    0.010594    0.043453    -0.12476    0.056852    -0.23073   -0.058922    0.044687      0.0606  -0.0034922    -0.38064     0.06861   -0.076766     0.15656   -0.056207    0.036401     0.26611   -0.021668    -0.23249    0.060221    0.017135    0.094294     0.56004   -0.018781    0.035359     0.16559   -0.025459   -0.015008    -0.10072    0.060915    0.025031   -0.089504    0.098669    0.024919   -0.027602    -0.21179  -0.0089354      0.1116    -0.27668    -0.15643     0.16438    0.031951].
   Ages are sampled.
   Parameters are updated.
   Updating parameters makes the average log-likelihood of samples increased by [0.24183     -0.1665    -0.72319     0.18138    -0.17747    -0.19292     0.13627   0.0013648    -0.24973     0.11015    -0.91452     0.17137     -0.3462    -0.13235    0.050372    -0.74645   -0.046705    -0.91048    -0.64486   -0.010798  -0.0036613   -0.015613    -0.20064   -0.056782   -0.011094     -1.2777    0.038303   -0.055504   -0.094077    -0.10696   -0.052938   -0.090925    -0.38415   0.0069014  -0.0015441     0.15354    -0.02005   -0.034206     0.12204    -0.03611   -0.084429   -0.057065    0.029802    -0.14928     0.18316     0.11983    0.028229  -0.0050779   -0.012346     0.29993    0.018072   -0.044774    -0.14332     0.11907    0.021023    -0.24145     0.11117   -0.088392    0.014863    -0.14872    -0.16975      0.3938   -0.012552   -0.048238    0.059784    -0.38513    0.015277     0.10248    -0.20934    0.010503   -0.057084    -0.11031  -0.0040468    -0.19056   -0.040208   -0.095741    0.003309     0.26546   -0.021445     0.24344    -0.12025].
   Ages are sampled.
   Parameters are updated.
   Updating parameters makes the average log-likelihood of samples increased by [-0.6982     0.15414     -0.1325    -0.13956     0.17824     0.13265    -0.19642    -0.10732     0.11389    0.048141    0.094947    -0.31401   -0.089807     0.16464   -0.022057    -0.40703    0.085508    0.097323   -0.032469      0.0185   -0.094305     0.13296     0.18515    -0.06233    -0.13108     0.20823    0.050528    0.029141    0.070427    0.076824      0.2546   -0.090175     0.56285    -0.10502  -0.0067757     0.42137   0.0065989 -0.00058629    0.050523   -0.025477      0.1273    0.029842     0.17721    0.063254   -0.063107    -0.13661   -0.083255     0.17765   0.0062519    -0.14101  -0.0043818     0.11401    0.040931   -0.002061  -0.0029137     0.26011    -0.03743    -0.37421     -0.4247     0.14624    0.099224    -0.49536   -0.038375   -0.021515    -0.20677     0.40429    0.014676    0.045038     0.18476   -0.062948     0.18327    -0.13207    -0.16705     0.24057     0.24025   -0.082951  -0.0029966    -0.11114   -0.069279    -0.14312     0.15414].
   Ages are sampled.
   Parameters are updated.
   Updating parameters makes the average log-likelihood of samples increased by [-0.23827    0.011037   -0.029859     0.12416   -0.028694    0.094097     0.09376     0.13456    -0.30467   -0.052057   -0.061132     0.10701     0.44426  -0.0066447    -0.96328     0.20319    -0.10216   0.0019986     0.27096    -0.11582    0.046357    -0.36563    0.021261     0.09803      0.1856    0.080311    -0.14406     0.17917    0.040725    -0.03398    -0.26004     0.16358     0.20418      0.1071   0.0097932     0.29082    -0.24285     0.21843   -0.020083    0.056727     -0.2207    0.012367   -0.020921   -0.061615    0.089922     0.21807   -0.053177    -0.10884   -0.071191   -0.010854   0.0088611    0.012624    0.032916  -0.0020467     -0.5434    -0.57777    0.047549     0.63742     0.14083    -0.26618    0.062604    -0.43629    0.053287   -0.079349     0.10696    -0.14479   -0.087534   -0.020467    0.015486    0.099255  -0.0026302     0.18783     0.04031    -0.67499    0.011943     0.20387   -0.042992    0.067798       0.164    0.065603   -0.066383].
   Records are aligned to the target stack.
   Iteration 1/10...
   Iteration 2/10...
   Iteration 3/10...
   Iteration 4/10...
   Iteration 5/10...
   Iteration 6/10...
   Iteration 7/10...
   Iteration 8/10...
   Iteration 9/10...
   Iteration 10/10...
   A new stack is updated.
#  Iteration 3:
   Ages are sampled.
   Parameters are updated.
   Updating parameters makes the average log-likelihood of samples increased by [0.385556    0.0524318     0.117618    -0.154328     0.258403    -0.932466    0.0780856    0.0532515      1.23877     0.495779     0.100542      1.47597     0.647456    0.0307975     0.371896     0.241855    -0.194593    0.0144404      11.3773    0.0484453      1.70129      1.48466   -0.0690119    0.0322073   -0.0270497    0.0158028   -0.0259275   -0.0116179     0.137997    0.0185477  -0.00576809    -0.120078    0.0571673   -0.0239112   0.00514583   -0.0133036    -0.080765     0.851561    0.0322997  0.000648722     0.275145    -0.126866     0.319005    -0.103226    -0.461607    -0.261404   -0.0504335     0.209444    -0.593603   -0.0351344    -0.460757   0.00555916   -0.0339688      1.78328    0.0101336   -0.0919432    -0.334056     0.192277     0.764464     0.112722     0.095962    0.0057007     0.348734     0.659814    -0.112645     0.350578    -0.154059    -0.086938    0.0958215   0.00564634   -0.0269864    -0.146541     0.098717   -0.0850705    -0.110819    -0.073108      3.55185   -0.0427392    0.0643539   -0.0949775    -0.115784].
   Ages are sampled.
   Parameters are updated.
   Updating parameters makes the average log-likelihood of samples increased by [-1.3197   -0.030146    -0.44001    0.072617      1.2467   -0.058109    0.041795    -0.16842     0.41024    -0.21105    0.001886  -0.0015382     0.14271     0.45884     0.23765   0.0093782    -0.28102   -0.061087     0.85682    -0.12071     0.75263     0.14506     0.83125    0.068914    -0.12089     0.86785    -0.06712    -0.54641   -0.011845    -0.10327   0.0069846    -0.96206   -0.011231     -1.4938     0.40729    0.096551     0.39313   -0.051172   -0.085173    0.087288    -0.10836   -0.074761    0.040127    0.056702     0.63882    0.044425     0.13943    -0.11137    -0.47211       0.279    -0.21693   -0.071819   0.0016958     0.13984    -0.28685    -0.36828   0.0065175       1.499   -0.031142     0.12541      1.3256     0.73865      0.1328      1.5447    -0.47525     0.10586     0.13171      2.7733    -0.02642     0.21908    -0.20715     0.58161    -0.17708     0.35616    -0.11647   -0.082592      4.6413     -0.2306      0.1802   -0.091703    0.086965].
   Ages are sampled.
   Parameters are updated.
   Updating parameters makes the average log-likelihood of samples increased by [-1.2287      -0.286   0.0051774    -0.19046     0.82518     0.13245     -0.1509     0.15005      0.3027    -0.26573     0.21021     0.10809    -0.00881     -0.1025  -0.0097035    0.053753    -0.78141   -0.095782     0.80601    -0.31301   -0.064151    0.090822   -0.036586     0.16233     0.12697     0.39503   -0.049998    -0.15483     0.17634    0.056153    0.036137    0.062553   -0.068855     0.24242    -0.05002    -0.06913    0.044735    -0.28582    -0.51996     0.18459    0.042426    -0.35987     -0.2609    0.073593    -0.17048     0.38633      0.2457    -0.35969     0.13994     0.15089    0.072532    0.008767  -0.0037968    0.051344     0.08956   -0.022416   0.0087065   -0.028698    0.079691     0.25286    -0.02491     0.17335      0.1502   -0.050188    0.045731   -0.038151   -0.095209    -0.41661   -0.078084     0.12291    0.032643   -0.021755   -0.041563     0.29892   -0.032542    -0.10845     0.02056    -0.19443     0.25952   -0.079137   -0.087578].
   Ages are sampled.
   Parameters are updated.
   Updating parameters makes the average log-likelihood of samples increased by [1.3503    -0.35323    -0.25537    -0.15965     0.52986     0.35372     0.13915    -0.39945   -0.034595    0.056639   -0.011795  -0.0030405     0.36095    -0.39506    0.015835    0.050904    -0.19394   -0.086482     0.75451     0.20081    -0.27401    -0.57497       0.269    0.097399  -0.0063717    -0.98396    -0.08564   -0.035217      1.1296    -0.15084    0.046852   -0.024791   -0.059277   -0.044246    0.008808    -0.35598     0.71455   -0.016579     0.24237    -0.77976   -0.013889    0.037237     -0.1943   -0.040546    0.062277   -0.010656    -0.16168   -0.016865      0.3435    0.036939   -0.099371    -0.48452    0.016594     0.24779    -0.31865   -0.071924     -0.8339      1.0259      2.3483    -0.85055     0.15733     0.86009    -0.68469   -0.091752    0.047798    0.033999    0.040954   -0.047372    -0.11299     0.14484    0.037844    0.032704     0.19708    -0.11288       0.464     -1.1416      2.3906     0.49589    0.026669     0.34297    0.019806].
   Ages are sampled.
   Parameters are updated.
   Updating parameters makes the average log-likelihood of samples increased by [0.86331     0.49897     0.29038     0.10742     0.57521     -1.3435    -0.25451    0.069237    0.025039    0.020202  -0.0017797  -0.0010391    0.029387     0.47341   -0.053242   0.0039649      0.1955    0.064667    0.046961    -0.18668      0.2703     -0.1867     0.36805     0.11673    -0.21074    -0.75857   -0.031203    -0.17752      0.1284    -0.55127   -0.017447     -0.2883    0.013478    -0.52169      0.0156    -0.14441   -0.013648    -0.19073    -0.38256     0.16081    -0.35756   -0.013865    0.063657    -0.49654   -0.010774     0.09945   -0.063695    -0.30199    -0.03924   -0.018953     0.12374     0.51476   -0.031943     0.06058     0.48257    0.015234    -0.13873   0.0087342     -1.1494    0.067934    0.060412  -0.0015689    -0.09283    0.035907    -0.26933  -0.0093046    -0.31771     0.35093    0.015779    -0.88214   0.0077488   -0.019213  -0.0044045    0.075604   0.0043372     0.57769      1.7938     0.13728    0.076257    -0.39482    0.032805].
   Ages are sampled.
   Parameters are updated.
   Updating parameters makes the average log-likelihood of samples increased by [-0.21617   -0.095688    -0.84349     0.34616    -0.51079   -0.078552     0.20542     0.36906   0.0088356   -0.037257   -0.042966    -0.45298  -0.0012546     -0.1357   -0.020874    -0.12406    0.086397   -0.056771     0.16358  -0.0015046    0.037018 -0.00043837    -0.87618    -0.91165      0.1916   -0.024096    0.016235    -0.24858    -0.45526    0.038235  -0.0039961     0.15668    -0.22044     0.10968   -0.097602   -0.055285   -0.027906     0.25926     0.27967   -0.087669     0.21582    -0.16417      0.1393     0.20015    0.017474  -0.0029931    0.067723     0.23698    0.025092   0.0019151    -0.41849    -0.18185    0.028698    0.015353    -0.69062    -0.11644   -0.081743   -0.059839    -0.75456    0.011549     0.03218   -0.022769    0.042633  -0.0072541     0.44304  -0.0049234     0.12158    -0.90593     0.38984      0.1718   -0.033773  -0.0090574   0.0025305   -0.064553   -0.026272     0.52432     0.15883     0.17265     0.29757     0.32482  -0.0022626].
   Ages are sampled.
   Parameters are updated.
   Updating parameters makes the average log-likelihood of samples increased by [0.25234     0.11584     0.18292    -0.55201      3.1223   -0.021926   -0.035984     0.12895     0.02367   -0.042827    0.038096     0.30939    -0.19297    0.068153    0.059447    -0.11646    -0.31361     -0.1586    -0.15989   -0.042721   -0.011719    -0.17915    0.026648    -0.91825    -0.14822      0.1372   -0.033355    0.088958     0.76037    -0.20374    0.022179    -0.10765     0.12607    -0.67386   -0.066708     0.15176  -0.0013259   -0.074452    0.061322    0.025412    0.028475     0.16957   -0.019786     0.29543   -0.011508    -0.14506    -0.44129    0.091486    -0.43695   -0.042283     0.27627     0.21968   -0.018144     0.20519     0.99281    0.072746     0.17422   -0.059187     0.16328   -0.012018    0.022126    -0.74943    -0.25368   -0.075252    -0.85395   0.0078827    -0.12675     0.67926     0.18242     0.08108    0.029892  -0.0023528    -0.16259     0.10226    -0.30356     0.37601    -0.94307    -0.70187    -0.23373   -0.093353   -0.011632].
   Ages are sampled.
   Parameters are updated.
   Updating parameters makes the average log-likelihood of samples increased by [0.24202   0.0068888     0.36522      0.5459     0.60442    0.064122      -0.179    -0.18394   -0.011822    -0.31272   0.0037739   -0.017052    -0.26713     0.11756   -0.041479     0.20374      0.2633     0.17908    -0.84675       0.228    -0.10697    0.073992  -0.0042359   -0.032719     0.13413    0.043811    0.042338     0.23521     0.18984    0.058351  0.00054865     0.19497     0.11434    0.095524      0.1484     0.13531     0.02773    -0.13991   -0.073688    -0.27805    0.090497   0.0071513   -0.056145    -0.62319   -0.055665     0.15502     0.44609   -0.081605     0.39387    0.055525     0.10526   -0.030268  0.00093831     -0.2061     0.09956     0.11168    -0.35716      0.1211    0.021756    -0.12377     0.15362     -2.9522     0.29501    -0.11091     0.21635     -0.1114     0.17965     -1.0714    -0.23157   -0.098693   -0.016254    -0.17156    0.050051   0.0024493      0.3957     0.15442    -0.20709    0.043434     0.23067    -0.70473   -0.024693].
   Ages are sampled.
   Parameters are updated.
   Updating parameters makes the average log-likelihood of samples increased by [0.0017705   0.0024424    -0.36521    -0.32607      1.2087    0.035302    0.092484   -0.097517   -0.070416     0.43795    -0.49414    0.098648   -0.055738   -0.090915     0.05986  -0.0054412    -0.73478    0.046685    0.092146   -0.022437    -0.11906     0.11175   -0.028555    0.046779    -0.12246   -0.021747   0.0085607     0.21557    0.038234     0.14414   -0.052769   -0.029255    -0.22881   -0.052207    -0.01747    -0.41246  -0.0055955     0.20745    -0.27935     0.27118   -0.043272  -0.0046142    0.031693    -0.05416    0.004246    -0.18607    -0.24743    0.028974    -0.02296     0.02167   -0.053994    -0.07519   -0.072671     -1.2083    0.016623  0.00080164     0.39039    -0.29343    -0.13234     0.11745    0.050415     -0.3321    0.018978    0.092332     0.08461     0.11104    -0.16521     0.71217     -1.2875   -0.054315   0.0084846    0.061331     0.10438  -0.0062421    -0.45284     0.11153     0.23084    -0.93964    -0.45512    -0.24739    -0.03745].
   Ages are sampled.
   Parameters are updated.
   Updating parameters makes the average log-likelihood of samples increased by [-0.20002    -0.12211     0.32832     0.56917    -0.20948   0.0072515  -0.0044921     0.15713    0.018089    -0.45116     0.45754   -0.070719     0.34857   -0.042919   -0.029423    0.016269     0.43713   -0.018281    0.045947   -0.064924     0.23587   0.0088021    0.013065    -0.21042     0.13272    0.073545    -0.22143    -0.10907   -0.018255    -0.12061    0.027208     0.12865     0.20442    -0.14569    -0.10461       0.464  -0.0077973      0.0202    -0.22314    0.056419    -0.04065   0.0063126   0.0063269     0.22499    0.059613     0.18344    -0.14334    0.060684    -0.28327  -0.0085291    0.019727   -0.015829   0.0045971      1.1223    -0.16806   -0.056937    -0.19033    0.096053    -0.35467    0.019138    -0.32942     0.12894    -0.13886    0.059965  -0.0065656   0.0012809    -0.14566   -0.071637    -0.26815     0.13993    0.010888    -0.10706   -0.047098   -0.017562     0.30565    -0.30096  -0.0062745     0.53155    0.047408     -1.4573    0.077434].
   Records are aligned to the target stack.
   Iteration 1/10...
   Iteration 2/10...
   Iteration 3/10...
   Iteration 4/10...
   Iteration 5/10...
   Iteration 6/10...
   Iteration 7/10...
   Iteration 8/10...
   Iteration 9/10...
   Iteration 10/10...
   A new stack is updated.
#  Iteration 4:
   Ages are sampled.
   Parameters are updated.
   Updating parameters makes the average log-likelihood of samples increased by [-1.19896    -0.431115    -0.687366   -0.0173684     0.148849    -0.494705    0.0898146   -0.0627341   0.00927211   -0.0619861    0.0605689     0.382282    -0.116557    -0.165231    0.0809617   0.00802317    -0.654397    -0.213116      1.56528    -0.519003    -0.164237   -0.0738794   -0.0195825     0.134038    -0.311608     0.108762    -0.131334     -1.07741     0.109539    -0.150807   0.00142686     0.159791    0.0401733     0.433171   -0.0701666    -0.103438    -0.315969   -0.0168895    -0.286262    -0.101415    -0.342036  -0.00406457    0.0549178    -0.240209    -0.055966    0.0342769    -0.219157     0.866592   -0.0506513    -0.314336   -0.0239661    -0.102253    -0.403123    0.0281847     0.572024    -0.452387    -0.741776     0.508015    -0.430534    -0.704956    0.0603619     0.445235      2.57343      1.02491    -0.114071    0.0884997     0.262985   -0.0579585     0.253606    -0.326975  0.000774048     0.496451   -0.0609433    0.0427859    -0.190854     0.172161      67.5664     -1.17955    -0.501074    -0.199309    -0.280852].
   Ages are sampled.
   Parameters are updated.
   Updating parameters makes the average log-likelihood of samples increased by [0.00107433  -0.00872233     0.271436    -0.807313   -0.0442951     0.215062  -0.00871756     -1.73729    -0.164373    -0.625669   -0.0742704   -0.0401385     0.217166    -0.493742   -0.0147619       0.2814    -0.219162    -0.416946       6.3723    -0.373862     0.229545     0.453687    -0.101127  -0.00647789     0.149707     0.581759    -0.130448    0.0341599    0.0197335  -0.00928535    -0.442091   -0.0190552     0.616755    0.0862791    0.0571914      0.17612     0.337939    0.0558435   -0.0476676    -0.210839    -0.356553    0.0863715   0.00519415    -0.230693    0.0154236    0.0627515      0.19745    -0.410795    0.0634286    0.0778507   -0.0297144     0.361617   -0.0722187     0.196532   -0.0984639    -0.186672     -1.31193    -0.171186     0.114632    0.0992854     0.186365     0.270735   -0.0205849    0.0282389   -0.0211077    -0.343897    0.0602823     0.156792   -0.0330029     0.325855   -0.0525569   -0.0371763    -0.260587     -0.66499    -0.540662    0.0453908      16.2752   -0.0478909    -0.356697     0.408428   0.00830116].
   Ages are sampled.
   Parameters are updated.
   Updating parameters makes the average log-likelihood of samples increased by [-0.062565     0.574218     0.190443     0.256873    0.0332256   0.00650961   0.00668923    0.0415072    -0.148593    -0.095655    -0.648955     -0.32826   -0.0700811    -0.209874    0.0373129   -0.0430331     0.410997   -0.0558758      1.61383    0.0126529     0.825902    -0.207518  -0.00987944    -0.178325     0.289821     0.779651    0.0134269     0.133915    0.0486626      0.24967   -0.0161574    0.0914267    -0.181025    -0.207787    0.0282598   0.00110406    0.0373443     0.014507    0.0998718  -0.00297876  -0.00202492    -0.470377   0.00499966     0.250996     0.123848     -0.12138    0.0252139     0.435753    -0.252012     0.270761    -0.104147   -0.0791337     0.489458    0.0435905     0.410496     0.126406     0.206194    0.0319498     0.333607   -0.0202978     0.579709     0.913717   -0.0356492    0.0301751    0.0790629  -0.00244812    -0.019238    0.0849195    -0.167461    0.0234789    0.0157667   -0.0920472   -0.0302716     -0.21674    -0.696774     0.190732       15.022    -0.195608    -0.172262    -0.355804    0.0998151].
   Ages are sampled.
   Parameters are updated.
   Updating parameters makes the average log-likelihood of samples increased by [-0.052108    -0.11989     -1.4992    0.045801      -1.951     0.28618    -0.24669    -0.20012     0.18465    -0.38641     0.59409     0.57119    -0.11652    0.053556   -0.075736   -0.011989    0.053887    -0.12447      2.0312    -0.84985    -0.12108      1.2489    -0.01245     0.56234    0.079573    -0.54656    -0.06912      1.3476     0.13355    -0.15492    0.047604     0.20847    -0.17526   -0.040469   -0.067215    -0.03467    -0.24703   -0.015849    -0.29816    0.027175   -0.041852     0.85717    0.069478    0.020728    0.092516    -0.86759    0.076768     0.17015    -0.36218   -0.054311   -0.094856    -0.35024    -0.24753      0.3436     0.64708    -0.26201   -0.011038     0.77835    -0.44094    -0.73455      1.6457    -0.15376    -0.49792    -0.07851    0.033536   -0.011208     -1.2123    0.043754    -0.37954   -0.072091   -0.046358     0.15543    -0.17912      0.0898    -0.10149  -0.0083055    -0.33106     -1.6174    -0.38259     0.59968     0.12653].
   Ages are sampled.
   Parameters are updated.
   Updating parameters makes the average log-likelihood of samples increased by [0.0035958    0.011996    -0.10145     -0.1035      3.0389    -0.17604    0.014253     0.24961    -0.18345     0.30613   -0.077834   -0.097084     0.20663    -0.10096    -0.28997    -0.10938   -0.065209    0.081467    -0.48319    -0.38486    -0.56654    0.068032  -0.0083589  -0.0057261    0.043503     0.61477    0.031565     0.25819   -0.062356      0.0624  -0.0027231     -0.2331    0.041389    0.050197     0.22645    -0.14585     0.23846   -0.061217     0.22351    -0.13939    0.051159     0.53363    -0.23838    -0.25671   -0.032835     0.15061   -0.039329    -0.30295     0.24672    -0.03541    0.066113     0.15331    0.041293    -0.56497    -0.83089     0.64049    0.018309    0.051419     -0.4658    -0.12588   -0.035804    -0.68561     -2.1896   -0.048477  -0.0036363   -0.023155     0.43604    -0.10541     0.61495     0.36775    -0.63319  -0.0085488     0.12431   0.0099389   -0.012825    0.099493    -0.72441  -0.0056133     0.12568    -0.20867    0.080916].
   Ages are sampled.
   Parameters are updated.
   Updating parameters makes the average log-likelihood of samples increased by [0.041171    -0.28047     0.20897    -0.25119     0.41782    0.034454     0.04691   -0.084833     0.12379     0.20567   -0.053586    0.071556    -0.25884   -0.016172     0.27825     0.04918    -0.14855   -0.055832     0.33461     0.48759     0.11133   -0.036378    0.032999   -0.081918   -0.076258     0.63398    -0.13999    -0.36527   -0.057208    0.026832   0.0041082     0.24431     0.17121    0.070771   -0.055473      0.1492    0.020763     0.16678    0.086398     0.10094    -0.27024    0.076023   -0.042834     0.24045  -0.0082075  -0.0077849    0.026252    -0.46723    0.045099    0.035547    -0.13923    -0.22563    0.042892    -0.03247    0.058968   -0.064529   -0.082673     0.31184      1.0429     0.10841   0.0050091    -0.19383    -0.12021   -0.020365   -0.085867    -0.08188    0.031576     0.21991   -0.019587    -0.17571   -0.049804  -0.0074398    0.077031    0.083645    0.052304   -0.014331   -0.067914    -0.24494     0.11113    0.046414    -0.27637].
   Ages are sampled.
   Parameters are updated.
   Updating parameters makes the average log-likelihood of samples increased by [-0.0070452    -0.21979    0.011242      0.3189     0.24247    0.083098     -0.1552    -0.47061    -0.31825   -0.012452     0.17458   -0.021063    -0.01226    -0.29499     0.11222     0.06688     0.16386    0.016328     0.49848   -0.041569   -0.024003    0.041665  -0.0038253     0.11173    0.057999     0.47823    0.093102     0.20325     -0.2275    0.049279   -0.033542    -0.10689   -0.094237    -0.20541     0.31972    0.037365   0.0047889    0.011268     0.18775    -0.10517     0.29536     -1.5193     0.28821    -0.38698   -0.039287   -0.013673    -0.10231      0.6371   -0.053322   -0.031674       0.127     0.10951     0.11073    0.075195    0.091538    0.028211    0.011942     0.38911    0.035209   -0.063756    -0.14292    0.085378    -0.15592    0.033862    0.021264    0.055063    -0.39454  0.00044996   -0.079539    -0.11437   -0.046562    0.012804     0.21057   -0.021847    0.034678    -0.26137   -0.095103     0.23475   -0.028851      0.1305     0.10776].
   Ages are sampled.
   Parameters are updated.
   Updating parameters makes the average log-likelihood of samples increased by [-0.10098     0.19027    -0.10015     -0.1346   -0.010838   -0.019406     0.64785      0.5386     0.20921   -0.016308     0.36429     0.33967     0.18685     0.31546   -0.012225    -0.30629    -0.54207    0.091776   -0.028867     0.03995    0.021467   -0.023744    -0.20098   -0.031559    -0.47309   -0.056183    -0.46746     0.19836   -0.039761   -0.011351  -0.0025488    0.061776     -0.2611     0.18377    -0.48897   -0.076323   -0.031093   -0.012184   -0.080215    0.028217    0.064755     0.45849    -0.11535     0.15261     0.05652   -0.077241  -0.0047623    0.066303    -0.18087   -0.021846   -0.071247     0.13989   -0.008649    -0.21852    0.022433    -0.10531    0.033053     -0.2105     0.11283    0.043655     0.13515    -0.63609     0.17893    0.016518    -0.22307    0.055002     0.14443     -0.2409     0.10568     0.30132   -0.072219    -0.27491    0.044863    -0.12867  -0.0089862     0.27605     -0.1317    -0.22606    -0.27694   -0.056902     0.18315].
   Ages are sampled.
   Parameters are updated.
   Updating parameters makes the average log-likelihood of samples increased by [0.073005     0.63622     0.13525   -0.077439   -0.029627   0.0077251      0.5386     0.11049    -0.14567   -0.026486    -0.37039    -0.21697    0.066102    -0.23732    -0.27372     0.32357    -0.13396   -0.017373   -0.057146    -0.19727  0.00071966   -0.046809     0.19951    -0.10655   -0.064953    -0.11359     0.40127    -0.76311    0.012313   -0.024195   -0.049252    -0.30346    0.038983     -0.4241     0.36007    0.056539    0.035462   -0.089182   -0.074032    0.095149   -0.067696    -0.15846   -0.058043     0.24924    -0.16725     0.10432    0.092243   -0.027665   -0.010662    0.030756     0.16383     0.17018   -0.091348   -0.049671    -0.10748     0.14193   -0.039473     0.23218    -0.10804   -0.018778    -0.19424    -0.06661    0.088307     -0.2424     0.21597    -0.10284    -0.31074    -0.13722    -0.24188   -0.084085    -0.10595      0.2472    -0.91841     0.13974    0.017905   -0.025431     0.15478    -0.90076      0.3335    0.095942    -0.31605].
   Ages are sampled.
   Parameters are updated.
   Updating parameters makes the average log-likelihood of samples increased by [-0.37146    -0.14837   -0.051683     0.24157    -0.52285    0.071518  -0.0050286    -0.18562    0.074814    -0.64733    0.069595    -0.12198    0.015145     0.32184      0.2021    -0.13906   -0.086629    0.022848    -0.42962     0.20744   0.0085405     -0.1287   -0.080688     0.13146     0.53565     0.14805   -0.038162   -0.015001     0.22097   -0.036371    0.079489     0.17173     0.51125     0.25675     -1.0608   -0.051988   0.0047931    -0.34998     0.09964    -0.27519     -0.2384     0.12036    -0.18978   -0.033787     0.13463   -0.023238     0.01718    0.017845     0.24578    0.025844    -0.17134     -0.4691    0.036901  0.00016235    -0.43583    -0.11737     -0.2353    0.024798     0.10586    0.015446    -0.31011    -0.24157   0.0002771    -0.54003   -0.036292     0.10144     0.33481  -0.0050937     0.22916    -0.61376     0.24718   -0.016305     0.36991   -0.012691    -0.13025    -0.30354    -0.29329     0.15225    -0.03883  -0.0036487     0.12847].
   Records are aligned to the target stack.
   Iteration 1/10...
   Iteration 2/10...
   Iteration 3/10...
   Iteration 4/10...
   Iteration 5/10...
   Iteration 6/10...
   Iteration 7/10...
   Iteration 8/10...
   Iteration 9/10...
   Iteration 10/10...
   A new stack is updated.
#  Iteration 5:
   Ages are sampled.
   Parameters are updated.
   Updating parameters makes the average log-likelihood of samples increased by [-0.537817    0.0531919     0.506599    -0.425629      0.13569     0.320552    0.0691492   -0.0359272     0.035658    0.0992462   -0.0226353    -0.373738    0.0804661    -0.132218     0.271552     0.260314   -0.0207341    -0.262111      1.55683     0.571721      1.48831    -0.643856    0.0811487    0.0754424     -0.11567     -1.34658    0.0206045      0.32404     0.131362    0.0106444     0.365157     0.199444    -0.252388    -0.122139     0.383875     0.488319    -0.147988   -0.0311001     -0.39316    0.0567489   -0.0548743     0.287277   -0.0305125   -0.0398857   -0.0512914     0.477653     0.427966    0.0498208      1.30374     0.063921   -0.0092814   -0.0951362    0.0305895    -0.320067    0.0926335    -0.012403   -0.0481908     0.114744     0.745806    -0.106811     0.541035     0.393348    -0.220211      2.46293    0.0229545    -0.393767   -0.0935149     0.109341   -0.0359745   -0.0582172    0.0661557     0.165914     0.196315   -0.0793557     0.115656    0.0446343      16.6258    -0.100423      2.27417    0.0107775    -0.779054].
   Ages are sampled.
   Parameters are updated.
   Updating parameters makes the average log-likelihood of samples increased by [-0.18024      0.1746    0.067107     0.36125     0.49369   -0.062107    -0.58336    0.017872     0.38569     0.27004   -0.034958    -0.52096   -0.045271   -0.037738     0.05395  -0.0043931     0.33453     0.19774     0.21134     0.16653   -0.020603     0.35283   0.0098286   -0.044312     0.24918     0.45798   -0.056153    -0.17381     0.42554   -0.037137     0.18128       -1.27   0.0026411    -0.94259    -0.05036    -0.25265    0.055902    -0.11761   -0.029097    -0.13463     -1.1421    0.034678    0.015935    -0.10698    -0.47838  -0.0091221    0.024259    0.052758     0.26668    0.033545    0.052147     0.14324   0.0097102     0.98568    -0.44412     0.33025    -0.48742     -1.3465    0.024694    0.075688    0.014547    -0.31642    -0.14553      0.2738    0.041952   -0.003094    0.035111    -0.32746    0.036043     0.11693     0.17405     0.11441   -0.023784      1.0083    -0.06288     0.40911      7.2549    -0.12748    -0.78539    -0.23141   -0.036234].
   Ages are sampled.
   Parameters are updated.
   Updating parameters makes the average log-likelihood of samples increased by [0.52202     0.14452    -0.33101     0.29849     0.70472     0.01238    -0.36388    0.055042    -0.20922    -0.10621    -0.39629    -0.89557     0.17509   -0.063316     0.10734    -0.17877   -0.085551     -0.3635      1.6136   -0.049715     0.39178     -0.3292    0.044802     0.12594     0.56297    -0.35557    -0.44263    -0.28833   -0.044695      2.4203     0.18848     0.33322    -0.28411    0.067459    0.035716    -0.83331    0.093043     0.13873     0.25791  -0.0030714   0.0081746    0.016889     0.15109     0.17509    -0.16236     0.30688    -0.65993    -0.05438   -0.045448     0.16505   -0.053847    -0.30194   -0.058769     0.35162    -0.10459    -0.32368    0.090023    0.032243  -0.0054516     0.07494    -0.80776   0.0090285    -0.25222  -0.0083669     0.01663     0.13902   -0.068733     -0.2481       0.142     0.16752    0.038893    -0.45876   -0.012947    -0.24225    0.064023   -0.079111      3.8875    0.021407    0.038778     0.52498   -0.011771].
   Ages are sampled.
   Parameters are updated.
   Updating parameters makes the average log-likelihood of samples increased by [-0.056465  -0.0090048   -0.056451     0.01293      1.1915     -0.2863     0.27606    0.038095    -0.17932     0.36594    -0.42258    -0.86217     0.46761    -0.23181     0.16982   -0.042911   -0.051969   -0.028405     0.27465     0.15287   -0.048418     0.63632     0.19388     0.20178    -0.68589      0.3688   -0.022348    -0.43263   -0.023304    -0.42832    -0.14056    0.026067     0.28719   0.0037076     0.41249    0.075532 -0.00075956   -0.016307    -0.17779   -0.045002    0.011699    -0.42275     0.49789     0.26981    -0.27182     0.17861    -0.19635    -0.25197     0.17011    0.087467    -0.14551   -0.071801    0.056413    -0.26665      0.2168      1.2393     0.10051    -0.35237     0.40627     0.41439      1.1587     0.37669    0.082384     0.20587   -0.033569     0.11983     0.27865    -0.23063   -0.078029     0.17907     0.21802    0.029043    -0.20238    0.092716   -0.018565   -0.016341     0.13284     0.23784    -0.23974      0.1208    -0.15676].
   Ages are sampled.
   Parameters are updated.
   Updating parameters makes the average log-likelihood of samples increased by [0.050673    0.043893    -0.10411   -0.022957     0.77599     -0.1741    -0.11658   -0.065749   -0.043143  -0.0070929     0.56912   -0.019905    -0.31437      0.2338     -0.1421     0.27529    -0.24077    -0.10952     0.86604 -0.00053192     -1.0508   0.0044933   -0.035412     0.17145   0.0056776     -1.0625    -0.51714    0.032194    0.002881     0.51126   -0.027994     -0.0537     0.15499    0.013438  -0.0061017    -0.42654   -0.011913   -0.098039     0.12244    0.032828    -0.05065     0.22472    -0.41774    -0.50865     0.12966  -0.0045194     0.20589     0.57384    -0.34893  -0.0081403    -0.35246    0.089941  -0.0074868    0.052468    0.088794   -0.009035    0.041757    -0.30886    -0.52155     0.14238    -0.34924    -0.74797     0.36459   0.0077322   -0.047509   -0.013877   -0.048733     0.22354    0.081627   0.0037849    0.058238   0.0018703     0.30537   -0.021831  -0.0041323    -0.28078    -0.45062    0.011722    -0.90412     0.13551   0.0099116].
   Ages are sampled.
   Parameters are updated.
   Updating parameters makes the average log-likelihood of samples increased by [-0.57823   -0.085581     0.10107    0.046426    -0.60934     0.17671     0.27359    0.090035    0.032531  -0.0042275   -0.042157    -0.46061    0.070906   -0.045248    0.010755    -0.43639    0.077919     0.09274     0.29782   -0.021891     0.12141    0.046199    -0.46991    -0.36644   -0.027769     0.28335   -0.066351     0.26993    -0.26222     0.85031   -0.078611   -0.042115     -0.1042    -0.16446     0.24691    -0.22533    -0.19996     0.10365   -0.010714   -0.033821    0.042908      0.2354     0.39517  0.00031389   -0.028777    -0.21207    -0.51828   -0.067195     0.32965     0.14252     0.31024   -0.045372   0.0038545    -0.18712     0.13451    -0.11587     0.18853    -0.22085    -0.17075   -0.010181     0.28758    -0.19923   0.0080304   -0.022046    0.038903   -0.077436   -0.024275      0.2781  -0.0033072    -0.75688    0.049367  -0.0069886    0.012103   -0.014802   -0.032066    -0.14711     0.46396    0.012762    -0.13296    -0.15787    0.040949].
   Ages are sampled.
   Parameters are updated.
   Updating parameters makes the average log-likelihood of samples increased by [0.015683    0.078005    -0.74529    0.050273    -0.18823    0.033387    0.013963   0.0019308    0.062206     -0.1176     -0.1634     0.15851     0.29823    0.040515    -0.15742      0.2916     0.16731    -0.03604    0.044381    -0.14288     0.39628    0.011104     0.44772     0.10064    0.026641    -0.12384    0.034299   0.0020205     0.25855   -0.085228     0.12343    0.032371      0.1352     0.15508    -0.11931     0.90422     0.13756   -0.056338   0.0034211   -0.080475   -0.023697    -0.11889     -1.2037    -0.12728      0.1444     0.11082   -0.043605     0.11743    -0.15499    -0.20716     0.36731    0.036014   -0.027736    0.015306   -0.094139     0.14647    -0.54532     0.78411    -0.10378    -0.16273    -0.09911     0.19882   -0.066858   0.0065938    0.019692  -0.0026126    -0.12686    0.013485   0.0095449      0.6186   -0.081465   -0.024633     0.05183   -0.071772    0.028721     0.20461     0.24739   0.0018102     0.42735    -0.54908     0.11086].
   Ages are sampled.
   Parameters are updated.
   Updating parameters makes the average log-likelihood of samples increased by [-0.062409    0.016671      1.2087    -0.23518     0.51782    -0.11335     0.45403  -0.0014128    0.019547   -0.010026     0.18412     0.22859  -0.0088619    -0.11724     0.15629     0.19783   -0.029088    -0.36132  -0.0091556     0.12635    0.017032   0.0024141    -0.24714   -0.010107   0.0056642    -0.50416    0.033271   -0.082887  -0.0094842     0.15071   0.0012335    0.018711    -0.36598     -0.1416     0.57705   -0.013402    0.064793    0.064275    0.090846     0.11465    0.026972     0.19753        0.56     0.13275    -0.11227  -0.0071426    0.027126     -0.1636    -0.43548    0.066604    -0.11978    -0.19473   -0.063086    -0.12952     0.12544   -0.079095     0.39891    -0.23514     0.44077     0.15535     0.18046    -0.49564   -0.041166  -0.0047763    -0.11801    0.026884     0.20927   0.0050186    -0.14114    -0.14344   0.0039952  -0.0047286    0.071559   -0.030203   0.0074479     0.61189     0.25725    -0.04399   0.0031005    0.092907   -0.034983].
   Ages are sampled.
   Parameters are updated.
   Updating parameters makes the average log-likelihood of samples increased by [0.025455  -0.0095891    -0.45766    0.021296    -0.55003     0.31552    -0.43971    -0.14803    -0.53954    -0.33336   0.0026765    0.052828    -0.44369     0.11867       0.128    -0.37716    0.032239     0.35193    -0.26969    0.030457    -0.18654   0.0035561     0.21469     0.16843   0.0012457     0.92619    0.062414     0.11643  -0.0026635    -0.17894    0.025193  -0.0087753     0.19952     0.13371    -0.11995   0.0059114   -0.091254    -0.22348  -0.0075362    -0.28072   -0.066541    -0.30614    -0.14316   -0.022991     0.11772     0.02692    0.024549   -0.015927      0.6276    0.071713     0.20514   -0.093474    0.010584     0.12366    -0.09203     0.13671    0.016577  0.00011646    -0.83776   -0.015318    0.083563    -0.61875   -0.064713    0.011455    0.065767    0.073924    -0.12977    -0.42755     0.12998     0.11682     -0.1101    0.041103   -0.042496    -0.01178   -0.042323    -0.24152    -0.02137   -0.091166    -0.26866  -0.0020299    -0.18104].
   Ages are sampled.
   Parameters are updated.
   Updating parameters makes the average log-likelihood of samples increased by [-0.046425   -0.022469     0.48045     0.23598     0.10592     -0.1624   -0.016038      0.1349   -0.091176     0.23459   0.0010604    -0.24179    0.050867    -0.23897   -0.090887   -0.095059   -0.024019     0.11756     0.11686   -0.070266     0.16714    -0.03882     0.19178   -0.096507    -0.24494   -0.028998    -0.19523   -0.011503  -0.0042688     0.15779   0.0098928    0.039576     0.13756    0.013586     0.27571  -0.0087096    0.096127      0.2122   0.0021188     0.29482   -0.084723    -0.41861     0.18923  -0.0031256     -0.1546    0.066296   -0.050621     0.17198     0.18598    -0.25772  -0.0036255   -0.047986    0.036505   -0.076955    0.067055   -0.048567    -0.17223     0.15874     0.30424   -0.049674    0.034661     0.39006    0.057411   -0.074154   -0.023324  -0.0097463   -0.063859     0.15687  -0.0048784   0.0018264   -0.051499   -0.032275    0.039534     0.10182   -0.013503     0.39851    0.057613    -0.10942     0.33976 -0.00068483     0.25586].
   Records are aligned to the target stack.
   Iteration 1/10...
   Iteration 2/10...
   Iteration 3/10...
   Iteration 4/10...
   Iteration 5/10...
   Iteration 6/10...
   Iteration 7/10...
   Iteration 8/10...
   Iteration 9/10...
   Iteration 10/10...
   A new stack is updated.
   Done.
#  Age model construction algorithm is now running...
#  Iteration 1:
   Ages are sampled.
   Parameters are updated.
   Updating parameters makes the average log-likelihood of samples increased by [-0.0926427    -0.817541     0.626648     0.107787     0.864345    -0.289136    -0.761762    0.0865846    -0.117301    0.0612028     0.121787   -0.0148319     0.188475   -0.0829434    -0.277628     0.299333    -0.280346   -0.0885051      4.82377     0.298505    -0.220631    0.0194739   -0.0878243    0.0805153    0.0804757     0.805463    -0.146346    -0.293873     0.264571     0.115815     0.463117     -0.13793    -0.166458    -0.102462     0.176396     0.276734    -0.060112    0.0512801    -0.523174   -0.0258307     0.210582    -0.379717    -0.269777   -0.0758713    -0.109388   -0.0591554    -0.016464    -0.156126     0.105039     0.130638     0.052586     0.140529   -0.0250884     0.831381    0.0352858   0.00330013   -0.0665147   -0.0565529    -0.363484    0.0262168    -0.105012     0.418383       1.5372     0.504278   -0.0242385     0.191994    0.0417386    -0.345172    -0.366817   -0.0679123    -0.334757     0.131568    -0.131955    0.0121083    -0.361949   -0.0112252      12.3616     0.777711   -0.0244354   0.00848232  -0.00629994].
#  Iteration 2:
   Ages are sampled.
   Parameters are updated.
   Updating parameters makes the average log-likelihood of samples increased by [-0.030386      0.0139     0.78411    0.023751     0.15688   -0.027811     0.29823    -0.11959   -0.024034    0.072071   0.0078064   -0.027309    0.083144    0.041274    -0.01085    0.040335   -0.065298    -0.16541     0.40797      0.4004     0.79973    0.054476    -0.32753    -0.41971    -0.03909    -0.66953     0.43713  0.00035825    -0.28076    -0.18321    -0.59156   -0.028222    -0.53246    -0.12279     0.30021     -0.1209    0.059926     0.12987     0.11429    0.098691      0.1883    -0.19326     -0.5549   -0.054575    -0.81013    0.016207     0.03229   -0.067786       1.233    0.055912    0.067215   -0.041832    0.013646    -0.81568   -0.034619   -0.023252    -0.16158    -0.53462    0.050874    0.070568    0.061493    0.081561      2.3374     0.35271    0.017158     0.14023    0.078757     0.27154     0.06021     0.27121     0.25398   0.0067386    -0.13354     -0.3184     0.35922    0.025543      3.6998     0.93616    0.052426   -0.045389    -0.02356].
#  Iteration 3:
   Ages are sampled.
   Parameters are updated.
   Updating parameters makes the average log-likelihood of samples increased by [0.0035337    -0.18089   -0.071266    -0.19399     0.12083   -0.059297     0.29906     0.29873    -0.22086    0.027942   -0.070642   -0.025113   -0.068596    0.019298     0.43358    0.064194    0.011056    -0.23144      2.3412   -0.025651    -0.42449     0.40927    -0.14317   -0.040276    -0.01396    0.046284    0.022696    -0.18406     0.14156    -0.25514     0.10057     0.11111   -0.013263   -0.096255     0.44765    0.094349     0.10831   -0.034927     0.03654    0.052325     0.03362    0.037131    -0.16789   -0.081182    0.052784   -0.058197   -0.018923    -0.36847     0.20597   -0.096489   -0.013037      -0.127  -0.0085898     0.16369     0.18984     0.04878    -0.38654     0.17128    -0.47268     0.10077   -0.045858    -0.22489    -0.13183     -1.5053     0.17456    0.047516   -0.019594   -0.037257    -0.28506     0.39592   0.0059331     0.50514    0.016801    0.088273   -0.095629     -0.1594   -0.085482     0.47176   -0.035085   0.0089476    0.031176].
#  Iteration 4:
   Ages are sampled.
   Parameters are updated.
   Updating parameters makes the average log-likelihood of samples increased by [-0.046355    -0.13352    0.028266    -0.58726     -1.8996   -0.067037   -0.029921     0.19495     0.20411    -0.70627    -0.15946    -0.81507     0.46039    -0.10357     0.27273    -0.13297    -0.12867     0.41092     0.43167    0.072072      0.3277     0.16147     0.53237      0.2001    0.030918     0.35197     0.17717     0.29125   -0.039584     0.77695    0.063469    0.051725    0.080944   -0.016582    -0.64834     0.41062     0.41318  -0.0093061    -0.76601   -0.018124    0.012057   -0.032337   -0.093497  0.00084211  -0.0036944   -0.071671    0.047803    -0.04427     0.10921    0.016118    0.012106    -0.21117    0.095458    0.033588     0.29553   -0.070939    0.027977     -0.2333    -0.19427    0.059685     0.27334     0.41096   0.0093372      0.5595 -5.5708e-05    0.016805    -0.40893    -0.35217    -0.10041    -0.40171    0.015895      1.2339     0.10399   -0.046061    0.013183     0.35574     0.45474      0.3626   -0.088636    0.045138     -0.1283].
#  Iteration 5:
   Ages are sampled.
   Parameters are updated.
   Updating parameters makes the average log-likelihood of samples increased by [0.053713    0.040021   -0.071533    -0.29133    -0.19701     -1.1468     0.18131    -0.21545    -0.77746    -0.27018     0.12432   -0.027221    -0.14913    0.064584    -0.26752    0.083304     0.11823    -0.85022    -0.15653    -0.22728    -0.82964    -0.31597     0.01163    -0.09505    -0.34658    -0.21356    0.016778   -0.023746    0.020882     0.12321    -0.41071   0.0040058    0.037759   -0.022412  -0.0030371    -0.11365    -0.26195     0.17057     0.11761     -0.1282    0.017184    0.019792     0.13457   -0.062658    0.040541   -0.045876   0.0013817    -0.42427   -0.069026   -0.035865    -0.16641      0.1817    0.044053   -0.059156     0.34464     0.18928    -0.43464     0.21301     0.40507    -0.10619    -0.22998     -0.2658   -0.068502     0.51136  -0.0044774   0.0091445     0.31441     0.38613    -0.17263     0.67589   -0.018391      0.1065   -0.021823    0.081985     0.10882    -0.17285   -0.049833     -0.0579    -0.20076    -0.16707     0.13956].
#  Iteration 6:
   Ages are sampled.
   Parameters are updated.
   Updating parameters makes the average log-likelihood of samples increased by [0.007292    -0.16937   0.0020945     0.28995    -0.09808     0.22785   0.0094742     0.44939     0.18431    0.097118    0.095388    -0.15075    -0.47244    -0.10337     0.19253   -0.055894     -0.4379   -0.019638    -0.60386     0.21363      1.4488     0.29542   -0.076007    -0.82846    -0.16435     0.12007    -0.39864    0.091352    0.081477    -0.22257     0.82423    0.054822   0.0037016    0.027231   -0.097036     0.12205    0.036719    -0.54024      0.3171    0.099539   0.0018148    0.011501    -0.19475    -0.12126    -0.11151     0.11894   -0.015691     0.34847    -0.45663    0.052778    0.064014   -0.028175   -0.032759    -0.01228    -0.26279    -0.14037     0.19536   0.0022426    -0.37674     0.11743  5.8868e-05     0.44318    -0.31361     0.17097    0.010863   -0.018637    0.007097  -0.0020481    -0.11211    -0.32182     -0.1077   -0.034611   -0.021112  -0.0069353     0.39312      -1.091    -0.18175    -0.33012     0.30294     0.14804   -0.097765].
#  Iteration 7:
   Ages are sampled.
   Parameters are updated.
   Updating parameters makes the average log-likelihood of samples increased by [0.0025811     0.20825    0.056015    -0.52212    -0.24669    -0.32887   -0.051067    -0.26343  -0.0078712   -0.053285    -0.15359     0.19734      0.1663    0.028907   -0.067486    0.064694     0.23762   -0.053016    -0.11787    0.036918     -0.2194    0.014386    0.012042     0.24069     0.32423     0.11061      0.1778    0.047162   -0.081146     0.20337    -0.11686   -0.051267   -0.015322   -0.024851    0.017501    -0.19832    -0.54549   -0.055969   -0.090098    0.043048   -0.058402   -0.011625     0.20719     0.21112    -0.02306     0.06318   -0.028177    -0.43219     0.50919  -0.0043024   -0.069257  -0.0073976    0.062187    0.040929     0.21144     0.12812     0.18499    -0.71836     0.30455    0.095204     0.31432    0.012202     0.28765     0.49863  0.00065417    -0.07607   -0.053298    -0.22149     0.42052     0.60733    0.094514      0.0479    0.037342   -0.021115    -0.23769     0.85072     0.16974    -0.23424    -0.27958   0.0016492    -0.25924].
#  Iteration 8:
   Ages are sampled.
   Parameters are updated.
   Updating parameters makes the average log-likelihood of samples increased by [-0.027341    -0.04362   -0.061718   -0.072217     0.30634     0.24823    0.027202    -0.87295    -0.11778    -0.25147     0.01837   0.0057082     0.21173    -0.11816    0.087741    0.056369     0.10018    0.055857     0.14226    -0.11373     0.21853    -0.18208   -0.046464   -0.034357    0.077748    0.026331     0.33505   -0.099226    -0.11583  -0.0095145    -0.40256    0.048685    -0.13422    0.025491    0.062177     0.10589   -0.033848    0.052178     -0.2544   -0.020079    -0.50255     0.01203   -0.058238   -0.069013     0.14522    -0.22785   -0.028842     0.36284     0.42831   0.0018586    0.052249   -0.039263   -0.021989    0.034523    -0.27081   0.0098624   -0.021849       1.038    0.018094    0.018931   0.0028745   -0.047837    0.075493    -0.39354   -0.029237      0.0531    -0.29289     0.22109   -0.038214     0.13724    -0.24636    -0.10891   -0.044758    0.055041     0.69837    0.021284    -0.11024     0.54589     0.21801    0.010768     0.36726].
#  Iteration 9:
   Ages are sampled.
   Parameters are updated.
   Updating parameters makes the average log-likelihood of samples increased by [0.029133   -0.014313    0.062886     0.83627    0.041785    0.050549   -0.013935    0.074536   -0.050928    0.099529   -0.078138   -0.094176    -0.15093     0.15549  -0.0031491   -0.084409   -0.031816   0.0090499     0.08494   -0.019325    0.006145    0.092976    0.058565    -0.29574    -0.28455     -0.4028     0.13207    -0.18819  -0.0089917    -0.13098       0.576 -3.1911e-05     0.15495   0.0092194   0.0027884     0.11615    -0.13304   -0.071214   -0.094579    -0.22003     0.93097    -0.14563    -0.22555    0.068417    -0.17594    0.005946    0.052497     0.18573    0.089725   -0.027439     0.14173     0.10861    -0.17086   -0.030553     0.27367     0.00993    0.059474   0.0094827   -0.094708    0.083325    0.028264    -0.25586   -0.020311     0.45971    0.028071    0.042108    -0.17079  -0.0048362   -0.093675     -0.1785     0.13464     0.03779    0.040074   -0.013048       0.214    -0.37386     0.15454     0.32891     0.04502   -0.013785  -0.0031767].
#  Iteration 10:
   Ages are sampled.
   Parameters are updated.
   Updating parameters makes the average log-likelihood of samples increased by [-0.026795    -0.40187    0.014552   -0.043815   -0.022576      -0.117    0.012384    0.035515     0.15267    -0.19924    0.037988     0.12243    -0.15395   -0.025247    -0.21273    -0.11804    0.084526    -0.14694    -0.63166    -0.15517    0.004622    -0.47208    0.011579    0.052004     0.30466     0.38302    -0.46642     0.11454    0.063428    0.063014   -0.013239  -0.0094587   -0.012897   -0.021046  -0.0036633  -0.0058037     0.18348    -0.11134     0.34726     0.23918   -0.037289     0.14445     0.18399   -0.050399     0.17542    -0.25645   -0.031215   -0.044077  -0.0013559   -0.074305  -0.0047728    -0.06116     0.18231    0.037514    0.025009   -0.021221    -0.26569    -0.80585    0.046683    -0.15074    -0.16717     0.26326    -0.15541   -0.099342    -0.01571   -0.086002     0.51717  -0.0013769     0.03227    0.099892    -0.29627    0.070237    -0.24554    -0.13352    -0.32208     0.35223    0.055082     0.17693    0.050433   -0.011019    -0.21558].
#  Parameters are learned. Sampling algorithm is now running...
-------------------------------------------------------------------------------------------
#  Results and figures are being stored...
   Done.
   Results and figures are stored in Outputs/R45_d18O_stack.
-------------------------------------------------------------------------------------------
>> 