node47.podcluster

                            < M A T L A B (R) >
                  Copyright 1984-2021 The MathWorks, Inc.
             R2021b Update 1 (9.11.0.1809720) 64-bit (glnxa64)
                              November 2, 2021

[Warning: Unrecognized command line option: nospxlash.] 
 
To get started, type doc.
For product information, visit www.mathworks.com.
 
>> Starting parallel pool (parpool) using the 'local' profile ...
Connected to the parallel pool (number of workers: 40).
>> Number of workers: 40
>> >> >> >> >> >> -------------------------------------------------------------------------------------------
## BIGMACS: Bayesian Inference Gaussian Process Multiproxy Alignment of Continuous Signals
-------------------------------------------------------------------------------------------
## Stack construction algorithm is now running...
#  Initializing...
   Data are loaded successfully.
   Initializing the age samples...
   Done.
#  Stacking algorithm is now running...
#  Iteration 1:
   Ages are sampled.
   Parameters are updated.
   Updating parameters makes the average log-likelihood of samples increased by [17.97673      82.40287      18.98905      72.58142      70.50159      10.12483      10.19099      5.781808      61.86563      147.0065      21.90381      128.3338      55.34444      247.0328      32.74126].
   Ages are sampled.
   Parameters are updated.
   Updating parameters makes the average log-likelihood of samples increased by [0.14947     0.76411   -0.055586     0.10839     0.11664   -0.022556     0.03771    -0.20506     0.38298     0.85057    0.098861   0.0024106    -0.54369      2.7052    -0.17484].
   Ages are sampled.
   Parameters are updated.
   Updating parameters makes the average log-likelihood of samples increased by [-0.18939     0.10774    0.037733   -0.024492   0.0026858    -0.13982    0.023232   0.0092412    0.001727     0.24372    0.016099   -0.094285     0.12643     0.10793     0.01868].
   Ages are sampled.
   Parameters are updated.
   Updating parameters makes the average log-likelihood of samples increased by [-0.29783   0.0087767     0.06298     0.24363   -0.023093    0.061513   0.0011388   -0.026605    0.017783   -0.030216   0.0075093   -0.025472    -0.16893    -0.16133   -0.040199].
   Records are aligned to the target stack.
   Iteration 1/10...
   Iteration 2/10...
   Iteration 3/10...
   Iteration 4/10...
   Iteration 5/10...
   Iteration 6/10...
   Iteration 7/10...
   Iteration 8/10...
   Iteration 9/10...
   Iteration 10/10...
   A new stack is updated.
#  Iteration 2:
   Ages are sampled.
   Parameters are updated.
   Updating parameters makes the average log-likelihood of samples increased by [20.3274      58.9993      27.7656      75.3313      51.8738      11.1803        16.21      3.67827      54.5986      99.3209      24.4806      71.8469      42.3077      53.8484      56.7227].
   Ages are sampled.
   Parameters are updated.
   Updating parameters makes the average log-likelihood of samples increased by [0.16698     0.29411   0.0061994    0.035783    0.050158   -0.015594     0.20253    0.055105     0.30939     0.10883    -0.14841   -0.049461    -0.50986     0.90013    0.051378].
   Ages are sampled.
   Parameters are updated.
   Updating parameters makes the average log-likelihood of samples increased by [0.015456    -0.17487     0.13549    0.036979    0.026827    0.034202     0.15957   -0.025966    0.067739    0.091875    0.028684  -0.0051505     0.77636     -0.1962    -0.02142].
   Ages are sampled.
   Parameters are updated.
   Updating parameters makes the average log-likelihood of samples increased by [-0.11127    -0.20017   -0.052324   -0.029224     0.21789  -0.0086051     0.17235  -0.0031173   -0.031388    0.045207  -0.0098917  -0.0051947    0.047316    0.052921     0.04036].
   Records are aligned to the target stack.
   Iteration 1/10...
   Iteration 2/10...
   Iteration 3/10...
   Iteration 4/10...
   Iteration 5/10...
   Iteration 6/10...
   Iteration 7/10...
   Iteration 8/10...
   Iteration 9/10...
   Iteration 10/10...
   A new stack is updated.
#  Iteration 3:
   Ages are sampled.
   Parameters are updated.
   Updating parameters makes the average log-likelihood of samples increased by [0.0072247     0.38252   -0.075874   -0.017569     0.22395    -0.10325   -0.037379    0.013466     0.28737     0.29791   -0.096783     0.35327     -0.7503     0.65126    0.038016].
   Ages are sampled.
   Parameters are updated.
   Updating parameters makes the average log-likelihood of samples increased by [0.021954    0.067855   -0.019506     0.12844   -0.043797   -0.018142   0.0010508    0.026397    0.028431     0.14072    0.061599   -0.020923    -0.32054     0.59284   -0.021038].
   Ages are sampled.
   Parameters are updated.
   Updating parameters makes the average log-likelihood of samples increased by [0.0048384     0.08509     0.15756   -0.052721   0.0003889   -0.032706    0.010856    -0.12888     0.22582     0.27626   -0.011897    0.078444     0.12066     0.75107     0.58724].
   Ages are sampled.
   Parameters are updated.
   Updating parameters makes the average log-likelihood of samples increased by [0.045591    0.013016    0.037918  -0.0057893     0.15029     0.21003   -0.016273    -0.10319   -0.096815     0.20911   -0.076501    0.060274     0.31242   -0.006556     0.13242].
   Records are aligned to the target stack.
   Iteration 1/10...
   Iteration 2/10...
   Iteration 3/10...
   Iteration 4/10...
   Iteration 5/10...
   Iteration 6/10...
   Iteration 7/10...
   Iteration 8/10...
   Iteration 9/10...
   Iteration 10/10...
   A new stack is updated.
#  Iteration 4:
   Ages are sampled.
   Parameters are updated.
   Updating parameters makes the average log-likelihood of samples increased by [-0.45566      0.0213   -0.005917      0.5323 -0.00024949    -0.12616    -0.15895     0.06875     0.58776    0.071687    0.025155    -0.31879     0.22939     0.21102    0.042474].
   Ages are sampled.
   Parameters are updated.
   Updating parameters makes the average log-likelihood of samples increased by [-0.03599   -0.094391   -0.084587   0.0012417    0.040349     0.25301     0.10055   -0.068943     0.14177    -0.01563    0.057923    -0.09232      -0.135     0.17633    0.018738].
   Ages are sampled.
   Parameters are updated.
   Updating parameters makes the average log-likelihood of samples increased by [-0.089432    0.057423    -0.12504    -0.11107 -0.00066417    0.016067    0.023922    0.022481    -0.28965   -0.021817    0.021813    -0.28782    -0.11152     0.13066  -0.0014124].
   Ages are sampled.
   Parameters are updated.
   Updating parameters makes the average log-likelihood of samples increased by [-0.28982     0.02098   -0.057953   0.0042188    0.058901  -0.0072545   -0.063733  0.00073961    -0.29731    0.073419   -0.013018    -0.15592    0.066881     0.19398    -0.18675].
   Records are aligned to the target stack.
   Iteration 1/10...
   Iteration 2/10...
   Iteration 3/10...
   Iteration 4/10...
   Iteration 5/10...
   Iteration 6/10...
   Iteration 7/10...
   Iteration 8/10...
   Iteration 9/10...
   Iteration 10/10...
   A new stack is updated.
#  Iteration 5:
   Ages are sampled.
   Parameters are updated.
   Updating parameters makes the average log-likelihood of samples increased by [-0.0099795    -0.22678    -0.06609    -0.22333    -0.14942    0.009909    -0.18875    -0.01186     0.11166    -0.35341    -0.38207   -0.086326     -0.2469   -0.096797    -0.18082].
   Ages are sampled.
   Parameters are updated.
   Updating parameters makes the average log-likelihood of samples increased by [-0.0077193    0.067859     0.10991   0.0064748   0.0059676  -0.0027669   -0.040019     0.01089    0.012554     0.10247     0.10684    -0.09765     0.13412     0.13155     0.11287].
   Ages are sampled.
   Parameters are updated.
   Updating parameters makes the average log-likelihood of samples increased by [0.0012831    0.034272   -0.075431   -0.027106     0.12885   -0.066585   0.0059212   -0.030313   -0.070251    0.065614    -0.15486      0.2396   -0.068413    0.012703    0.055562].
   Ages are sampled.
   Parameters are updated.
   Updating parameters makes the average log-likelihood of samples increased by [0.03253   -0.077055    -0.23609      0.1264    0.017315  -0.0035944   -0.015341     0.19547  -0.0059549  -0.0034855     0.07148   -0.023879    -0.15806    -0.39159    -0.14544].
   Records are aligned to the target stack.
   Iteration 1/10...
   Iteration 2/10...
   Iteration 3/10...
   Iteration 4/10...
   Iteration 5/10...
   Iteration 6/10...
   Iteration 7/10...
   Iteration 8/10...
   Iteration 9/10...
   Iteration 10/10...
   A new stack is updated.
   Done.
#  Age model construction algorithm is now running...
#  Iteration 1:
   Ages are sampled.
   Parameters are updated.
   Updating parameters makes the average log-likelihood of samples increased by [0.13774    0.046061    -0.11129    -0.10407   0.0033211    0.031335   -0.042324    -0.16587    0.059629     0.27852   -0.013788   -0.017035    -0.65967    0.011511   0.0087248].
#  Iteration 2:
   Ages are sampled.
   Parameters are updated.
   Updating parameters makes the average log-likelihood of samples increased by [-0.0092219   -0.070651  -0.0025525   -0.054763   0.0028772    0.011702   -0.027741    0.064868      0.1174      0.0544   -0.014894    -0.48195     0.83636  -0.0022176     -1.2385].
#  Iteration 3:
   Ages are sampled.
   Parameters are updated.
   Updating parameters makes the average log-likelihood of samples increased by [0.025113    0.055414    0.063075    0.029466    0.051568   -0.016319   0.0013141    0.012947      0.2443    -0.19294  -0.0074577    -0.36191   -0.071821   -0.062801     0.31502].
#  Iteration 4:
   Ages are sampled.
   Parameters are updated.
   Updating parameters makes the average log-likelihood of samples increased by [-0.0011802    0.067251    -0.13032     -0.1219   -0.033947   -0.011005    -0.13428   -0.023994    -0.42325    0.028196   -0.055168   -0.013051    0.026246     0.12662     -0.2517].
#  Parameters are learned. Sampling algorithm is now running...
-------------------------------------------------------------------------------------------
#  Results and figures are being stored...
   Done.
   Results and figures are stored in Outputs/R49_d18O_stack.
-------------------------------------------------------------------------------------------
>> 