node18.podcluster

                            < M A T L A B (R) >
                  Copyright 1984-2021 The MathWorks, Inc.
             R2021b Update 1 (9.11.0.1809720) 64-bit (glnxa64)
                              November 2, 2021

[Warning: Unrecognized command line option: nospxlash.] 
 
To get started, type doc.
For product information, visit www.mathworks.com.
 
>> Starting parallel pool (parpool) using the 'local' profile ...
Connected to the parallel pool (number of workers: 40).
>> Number of workers: 40
>> >> >> >> >> >> -------------------------------------------------------------------------------------------
## BIGMACS: Bayesian Inference Gaussian Process Multiproxy Alignment of Continuous Signals
-------------------------------------------------------------------------------------------
## Stack construction algorithm is now running...
#  Initializing...
   Data are loaded successfully.
   Initializing the age samples...
   Done.
#  Stacking algorithm is now running...
#  Iteration 1:
   Ages are sampled.
   Parameters are updated.
   Updating parameters makes the average log-likelihood of samples increased by [106.9461       16.0778      30.54963      16.57179      54.14746      26.67252      25.89232      21.96526      7.589888      9.205751      97.40757      103.9237      42.79308       45.4909      42.36249      5.128471      8.580191      132.0441      174.1556].
   Ages are sampled.
   Parameters are updated.
   Updating parameters makes the average log-likelihood of samples increased by [-0.20284    0.054115     0.39402     0.06196    0.048641    0.030854    0.093061    0.012255     0.49946    0.038529     0.22589     0.65264    0.044551      0.7985      1.0252    0.061327   -0.017441     0.30415     0.57756].
   Ages are sampled.
   Parameters are updated.
   Updating parameters makes the average log-likelihood of samples increased by [0.074851    -0.36677    0.009667    -0.13593   -0.011412     0.30259    -0.15856   -0.014858   -0.011316     0.14859     0.21006    0.018493    0.059936   -0.021604    -0.24606    0.011711    0.081584   -0.057294   -0.015303].
   Ages are sampled.
   Parameters are updated.
   Updating parameters makes the average log-likelihood of samples increased by [-0.077116     -0.2388   -0.078423     -0.2494    0.068924    0.001238    0.086063     0.32396    0.024742   0.0087578   -0.091914   -0.074652    0.029225   -0.098627     0.34308   -0.054803   -0.080159   0.0014617   0.0041232].
   Records are aligned to the target stack.
   Iteration 1/10...
   Iteration 2/10...
   Iteration 3/10...
   Iteration 4/10...
   Iteration 5/10...
   Iteration 6/10...
   Iteration 7/10...
   Iteration 8/10...
   Iteration 9/10...
   Iteration 10/10...
   A new stack is updated.
#  Iteration 2:
   Ages are sampled.
   Parameters are updated.
   Updating parameters makes the average log-likelihood of samples increased by [78.0696      23.1828      43.0677      23.7933      33.1435      17.5623      25.7359      15.3688      30.7261      20.8683      37.8455      31.4541      33.2612      26.3683      39.7453      24.1154      34.6711      82.2221      65.6088].
   Ages are sampled.
   Parameters are updated.
   Updating parameters makes the average log-likelihood of samples increased by [0.042428      0.6692     -0.1243     0.75031       1.949     0.50215      0.5263      0.0977      1.5382      0.1079      0.7664     0.94087     0.23004      1.2806      2.0911     0.98577     0.95093      2.0358      1.8215].
   Ages are sampled.
   Parameters are updated.
   Updating parameters makes the average log-likelihood of samples increased by [0.14558    0.074954    0.024034    -0.05807    -0.26694      1.0481    0.073585   -0.090434   -0.069602    -0.16408    -0.11896     0.04121    -0.31027   -0.030472   -0.090048   0.0081907     0.21493    -0.23663   -0.080748].
   Ages are sampled.
   Parameters are updated.
   Updating parameters makes the average log-likelihood of samples increased by [-0.033135    0.027032    -0.01673    0.018339    -0.20188   -0.018949     0.42044   0.0047945   -0.098695      0.4201     0.61358     0.07949    0.047849   -0.019297   -0.022414    0.061485    -0.21061   -0.010325     0.10486].
   Ages are sampled.
   Parameters are updated.
   Updating parameters makes the average log-likelihood of samples increased by [-0.11013    -0.15033    0.024032   -0.020255      0.3119    -0.06453    -0.10706   0.0022204    0.044112    -0.02275    -0.25042    -0.15848   -0.094106    -0.10001    -0.20799    -0.24416     0.28732    0.038337    0.091048].
   Records are aligned to the target stack.
   Iteration 1/10...
   Iteration 2/10...
   Iteration 3/10...
   Iteration 4/10...
   Iteration 5/10...
   Iteration 6/10...
   Iteration 7/10...
   Iteration 8/10...
   Iteration 9/10...
   Iteration 10/10...
   A new stack is updated.
#  Iteration 3:
   Ages are sampled.
   Parameters are updated.
   Updating parameters makes the average log-likelihood of samples increased by [-0.057108     0.24923     0.35732    -0.40493   -0.074426     0.73195   -0.018497   -0.064355      1.3112    -0.16724     0.27086     -0.1724     0.15623     0.22854    0.012799  -0.0064538     0.52398   -0.021105     0.12279].
   Ages are sampled.
   Parameters are updated.
   Updating parameters makes the average log-likelihood of samples increased by [-0.049693     0.23218     0.17029     0.37844    0.081278    0.005511    0.082873     -0.1159   -0.021152    -0.28636     0.15254    -0.12227  -0.0091645  -0.0042285     0.27267    0.060266   -0.061842     0.35407  -0.0067544].
   Ages are sampled.
   Parameters are updated.
   Updating parameters makes the average log-likelihood of samples increased by [-0.0033055    0.043808     0.12724   -0.077993    0.027925    -0.39558     0.26097    0.021951   0.0037807   -0.019377   -0.090913   -0.055472    -0.58737    0.070305    -0.28841     0.19049    -0.12485     0.20665     0.35057].
   Ages are sampled.
   Parameters are updated.
   Updating parameters makes the average log-likelihood of samples increased by [-0.15387    -0.09167   -0.022117     0.15507   -0.092186    -0.13226    0.032423     0.13611  -0.0050057   -0.011433  -0.0070285   -0.050965   -0.028928    0.080612     0.15433   -0.006931    0.016355    0.051271    -0.30938].
   Records are aligned to the target stack.
   Iteration 1/10...
   Iteration 2/10...
   Iteration 3/10...
   Iteration 4/10...
   Iteration 5/10...
   Iteration 6/10...
   Iteration 7/10...
   Iteration 8/10...
   Iteration 9/10...
   Iteration 10/10...
   A new stack is updated.
#  Iteration 4:
   Ages are sampled.
   Parameters are updated.
   Updating parameters makes the average log-likelihood of samples increased by [-0.0099743  -0.0059848     0.31795     0.15947     0.32862     0.16548   0.0088041     0.11625    0.072541    0.065822   -0.039525    0.064262    -0.01175    -0.16736    -0.22363   -0.085851   -0.075015     0.52443     0.36247].
   Ages are sampled.
   Parameters are updated.
   Updating parameters makes the average log-likelihood of samples increased by [-0.077994    -0.17218  -0.0097336   -0.078124    0.013906  -0.0015897     0.19468   -0.019519 -0.00038978    0.053017    -0.13909   -0.011982  -0.0051551    0.057962    -0.13112      0.4115    0.089784    -0.30941   -0.022196].
   Ages are sampled.
   Parameters are updated.
   Updating parameters makes the average log-likelihood of samples increased by [0.019714  0.00011388    -0.24812    0.030467    -0.29481     0.50353    0.082933    0.051392     0.26183     -0.0101    0.028062    -0.42932     0.18059     0.27518  -0.0044208     0.61662    0.014216  -0.0077923    -0.29774].
   Ages are sampled.
   Parameters are updated.
   Updating parameters makes the average log-likelihood of samples increased by [0.1899   -0.015103   -0.078756    0.015625    -0.18338    0.048523   -0.037463     0.17676    0.052156    0.070078    -0.01234    -0.32582    0.047514    0.056504    0.037583    0.074616    0.015225    0.016322   -0.048671].
   Records are aligned to the target stack.
   Iteration 1/10...
   Iteration 2/10...
   Iteration 3/10...
   Iteration 4/10...
   Iteration 5/10...
   Iteration 6/10...
   Iteration 7/10...
   Iteration 8/10...
   Iteration 9/10...
   Iteration 10/10...
   A new stack is updated.
#  Iteration 5:
   Ages are sampled.
   Parameters are updated.
   Updating parameters makes the average log-likelihood of samples increased by [0.10524    0.076956      1.1556    -0.12435   -0.021309     0.16522   -0.036845    0.057781   -0.097194    0.028169  -0.0053835   -0.036505     -0.1054  -0.0018181     0.12143    -0.11103    0.068119   -0.069248     0.38312].
   Ages are sampled.
   Parameters are updated.
   Updating parameters makes the average log-likelihood of samples increased by [0.46972   -0.078188    0.076986    0.050334     0.13956     0.10125     0.04325     0.30228    0.049909      0.1372    0.028453    0.088541    -0.04243     0.02283    -0.26526   -0.028889    0.082076    0.026005    0.023911].
   Ages are sampled.
   Parameters are updated.
   Updating parameters makes the average log-likelihood of samples increased by [0.025477   -0.089786   -0.088974   -0.012089   -0.042116  0.00013129  -0.0051436    -0.31618   -0.092163    -0.20684    -0.17841    0.082723   0.0025229     0.28227     0.16219    0.000372   -0.001165   -0.033344    0.093069].
   Ages are sampled.
   Parameters are updated.
   Updating parameters makes the average log-likelihood of samples increased by [-0.4     0.12972    -0.21474   0.0017891    -0.19636    -0.01942   -0.024225     0.22009    -0.09753   -0.013309   -0.017422     0.15631  -0.0019181    -0.23034    -0.30024   -0.022104    -0.20412    0.051065     0.21776].
   Records are aligned to the target stack.
   Iteration 1/10...
   Iteration 2/10...
   Iteration 3/10...
   Iteration 4/10...
   Iteration 5/10...
   Iteration 6/10...
   Iteration 7/10...
   Iteration 8/10...
   Iteration 9/10...
   Iteration 10/10...
   A new stack is updated.
   Done.
#  Age model construction algorithm is now running...
#  Iteration 1:
   Ages are sampled.
   Parameters are updated.
   Updating parameters makes the average log-likelihood of samples increased by [-0.13539   -0.016027     0.78041  -0.0037574    0.075308    -0.23445    -0.10549    0.079888   -0.028978    0.053704    0.025078     -2.1182    0.069063    -0.40158     -0.3731   0.0075181   -0.058185    -0.12756    -0.28451].
#  Iteration 2:
   Ages are sampled.
   Parameters are updated.
   Updating parameters makes the average log-likelihood of samples increased by [-0.3768   -0.020496    0.089133   -0.026609      -0.276     -0.1148    -0.08377     0.26963   -0.051279     0.22461  -0.0069019      0.7966     0.28666    -0.22552     0.22791   0.0081654     0.15868    -0.08758    0.080992].
#  Iteration 3:
   Ages are sampled.
   Parameters are updated.
   Updating parameters makes the average log-likelihood of samples increased by [0.029616   0.0084977    -0.15457     0.08069     0.60056    -0.14221     -0.1037     0.18567    0.058568     0.28552   -0.022429   -0.033912     0.27322    0.022119    -0.04257    0.045509    0.071309      0.1296    0.020838].
#  Iteration 4:
   Ages are sampled.
   Parameters are updated.
   Updating parameters makes the average log-likelihood of samples increased by [0.019666     0.12152   -0.040849    0.015216   -0.088765    0.059638   -0.040144     0.14069     0.19843   0.0025232    0.009308   0.0039758    -0.11968    -0.75569    0.061974     0.12357   -0.001217     0.11654    0.051053].
#  Iteration 5:
   Ages are sampled.
   Parameters are updated.
   Updating parameters makes the average log-likelihood of samples increased by [-0.12399    -0.10376    0.043831   0.0043756    0.046952   0.0058282    -0.15999    -0.20583   0.0017135    0.018863   -0.048832     -0.1353     0.23833    -0.44115    0.015373    -0.21495  -0.0042647    -0.16893     0.01272].
#  Parameters are learned. Sampling algorithm is now running...
-------------------------------------------------------------------------------------------
#  Results and figures are being stored...
   Done.
   Results and figures are stored in Outputs/R51_d18O_stack.
-------------------------------------------------------------------------------------------
>> 