node102.podcluster

                            < M A T L A B (R) >
                  Copyright 1984-2021 The MathWorks, Inc.
             R2021b Update 1 (9.11.0.1809720) 64-bit (glnxa64)
                              November 2, 2021

[Warning: Unrecognized command line option: nospxlash.] 
 
To get started, type doc.
For product information, visit www.mathworks.com.
 
>> Starting parallel pool (parpool) using the 'local' profile ...
Connected to the parallel pool (number of workers: 40).
>> Number of workers: 40
>> >> >> >> >> >> -------------------------------------------------------------------------------------------
## BIGMACS: Bayesian Inference Gaussian Process Multiproxy Alignment of Continuous Signals
-------------------------------------------------------------------------------------------
## Stack construction algorithm is now running...
#  Initializing...
   Data are loaded successfully.
   Initializing the age samples...
   Done.
#  Stacking algorithm is now running...
#  Iteration 1:
   Ages are sampled.
   Parameters are updated.
   Updating parameters makes the average log-likelihood of samples increased by [104.2333      103.4249      146.1719      204.7122      6.870653       41.0561      317.3499      18.08966      11.13962      154.0151      112.6021      60.99925      51.61162      1.113043      12.66834        4.8854      2.393329        3.6453      40.51544      3.193949      36.59934      21.96575      16.00968      5.960899      63.24622       10.0905      23.80429      219.0537      200.9828      52.97237      12.62155      10.30546      5.530693      241.3037       125.419      80.63075      77.13684      44.35904      131.6174      30.39385      5.532231       33.7052      25.84701      11.47627      16.28087      227.5799      82.66813      3.916888      189.6556      4.542794      5.780385      12.91705       1.89402      14.76546].
   Ages are sampled.
   Parameters are updated.
   Updating parameters makes the average log-likelihood of samples increased by [5.19917     0.662661      5.41614       6.4097     0.774435      1.40546      13.7248   -0.0321558     0.377346      2.32743      4.01868      11.9292     0.079776     0.122108      1.49832   -0.0134654     -1.16372     0.225419      0.69319    -0.480649      3.04668      2.92422     0.118889     0.402171      1.78112     0.815486     0.891737      6.29837      3.38924     0.773435    -0.509757      1.15793   -0.0230996      8.20103      4.69152      1.21904     0.436554      2.22953      4.23721      3.39304     0.241629      6.28963      2.09855     0.460114     0.434035      23.1322      2.18676      1.30903      2.99968    -0.687552    -0.258858     0.435157    -0.815889      1.22416].
   Ages are sampled.
   Parameters are updated.
   Updating parameters makes the average log-likelihood of samples increased by [-0.55202     0.19111      1.1909    -0.20244    0.027865   -0.019676      0.5408    -0.20395     0.21112     -0.1106    -0.16138     0.86064  0.00077282  -0.0015293    -0.23905    -0.41832    0.052427     0.14688   -0.014857   -0.042351     0.10024    -0.61093     0.17471    0.081805      0.0735   -0.065591    -0.21496      1.3864     0.38937     0.15812     0.20223     0.25879   -0.011803    0.072796     0.51644     0.48224     0.36898     0.03728       1.703    -0.17765    -0.52486      0.6124     -0.2149    -0.27502   -0.085067      3.5786      7.4996    0.047787     0.18042    0.024198     0.08706    0.022155     -0.0781   -0.024481].
   Ages are sampled.
   Parameters are updated.
   Updating parameters makes the average log-likelihood of samples increased by [-0.37975    0.068776    0.091752    0.048495    0.098868    0.028651     0.45972    0.056831   0.0096605     0.14817   -0.063469     0.23493    0.019255    -0.25353    0.053985    -0.79787   -0.046242   -0.025894   -0.088789    0.035327     0.14607     0.10444    -0.25806  0.00014352   0.0023011     0.28429    -0.16441    -0.21366    -0.95984    0.039276    -0.14917      0.2074    -0.07455    0.050148    0.086761   -0.089992     0.24971   -0.076258     0.11713     -0.1553   -0.065928     -0.0092    0.022912   -0.030209     0.14981     0.29752     -1.2659     0.50125     0.17578     0.28903   -0.079871    -0.14871    0.017352     -0.7148].
   Ages are sampled.
   Parameters are updated.
   Updating parameters makes the average log-likelihood of samples increased by [-0.40729    -0.14107    -0.16829    0.051985    -0.38143   -0.001019   0.0027681    -0.13584   0.0046615   0.0090939   -0.031133   -0.055709   -0.046405     0.24436    -0.13969   -0.081038   0.0024289  -0.0060565    0.089586    0.011393      0.1065    -0.22185    -0.05618  -0.0096049    -0.03457     0.41688     0.15966      0.1869    0.077201     0.07625    0.045703  -0.0016894    0.037916   -0.050054   -0.038997     0.12046    -0.34147    -0.11382     0.21489    0.059493     0.02943     0.21757   0.0065726    0.016289  -0.0082544     0.34756     0.89314    -0.29938     -0.2237    0.019725    0.073673     0.30787   -0.032681    -0.19032].
   Ages are sampled.
   Parameters are updated.
   Updating parameters makes the average log-likelihood of samples increased by [0.75037     0.06437     0.21892  -0.0057357     0.33897    -0.12696   -0.093963   -0.033447   -0.015388    -0.14586     0.11965    0.080956    0.038555    -0.72305     0.14193   -0.013319   -0.011948    0.048991     -0.0283    0.020533   -0.051372    -0.20128      0.3522    0.010511    0.056892    0.072114    -0.11909    0.044269   0.0051603    -0.37147    -0.10073    -0.30335    0.022288    0.039272    0.050144    0.087163     0.49793     0.18621    0.013162     0.19518    0.015522     -0.1103   -0.051293   -0.094495    0.009084     -0.7444      0.0729     0.12385     0.30504     0.40801    -0.12735      0.1815   -0.048456      0.3202].
   Ages are sampled.
   Parameters are updated.
   Updating parameters makes the average log-likelihood of samples increased by [0.41724     0.06088    -0.24527    -0.11869    0.011192     0.12781    0.066354     0.15387    0.034648   -0.068033   -0.011131    0.018896   0.0081321   -0.066295   -0.049877     0.17713     0.02387   -0.084343   -0.088802   -0.046572    0.045506     0.23299    -0.12788   -0.056961   -0.008364    -0.63189    0.066462    -0.17674    0.050583     0.28445    -0.33894     0.11404   0.0016367    0.030672   0.0036749   -0.019079     0.28924   -0.011342   -0.043231    -0.19673   -0.082595   -0.030802    0.018346    0.063335   -0.005126     0.12111    -0.88434     0.15976     0.11476    -0.21513    0.078947       0.174    0.042989    -0.13381].
   Ages are sampled.
   Parameters are updated.
   Updating parameters makes the average log-likelihood of samples increased by [-0.086544    -0.01311     0.21979    -0.13865    0.060345  -0.0092152   -0.065842   -0.027778   0.0034293      0.1546   -0.067966  -0.0024901  -0.0027941     0.10591    0.043183   -0.071336    0.003911    0.086577   -0.038047    0.014021   0.0021801    -0.28817     0.14065    0.046375   -0.080345  -0.0065971    -0.17805     0.10953   -0.048923    0.075619     0.46756     0.25514   -0.095836   0.0023021   0.0099693    -0.12037    -0.70389  -0.0054934    0.024608    0.013007    0.082214    0.083592    0.044294   -0.026773    0.017514    -0.02818    -0.47491  -0.0095485    -0.69604     0.19575    0.084391    0.079819    0.039187   -0.059432].
   Ages are sampled.
   Parameters are updated.
   Updating parameters makes the average log-likelihood of samples increased by [0.23851    0.032933     -0.1631    0.072544    -0.16152   -0.062073    0.062436    0.031959  -0.0043991   0.0062733    -0.25965 -0.00023251   -0.022203    -0.12424   -0.067304    -0.28763  -0.0053768    -0.06834     0.14455    0.025057   -0.017132     0.33191    -0.14983   -0.048315   -0.061561    -0.23106     0.23129    0.010317    0.027489   -0.011212     0.19981    -0.20639      0.1101   -0.083945   -0.039968    0.031982   0.0021923    0.019608    -0.64981     0.19452   -0.026528    0.064761     -0.1013   -0.043164   -0.038594     -0.2031      1.0542    -0.18602     0.62337    -0.90279  -0.0063487   -0.056023   0.0040216     -1.4414].
   Ages are sampled.
   Parameters are updated.
   Updating parameters makes the average log-likelihood of samples increased by [-0.6861    -0.17872    -0.13328     0.15235    -0.27257    -0.20832   -0.025246   0.0083589   -0.040372    0.054116     0.33954   -0.024166   -0.023653    0.077912    0.066489     0.22103   -0.023483    0.088177   0.0031681   0.0023877  -0.0043445     0.25291    0.015742    0.057659    0.063198    -0.12382     -0.3389    0.053265    0.021047     -0.2828     -0.4546     0.18059  -0.0065898    0.039467   0.0025104    0.075941    0.067842  -0.0084267     0.10164    -0.06463     0.01738  -0.0058881    0.091776     0.18899    0.019376    -0.23589    -0.53681    -0.15366    -0.40422    0.051935   -0.055557    0.051552  -0.0011813    -0.23008].
   Records are aligned to the target stack.
   Iteration 1/10...
   Iteration 2/10...
   Iteration 3/10...
   Iteration 4/10...
   Iteration 5/10...
   Iteration 6/10...
   Iteration 7/10...
   Iteration 8/10...
   Iteration 9/10...
   Iteration 10/10...
   A new stack is updated.
#  Iteration 2:
   Ages are sampled.
   Parameters are updated.
   Updating parameters makes the average log-likelihood of samples increased by [116.4479      99.18433      132.4642      105.6402       17.9187      26.93295      190.2335       2.47579      10.65545      150.6398      99.64119      59.37371      3.211661      3.643742      17.50569      4.881963      23.09263      7.556431      8.504086      14.04037      38.69023      14.24015      3.866335       6.33629      8.248781      3.208184      37.24509      122.6419       243.675       26.4589      7.264382      7.457661      2.132323      37.45721      7.766707      60.71518      77.59614      4.222219      158.3063      26.47601      9.360954        5.1267      38.59685      41.85774       27.6781      97.50502      69.15991      10.04042      232.2104      8.239348      5.978842      10.82064      13.80331      17.40593].
   Ages are sampled.
   Parameters are updated.
   Updating parameters makes the average log-likelihood of samples increased by [5.2775      2.83485      6.93007      3.82802      2.51328     0.397416      5.38074    0.0653172     -1.12538     0.670975      4.08869      11.7635     0.150376    -0.197912     0.691529    0.0459102      3.92432     0.202454   -0.0186463    0.0315912      2.01669     0.203884    0.0324019     0.320962     0.105582     0.195581      3.02726      3.40084     0.397917    0.0804396      3.08712    0.0524869     0.227029     0.319229     0.108588    -0.773759      1.04986    -0.211114      5.86559      1.52415      4.65954    -0.348148      2.09763      4.47336     0.535224      6.75163      13.0263    0.0529195      8.96414     0.414722     0.425035     0.167191      1.79298      1.15615].
   Ages are sampled.
   Parameters are updated.
   Updating parameters makes the average log-likelihood of samples increased by [-0.31023      3.5766     0.84451    -0.10013     0.78575   -0.034087      1.8165   -0.057449   -0.043246      0.8348     0.19759     0.64578    -0.26945    -0.32996     0.29637     0.16619      1.1905    0.016967   -0.011214     0.13931     -0.2183    -0.11103    -0.25577     0.40663     0.25747     -0.1236    0.081355      2.6328     0.30689   -0.019319     0.18214     0.31771    0.060127    -0.19449     0.14621     0.18908     0.20362    0.065121    -0.81491      1.0883     0.48622     0.11911      1.6795     0.81252    -0.13423     0.64552      4.8717     0.54668     0.31519  -0.0086204   -0.049238    0.096645     0.23037     0.14135].
   Ages are sampled.
   Parameters are updated.
   Updating parameters makes the average log-likelihood of samples increased by [0.35176    0.079688     0.11281   -0.088478    0.015981    0.027568     -0.2764    0.020218    0.019393    -0.26047    0.018985   0.0052107    0.042047    0.025098    -0.32196  -0.0067826    -0.15607    -0.14725    -0.61229    0.051348   -0.037044   -0.070521   0.0094497   -0.052226    -0.21168    0.094196  -0.0052975    0.031358    0.093502    0.071583     0.24181    0.033753   0.0085963   -0.068599   0.0012566     0.16145   -0.036633     0.30899     0.15055     0.27506    0.060788     0.23001   -0.022026       0.165     0.10929    -0.13053      1.6395     0.01615    0.025598    -0.94088    0.096604   -0.069256    -0.43728    0.094579].
   Ages are sampled.
   Parameters are updated.
   Updating parameters makes the average log-likelihood of samples increased by [-0.38247    -0.40445   0.0099119   -0.049497    0.011704    -0.13492    -0.23368   -0.038135    0.019214     0.14323    0.080906   -0.010477   -0.024071  -0.0086861     0.47092   -0.088695   -0.053343     0.10362   -0.030341    -0.13272    -0.17265   -0.057649    -0.18451    0.044483     0.24603     0.28027    0.073791   0.0031354    -0.23931    -0.12031    0.078651    0.042898    -0.10175     0.15961   0.0036171    0.051177  -0.0077451    -0.64293    0.014438     0.31575    -0.07823  -0.0039753     0.02083   -0.042573    -0.48933    -0.57357      1.2167  -0.0053583  -0.0049287   -0.015192   0.0037252     0.34429    0.024349   -0.016731].
   Ages are sampled.
   Parameters are updated.
   Updating parameters makes the average log-likelihood of samples increased by [0.16184     0.13148   -0.060191     0.14988   -0.048725     0.12851  -0.0032018     0.06912  0.00068301    -0.26875    0.036672    -0.10052    0.015549    0.013954     0.05049    0.093864     0.11604    -0.27804    0.034189    0.023709     0.20753     0.12922     0.20887   -0.053806   0.0016443   -0.095086   -0.017494   -0.016203   -0.042529      0.2084   -0.047655   0.0045124    0.041834    -0.10021  -0.0026428  -0.0078925    -0.20364     0.17813     -1.0202    -0.19772    0.075571    0.040199   -0.019678    0.076802      0.5026     0.34066     -1.7413  -0.0043031    0.015703   -0.046464   -0.045043   -0.022389     0.54217     0.12706].
   Ages are sampled.
   Parameters are updated.
   Updating parameters makes the average log-likelihood of samples increased by [0.080137     0.19124    0.067391   -0.036373   -0.076941   -0.024119    0.077175   -0.065118   -0.011872     0.25294    -0.14952    0.076679   -0.012141   -0.025946   -0.087277   -0.035156    -0.22269     0.26185    0.069067    -0.14535    0.013802    0.021623    0.072808    0.055391    0.020487    -0.38741   -0.047443   -0.034816      -0.653   -0.019833    0.016599   -0.036541   -0.041064    0.029313   -0.008797   -0.015334    0.091072   -0.079881   -0.039273     0.54069  -0.0029911   -0.092216    -0.48075     0.01604     0.01574  -0.0087828     0.86573    0.020459    -0.20523    0.056421 -0.00035366    0.021478    0.073398    -0.13974].
   Ages are sampled.
   Parameters are updated.
   Updating parameters makes the average log-likelihood of samples increased by [-0.0067043     0.13004    -0.11414   -0.085838   0.0099914    0.030252     0.32352   0.0035388  -0.0027396     -1.0174     0.10145    -0.24403   -0.047712   -0.082119    -0.14048    -0.09624    -0.10035    -0.41465   0.0086578   -0.050264     -0.1038    -0.21366    0.010933   -0.033621    0.027949     0.33198    0.072162    0.037759     0.94327    0.034411   -0.060223    0.037836   -0.046957    0.065042    -0.17214   -0.039163    0.064113   -0.017945    -0.14351    -0.35968   -0.077594    0.095862      0.3717   -0.017085   0.0036619  -0.0032689    0.011734  -0.0064509    0.052645    -0.26527    0.038325  -0.0089446    0.010706    0.040575].
   Ages are sampled.
   Parameters are updated.
   Updating parameters makes the average log-likelihood of samples increased by [-0.14419     -0.1474    0.051777    0.095334     0.08568   -0.001435    -0.67137    -0.10787   -0.065018     0.98527    -0.29548     0.26857    0.067579   -0.050975    0.035525    0.089347    0.037359     0.36392    -0.01183     0.26211   0.0097131     0.19348   -0.035508   -0.075713   -0.039576    -0.05779   -0.014003   -0.049715     0.14291     0.01666    0.090803    -0.29068    -0.15206   -0.028568     0.16618    0.030565    -0.13213    0.041492     0.14522      1.3687    0.075766   0.0042732     0.08331  -0.0056779  -0.0036367  -0.0069346   -0.056102   -0.013864   -0.063298     0.23721   -0.072783    -0.27111   -0.016678    -0.42126].
   Ages are sampled.
   Parameters are updated.
   Updating parameters makes the average log-likelihood of samples increased by [0.046363     0.13907     -0.2384   -0.044988    0.028431    -0.17975     0.49516     0.15852    0.071459    -0.13694     0.26773   -0.031829  -0.0058289     0.14897   -0.036365    0.044059    0.061717   -0.030711  -0.0061076    -0.06444    0.043235    0.045907    0.038706    0.076329   -0.015612    -0.30302  -0.0091106    0.070056   0.0076343     -0.1434   -0.046976     0.28405    -0.02007    0.028821     0.01229    -0.21815     0.15038    0.029139   -0.092205    -0.58934   -0.020213   -0.045671    -0.61136    -0.22825   0.0040453   -0.043279    0.049293   -0.048917   -0.053502    -0.19478    0.058517   -0.038365   -0.064111     0.49806].
   Records are aligned to the target stack.
   Iteration 1/10...
   Iteration 2/10...
   Iteration 3/10...
   Iteration 4/10...
   Iteration 5/10...
   Iteration 6/10...
   Iteration 7/10...
   Iteration 8/10...
   Iteration 9/10...
   Iteration 10/10...
   A new stack is updated.
#  Iteration 3:
   Ages are sampled.
   Parameters are updated.
   Updating parameters makes the average log-likelihood of samples increased by [1.1817      1.7785      1.9052     0.97695     0.32704     0.73665      2.1705    0.035679     0.16873      1.6149      0.9379     0.93031      0.2289     0.16443    -0.40769     0.24553     0.73318    0.085025   -0.045334    0.016429     0.10449   -0.093656    -0.47959    -0.40255     0.36078    -0.66758    -0.10119      1.0527      1.4104     0.37305     0.22615     0.47242    0.098509     0.20962     0.44321     0.83031    0.067432     0.13415       1.998     0.16992     0.32406    0.038452    -0.24243     0.45208     0.41511      3.4468    -0.21135    -0.32179      1.2958     0.04128  -0.0098282     -0.1127    -0.98779     0.10998].
   Ages are sampled.
   Parameters are updated.
   Updating parameters makes the average log-likelihood of samples increased by [0.71848      -2.005     0.28823     0.76357   -0.050513     0.12123    -0.20235 -0.00021661     0.12467   -0.042028    -0.33629    0.049478    0.029362 -3.5475e-05   -0.024307     0.17732     0.18301     0.24161     0.19904   -0.039837   -0.042287     0.37442     0.26117    0.042279  -0.0082777   -0.010734     0.39319    -0.24681      2.7665    0.098397   -0.029891   -0.078255   -0.024232     0.11772    -0.52862  -0.0065631    0.062663    -0.01813    0.058381    -0.21921    0.019445     0.27808     0.13778     0.10371    0.070135    -0.18578     0.66822     0.17158     0.27396  -0.0010009   -0.022975    -0.08055     0.12039    -0.16539].
   Ages are sampled.
   Parameters are updated.
   Updating parameters makes the average log-likelihood of samples increased by [-0.3424    -0.04491    0.048996    -0.42729   0.0046083    -0.32967    0.073817     0.19746    -0.20011     0.13784    -0.14997    0.080555  -0.0058583    0.011219      0.3138    -0.74552    0.081545     0.22009    -0.37223   -0.044409      0.1042     0.17586    0.046421   0.0052831   -0.039113    -0.11749    0.064943    -0.10584    0.097641    0.026208    0.079063    0.028208    0.029872   -0.011005    0.083001    0.075762    -0.82553    0.032718    0.071202   0.0040358   -0.046378    -0.45194   -0.029536    0.047808   -0.011544     0.43795      1.4946   -0.010577    -0.34007     0.23681     0.03808  -0.0066131    -0.28492    -0.01097].
   Ages are sampled.
   Parameters are updated.
   Updating parameters makes the average log-likelihood of samples increased by [-0.038608     0.23414   -0.025855     0.61983   -0.026276    -0.01141    -0.57178    -0.17758    0.075456    -0.56615     -0.1616    0.031188     0.12864   -0.038069    -0.20549   -0.085479    0.058582   -0.047637     -0.4294   -0.055578    0.026517   -0.031244    0.067738     0.14794    0.066113    -0.19332    0.008434      0.3283    0.023053   -0.036589      0.4127   -0.094611   -0.014033    0.040359   -0.066402   -0.017005   -0.089291     0.22873       2.237      0.2365   0.0052152     0.33433    -0.17166     0.19494     0.22135     0.15691    -0.18461    0.099135    0.078766   -0.071246    -0.31623   -0.097971     0.10235   0.0036221].
   Ages are sampled.
   Parameters are updated.
   Updating parameters makes the average log-likelihood of samples increased by [0.12381    0.014327   -0.081945     0.16316    -0.21474    -0.33349     0.29541     0.12091     0.12258    0.029362     0.33335   0.0045902    0.070854   -0.062616    -0.21203    0.036911    0.014949   -0.034344     0.43331    0.057025   0.0042773   -0.038615   -0.057557    0.042305  -0.0014174   -0.070665    -0.30275     0.02785    -0.08345   -0.011092    -0.37928    -0.15063    0.030136    -0.18976    0.075716 -0.00053115      0.0868    -0.22438     0.57545    -0.31818    -0.14078  -0.0096375      0.1219    0.032127    -0.16676    -0.21297     0.49763   -0.021065   -0.065156    0.037269     0.59513     0.20754   -0.035028     0.10453].
   Ages are sampled.
   Parameters are updated.
   Updating parameters makes the average log-likelihood of samples increased by [-0.11266    -0.06768     0.10031    -0.24654     0.19923     0.10642     -1.0586   -0.039461   -0.059948    0.022601    -0.08596    -0.13184   -0.076571    0.090566     0.52301     0.12324    -0.37191    0.035109    -0.30421    -0.28247    0.085137    0.079517    0.076838   0.0055575    0.054904     0.17386     0.26673   -0.033831    -0.10721    -0.24254    -0.24849     0.11232   -0.026149     0.29331     0.03046 -0.00096826  -0.0017188     0.24456      0.3966      0.3101    -0.18463    0.065266     0.35814   -0.045022    -0.11941    -0.16945   -0.026258   0.0088553    -0.00161   -0.077749    0.027029  -0.0020111    0.065718  -0.0010356].
   Ages are sampled.
   Parameters are updated.
   Updating parameters makes the average log-likelihood of samples increased by [0.10706    -0.68202   -0.021292     -0.2267    -0.21519     0.46418       1.048    0.059047    -0.11083   -0.013015    0.097798    0.047271   -0.049378   -0.053215     0.12961    0.034949     0.36405   -0.036841     0.31944      0.2601   0.0047631    -0.08923   0.0046644    -0.13813    -0.18338   -0.027349   -0.098753   0.0069984     0.18573     0.30419   -0.097188    -0.29179    0.032871    -0.11852    -0.21224    0.011829   -0.051496   0.0099587     0.34285    0.014464     0.13062     -1.0108    -0.34241    -0.20607   -0.066506     0.35282    0.031647   -0.014931    0.025146    0.021195    -0.13138    -0.26533   -0.010248   0.0016008].
   Ages are sampled.
   Parameters are updated.
   Updating parameters makes the average log-likelihood of samples increased by [0.0021776     0.81668    -0.16935     0.35982    0.080553    -0.62743    0.066568   -0.019471    0.047758  -0.0088639     0.14649    0.035701    0.092031    -0.02689     0.10021   -0.022732   -0.054054    -0.24243    -0.22037    0.033334    -0.25557   -0.060055    -0.10851    0.065687     0.16451  0.00014034    0.057948    -0.12767   0.0051475    -0.33638      0.6329    -0.20858   -0.020322    0.073343      0.2375   -0.030387    0.034565    0.039962    0.097996     -0.6126     0.24049    0.059998     0.15693     0.19029     0.14318   -0.058634   -0.062296    -0.02493    -0.28992    0.069905   0.0057923      0.1891   -0.016904  -0.0080178].
   Ages are sampled.
   Parameters are updated.
   Updating parameters makes the average log-likelihood of samples increased by [-0.3007     0.30358      0.1708   -0.099511   -0.084802     -0.0148     0.17959      0.1068    0.077125    0.023786    -0.56136    0.042646    0.026815    0.093302    -0.21244    0.011172     -0.2514      0.2493    -0.13967   -0.075704     0.24199    -0.11271    0.080342    0.032403   -0.022768    0.017029    0.027758    0.039484    -0.13902     0.13756    -0.70765       1.089    0.013279     0.02083    -0.12226    0.027532   0.0035061   -0.043188   0.0018487   -0.024679    0.016013    -0.20778   -0.018057   0.0072678   -0.081458    0.020921    0.052822    -0.16095     0.25956   -0.053193  -0.0055478    -0.41525    0.028795   -0.010759].
   Ages are sampled.
   Parameters are updated.
   Updating parameters makes the average log-likelihood of samples increased by [0.22512    -0.28244   -0.030568      0.2133     0.24728    -0.44529      0.0594   -0.080318    -0.23337  3.5224e-05    -0.24056    -0.13841    0.007388   0.0056225    0.064111    0.017295      0.2089    -0.18399     0.58929    0.060996   -0.012991    0.019902    0.012805    0.021842    0.053238   0.0013526   -0.089413     0.11199   -0.090576    0.076859   -0.067305    0.003631  0.00015442    -0.24233     0.11218  -0.0031998    -0.11181      0.1179    -0.25025   -0.057707    -0.61413     0.15104    -0.20981    0.001171    -0.18533    0.052618    -0.12306      0.2094     0.06294    0.038624   0.0023413     0.46862    -0.31822    0.019439].
   Records are aligned to the target stack.
   Iteration 1/10...
   Iteration 2/10...
   Iteration 3/10...
   Iteration 4/10...
   Iteration 5/10...
   Iteration 6/10...
   Iteration 7/10...
   Iteration 8/10...
   Iteration 9/10...
   Iteration 10/10...
   A new stack is updated.
#  Iteration 4:
   Ages are sampled.
   Parameters are updated.
   Updating parameters makes the average log-likelihood of samples increased by [0.31512     0.94529     0.22523     0.16006    -0.10398     0.04711     0.31083       -0.14    0.016121     0.87627     0.57058     0.12652     0.10508    -0.16154    0.020244     0.47517    -0.12926    -0.16055  -0.0099297      0.1671   -0.034605    -0.20132     0.39397  -0.0060494     0.52883    0.066628    -0.46384     0.64105      1.2843      0.2462    0.052901   -0.044165   -0.088356     0.04822     0.20557    -0.90425     0.47639   -0.042938        2.13    -0.42582   -0.011394     0.29212    0.030938    -0.63801     0.16983     0.84821     0.12953  -0.0028153     0.11609     -0.3615    0.039042    -0.11441   -0.010351     0.24271].
   Ages are sampled.
   Parameters are updated.
   Updating parameters makes the average log-likelihood of samples increased by [-0.0038415     0.92042   -0.074803     0.12184   -0.084248    0.056688     0.19713     0.06962     0.19915     0.28254     0.10355    -0.13969  -0.0010222    -0.60499   -0.077427     0.27755    -0.24423   0.0062255   -0.033174  -0.0044252     -0.2413   0.0025164     0.23159     0.15894     0.20935    0.015399   -0.058181      0.6215     0.76585    0.080484    -0.24833   0.0034617     0.14737    0.096612     -0.1029    0.034725    -0.43572  0.00073786     0.62534    -0.04965    0.040348    -0.13196    -0.68195   0.0071115    -0.13492   -0.071673      1.2205     0.20358    -0.23653   0.0071067    0.075548     0.35585    0.038307    0.039604].
   Ages are sampled.
   Parameters are updated.
   Updating parameters makes the average log-likelihood of samples increased by [-0.071914       0.212    -0.20023     0.12353    -0.06218     0.14285    0.092241   -0.010099   -0.011513     0.61128      0.0838   -0.032699    0.042469     0.21669    0.034438    -0.29632     0.15385     0.27415  -0.0063968     0.14613    -0.75902    -0.18154    0.089121    0.016412   -0.029442    0.049295    -0.58421    -0.32494   -0.060203    -0.26498    0.021148  -0.0089387     -0.1363    0.080288    0.083739     0.33092     -0.2909     0.11035   -0.046385   -0.076669    0.074788     0.52788     0.73343      0.1019   -0.026052     0.29274     0.12699    -0.39242    -0.30711   -0.057211    -0.13989     0.43978     0.54458    -0.38847].
   Ages are sampled.
   Parameters are updated.
   Updating parameters makes the average log-likelihood of samples increased by [0.25352    0.014804   -0.038169    -0.15609    0.042071    -0.63093    -0.39026   -0.039064   -0.023049   -0.058276   -0.015997      -0.106   -0.059183   -0.091432   -0.025904   -0.076445    0.018018    -0.18228    -0.12225   -0.075517   0.0079439     0.25884    0.011803 -0.00048982      0.5445   -0.013746   -0.060827    0.014666      1.3115    0.060076  -0.0020765     0.31119    -0.37981     0.14278   -0.087217    0.017402     0.21253    0.058195      0.2972    -0.32479    -0.42439    0.090164    0.074441     -0.1218  -0.0050762     -1.0091    0.048452  1.7126e-05    0.018183     -0.4978     0.62876   -0.032581     0.18327   -0.076307].
   Ages are sampled.
   Parameters are updated.
   Updating parameters makes the average log-likelihood of samples increased by [-2.0791   -0.041423    -0.27473    -0.14448    0.019866    -0.32694     0.39563    0.033553    0.026721      0.1989   -0.034858     0.20828    0.060652    0.014343   -0.059289     0.19494  0.00057121     0.31307     0.07563    0.067791   -0.033485  7.0921e-05   0.0062921   -0.031894  -0.0054285    0.020835    0.019438   -0.024627    -0.43799    -0.36882    0.005661    0.038886     0.44653      -0.493     0.10495    -0.29164    -0.24174     0.23071    0.024625     0.48851    0.077541   -0.095165    0.017697     0.10826   -0.026477   -0.037669     0.48358    0.010808    -0.17349      0.2659     0.53534     0.13609    -0.76889    -0.17082].
   Ages are sampled.
   Parameters are updated.
   Updating parameters makes the average log-likelihood of samples increased by [-0.73819    -0.12252     0.21465     0.18264   -0.027839      0.3592   -0.094626   0.0092962   0.0058562     -1.8726   0.0048142    0.061228    -0.15187   -0.031105    0.026617    -0.18905   -0.089984    -0.28213   -0.015735    -0.25485    -0.10739   -0.020634   -0.020583    0.033793  -0.0022144  -0.0035445    -0.29463   -0.088907     0.42564     0.36901     -0.0788    -0.17751    -0.11979     0.47933   -0.051044     0.28524      0.1075    -0.11864    -0.28253   -0.005699     0.34983     0.18481    -0.27861   -0.016091    0.013929     -0.7726    -0.11769    -0.03796   -0.093538     0.75287      -0.105    0.081279    0.093868    0.028816].
   Ages are sampled.
   Parameters are updated.
   Updating parameters makes the average log-likelihood of samples increased by [-0.70398     0.12357   -0.094945     0.09641    -0.13207    0.011558    0.093133    -0.03367 -0.00032523     0.21308       0.109  -0.0090554     0.15324     0.14284    0.016656      0.1031    0.085388     0.20997    -0.01096     0.19728     0.11992    -0.20358    0.012344   -0.031249  -0.0052502   0.0027117      0.3313    0.061828  -0.0085131   -0.056616   0.0099501     0.20998   0.0024717     0.02276   -0.040695    0.021707     0.11727      0.2342     0.28627    -0.69317     -1.8446    -0.15731    -0.20468     -0.1019    0.001374     -0.1036     0.13193    -0.13966     0.25151     0.62055    -0.11812   -0.042252    0.054829     0.17123].
   Ages are sampled.
   Parameters are updated.
   Updating parameters makes the average log-likelihood of samples increased by [-0.20417    0.038234    -0.39931    0.013211     0.15786   -0.084476   -0.017063    0.028518  -0.0024616    -0.43163    -0.40579   -0.085838   -0.056987   -0.084961    -0.13747    -0.05966    0.013263   -0.024683   -0.037374     0.14563   -0.076759    -0.16087   -0.017029     0.02586  -0.0061366   -0.086176     -0.1502    -0.33241    -0.44643   -0.042651    0.083424    -0.13391   -0.057839   -0.067784    -0.07351    0.018918   -0.026046    -0.11261    -0.26389    -0.16455    0.096448   -0.054808     0.41046    -0.31613    -0.24022     0.18808   -0.027563     0.16608    0.015248    0.019586     0.20454      0.1471     0.23692   -0.022209].
   Records are aligned to the target stack.
   Iteration 1/10...
   Iteration 2/10...
   Iteration 3/10...
   Iteration 4/10...
   Iteration 5/10...
   Iteration 6/10...
   Iteration 7/10...
   Iteration 8/10...
   Iteration 9/10...
   Iteration 10/10...
   A new stack is updated.
#  Iteration 5:
   Ages are sampled.
   Parameters are updated.
   Updating parameters makes the average log-likelihood of samples increased by [-0.15779    -0.19119    -0.27548   -0.074701     0.15779  -0.0031714     0.16079   0.0073547     0.50464   -0.045185     0.07116    -0.89389   -0.064855     0.16158    -0.13108     0.12066   -0.075913     0.28566    -0.37294    -0.19967    0.092983   -0.020467   -0.006132      0.0627     0.30804    0.077244    0.096685    -0.51436     0.37126    0.041297   0.0053158    -0.17948   -0.053471     0.29952     0.28454    -0.19732     0.33537     0.11472      0.3202     0.19951    -0.23493     0.24363    0.061161   -0.055298   -0.078461   -0.013316      1.0709  0.00049086     0.15423    -0.05231    0.019282      0.1649    0.045206    0.067126].
   Ages are sampled.
   Parameters are updated.
   Updating parameters makes the average log-likelihood of samples increased by [-0.070087    -0.49961     0.20766   -0.083879    -0.12854   -0.076198   -0.016683   -0.063105   -0.072445    0.029736     -0.2081    -0.19059   -0.014516    -0.15091   -0.040065     0.10957     0.19124   -0.088563     0.14992    0.075049     0.59073  -0.0044075    -0.17204    -0.03767    -0.27542    -0.17717    -0.15408    -0.14688     0.23746    0.011897    -0.97651    -0.15756     0.13795   -0.041024    0.026551    0.092029    -0.28941   -0.017457   -0.007944    0.033376   -0.011445    -0.12337     0.10316   -0.043349   -0.043177      1.6559      1.2695    -0.27361     0.55446    0.033162    -0.30985    -0.48251    0.053055     0.13889].
   Ages are sampled.
   Parameters are updated.
   Updating parameters makes the average log-likelihood of samples increased by [-0.5732     0.61644    0.070926    0.069155     0.12764    -0.17556     0.80212      0.0504    0.052506    -0.83487     0.12212     0.17523   -0.033616    0.051546    0.065223     0.12581    0.060579   -0.069109   -0.067532     0.12561     0.22172    -0.39093     0.16355    -0.05335   0.0077958     0.12627    -0.63833    -0.07641     0.53808    -0.24986    -0.18346     0.09878    0.026492     -1.5712   -0.013439    0.087365     0.37243    -0.13164    -0.15457     -1.4611    -0.10475   -0.015043   0.0029342    -0.69492    -0.03628     0.19916    -0.95382     0.34029    0.094336    -0.20734     0.10129 -0.00085476    0.019787    -0.24146].
   Ages are sampled.
   Parameters are updated.
   Updating parameters makes the average log-likelihood of samples increased by [-0.11938     0.49898     0.14903     0.91672   -0.057269    0.067911    0.062718   -0.064697    0.077139    0.012594   -0.060585   0.0015954    -0.11767   -0.095648     0.18897     0.23658     0.16612     0.13727     0.25683    0.059533    -0.37044    0.031701     0.37788    0.041249  -0.0043471  -0.0049265    0.076352   0.0036535    -0.52066   -0.058306    -0.15657   -0.071837   -0.013878     0.23801    -0.23579    0.027072   -0.072916  -0.0014323     0.20618    -0.46741   0.0081786     -0.2659    0.030249    -0.23301    -0.13825   -0.040744     0.29918     0.28992     0.10303     0.11278    0.023557     0.18853    0.067017    0.063542].
   Ages are sampled.
   Parameters are updated.
   Updating parameters makes the average log-likelihood of samples increased by [0.068136       -0.43   -0.038162    0.048294   -0.074973     -0.2017   -0.016898    0.067009    -0.25464    -0.23892    -0.58547   -0.014312    0.014566    -0.41673    0.021901    -0.15359  -0.0079792    0.010365    -0.11164    0.043427   -0.036613   -0.013589     -0.1729    0.016735  -0.0079475   -0.026687    -0.20615   -0.050178     0.64598    0.033163     0.22577    0.023195     0.13651   -0.017881     0.18348  -0.0074241    0.063633    -0.17332    0.068152     0.80328   -0.043918  -0.0072757   -0.010145     0.23314     0.10014    -0.41475    -0.58066   -0.052328     0.18907    0.012123     0.10466    -0.60123   0.0046828    -0.30347].
   Ages are sampled.
   Parameters are updated.
   Updating parameters makes the average log-likelihood of samples increased by [-0.56147     0.23614    0.079648    0.022671  -0.0018337     0.19907    -0.13607   -0.031987     0.12725      0.1236    -0.29319    0.036289    0.080803     0.92658    -0.29622     0.15468   -0.006092    -0.10918    0.015132    -0.50119     0.30741    0.027948     0.19479   -0.042489    0.032184    0.057787    0.075047    -0.11266     0.20686   -0.093648     0.37574    0.011864    -0.19291      -0.247    0.072638   -0.037661   -0.064434     0.11789   -0.075721      1.0754    0.042262     0.34386   -0.014771    -0.17908   -0.044433     0.41858      0.4495   -0.026936     -0.3747   0.0021692    -0.26936     0.40467    -0.12619     0.24116].
   Ages are sampled.
   Parameters are updated.
   Updating parameters makes the average log-likelihood of samples increased by [0.63756      0.1672    -0.10747   -0.036918    0.063526    0.011911    -0.78396   -0.025159   -0.064731   0.0076323     0.18384    0.018726   0.0021626      0.3032     0.25616   -0.075579 -0.00061287    0.066254    -0.58711   -0.022828     0.16224    0.006957     0.01225    0.033022   -0.024172   -0.089085    -0.10316     0.13354    -0.39427    -0.25895    -0.17803    -0.19793   -0.013363     0.27802    0.070383   0.0056691    0.045727   -0.054113     0.19689    -0.48805    0.029377    0.035278    -0.02639      0.1063    0.094747   -0.016243    0.028821    0.026023       0.089  -0.0084744     0.10079    -0.22512     0.12809    0.099636].
   Ages are sampled.
   Parameters are updated.
   Updating parameters makes the average log-likelihood of samples increased by [0.18648     -1.7014    0.063078    0.030201     0.26794   0.0054207    -0.20712    0.073232    0.061406      0.2445     0.19609   0.0031158 -0.00069873    -0.23879  -0.0078778    0.015027    -0.14699   -0.037009     0.24133     0.08072   -0.089965     -0.1517   -0.016681   -0.019932    -0.12207   -0.060494     0.16911    -0.25271     0.32847      0.2325   -0.078482    0.067801   -0.030021  -0.0034026  -0.0070682    0.017503    -0.20275   0.0065641   -0.027362     0.31591  -0.0073388     0.12721    -0.15035   -0.065104    -0.21371    -0.32066   -0.075038    0.070268     0.27988   -0.028613    0.034422    -0.16276   -0.079249   -0.084226].
   Ages are sampled.
   Parameters are updated.
   Updating parameters makes the average log-likelihood of samples increased by [0.10118     0.55733   -0.072471   -0.090224    -0.23241   -0.019097     -0.1875    0.021599    0.041793    -0.22323     0.28351    -0.23018   -0.025087     0.29078     0.06736    -0.13174    0.088016     0.08616    -0.19725    -0.22861   -0.089421    0.083307    0.011498    0.049434     0.11631   0.0079595    0.041129     0.18014     0.39723     0.01058   -0.016319     0.12637      0.0262   -0.037197    -0.12369    -0.36439    -0.11771    0.096914    0.022231     0.53395    0.017197    0.048744     0.20585   -0.046732     0.20145     0.13497    0.075869   -0.036989  -0.0032232   -0.087281   -0.055047     0.98887    0.071953    0.066946].
   Ages are sampled.
   Parameters are updated.
   Updating parameters makes the average log-likelihood of samples increased by [0.038216     0.17354    -0.34328  -0.0069659    -0.24026   -0.028322    -0.33084    -0.16013    -0.36181     0.20357    -0.85863     0.24002    0.010293    0.078418    -0.16697     0.13167     0.08315   -0.047896      0.3119    -0.33911     0.32215    -0.16311    -0.31916    -0.16036    0.024331    0.055445    0.027607    0.082826     -1.3373    0.057123    -0.16319    -0.11905   -0.058786    0.021374    0.034544     0.29493     0.35692   -0.065509    -0.31429   -0.064266  -0.0044286    -0.19055     -0.1726     0.11145  0.00045736     0.13286    0.019718   -0.017315   0.0061778     0.11678     0.20623    0.017004   0.0088239   -0.076766].
   Records are aligned to the target stack.
   Iteration 1/10...
   Iteration 2/10...
   Iteration 3/10...
   Iteration 4/10...
   Iteration 5/10...
   Iteration 6/10...
   Iteration 7/10...
   Iteration 8/10...
   Iteration 9/10...
   Iteration 10/10...
   A new stack is updated.
   Done.
#  Age model construction algorithm is now running...
#  Iteration 1:
   Ages are sampled.
   Parameters are updated.
   Updating parameters makes the average log-likelihood of samples increased by [-0.26693      1.3209    -0.16702    -0.19444    0.092299   -0.032691     0.21739      0.1501     0.11501     0.01498    0.077751   -0.018543     0.13588   -0.006437     0.50213     0.06762     0.64387    -0.32347    0.043345   -0.032621     0.30727    -0.65264   -0.028243    -0.16731    -0.26761     -0.4751    -0.63058    -0.11136     0.22079    -0.16789   0.0029054    -0.35534    -0.19995     -0.1572   -0.052296     0.25285    -0.20057     0.30783    0.066405    -0.05219     0.13764   -0.073653     -0.1375     0.10395    0.033381    -0.30778     0.17706    -0.20917    0.066868    -0.14105    -0.35608      0.2808    -0.20428    0.055557].
#  Iteration 2:
   Ages are sampled.
   Parameters are updated.
   Updating parameters makes the average log-likelihood of samples increased by [0.032177     0.22733  -0.0029948    -0.12127     0.14019   -0.078097    -0.39051    0.047199     0.21373    -0.33847    -0.42484    0.017197   -0.071305    -0.24794   -0.038307    0.068172    0.045782    -0.19659    -0.13866    0.037766    -0.19737   -0.096177      0.1324    0.088785    -0.11558   -0.015076    -0.13689   -0.051891   -0.063652   -0.032214    -0.14023   -0.018618     0.29532   -0.026404   -0.039778   -0.010121     0.15516   -0.073695    -0.33289     0.25613    -0.03314  -0.0028411    -0.38151    -0.21159    0.095234     0.47154     0.79941     0.38733     0.41042    -0.30018     -0.0761     -0.1161    -0.14376     0.26195].
#  Iteration 3:
   Ages are sampled.
   Parameters are updated.
   Updating parameters makes the average log-likelihood of samples increased by [-0.24337  -0.0065595    -0.38597    -0.70474      0.2564   -0.033414   0.0024238      0.0411     0.29704    -0.43067     0.38889    -0.11972    0.060669  -0.0035756    -0.46053   0.0047627     0.27958   0.0076807     0.16652   -0.029959     0.11733   -0.083397    -0.21401   -0.010961  -0.0050198   -0.070938    -0.20476     0.31202      1.0175     0.12471   -0.057419  -0.0007116     0.14238    -0.76403    -0.16256    -0.95613    -0.55933    -0.30353   -0.050901   -0.095776   -0.074853   -0.054679    -0.40614     0.36822    0.020869    -0.11968      -1.361  0.00094991    -0.15477     0.22863    -0.02324    -0.11219     0.10896  0.00047548].
#  Iteration 4:
   Ages are sampled.
   Parameters are updated.
   Updating parameters makes the average log-likelihood of samples increased by [-0.90193   -0.029718      1.4109    0.071626   0.0057125   0.0062386    0.012684   0.0024747     0.28397     0.18814   -0.083311    0.080468    -0.11224     0.50396   -0.065029   -0.012268    0.020849     0.10645    0.037092    0.052302   0.0054148   -0.065635       0.342    -0.14026     0.18923   -0.099718    0.015729      1.3524      1.6067    -0.13274    0.032053    0.034265   -0.034053     0.10261    -0.41029    -0.12981    -0.35857    0.064622  -0.0008417    -0.03308   -0.024289     -0.2371    -0.11178    -0.26132     -1.1279     0.16494     0.74253    0.034345    -0.11083    -0.13588     0.10957     0.17528    -0.11144    -0.10331].
#  Iteration 5:
   Ages are sampled.
   Parameters are updated.
   Updating parameters makes the average log-likelihood of samples increased by [0.13492   -0.014443     0.12169    0.011886     0.25523   0.0025091   -0.021153   0.0023974    -0.42472     -2.0696    -0.19432    0.026287    0.080023   -0.074662    0.051717   -0.030974   -0.032967   -0.022246    -0.12112    0.088232   -0.023074     0.25157    -0.45584   -0.070202    0.013432    -0.24931    -0.45154   -0.023482      1.2096    0.039836    -0.31179    0.035487  -0.0067259    -0.19426     0.45495    -0.10694     0.23477     -0.3859    -0.23348    -0.23197    0.046312     0.33037    -0.15361  -0.0030372     0.61089    -0.11426    -0.48449   -0.033173     0.13766    0.018239    0.037198     0.16085    0.029941    0.051543].
#  Iteration 6:
   Ages are sampled.
   Parameters are updated.
   Updating parameters makes the average log-likelihood of samples increased by [-0.020291    0.008616   -0.032786   -0.084267    -0.34762   -0.027385    0.027214   -0.063841    0.053825     0.22191     0.25728   -0.038879   -0.060228     0.20853   -0.074595    0.050451    0.061629 -0.00071559     0.10308    0.041927   -0.066759     0.13339    -0.25682     0.02189   -0.040029     0.10132     0.14565   -0.022393    -0.11747    -0.29919     0.24998   -0.038961    0.016843      0.2017     0.11819     0.19226    0.048528      0.1006    -0.24414     0.27771    -0.24256    -0.45065    -0.30986    -0.31304    0.077595     -0.4055    -0.14701    0.095124     0.18994    -0.31377   0.0048768   -0.077376   -0.084766    -0.14174].
#  Parameters are learned. Sampling algorithm is now running...
-------------------------------------------------------------------------------------------
#  Results and figures are being stored...
   Done.
   Results and figures are stored in Outputs/R59_d18O_stack.
-------------------------------------------------------------------------------------------
>> MATLAB is selecting SOFTWARE rendering.
OMP: Warning #182: OMP_STACKSIZE: ignored because KMP_STACKSIZE has been defined

                            < M A T L A B (R) >
                  Copyright 1984-2024 The MathWorks, Inc.
             R2024a Update 5 (24.1.0.2653294) 64-bit (glnxa64)
                               June 24, 2024

 
To get started, type doc.
For product information, visit www.mathworks.com.
 
Starting parallel pool (parpool) using the 'local' profile ...
Connected to parallel pool with 36 workers.
Number of workers: 36
-------------------------------------------------------------------------------------------
## BIGMACS: Bayesian Inference Gaussian Process Multiproxy Alignment of Continuous Signals
-------------------------------------------------------------------------------------------
## Stack construction algorithm is now running...
#  Initializing...
   Data are loaded successfully.
   Initializing the age samples...
   Done.
#  Stacking algorithm is now running...
#  Iteration 1:
   Ages are sampled.
   Parameters are updated.
   Updating parameters makes the average log-likelihood of samples increased by [119.9183      104.7805      141.4325      209.6888      9.693613      45.50955      284.3201      27.37704      14.26784      141.7307      120.3244       45.7002      54.08465      3.775673      11.90808      2.408542      3.802481      4.723706      39.38771      5.673124      38.81937       22.3162      13.85134      5.409251      59.39808      9.569396      31.07593      224.1723      212.5386      51.28858      19.00891      10.03439      2.034959       252.407      135.2212      80.23703      80.62015      52.03214       121.133      31.48599      2.967859      40.97048      22.62996      12.97506      23.86303      244.6783      79.11272      3.387358      207.4407      7.209353     0.6594888      13.23853     0.2174677      15.21868].
   Ages are sampled.
   Parameters are updated.
   Updating parameters makes the average log-likelihood of samples increased by [4.11227     0.338469      15.6308      5.93905   -0.0682139      1.18817      16.3393      1.37308     0.669638      3.98288      4.01554      7.66941     0.294538   -0.0434106     0.728832     0.843605     0.655924   -0.0353327    0.0430596    -0.189284     0.661458      2.03809  -0.00236414     0.398818      1.70683    0.0161161     0.174548       5.6051      3.44668     0.618087     0.711688    -0.397839     0.274394      9.66095      4.96266     0.360793     0.165681      2.81406      6.77774     0.402274      0.11382      5.46009      1.18408     0.831373     0.659235      12.3764      6.96732    -0.299241      1.67064     0.631327     0.525893      1.80663   0.00627484     0.431707].
   Ages are sampled.
   Parameters are updated.
   Updating parameters makes the average log-likelihood of samples increased by [0.026111     0.49541     0.96911     0.23875    -0.43586      0.1373     -0.3419   -0.027178    0.031689     0.97985     0.10237      7.7484  -0.0087344  -0.0091788     0.28957    0.026184     0.11897   -0.023998   -0.044331   -0.044578    0.094094    -0.40238     0.10109     0.16016   -0.041318   -0.011357     -0.1955     0.21055    -0.13263    0.047479    0.028336     0.23177     0.17743    0.093411      0.2615    0.010753    -0.17068     0.07438      1.4049    0.057577     0.29998       1.921    -0.23428    -0.18762     0.05743      8.7101      1.4094     0.24595   -0.093319     0.11941   -0.067353    0.034064    -0.26414   -0.016716].
   Ages are sampled.
   Parameters are updated.
   Updating parameters makes the average log-likelihood of samples increased by [-0.042367 -7.0436e-05     0.31625     -0.6677      0.9898    0.014095     0.39121   -0.072451    -0.19116     0.19733    0.049391     0.40133    0.061011    0.066621   -0.047876     0.07471    -0.17049   -0.050609    -0.25896    -0.68009    -0.30266   -0.032417    -0.02297    -0.16123    -0.30325   -0.022119     0.20372     0.05504     0.21833    0.009615    0.013783    -0.04777    0.080564      0.1669   -0.019498    0.096746     -1.7838     0.26776      1.3151     0.02953   -0.019222     0.16787   0.0042038    -0.12464   -0.008524      2.5305     0.10203   -0.080035    -0.36906   0.0030104    0.066935    0.049086     0.23283     -0.1065].
   Ages are sampled.
   Parameters are updated.
   Updating parameters makes the average log-likelihood of samples increased by [-0.21952    0.032761   -0.015745   -0.093979   -0.014717    -0.11268    -0.44043    0.099731     0.13945     -0.3871   -0.052817    0.027073    0.050242   0.0095989    0.023637  -0.0043103    -0.36752    -0.12661     0.14999    0.099428    0.056786   -0.056739    0.057173     0.19225     0.26397    0.022546    0.096069    -0.25265    -0.11549    0.092485  -0.0060926    0.080415    0.059269 -4.4946e-05   -0.014353   -0.017406      0.5717    -0.38371     0.22184    0.039778    -0.16087   -0.056659     0.08685     0.20787     0.43913     0.38716   -0.021512    0.088655      1.0089    -0.06083     0.10015   -0.054725    0.074652    0.028721].
   Ages are sampled.
   Parameters are updated.
   Updating parameters makes the average log-likelihood of samples increased by [0.27049    -0.12962    0.086816     0.70818   0.0020252     0.13736    -0.50033    -0.17702     0.21811     0.26469   -0.031837    0.028168  -0.0067818   -0.022818   -0.032207   -0.021912     0.10999     0.23679    0.089281    0.020016     0.30982    0.057343   -0.073132    -0.18864    -0.20976   -0.036576    -0.25252    0.062236     -1.0603     0.16073   -0.024144   -0.059539    0.076701    -0.44321    0.018306  -0.0064663     0.04112     0.15834    -0.19965    -0.19954       0.107    0.091066   -0.095153    0.047426    -0.24439      0.1655     0.02141    -0.01653    0.051883    0.023314   -0.090117    0.046289    -0.20313     0.12818].
   Ages are sampled.
   Parameters are updated.
   Updating parameters makes the average log-likelihood of samples increased by [-0.074577    0.051762    -0.11326   -0.063118    0.014139    -0.11126     0.48706    0.093963    -0.20632    0.041597    0.072644  -0.0070479   -0.025921    0.005078    0.011195    0.030215     0.21857   -0.073392   -0.022371     0.11611    -0.18717    -0.24711    0.092028    -0.12773    -0.32398     0.01409      0.2174     0.18439      1.2145    -0.12851   -0.052396    0.066379    -0.22168     0.35567    -0.07653   0.0009394   0.0012564    -0.11643     0.14278    0.039569    0.080261  -0.0073513    -0.14217    0.048754     0.29363    -0.01563   0.0052761   -0.014042    -0.36985    0.076943   -0.084292    -0.14061     0.18246    -0.17452].
   Ages are sampled.
   Parameters are updated.
   Updating parameters makes the average log-likelihood of samples increased by [0.027047    0.050762    0.082242    0.027637   -0.043168    0.083771   0.0049656    0.058044    -0.18415    0.078675   0.0064776    -0.10509    0.021265  -0.0012246    0.025556  -0.0071108    0.030907    0.056579   -0.070099   -0.010354    0.037429     0.24134   -0.041965     0.13798     0.23519    0.021584   -0.065214    -0.20225     0.36819    0.090943    0.081423  -0.0043651     0.15287    -0.10992     0.07301     0.01212  -0.0078306     0.14039   -0.011818     0.14571   -0.049201   -0.059677     0.15542   -0.011195    -0.16177    -0.11957  -0.0034276    0.003697     0.72462   -0.018046    -0.23098     0.16913    -0.28214     0.16675].
   Ages are sampled.
   Parameters are updated.
   Updating parameters makes the average log-likelihood of samples increased by [-0.037097    -0.11131    -0.14397   -0.063604    0.033917    0.017893    -0.25596  -0.0074125     0.31089   -0.052371    0.006383    0.094207     -0.2181    0.015485  0.00052403    0.019518    -0.19122   -0.041799   -0.024195    -0.75319     0.15669   -0.014617    -0.12126     0.24118     0.24814  -0.0016556    -0.09173     0.19247     0.02354     0.04204   -0.064599   -0.075959   -0.017988    -0.24161     0.02128     -0.1225    -0.02783     0.19835    0.058603    0.019342    0.022925   0.0017199    -0.43203    -0.48041    -0.25124   0.0074451   0.0060632    -0.16272    0.040118   0.0016342     0.37339     -0.0826    -0.10697    -0.14185].
   Ages are sampled.
   Parameters are updated.
   Updating parameters makes the average log-likelihood of samples increased by [-0.84887    0.071923    0.099451    -0.13043    -0.29371   -0.082006     0.23856    -0.05349    -0.36673    -0.22339    -0.20745  -0.0085622     0.15449   -0.031063     -0.1089   0.0034002    -0.11042   -0.028292    -0.12327      0.2916   -0.058604    0.039896     0.11647    0.017035   -0.013532   -0.021165   -0.020337    0.048478   -0.084522    0.058619    -0.06836    0.013335    -0.16557    0.071707   -0.008273      0.1117   -0.025266    0.065685     -0.1404   -0.018515    0.024909   -0.012264     0.46766     0.44394      0.1777    0.071258   0.0035274    0.070307    -0.26609    0.016946    -0.13556    0.069516    0.059059     0.14016].
   Records are aligned to the target stack.
   Iteration 1/10...
   Iteration 2/10...
   Iteration 3/10...
   Iteration 4/10...
   Iteration 5/10...
   Iteration 6/10...
   Iteration 7/10...
   Iteration 8/10...
   Iteration 9/10...
   Iteration 10/10...
   A new stack is updated.
#  Iteration 2:
   Ages are sampled.
   Parameters are updated.
   Updating parameters makes the average log-likelihood of samples increased by [133.5017      120.3017      121.8163      117.2697      19.83497      22.38591      183.6689       2.23122      11.26683      142.0852      99.43284      43.30832       2.02073      4.163098      9.230224      4.138348      16.84246      11.04422      9.293681      11.91082      24.36161      14.19179      4.707672      11.09894      8.281525      1.181399      28.39353      125.2163      226.9407      29.75438      7.477475      6.828558      6.418689      36.94946      8.872301      64.56529      72.49509      5.131884      109.3583       25.4312      10.36523      10.73305      35.31387      23.39078      19.73828      49.97954      104.3732      12.54801      204.0532      7.405873      6.323136      7.678287      16.62146      14.60967].
   Ages are sampled.
   Parameters are updated.
   Updating parameters makes the average log-likelihood of samples increased by [2.51766       2.9026      7.57775      5.46654     0.674621       1.3024      5.94776    0.0356165      1.31623      1.97349      2.66291      6.35093   -0.0949378      0.15246    -0.240296    0.0100079      1.30419     0.040688  -0.00652648     0.336144      1.13247      1.12454     0.405844     -0.19647     0.549395     0.061565    -0.851119       2.2353      3.51057     0.104958      0.54863      2.05804     0.285173    -0.416003    0.0263617     0.620467      0.56083    0.0976939       4.4359      4.47089     0.330744    -0.896931     0.679317      2.06115      2.91691      16.8588      3.68638     0.897811      7.50055     0.300474     0.186556     0.167232     0.276352     0.626972].
   Ages are sampled.
   Parameters are updated.
   Updating parameters makes the average log-likelihood of samples increased by [1.7106      1.0896     0.87716    0.026135     0.22907    0.077116      1.8624     0.11953   0.0049679     0.52923     0.33319      2.1795   0.0041242    -0.23218     0.19294     0.98672    -0.22204     0.74662   -0.017135     -0.1723     -0.1307     0.74928     0.17131    -0.62629     0.34988   -0.048484     0.21979    -0.19131    -0.37195   -0.065222     0.19738     0.12686   -0.017882     -1.0091    0.051866     0.28909    -0.00189    0.038108      1.0146      1.2279     0.57533    -0.21795     0.12418     0.12151    0.098098      6.3767     0.91765     0.13378      1.4041     0.11601     0.16135    -0.23495     0.05384     0.32507].
   Ages are sampled.
   Parameters are updated.
   Updating parameters makes the average log-likelihood of samples increased by [-0.047713    0.067984    -0.20462     0.38709    0.049109   -0.019819     0.17696   -0.038757     0.20759     0.32753   -0.045006    -0.12078   -0.016791    -0.43868  -0.0013168     0.28296    -0.13881   -0.065752     -0.2479    0.051044    0.037933  -0.0096849     0.17893    -0.17133   -0.040533    -0.27512    -0.40246    -0.12209     0.43584     0.24965     0.31056     -1.0626    0.027532    -0.05241     0.20033   -0.040289     0.16572    -0.16422     0.25758    0.093787    -0.19628    -0.28855    0.093158    0.023547     0.34117   -0.097831    -0.25368  -0.0020566     0.15223    -0.04187   0.0032938   -0.018648    -0.36501     0.62447].
   Ages are sampled.
   Parameters are updated.
   Updating parameters makes the average log-likelihood of samples increased by [-0.0014013    0.048247     0.40424    0.015123   0.0051357    0.024986    -0.16091    0.026059   -0.010004     -0.1074   -0.070773    -0.28654    0.020683     0.24607    0.081622    -0.37221     0.19103     0.12307      0.2695   0.0049664  -0.0020764      0.1163     -0.1614     0.16502   -0.071409   -0.035712     0.33877    0.095083   0.0070085     -0.4484     0.25158    0.024309   -0.035142   -0.018449    -0.01786   -0.018144    -0.26924      0.1226    -0.16778   -0.083729   -0.086395     0.23406     -1.1041    0.044317    -0.43828     0.25813    0.094994   -0.060078   0.0097622    0.080312     -0.5757   -0.070059     0.45676    0.061958].
   Ages are sampled.
   Parameters are updated.
   Updating parameters makes the average log-likelihood of samples increased by [0.0097762    0.019528     0.11018    -0.11164 -0.00033248    -0.12423      0.1597   -0.084929     0.13829     0.11893      0.1945     0.53694   -0.013192    -0.13902    -0.16053      0.7759  -0.0086783    -0.35593   -0.025973    -0.36367    -0.15556   -0.069844     0.15252    0.071815     0.10816     0.24847     -0.3073   -0.026641   -0.061219     0.40429   -0.086581     0.19928    0.032021    -0.01998    -0.39287    0.069762    -0.19124    0.056747     0.18197    0.066623    -0.29344     0.06401    -0.05692    -0.24794     0.26167   -0.018457     0.29273    0.061581     0.35134  -0.0086192    0.026195    0.069312   -0.072629    -0.14475].
   Ages are sampled.
   Parameters are updated.
   Updating parameters makes the average log-likelihood of samples increased by [0.023509   -0.061134   0.0039474    0.086096   -0.036942     0.12374    -0.19581   -0.009828 -6.2625e-05  -0.0064802   -0.076919    -0.01636   0.0076453    -0.54876    0.022027    -0.19602    -0.12191     0.22875   -0.028384      0.2853     0.14899    -0.32196   -0.043665    -0.02682   0.0044255      0.0754     0.16804   -0.056416    0.021461   -0.072723    0.038814  -0.0041438   -0.088251   -0.060498    -0.42803    -0.22355     0.46481   -0.031287   -0.099992    -0.14263   -0.077629   -0.098669    -0.11305     0.23191     0.17169    -0.03852   -0.076162  -0.0066737    -0.85058   -0.086724    0.022094   -0.016697     0.24328   -0.024908].
   Ages are sampled.
   Parameters are updated.
   Updating parameters makes the average log-likelihood of samples increased by [-0.028541   -0.076615  -0.0074554    0.020706   -0.081102   -0.021065     0.13856    0.068836    -0.10945     -0.1493   -0.080342   -0.070332   0.0014023    0.013214    0.029068     0.27806    0.084895  -0.0032229    0.066858    0.062637  -0.0030631     0.19913   -0.087036    0.012155  -0.0012582    0.064694     0.11026    0.039501    -0.99655     0.14889    -0.14942    -0.14052    0.087185   -0.029918     0.30163    0.060398    -0.11331    -0.13877     0.11485     0.13519    0.098991   -0.032393     0.15448   -0.015905    0.018635    -0.25609   -0.050408   0.0028138    0.011763    0.090466      0.0759  -0.0082209    -0.20844     0.14143].
   Ages are sampled.
   Parameters are updated.
   Updating parameters makes the average log-likelihood of samples increased by [0.030523   -0.015948  -0.0038205    -0.09215    0.079255  -0.0047488    0.057344    0.028676    -0.08981    0.047283    -0.11627    -0.18706   -0.093023   -0.091103    0.088009    -0.17261    0.040841   -0.018363   -0.005456   -0.010236     0.00908    0.091774     0.17896    -0.18878   -0.098409   -0.039833    -0.21665     0.06925     0.26403    -0.13592    0.087927   -0.049595    0.012236    0.077015     0.57233    0.073027    0.058619    0.059973   -0.053079    0.020513     0.31324    0.058789  -0.0078308    0.032291   -0.015132     0.24905    -0.22133   0.0038858    -0.22813   -0.052062     0.08506    0.024909     0.38661   -0.064922].
   Ages are sampled.
   Parameters are updated.
   Updating parameters makes the average log-likelihood of samples increased by [-0.074978      0.1459   -0.051102     0.07911    0.043424   0.0076466    -0.28438   -0.040758   -0.048922   -0.014703   0.0050057     0.32808    0.095375     0.02524   -0.075957   -0.066232   -0.035629     0.16171  -0.0052516    0.023145   -0.076861    -0.14632   -0.061163  -0.0095896   -0.068486   -0.037005     0.24088    -0.20079   -0.020573    0.094486    -0.19439     0.18762   -0.066106    -0.19158     0.33809    0.049308    -0.30091    0.068943   -0.080929   0.0035608     0.14481    0.039272    0.023979   -0.030573  -0.0093446    -0.36233     0.35534   -0.046075   -0.016953    0.043822   -0.033187    -0.02668    -0.38103   -0.018147].
   Records are aligned to the target stack.
   Iteration 1/10...
   Iteration 2/10...
   Iteration 3/10...
   Iteration 4/10...
   Iteration 5/10...
   Iteration 6/10...
   Iteration 7/10...
   Iteration 8/10...
   Iteration 9/10...
   Iteration 10/10...
   A new stack is updated.
#  Iteration 3:
   Ages are sampled.
   Parameters are updated.
   Updating parameters makes the average log-likelihood of samples increased by [2.0847      0.9103      2.1103     0.90962     0.30558     0.51202      3.1241    -0.22613     0.86463      1.0043      1.7806      2.0861     0.32235     0.32842   -0.046441     0.67318   -0.073433     0.06005     0.21224    0.010656     0.56308     0.90889      0.2761     0.34218    0.043893    -0.23828     0.35986      2.0873      2.0308     0.27561     -2.9885     0.74342    0.028237     0.75444     -1.2427       1.251      2.3363    -0.36369      2.2855     0.43636     0.10414     0.73502     0.19772       1.212     0.33921       1.187      2.3719     0.58658     0.83642    -0.15045     0.23542     0.21259    0.040955   -0.079089].
   Ages are sampled.
   Parameters are updated.
   Updating parameters makes the average log-likelihood of samples increased by [0.083815     0.47478    -0.31529    -0.23087    0.055859    0.010904   -0.020397    0.031308   -0.088913    0.018955    -0.38349   -0.058474    0.056315   -0.037594  -0.0044845    0.017199    -0.17005   -0.019737    0.059877   -0.099184    -0.26358     0.13067     0.49671    -0.18274    -0.13612   -0.078219     0.26239     0.16298     0.16741    -0.14291     0.67223    0.051436     0.13259   -0.016501    0.091099    0.018599    -0.34315     0.16092    -0.45292    -0.47465    0.027729     -0.1765  -0.0085658    0.047639    -0.18861   -0.040863    -0.45484   -0.019197      1.6256     0.26837   -0.050129     0.11316    -0.56839    -0.10266].
   Ages are sampled.
   Parameters are updated.
   Updating parameters makes the average log-likelihood of samples increased by [0.082282     0.65234     0.28946     0.24837    -0.19584   -0.090505    -0.27597   0.0058467     0.14323     0.28002    0.014214     0.61811  -0.0063691     0.12834    0.058399     0.10322      0.5409   -0.019842    -0.24272    -0.39364    -0.29015      0.2034   -0.037619    0.052516   -0.097426   -0.041864     0.17108   -0.045846   -0.047154    0.024886    -0.29475    -0.23267    -0.23445     0.14023   -0.088788    0.022384    0.089255    -0.17064     0.21021    0.017658   -0.034501      0.5553     0.43194    -0.14335    -0.76489   -0.044706     0.61593     0.21036    0.022743  -0.0090768    0.047261    -0.24297    0.084982     0.16209].
   Ages are sampled.
   Parameters are updated.
   Updating parameters makes the average log-likelihood of samples increased by [0.067736  -0.0090468    -0.23472     0.10049    -0.15873    0.009087   -0.042377     0.10921  -0.0097497     -0.2897    -0.27262     0.31119    0.071319     0.11223   -0.066356     -1.1333     0.30147   0.0088087     0.63691    -0.01649     0.11612    0.022656   -0.092756    0.023642   -0.050293    0.060253    0.071377    -0.38829    -0.13635  -0.0057803     0.19749    -0.35315     0.15178     0.48305   -0.089401   -0.021787   -0.063578    -0.14825   0.0010408    0.069567    -0.09056    0.015406   0.0072895   -0.049505    0.075777    -0.16929     0.45743     -0.2984     0.29014   -0.079786   -0.048765    0.008791   -0.020846    -0.14248].
   Ages are sampled.
   Parameters are updated.
   Updating parameters makes the average log-likelihood of samples increased by [-0.016755   -0.012432     0.25009     0.13815    -0.64037    -0.01216    0.019961   -0.015535    0.019183     0.16269     -1.2113     0.21688   -0.043669   -0.053742   -0.061819     0.28966    0.020818   -0.044913       0.431   -0.051034    -0.25666    -0.01553    0.017413    -0.25331    0.047911   0.0072917    -0.36538     0.63385    0.042559    0.016994     -0.1259     0.37794   -0.010762    0.072245   -0.036454   -0.081069     0.19764     0.12917    -0.72063    -0.11159     -0.4143    -0.17464   -0.020546    0.041869   -0.018663     0.18852      0.1152    -0.21178    0.028786     0.18246    0.012215    0.012154    0.046643     0.12364].
   Ages are sampled.
   Parameters are updated.
   Updating parameters makes the average log-likelihood of samples increased by [0.027331    0.036853    -0.45642    -0.69276    -0.35555 -0.00024891 -0.00071019   -0.049956     -0.1729    -0.38259    -0.11304    -0.26074    0.041078    0.055233    0.098042    0.081734    0.039792     0.04034     0.10518    -0.10284    0.035055    0.026193   -0.012639     0.27325    0.006168   -0.036021     0.31684     -0.6322    -0.80387    0.045822    -0.12232   -0.010784     0.03757    -0.58337     0.12393    0.099033   -0.028603     0.16613     0.30958    0.031061      0.6327    0.048402    -0.14968   -0.013188    -0.11697    -0.83032    0.064932     0.41603    -0.43244  -0.0054919   -0.072367   0.0063089    -0.27314   -0.076663].
   Ages are sampled.
   Parameters are updated.
   Updating parameters makes the average log-likelihood of samples increased by [0.00026836    -0.10039      0.6342    -0.27055     -0.2978   -0.027498    -0.10846   -0.060638     0.16144     0.42411   -0.033181    -0.30477   -0.036904   -0.014185   -0.036523   -0.014315    -0.10252    -0.23117    -0.59094     0.16647     0.10547   0.0042346     -0.5071    0.054311  -0.0047209    0.025121    -0.49981    -0.25037   -0.045491   -0.060135    -0.07814    0.012578    0.067051   0.0018042   -0.099821  -0.0043348    0.018243   -0.043418   -0.095867     0.16379    0.087133     0.10648   -0.040185   -0.037191     0.11824    -0.54633    -0.11018    -0.20701     0.19068    -0.47902     0.10348   -0.010654     0.35416    -0.11766].
   Ages are sampled.
   Parameters are updated.
   Updating parameters makes the average log-likelihood of samples increased by [-0.054247     0.07893     0.10062     0.62504     0.42612   -0.095392   -0.015886    0.036943    0.011948     -0.3141    0.099565     0.24532    0.040052    0.013174    -0.30899    -0.70141    0.088645      0.1977     0.36597    -0.23218     0.12018  0.00025249    -0.45721    -0.12698    -0.14589   -0.041554     0.43215     0.60262     -1.0396    0.039771     0.15435   -0.088511    -0.23557   0.0035815    -0.28849    -0.06099   -0.022358    -0.31922    0.093091    -0.43632     0.39484    0.019997     0.21521   -0.073598    0.015233    -0.80278    -0.46594     0.15492    0.092631     0.40902  -0.0058543  0.00061322    -0.38186     0.13226].
   Ages are sampled.
   Parameters are updated.
   Updating parameters makes the average log-likelihood of samples increased by [-0.076033   -0.020099    -0.16285   -0.059027     0.18119   0.0088434     0.11955     0.11907  -0.0091476     0.30629    0.025118    -0.14306    -0.23129    -0.19917     0.27762     0.19554   -0.033336    -0.14016    -0.36815     0.15931     -0.1226   0.0045085     0.40459    0.029651     0.12947    0.053874   -0.078906    -0.55247       0.609   -0.036972    0.092701   -0.058678     0.32351    -0.02991     0.40014    0.043243   -0.014437     0.41529    -0.43853     0.22556    -0.24965    -0.15636 -0.00017356    0.051991    -0.01168    0.043303     0.62467     0.20495    -0.85004    -0.14595    0.095124   0.0055759     0.80651    -0.19065].
   Ages are sampled.
   Parameters are updated.
   Updating parameters makes the average log-likelihood of samples increased by [0.029718    0.024402    -0.31868     -1.0987   -0.030381     0.11442   -0.049969    -0.14189  -0.0083741    -0.13689    -0.14512     0.14808     0.23133     0.20379     0.04688   -0.069413    -0.36112     0.16995     0.26504  0.00037703    -0.37084   0.0073726    -0.66826   -0.059409    -0.02985  -0.0046829      0.1159      1.4905   -0.054529    0.054874    -0.13868     0.12502   -0.096782   0.0076999   0.0088268   -0.045256    0.013565     0.39275     0.40178      0.1662    0.035344     0.16272    -0.11967    0.010538  -0.0064156    -0.31045     0.88599    -0.14557     0.15495     0.11144   -0.057496  0.00081106    -0.12324    -0.49305].
   Records are aligned to the target stack.
   Iteration 1/10...
   Iteration 2/10...
   Iteration 3/10...
   Iteration 4/10...
   Iteration 5/10...
   Iteration 6/10...
   Iteration 7/10...
   Iteration 8/10...
   Iteration 9/10...
   Iteration 10/10...
   A new stack is updated.
#  Iteration 4:
   Ages are sampled.
   Parameters are updated.
   Updating parameters makes the average log-likelihood of samples increased by [-0.042513     -0.2324      1.9254    -0.40921     0.13343    -0.30269      1.6329     0.14347   -0.012641    -0.95446      0.2276    -0.84784    -0.10995    0.089248    -0.11105     0.75512   -0.017433   -0.025838     0.20707    0.024524     0.45465  -0.0040285   -0.030858    0.015842    0.060154     0.29042     0.14216     0.85897      1.8244     0.35675     0.82107      1.9546     0.13237      0.3737     0.20566     0.24955  -0.0096582     0.06551     0.88797    -0.15592    -0.16492    -0.53724    -0.56202     -0.1059   -0.070199    -0.33758    -0.47195   -0.049768      1.3772    -0.54062   -0.027667 -0.00048844     0.40888     0.20718].
   Ages are sampled.
   Parameters are updated.
   Updating parameters makes the average log-likelihood of samples increased by [0.029936     0.10399   -0.051178     -1.2699   -0.036837    0.063802       1.119   -0.055122    0.094084     0.15653     -0.4829    -0.04154   -0.091861   0.0018499    -0.14354     0.13521   -0.015916    0.036415    -0.08637     0.11053   -0.007627   -0.047492   -0.031807    0.006172    -0.37281    0.012584    0.077668    -0.21229     0.13661     0.14971    -0.13767     0.32997   -0.016272    -0.04277     0.10731     0.15248    -0.48666     0.31704      1.3446     0.60249    0.016454   -0.090865    -0.18238     0.21152    -0.17789    0.020961    -0.48231   -0.080155    0.067285     0.17863   0.0048346    0.095579    0.074777    0.046286].
   Ages are sampled.
   Parameters are updated.
   Updating parameters makes the average log-likelihood of samples increased by [0.078485     0.56353    0.080003    0.016911    -0.52769  0.00011913    -0.78459  -0.0042986    -0.52189    -0.20542   0.0023761     0.21123  -0.0032515     0.08452     0.34822    0.054094    0.024052     0.08464    0.012462    0.055999     0.18901   -0.065262   -0.097634    0.005314    0.076088   -0.002847     -0.1499     0.46723    0.035029    0.011288     0.92527    0.065023    0.053111    -0.17828   -0.078586     0.26925     0.11776    -0.32723     0.49263   -0.057545   -0.019015    0.034034   -0.052823    -0.29186    0.048775     -0.3014      1.4415    -0.36186  0.00094886      -1.003   -0.075563   -0.050007   -0.040199    -0.11342].
   Ages are sampled.
   Parameters are updated.
   Updating parameters makes the average log-likelihood of samples increased by [0.059085     0.12619   -0.011944  -0.0090123     -0.1936    -0.38687     -0.1513    0.034796      0.1293    -0.66198    -0.43943   -0.019231    -0.13384    0.027853    -0.13984    -0.23075     0.11002     0.12662  -0.0009167   -0.048291   -0.012652   -0.015029     0.16944      0.1324    -0.10452    0.048925  -0.0041593   -0.027531   -0.056525     0.04463    -0.35636    0.040576     0.12272     0.11443    0.073087    0.052942     0.19931   -0.028286     0.18964  0.00058102     0.16435     0.41564    0.014148   -0.010849    -0.05212     0.45759      1.0427      -0.018  -0.0080126     0.35258     0.23824   -0.049881   -0.012174    0.036853].
   Ages are sampled.
   Parameters are updated.
   Updating parameters makes the average log-likelihood of samples increased by [-0.27125    -0.15654    -0.22722   -0.079294     0.26804      0.3665     0.10603     -0.1643  -0.0033753    -0.34252     0.32502    -0.19008     0.14617   -0.005357     0.24986    -0.27591    0.029755   -0.051572   -0.093029    0.051675    0.012723    0.068626   0.0045482    0.072579     0.25043    0.062194    0.065253  -0.0017265     0.10829     0.09237  -0.0092858   -0.063437   0.0059592    0.094619    -0.20552   -0.011432    0.020542     0.03649    0.014649    0.033903   -0.069558    -0.53457   -0.049738   -0.014365    0.014088    -0.28979     0.47889  -0.0018744     0.71302    0.070768    -0.12696   -0.045337  -0.0080841      1.1226].
   Ages are sampled.
   Parameters are updated.
   Updating parameters makes the average log-likelihood of samples increased by [-0.39311     0.16262     0.21074    0.062507   -0.075973    0.063109   -0.012478      0.1432    0.048185     0.34172   -0.042499     0.11693  -0.0093256   -0.046691    -0.15289  -0.0037645    -0.13116    0.091619    0.060715   -0.028386   -0.094479     0.00884   -0.022031   -0.062513    -0.21114      0.1357    0.053278   0.0061358    -0.43025  -0.0057899     0.24362   -0.084345   -0.024586   -0.075629     0.55186    0.026562    -0.19622    -0.12188   -0.014755    -0.13958     0.57383    -0.14174     0.18141    -0.14562   -0.010937     0.26848    -0.81129    -0.14229    0.037463   -0.098418    -0.25684      0.1817    0.023715   0.0093951].
   Ages are sampled.
   Parameters are updated.
   Updating parameters makes the average log-likelihood of samples increased by [0.44811    -0.15184    0.068437   -0.014088     0.14071    0.021305    0.020399    -0.49823   0.0095277   -0.068017     0.26148    0.049388  -0.0084326    -0.01013    -0.42063     0.15805      0.1101    0.023493    0.015356    0.024563    -0.15332   0.0099869    0.030259     0.15395     0.24815    -0.11735      -0.682   -0.026407     0.36893    -0.30057    -0.14404     0.12942    0.013408   0.0036381    0.067457   -0.091832     0.17832    0.049468   0.0076138    0.026947    -0.05041     0.44316    -0.26205     0.15023    0.037108     -0.2537       2.516     0.14953 -0.00075798    0.079458     0.32817   -0.056575 -0.00051517   -0.039941].
   Ages are sampled.
   Parameters are updated.
   Updating parameters makes the average log-likelihood of samples increased by [0.20959     0.11331   -0.081179    0.027525    -0.13192    -0.26812   -0.070843     0.22331    0.079856      -0.055    -0.45579    0.043165  -0.0019051    0.057281      0.3595    -0.10256   -0.013685     0.01521    -0.14574   -0.098182    0.025561   -0.077716 -0.00074315    -0.18173   -0.061111    -0.41624  -0.0026995   -0.024663   0.0042088     0.18909    -0.26239    -0.42882    0.017278    -0.16763  -0.0049356    0.043523    0.024607   -0.087037    -0.13749    -0.22055    0.086224      -1.387    0.066855    -0.22413   -0.032956     0.26058    -0.48695    -0.11219    0.036794   -0.066641    0.061503    -0.10965   -0.016115    0.042716].
   Ages are sampled.
   Parameters are updated.
   Updating parameters makes the average log-likelihood of samples increased by [-0.0086444    -0.83993   -0.068738   -0.081255    0.070285     0.17478    0.052978     0.28902    -0.14962     0.10823    -0.49426    -0.17644  -0.0001461  -0.0035492    0.027332     0.16694    0.027839   -0.071913     0.20564      0.0843     0.15403   -0.029139   -0.019538  -0.0035053    -0.20586     0.41023    -0.25238    0.042836    0.037051     0.11338    -0.12758     0.45969   -0.032278     0.24426   0.0080451     -0.1804   -0.072469    0.091869    0.089713     0.10074   -0.095367   0.0059615    0.090219     0.23925    0.039419    -0.17664    0.077565    0.095448    -0.12461   0.0090485    -0.56307      0.2188   -0.049605    -0.24516].
   Ages are sampled.
   Parameters are updated.
   Updating parameters makes the average log-likelihood of samples increased by [0.0027679    -0.51294    -0.31366   -0.070249   -0.077268    -0.24387  -0.0076765    -0.22314    0.099053   -0.060004     0.75688    0.050443    0.011017    0.027624    -0.35804    -0.17623    -0.18528    0.021319   0.0067515  -0.0054668    0.039343    0.090834    0.012554    -0.14613     0.12222    0.082549     0.18484   -0.099762    0.013817   -0.054585     0.39901  -0.0080609   -0.073755    -0.12348    -0.02693     0.20499 -0.00082215  0.00083086    -0.46211     0.19873    0.066467   -0.074821    -0.56275     0.03176   0.0017449   -0.070439   -0.073092    0.022916     0.14818    0.052024    0.089111    0.049469    0.067819     0.24279].
   Records are aligned to the target stack.
   Iteration 1/10...
   Iteration 2/10...
   Iteration 3/10...
   Iteration 4/10...
   Iteration 5/10...
   Iteration 6/10...
   Iteration 7/10...
   Iteration 8/10...
   Iteration 9/10...
   Iteration 10/10...
   A new stack is updated.
#  Iteration 5:
   Ages are sampled.
   Parameters are updated.
   Updating parameters makes the average log-likelihood of samples increased by [0.11075     0.75774   -0.020649    -0.15599    -0.12636     0.31952     0.16443    0.091632    -0.63675    0.056386     0.62087    0.075453    0.079578    0.045753    -0.10287      1.0709   -0.044835     0.20309    -0.16535    -0.25019     0.44567   -0.040278    -0.77694     0.12034     0.13899     0.19593   -0.018712     0.15866    -0.35099     0.36151      1.0516      1.1857    0.028567     0.18094     0.11526    -0.34337     0.22589     0.12887     0.53085   -0.031209    -0.43795    -0.26649     0.18414     0.47441   -0.081088     0.27175      1.8665     0.52594     0.43818     0.12388    0.045086     0.39215    -0.41865     0.48644].
   Ages are sampled.
   Parameters are updated.
   Updating parameters makes the average log-likelihood of samples increased by [0.040537   -0.046692     0.30663    0.083319    -0.28744    0.026736     0.41935   0.0053051     0.55991     0.19231 -0.00058465      2.4855    0.071858    -0.11024    -0.25422   -0.012356    0.054976    0.075211     0.11994    0.055069   -0.068692    0.047064    0.099373   -0.016828    0.058442     0.33163     0.11222  -0.0061551     -0.9587    0.011345    0.068933  -0.0063228    0.085667     0.10904    0.052661   -0.018329     0.10656   -0.086947   -0.012522    0.023264     0.11349    -0.15456   0.0091102   -0.024616     0.10357      -1.327     0.37222   -0.046277   -0.079374    -0.10418    0.010437     0.17299    -0.19023    -0.11985].
   Ages are sampled.
   Parameters are updated.
   Updating parameters makes the average log-likelihood of samples increased by [-0.088741    -0.17812     0.10893    -0.56872    -0.04999    0.011313     0.27462    -0.11241   -0.052406     0.17612     0.24845     0.35696    0.014571     0.81612   -0.085512     0.59368     0.21989    -0.17875    0.014045    0.070487    -0.25362    -0.11934     0.11657    0.075578     0.19018  -0.0013145    -0.52652   0.0098084   -0.019416   -0.069656      1.0463     0.17732   -0.026643   -0.066786    -0.15264     0.12781   -0.034503    0.013262    -0.51296     0.66582     -1.1466    -0.24967      0.1407  -0.0084144   -0.052328      0.3735      2.1317    -0.01756      0.2142    -0.01473    0.085325    0.060081     0.22009   -0.045967].
   Ages are sampled.
   Parameters are updated.
   Updating parameters makes the average log-likelihood of samples increased by [-0.66482    0.019743    0.096048     0.32793     0.13535    0.096561  -0.0032367     0.14311    -0.10785     0.82661    0.048924   -0.014961 -0.00028738   -0.071982    -0.02953     0.26716     0.11717   -0.063493    -0.14552     0.12569         0.3    -0.06379      0.3256   -0.073218   0.0087049    -0.11772    0.020017    0.024953     0.10013     0.25223     0.59957    -0.12836     0.37681     0.12904   -0.063883     -0.2517    -0.23484    -0.16684    0.053114    -0.23842   -0.056958     0.53088    -0.73833     0.39689    -0.16427      1.0391     0.71254     0.31708      0.5598   -0.015231   0.0080882    0.022285   -0.050739    -0.41863].
   Ages are sampled.
   Parameters are updated.
   Updating parameters makes the average log-likelihood of samples increased by [0.13938   0.0056028    -0.17533    -0.13153     0.40072   -0.087879    -0.14444   -0.011587     0.20904   -0.084227   -0.053566    -0.18778  0.00012591    0.027099    -0.29139  -0.0044705    -0.58259   -0.048955     0.22032 -3.7744e-05    -0.10658   -0.055733    0.022435   -0.018617 -7.9262e-05     0.20473   -0.057168     0.45672    0.034806    -0.98157    -0.14752  0.00074036     -0.2849   -0.079536    -0.05416     0.46015     0.37302     0.24325    -0.21806     0.21941    0.020876     0.24469    0.098393    -0.67195     0.16727   -0.091315    0.074773   -0.013016    -0.13183   -0.022675  -0.0039748    -0.28839     0.34483      0.4313].
   Ages are sampled.
   Parameters are updated.
   Updating parameters makes the average log-likelihood of samples increased by [-0.10565  -0.0043624     0.10099    0.062936    -0.12683    0.086247     0.13745      0.1423     0.15555     0.39043    0.034634     0.18441   -0.026235    0.019017     0.35438    -0.10365     0.20352     0.10657   -0.094549   -0.026011    0.040813    0.078155   -0.018455  -0.0015362   -0.013712    0.013597    -0.07945    -0.29399    -0.81367     0.28343     0.28415    -0.25088   -0.052576    -0.17449    -0.13472   -0.074172   -0.014106   -0.083218     0.20783    -0.16939    0.044757    -0.13841    0.067473    -0.14811    -0.21564    0.017792     0.04888   -0.049193     0.30523    0.027187    0.004698     0.16883     0.21817   -0.031507].
   Ages are sampled.
   Parameters are updated.
   Updating parameters makes the average log-likelihood of samples increased by [0.10193  -0.0060847    0.070928   -0.055753    -0.27929    -0.16186  -0.0040233    -0.22644    -0.47339    -0.10857     0.01751    -0.30337   -0.030067  -0.0045922    -0.75171     0.29503    0.027301   -0.016779     0.12013   -0.041994    0.014448   0.0017785    -0.01657    0.084653   -0.019272  -0.0068174     0.18327     0.70372      2.3889   0.0062845    -0.73797     0.26223    0.030782    0.014132      0.4402    -0.12977     0.06145    0.059686   -0.062929     0.15841   -0.034164    -0.91708    0.065239   -0.015525   -0.054979    0.069882   -0.024627     0.07441    0.023273    -0.48383   0.0021604    -0.07131      0.1576    0.023235].
   Ages are sampled.
   Parameters are updated.
   Updating parameters makes the average log-likelihood of samples increased by [-0.13677    -0.13598    -0.21854    -0.27351   -0.013917     0.15584    -0.11128   0.0086694     0.48733     -0.5142  -0.0069902      0.2183    0.046127  -0.0025491    -0.23328   -0.090275     0.10299  -0.0077311    0.047403    -0.07257    0.088655  -0.0041481    0.015816   0.0045883    0.034589   0.0070224     0.23437     0.36055    -0.27935    -0.02507    -0.23445    -0.12022     0.03911   -0.066414    -0.18338    -0.37954   -0.010952  0.00099901    0.012075   -0.065785    0.038525      0.1054   -0.087318     0.12002    0.048983    -0.22492   0.0082824     -0.1624   -0.094775     0.50123   -0.008392     0.17833    -0.90765   -0.060557].
   Ages are sampled.
   Parameters are updated.
   Updating parameters makes the average log-likelihood of samples increased by [0.077492      0.1352     0.20321     0.14435    0.032921    -0.16154     0.14805   -0.029876    -0.20763     0.50536   -0.076765    0.060125    -0.02724    0.018105    0.087081    -0.10356    0.043678   0.0029808   -0.013161      0.1405    -0.46077   -0.028318    0.049401   -0.036445   -0.047374   -0.027682    -0.49631    -0.41302    0.032517    0.029168     0.19112     0.17929   0.0012785     0.16716    -0.22703     0.65125   0.0095608   -0.052136   -0.050713    0.066255   -0.035842    -0.45185    0.038103  -0.0078989    0.095334     -0.5466   -0.072215    0.068799    -0.43487  -0.0017931    -0.31256   0.0087426     -0.3548   0.0013387].
   Ages are sampled.
   Parameters are updated.
   Updating parameters makes the average log-likelihood of samples increased by [-0.20842   -0.064522    -0.29482    -0.29401    0.022773     0.16797    -0.11136    0.040821   0.0019432    0.090233    0.086534  -0.0063535   -0.052979   -0.092111     0.16164    0.025143    -0.11073    0.018041      -0.164    0.010866     0.46845    0.024992   -0.014687    0.025789    0.047966    0.030113     0.46091     0.51226    -0.18851    -0.02475     0.16418    0.037376     0.25822   -0.040375     0.40849  -0.0095757   -0.090371    -0.11212    0.093196    -0.12069    0.025938     0.20829    0.053661   -0.017781    -0.31965     -0.2968    -0.22254     -0.2871     -0.3218     0.10777     0.31323    -0.11839  0.00062024    0.017102].
   Records are aligned to the target stack.
   Iteration 1/10...
   Iteration 2/10...
   Iteration 3/10...
   Iteration 4/10...
   Iteration 5/10...
   Iteration 6/10...
   Iteration 7/10...
   Iteration 8/10...
   Iteration 9/10...
   Iteration 10/10...
   A new stack is updated.
   Done.
#  Age model construction algorithm is now running...
#  Iteration 1:
   Ages are sampled.
   Parameters are updated.
   Updating parameters makes the average log-likelihood of samples increased by [-0.026879    -0.43757    -0.27357     0.51238     -0.3361     0.19054     0.25103    0.067086   -0.026006     0.08566    -0.11598      -0.775    0.099524    -0.10538     0.10004    -0.60239   -0.011692   0.0044126   0.0055359    -0.23767    -0.10264     0.11061     0.60847     0.33658     0.17878    -0.48436    -0.29319    -0.27853     0.27416     -0.4333     0.11493    -0.25249     -1.4543      0.1521     0.16635   -0.022025    -0.14493     0.17036    0.084131     0.10918   -0.063837   -0.038203    0.013251    0.029571    0.047598    -0.30634      2.1093      0.1519      0.5373      0.2505    0.056836    0.037392     0.32034   0.0066352].
#  Iteration 2:
   Ages are sampled.
   Parameters are updated.
   Updating parameters makes the average log-likelihood of samples increased by [-0.73893      1.3082     0.44305     0.50914     0.39897    -0.25324     0.76662   -0.022324   -0.050789     0.70634    0.087727    -0.18489   0.0055812     0.10943   -0.080012    -0.39935    -0.12237    -0.11593     0.02834     0.21945   -0.029954   -0.021453   -0.012317   -0.088971    -0.86254     0.13378    -0.64544    0.073564     -1.1052    -0.13791   -0.086397    -0.40874     0.13562    -0.37252     0.12324   -0.091702     0.18763    -0.24737   -0.093601    0.051435     0.29952     0.14085     0.20727  -0.0095735     -0.1413   -0.020413      2.7123     0.25014    -0.27342   -0.083822    0.069967    -0.10419     0.07388     0.41303].
#  Iteration 3:
   Ages are sampled.
   Parameters are updated.
   Updating parameters makes the average log-likelihood of samples increased by [-0.25306    -0.27939     0.29584    -0.31492   -0.069157     -0.1815   -0.051533    0.094116  -0.0096087    -0.08181    -0.33887     0.12857  -0.0097027    0.077616    -0.59295    -0.24606  -0.0081447  -0.0054304     0.12494     0.13984    -0.27012   -0.007109     0.26498   -0.087132    0.069928    -0.32376      0.2402    -0.12652     0.81466    -0.30919     0.54514       1.101     0.42221    -0.38517    -0.18533    0.050933    -0.10852    0.099282     0.10498     0.16698    -0.15286    0.051411    -0.14886    -0.10708    0.010406      1.3194     -0.3575     0.44532  -0.0046532    0.064946    0.017991    -0.38683     0.49679   -0.034518].
#  Iteration 4:
   Ages are sampled.
   Parameters are updated.
   Updating parameters makes the average log-likelihood of samples increased by [0.078589     0.90238     0.86862     0.03521    -0.03392    -0.16917    -0.24118     0.07001    -0.19867     0.16337     0.23456     0.07895   -0.011763   -0.012386   0.0083526   -0.058455     0.17467     0.24869    0.073639   -0.048124    -0.49658     -0.1802    -0.34071    0.070464    -0.08025     0.16878    -0.88951     -1.2904     -1.5681   0.0024943    -0.18745      0.1135   0.0059316  -0.0026341    -0.15837     -0.4655   -0.021666    -0.40509   -0.043349   -0.081182     -0.4531     0.12313    0.050907   -0.023959     0.11329    0.036061     0.15128    -0.13016     0.10728    0.083377    0.010826   -0.031529    0.018821    0.052355].
#  Iteration 5:
   Ages are sampled.
   Parameters are updated.
   Updating parameters makes the average log-likelihood of samples increased by [-0.013062     0.32105     0.34856    0.083264    0.078461   -0.014638      0.2589   -0.049367     0.18034    -0.46282     0.32679    0.019109   -0.029123    0.022788   -0.057372    0.027252     0.12847    -0.13297    0.036098    0.037946     0.53033     0.15578     0.24681     0.01951    0.062688     0.16168     0.21556     0.52417    0.059992     0.12738    -0.25014   -0.012284   -0.047386   -0.020715     0.18027     0.40228  -0.0028714     0.24216    0.048682     0.96193     0.43613   -0.045854   -0.065253    -0.54342   -0.030802    -0.72454    -0.37688     0.28833     0.19484    -0.19719   -0.065566    -0.17405   -0.010124   -0.014229].
#  Iteration 6:
   Ages are sampled.
   Parameters are updated.
   Updating parameters makes the average log-likelihood of samples increased by [0.029543    -0.96292   0.0076935    -0.11113   -0.025498     0.11861    -0.23881   -0.050772     0.12528    -0.94432    0.080921   -0.079934    0.020168   -0.063545     0.05375   -0.068699     -0.1791     0.14115    0.017505    -0.11042     0.10438    0.034131    -0.19097  0.00043116   -0.010358    -0.18091    0.073814    0.060739    -0.17402    0.023091     0.35629    0.011459    0.047737   -0.063315     -0.2685   -0.041714    -0.11713     0.19746   0.0073476     0.18149    0.018617   -0.073575    0.060615    0.010086    -0.62461   -0.028388     0.40674    -0.10754    0.036898     0.10724  -0.0099709    -0.17868   0.0058109    -0.10519].
#  Iteration 7:
   Ages are sampled.
   Parameters are updated.
   Updating parameters makes the average log-likelihood of samples increased by [-0.10265     0.42842    -0.30704     -1.0157    0.020299    -0.16328     0.12907    0.081021   -0.013004     0.14982   -0.011561    0.054757   -0.034912    0.064711    -0.22433   0.0021452    0.063516    -0.04901  9.8655e-05    -0.16547   -0.015079  -0.0051892      0.1592   -0.032213   1.094e-05     0.19809  0.00082332      -1.031    -0.60699  -0.0033114    -0.38621 -6.3169e-05    -0.01986    0.020544     0.11039       0.083    -0.33387    -0.21083    -0.16669    -0.21055   -0.010359    0.088173   -0.010302   -0.010842   -0.035315   -0.081332    -0.15146    -0.33263    0.025848    -0.19214   -0.013418     0.36371   0.0077551   -0.027174].
#  Iteration 8:
   Ages are sampled.
   Parameters are updated.
   Updating parameters makes the average log-likelihood of samples increased by [0.10156    0.021433     0.29063    0.080256    -0.11466    0.047366    -0.47621    -0.12349    0.076416    -0.12993    -0.11131   -0.036513   -0.064118  -0.0042378      0.1744    0.070089    0.067642     -0.1854   0.0088977     0.29027     0.01338    -0.29225    -0.29204    0.031222   -0.087691    -0.17986    -0.07064  -0.0066349      1.1101   -0.067089     0.41684   -0.072383   -0.010089    -0.30558    -0.20408    0.024471      0.2825     0.24842     0.16947    0.071386    0.024063   -0.055501 -0.00086265   0.0088385  -0.0082297     0.17695     0.16703    0.022559  -0.0076788     0.27418    0.088489   0.0060698  -0.0080968     0.15456].
#  Iteration 9:
   Ages are sampled.
   Parameters are updated.
   Updating parameters makes the average log-likelihood of samples increased by [-0.0042071    -0.45229    0.014737    -0.10213    0.046982     0.12792     0.57286    -0.05258    -0.36792    -0.34997     0.10508    -0.29074     0.11242   -0.012115   -0.099774   -0.056573  -0.0077296     0.21407   0.0059576   -0.068381    -0.33856     0.27797     0.12911   -0.035927    0.052789    0.021932    -0.18182   0.0053639    -0.41646    -0.01127    -0.22663    0.036681    0.044335     0.32292     -0.2472   -0.051676     0.16374    -0.17455    -0.10388    -0.50117    -0.27567    0.042393    0.014911   -0.058091  -0.0040776    -0.35198    -0.41098       0.397   -0.022269     -1.0537  0.00073343   -0.024228   -0.048343   -0.052879].
#  Iteration 10:
   Ages are sampled.
   Parameters are updated.
   Updating parameters makes the average log-likelihood of samples increased by [-0.13234     0.40945    -0.22764    0.073596    0.082088    0.033285     0.13324    0.079754     0.46192     0.11023    -0.75488     0.18113 -0.00089214    0.015086     0.12804   -0.063518    0.029973    -0.11413    -0.29405     0.11201     0.14754    -0.12213     0.25828    0.038544    0.059363     -0.2141     0.26083   0.0033633     0.66393     -0.4405    0.088235  -0.0017858   -0.092246    0.049294     0.34263    -0.12658    0.008248     0.17794    -0.33827     0.11313     0.27776    0.042969   -0.017094    0.047422   -0.046325     0.34344     0.40909   -0.032925   -0.071532     0.19319    -0.23642    0.024611    0.042267    0.043977].
#  Parameters are learned. Sampling algorithm is now running...
-------------------------------------------------------------------------------------------
#  Results and figures are being stored...
[Warning: MATLAB has disabled some advanced graphics rendering features by
switching to software OpenGL. For more information, click <a
href="matlab:opengl('problems')">here</a>.] 
   Done.
   Results and figures are stored in Outputs/R59_d18O_stack(1).
-------------------------------------------------------------------------------------------
Parallel pool using the 'Processes' profile is shutting down.
Time elapsed = 49159 s
