MATLAB is selecting SOFTWARE OPENGL rendering.
OMP: Warning #181: OMP_STACKSIZE: ignored because KMP_STACKSIZE has been defined

                            < M A T L A B (R) >
                  Copyright 1984-2022 The MathWorks, Inc.
                  R2022a (9.12.0.1884302) 64-bit (glnxa64)
                             February 16, 2022

 
To get started, type doc.
For product information, visit www.mathworks.com.
 
Starting parallel pool (parpool) using the 'local' profile ...
Connected to the parallel pool (number of workers: 36).
Number of workers: 36
-------------------------------------------------------------------------------------------
## BIGMACS: Bayesian Inference Gaussian Process Multiproxy Alignment of Continuous Signals
-------------------------------------------------------------------------------------------
## Stack construction algorithm is now running...
#  Initializing...
   Data are loaded successfully.
   Initializing the age samples...
1012_LR04age
1020_LR04age
1123_LR04age
1143_LR04age
1148_LR04age
677_LR04age_1
846_LR04age
849_LR04age_1
DSDP593
MV0502_3
ODP1143
ODP1146
ODP1147
ODP1241_1
U1483_2
1012_LR04age
1012_LR04age
1012_LR04age
1012_LR04age
1012_LR04age
1012_LR04age
1012_LR04age
1012_LR04age
1012_LR04age
1012_LR04age
1012_LR04age
1012_LR04age
1012_LR04age
1012_LR04age
1012_LR04age
1012_LR04age
1012_LR04age
1012_LR04age
1020_LR04age
1020_LR04age
1020_LR04age
1020_LR04age
1020_LR04age
1020_LR04age
1020_LR04age
1020_LR04age
1020_LR04age
1020_LR04age
1020_LR04age
1020_LR04age
1020_LR04age
1020_LR04age
1020_LR04age
1020_LR04age
1020_LR04age
1020_LR04age
1020_LR04age
1020_LR04age
1020_LR04age
1020_LR04age
1020_LR04age
1020_LR04age
1020_LR04age
1020_LR04age
1020_LR04age
1020_LR04age
1020_LR04age
1020_LR04age
1020_LR04age
1020_LR04age
1020_LR04age
1020_LR04age
1020_LR04age
1020_LR04age
1020_LR04age
1020_LR04age
1020_LR04age
1020_LR04age
1020_LR04age
1020_LR04age
1020_LR04age
1020_LR04age
1020_LR04age
1020_LR04age
1020_LR04age
1020_LR04age
1020_LR04age
1020_LR04age
1020_LR04age
1020_LR04age
1123_LR04age
1123_LR04age
1123_LR04age
1123_LR04age
1123_LR04age
1123_LR04age
1123_LR04age
1123_LR04age
1123_LR04age
1123_LR04age
1123_LR04age
1123_LR04age
1123_LR04age
1123_LR04age
1123_LR04age
1123_LR04age
1123_LR04age
1123_LR04age
1123_LR04age
1123_LR04age
1123_LR04age
1123_LR04age
1123_LR04age
1123_LR04age
1123_LR04age
1123_LR04age
1123_LR04age
1143_LR04age
1143_LR04age
1143_LR04age
1143_LR04age
1143_LR04age
1143_LR04age
1143_LR04age
1143_LR04age
1143_LR04age
1143_LR04age
1143_LR04age
1143_LR04age
1143_LR04age
1143_LR04age
1143_LR04age
1143_LR04age
1143_LR04age
1143_LR04age
1143_LR04age
1143_LR04age
1143_LR04age
1143_LR04age
1143_LR04age
1143_LR04age
1143_LR04age
1143_LR04age
1143_LR04age
1143_LR04age
1143_LR04age
1143_LR04age
1143_LR04age
1143_LR04age
1143_LR04age
1143_LR04age
1143_LR04age
1143_LR04age
1143_LR04age
1143_LR04age
1143_LR04age
1143_LR04age
1143_LR04age
1143_LR04age
1143_LR04age
1143_LR04age
1143_LR04age
1143_LR04age
1143_LR04age
1143_LR04age
1143_LR04age
1143_LR04age
1148_LR04age
1148_LR04age
1148_LR04age
1148_LR04age
1148_LR04age
1148_LR04age
1148_LR04age
1148_LR04age
1148_LR04age
1148_LR04age
1148_LR04age
1148_LR04age
1148_LR04age
1148_LR04age
1148_LR04age
1148_LR04age
1148_LR04age
1148_LR04age
1148_LR04age
1148_LR04age
1148_LR04age
677_LR04age_1
677_LR04age_1
677_LR04age_1
677_LR04age_1
677_LR04age_1
677_LR04age_1
677_LR04age_1
677_LR04age_1
677_LR04age_1
677_LR04age_1
677_LR04age_1
677_LR04age_1
677_LR04age_1
677_LR04age_1
677_LR04age_1
677_LR04age_1
677_LR04age_1
677_LR04age_1
677_LR04age_1
677_LR04age_1
677_LR04age_1
677_LR04age_1
677_LR04age_1
677_LR04age_1
677_LR04age_1
677_LR04age_1
677_LR04age_1
677_LR04age_1
677_LR04age_1
677_LR04age_1
677_LR04age_1
677_LR04age_1
677_LR04age_1
677_LR04age_1
677_LR04age_1
677_LR04age_1
677_LR04age_1
677_LR04age_1
677_LR04age_1
677_LR04age_1
677_LR04age_1
677_LR04age_1
677_LR04age_1
677_LR04age_1
677_LR04age_1
677_LR04age_1
677_LR04age_1
677_LR04age_1
677_LR04age_1
677_LR04age_1
677_LR04age_1
677_LR04age_1
677_LR04age_1
846_LR04age
846_LR04age
846_LR04age
846_LR04age
846_LR04age
846_LR04age
846_LR04age
846_LR04age
846_LR04age
846_LR04age
846_LR04age
846_LR04age
846_LR04age
846_LR04age
846_LR04age
846_LR04age
846_LR04age
846_LR04age
846_LR04age
846_LR04age
846_LR04age
846_LR04age
846_LR04age
846_LR04age
846_LR04age
846_LR04age
846_LR04age
846_LR04age
846_LR04age
846_LR04age
846_LR04age
846_LR04age
846_LR04age
846_LR04age
846_LR04age
846_LR04age
846_LR04age
846_LR04age
846_LR04age
846_LR04age
846_LR04age
846_LR04age
846_LR04age
846_LR04age
846_LR04age
849_LR04age_1
849_LR04age_1
849_LR04age_1
849_LR04age_1
849_LR04age_1
849_LR04age_1
849_LR04age_1
849_LR04age_1
849_LR04age_1
849_LR04age_1
849_LR04age_1
849_LR04age_1
849_LR04age_1
849_LR04age_1
849_LR04age_1
849_LR04age_1
849_LR04age_1
849_LR04age_1
849_LR04age_1
849_LR04age_1
849_LR04age_1
849_LR04age_1
849_LR04age_1
849_LR04age_1
849_LR04age_1
849_LR04age_1
849_LR04age_1
849_LR04age_1
849_LR04age_1
849_LR04age_1
849_LR04age_1
849_LR04age_1
849_LR04age_1
849_LR04age_1
849_LR04age_1
849_LR04age_1
849_LR04age_1
849_LR04age_1
849_LR04age_1
849_LR04age_1
849_LR04age_1
849_LR04age_1
849_LR04age_1
849_LR04age_1
849_LR04age_1
849_LR04age_1
849_LR04age_1
849_LR04age_1
849_LR04age_1
849_LR04age_1
DSDP593
DSDP593
DSDP593
DSDP593
DSDP593
DSDP593
DSDP593
DSDP593
DSDP593
DSDP593
DSDP593
DSDP593
DSDP593
DSDP593
DSDP593
DSDP593
DSDP593
DSDP593
DSDP593
DSDP593
DSDP593
DSDP593
DSDP593
DSDP593
DSDP593
DSDP593
DSDP593
DSDP593
DSDP593
DSDP593
DSDP593
DSDP593
DSDP593
DSDP593
DSDP593
DSDP593
DSDP593
DSDP593
DSDP593
DSDP593
DSDP593
MV0502_3
MV0502_3
MV0502_3
MV0502_3
MV0502_3
MV0502_3
MV0502_3
MV0502_3
MV0502_3
MV0502_3
MV0502_3
MV0502_3
MV0502_3
MV0502_3
MV0502_3
MV0502_3
MV0502_3
MV0502_3
MV0502_3
MV0502_3
MV0502_3
MV0502_3
MV0502_3
MV0502_3
MV0502_3
MV0502_3
MV0502_3
MV0502_3
MV0502_3
MV0502_3
MV0502_3
MV0502_3
MV0502_3
MV0502_3
MV0502_3
MV0502_3
MV0502_3
MV0502_3
MV0502_3
MV0502_3
MV0502_3
MV0502_3
MV0502_3
MV0502_3
MV0502_3
MV0502_3
MV0502_3
MV0502_3
MV0502_3
MV0502_3
MV0502_3
MV0502_3
MV0502_3
ODP1143
ODP1143
ODP1143
ODP1143
ODP1143
ODP1143
ODP1143
ODP1143
ODP1143
ODP1143
ODP1143
ODP1143
ODP1143
ODP1143
ODP1143
ODP1143
ODP1143
ODP1143
ODP1143
ODP1143
ODP1143
ODP1143
ODP1143
ODP1143
ODP1143
ODP1143
ODP1143
ODP1143
ODP1143
ODP1143
ODP1143
ODP1143
ODP1143
ODP1143
ODP1143
ODP1143
ODP1143
ODP1143
ODP1143
ODP1143
ODP1143
ODP1143
ODP1143
ODP1143
ODP1143
ODP1143
ODP1143
ODP1143
ODP1146
ODP1146
ODP1146
ODP1146
ODP1146
ODP1146
ODP1146
ODP1146
ODP1146
ODP1146
ODP1146
ODP1146
ODP1146
ODP1146
ODP1146
ODP1146
ODP1146
ODP1146
ODP1146
ODP1146
ODP1146
ODP1146
ODP1146
ODP1146
ODP1146
ODP1146
ODP1146
ODP1146
ODP1146
ODP1146
ODP1146
ODP1146
ODP1146
ODP1146
ODP1146
ODP1146
ODP1146
ODP1146
ODP1146
ODP1146
ODP1146
ODP1146
ODP1146
ODP1146
ODP1146
ODP1146
ODP1146
ODP1146
ODP1146
ODP1147
ODP1147
ODP1147
ODP1147
ODP1147
ODP1147
ODP1147
ODP1147
ODP1147
ODP1147
ODP1147
ODP1147
ODP1147
ODP1147
ODP1147
ODP1147
ODP1147
ODP1147
ODP1147
ODP1147
ODP1147
ODP1241_1
ODP1241_1
ODP1241_1
ODP1241_1
ODP1241_1
ODP1241_1
ODP1241_1
ODP1241_1
ODP1241_1
ODP1241_1
ODP1241_1
ODP1241_1
ODP1241_1
ODP1241_1
ODP1241_1
ODP1241_1
ODP1241_1
ODP1241_1
ODP1241_1
ODP1241_1
ODP1241_1
ODP1241_1
ODP1241_1
ODP1241_1
ODP1241_1
ODP1241_1
ODP1241_1
ODP1241_1
ODP1241_1
ODP1241_1
ODP1241_1
ODP1241_1
ODP1241_1
ODP1241_1
ODP1241_1
ODP1241_1
ODP1241_1
ODP1241_1
ODP1241_1
ODP1241_1
ODP1241_1
ODP1241_1
ODP1241_1
ODP1241_1
ODP1241_1
ODP1241_1
ODP1241_1
ODP1241_1
ODP1241_1
ODP1241_1
ODP1241_1
U1483_2
U1483_2
U1483_2
U1483_2
U1483_2
U1483_2
U1483_2
U1483_2
U1483_2
U1483_2
U1483_2
U1483_2
U1483_2
U1483_2
U1483_2
U1483_2
U1483_2
U1483_2
U1483_2
U1483_2
U1483_2
U1483_2
U1483_2
U1483_2
U1483_2
U1483_2
U1483_2
U1483_2
U1483_2
U1483_2
U1483_2
U1483_2
U1483_2
U1483_2
U1483_2
U1483_2
U1483_2
U1483_2
U1483_2
U1483_2
U1483_2
U1483_2
U1483_2
U1483_2
U1483_2
U1483_2
U1483_2
1020_LR04age
1020_LR04age
1020_LR04age
1020_LR04age
1020_LR04age
1020_LR04age
1020_LR04age
1020_LR04age
1020_LR04age
1123_LR04age
1123_LR04age
1123_LR04age
1123_LR04age
1123_LR04age
1123_LR04age
1123_LR04age
1123_LR04age
1123_LR04age
1123_LR04age
1123_LR04age
1123_LR04age
1123_LR04age
1143_LR04age
1143_LR04age
1143_LR04age
1143_LR04age
1143_LR04age
1143_LR04age
1143_LR04age
1143_LR04age
1143_LR04age
1143_LR04age
1143_LR04age
1143_LR04age
1143_LR04age
1143_LR04age
1143_LR04age
1143_LR04age
1143_LR04age
1143_LR04age
1143_LR04age
1143_LR04age
1143_LR04age
1143_LR04age
1143_LR04age
1143_LR04age
1143_LR04age
1143_LR04age
1143_LR04age
1143_LR04age
1143_LR04age
1143_LR04age
1148_LR04age
1148_LR04age
1148_LR04age
1148_LR04age
1148_LR04age
1148_LR04age
1148_LR04age
1148_LR04age
1148_LR04age
1148_LR04age
1148_LR04age
1148_LR04age
1148_LR04age
1148_LR04age
1148_LR04age
1148_LR04age
1148_LR04age
1148_LR04age
1148_LR04age
1148_LR04age
1148_LR04age
1148_LR04age
677_LR04age_1
677_LR04age_1
677_LR04age_1
677_LR04age_1
677_LR04age_1
677_LR04age_1
677_LR04age_1
677_LR04age_1
677_LR04age_1
677_LR04age_1
677_LR04age_1
677_LR04age_1
677_LR04age_1
677_LR04age_1
677_LR04age_1
677_LR04age_1
677_LR04age_1
677_LR04age_1
677_LR04age_1
677_LR04age_1
677_LR04age_1
677_LR04age_1
677_LR04age_1
677_LR04age_1
677_LR04age_1
677_LR04age_1
677_LR04age_1
677_LR04age_1
677_LR04age_1
677_LR04age_1
846_LR04age
846_LR04age
846_LR04age
846_LR04age
846_LR04age
846_LR04age
846_LR04age
846_LR04age
846_LR04age
846_LR04age
846_LR04age
846_LR04age
846_LR04age
846_LR04age
846_LR04age
846_LR04age
846_LR04age
846_LR04age
846_LR04age
846_LR04age
846_LR04age
846_LR04age
846_LR04age
846_LR04age
846_LR04age
846_LR04age
846_LR04age
846_LR04age
846_LR04age
849_LR04age_1
849_LR04age_1
849_LR04age_1
849_LR04age_1
849_LR04age_1
849_LR04age_1
849_LR04age_1
849_LR04age_1
849_LR04age_1
849_LR04age_1
849_LR04age_1
849_LR04age_1
849_LR04age_1
849_LR04age_1
849_LR04age_1
849_LR04age_1
849_LR04age_1
849_LR04age_1
849_LR04age_1
849_LR04age_1
849_LR04age_1
849_LR04age_1
849_LR04age_1
849_LR04age_1
849_LR04age_1
849_LR04age_1
849_LR04age_1
849_LR04age_1
DSDP593
DSDP593
DSDP593
DSDP593
DSDP593
DSDP593
DSDP593
DSDP593
DSDP593
DSDP593
DSDP593
DSDP593
DSDP593
DSDP593
DSDP593
DSDP593
DSDP593
DSDP593
DSDP593
DSDP593
DSDP593
DSDP593
DSDP593
DSDP593
DSDP593
DSDP593
ODP1143
ODP1143
ODP1143
ODP1143
ODP1143
ODP1143
ODP1143
ODP1143
ODP1143
ODP1143
ODP1143
ODP1143
ODP1143
ODP1143
ODP1143
ODP1143
ODP1143
ODP1143
ODP1143
ODP1143
ODP1143
ODP1143
ODP1143
ODP1143
ODP1143
ODP1143
ODP1143
ODP1146
ODP1146
ODP1146
ODP1146
ODP1146
ODP1146
ODP1146
ODP1146
ODP1146
ODP1146
ODP1146
ODP1146
ODP1146
ODP1146
ODP1146
ODP1146
ODP1146
ODP1146
ODP1146
ODP1146
ODP1146
ODP1146
ODP1146
ODP1146
ODP1146
ODP1146
ODP1147
ODP1147
ODP1147
ODP1147
ODP1147
ODP1147
ODP1147
ODP1147
ODP1147
ODP1147
ODP1147
ODP1147
ODP1147
ODP1147
ODP1147
ODP1147
ODP1147
ODP1147
ODP1147
ODP1147
ODP1147
ODP1241_1
ODP1241_1
ODP1241_1
ODP1241_1
ODP1241_1
ODP1241_1
ODP1241_1
ODP1241_1
ODP1241_1
ODP1241_1
ODP1241_1
ODP1241_1
ODP1241_1
ODP1241_1
ODP1241_1
ODP1241_1
ODP1241_1
ODP1241_1
ODP1241_1
ODP1241_1
ODP1241_1
ODP1241_1
ODP1241_1
ODP1241_1
ODP1241_1
ODP1241_1
ODP1241_1
ODP1241_1
ODP1241_1
U1483_2
U1483_2
U1483_2
U1483_2
U1483_2
U1483_2
U1483_2
U1483_2
U1483_2
U1483_2
U1483_2
U1483_2
U1483_2
U1483_2
U1483_2
U1483_2
U1483_2
U1483_2
U1483_2
U1483_2
U1483_2
U1483_2
U1483_2
U1483_2
U1483_2
U1483_2
MV0502_3
MV0502_3
MV0502_3
MV0502_3
MV0502_3
MV0502_3
MV0502_3
MV0502_3
MV0502_3
MV0502_3
MV0502_3
MV0502_3
MV0502_3
MV0502_3
MV0502_3
MV0502_3
MV0502_3
MV0502_3
MV0502_3
MV0502_3
MV0502_3
MV0502_3
MV0502_3
1123_LR04age
1123_LR04age
1123_LR04age
1123_LR04age
1123_LR04age
1123_LR04age
1123_LR04age
1123_LR04age
1123_LR04age
1123_LR04age
1123_LR04age
1123_LR04age
1123_LR04age
1143_LR04age
1143_LR04age
1143_LR04age
1143_LR04age
1143_LR04age
1143_LR04age
1143_LR04age
1143_LR04age
1143_LR04age
1143_LR04age
1143_LR04age
1143_LR04age
1143_LR04age
1143_LR04age
1143_LR04age
1143_LR04age
1143_LR04age
1143_LR04age
1143_LR04age
1143_LR04age
1143_LR04age
1143_LR04age
1143_LR04age
1143_LR04age
1143_LR04age
1143_LR04age
1143_LR04age
1143_LR04age
677_LR04age_1
677_LR04age_1
677_LR04age_1
677_LR04age_1
677_LR04age_1
677_LR04age_1
677_LR04age_1
677_LR04age_1
677_LR04age_1
677_LR04age_1
677_LR04age_1
677_LR04age_1
677_LR04age_1
677_LR04age_1
677_LR04age_1
677_LR04age_1
677_LR04age_1
677_LR04age_1
677_LR04age_1
677_LR04age_1
677_LR04age_1
677_LR04age_1
677_LR04age_1
677_LR04age_1
677_LR04age_1
677_LR04age_1
846_LR04age
846_LR04age
846_LR04age
846_LR04age
846_LR04age
846_LR04age
846_LR04age
846_LR04age
846_LR04age
846_LR04age
846_LR04age
846_LR04age
846_LR04age
846_LR04age
846_LR04age
846_LR04age
846_LR04age
846_LR04age
846_LR04age
846_LR04age
846_LR04age
846_LR04age
846_LR04age
846_LR04age
846_LR04age
846_LR04age
846_LR04age
846_LR04age
849_LR04age_1
849_LR04age_1
849_LR04age_1
849_LR04age_1
849_LR04age_1
849_LR04age_1
849_LR04age_1
849_LR04age_1
849_LR04age_1
849_LR04age_1
849_LR04age_1
849_LR04age_1
849_LR04age_1
849_LR04age_1
849_LR04age_1
849_LR04age_1
849_LR04age_1
849_LR04age_1
849_LR04age_1
849_LR04age_1
849_LR04age_1
849_LR04age_1
849_LR04age_1
849_LR04age_1
849_LR04age_1
849_LR04age_1
849_LR04age_1
DSDP593
DSDP593
DSDP593
DSDP593
DSDP593
DSDP593
DSDP593
DSDP593
DSDP593
ODP1143
ODP1143
ODP1143
ODP1143
ODP1143
ODP1143
ODP1143
ODP1143
ODP1143
ODP1143
ODP1143
ODP1143
ODP1143
ODP1143
ODP1143
ODP1143
ODP1143
ODP1143
ODP1143
ODP1143
ODP1143
ODP1143
ODP1143
ODP1143
ODP1143
ODP1143
ODP1143
ODP1146
ODP1146
ODP1146
ODP1146
ODP1146
ODP1146
ODP1146
ODP1146
ODP1146
ODP1146
ODP1146
ODP1146
ODP1146
ODP1146
ODP1146
ODP1146
ODP1146
ODP1146
ODP1146
ODP1146
ODP1146
ODP1146
ODP1146
ODP1146
ODP1146
ODP1146
ODP1146
ODP1241_1
ODP1241_1
ODP1241_1
ODP1241_1
ODP1241_1
ODP1241_1
ODP1241_1
ODP1241_1
ODP1241_1
ODP1241_1
ODP1241_1
ODP1241_1
ODP1241_1
ODP1241_1
ODP1241_1
ODP1241_1
ODP1241_1
ODP1241_1
ODP1241_1
ODP1241_1
ODP1241_1
ODP1241_1
ODP1241_1
ODP1241_1
ODP1241_1
ODP1241_1
ODP1241_1
ODP1241_1
ODP1241_1
U1483_2
U1483_2
U1483_2
U1483_2
U1483_2
U1483_2
U1483_2
U1483_2
U1483_2
U1483_2
U1483_2
U1483_2
U1483_2
U1483_2
U1483_2
U1483_2
U1483_2
U1483_2
U1483_2
U1483_2
U1483_2
U1483_2
U1483_2
U1483_2
U1483_2
U1483_2
U1483_2
U1483_2
1123_LR04age
1123_LR04age
1123_LR04age
1123_LR04age
1123_LR04age
1123_LR04age
1123_LR04age
1123_LR04age
1123_LR04age
1123_LR04age
1123_LR04age
1123_LR04age
1143_LR04age
1143_LR04age
1143_LR04age
1143_LR04age
1143_LR04age
1143_LR04age
1143_LR04age
1143_LR04age
1143_LR04age
1143_LR04age
1143_LR04age
1143_LR04age
1143_LR04age
1143_LR04age
1143_LR04age
1143_LR04age
1143_LR04age
1143_LR04age
1143_LR04age
1143_LR04age
1143_LR04age
1143_LR04age
1143_LR04age
1143_LR04age
1143_LR04age
1143_LR04age
1143_LR04age
1143_LR04age
1143_LR04age
677_LR04age_1
677_LR04age_1
677_LR04age_1
677_LR04age_1
677_LR04age_1
677_LR04age_1
677_LR04age_1
677_LR04age_1
677_LR04age_1
677_LR04age_1
677_LR04age_1
677_LR04age_1
677_LR04age_1
677_LR04age_1
677_LR04age_1
677_LR04age_1
677_LR04age_1
677_LR04age_1
677_LR04age_1
677_LR04age_1
677_LR04age_1
677_LR04age_1
677_LR04age_1
677_LR04age_1
677_LR04age_1
677_LR04age_1
677_LR04age_1
846_LR04age
846_LR04age
846_LR04age
846_LR04age
846_LR04age
846_LR04age
846_LR04age
846_LR04age
846_LR04age
846_LR04age
846_LR04age
846_LR04age
846_LR04age
846_LR04age
846_LR04age
846_LR04age
846_LR04age
846_LR04age
846_LR04age
846_LR04age
846_LR04age
846_LR04age
846_LR04age
846_LR04age
846_LR04age
846_LR04age
846_LR04age
846_LR04age
846_LR04age
849_LR04age_1
849_LR04age_1
849_LR04age_1
849_LR04age_1
849_LR04age_1
849_LR04age_1
849_LR04age_1
849_LR04age_1
849_LR04age_1
849_LR04age_1
849_LR04age_1
849_LR04age_1
849_LR04age_1
849_LR04age_1
849_LR04age_1
849_LR04age_1
849_LR04age_1
849_LR04age_1
849_LR04age_1
849_LR04age_1
849_LR04age_1
849_LR04age_1
849_LR04age_1
ODP1143
ODP1143
ODP1143
ODP1143
ODP1143
ODP1143
ODP1143
ODP1143
ODP1143
ODP1143
ODP1143
ODP1143
ODP1143
ODP1143
ODP1143
ODP1143
ODP1143
ODP1143
ODP1143
ODP1143
ODP1143
ODP1143
ODP1143
ODP1143
ODP1143
ODP1143
ODP1143
ODP1146
ODP1146
ODP1146
ODP1146
ODP1146
ODP1146
ODP1146
ODP1146
ODP1146
ODP1146
ODP1146
ODP1146
ODP1146
ODP1146
ODP1146
ODP1146
ODP1146
ODP1146
ODP1146
ODP1146
ODP1146
ODP1146
ODP1146
ODP1146
ODP1146
ODP1146
ODP1241_1
ODP1241_1
ODP1241_1
ODP1241_1
ODP1241_1
ODP1241_1
ODP1241_1
ODP1241_1
ODP1241_1
ODP1241_1
ODP1241_1
ODP1241_1
ODP1241_1
ODP1241_1
ODP1241_1
ODP1241_1
ODP1241_1
ODP1241_1
ODP1241_1
ODP1241_1
ODP1241_1
ODP1241_1
ODP1241_1
ODP1241_1
ODP1241_1
ODP1241_1
ODP1241_1
ODP1241_1
1123_LR04age
1123_LR04age
1123_LR04age
1123_LR04age
1123_LR04age
1123_LR04age
1123_LR04age
1123_LR04age
1123_LR04age
1143_LR04age
1143_LR04age
1143_LR04age
1143_LR04age
1143_LR04age
1143_LR04age
1143_LR04age
1143_LR04age
1143_LR04age
1143_LR04age
1143_LR04age
1143_LR04age
1143_LR04age
1143_LR04age
1143_LR04age
1143_LR04age
1143_LR04age
1143_LR04age
1143_LR04age
1143_LR04age
1143_LR04age
1143_LR04age
1143_LR04age
1143_LR04age
1143_LR04age
1143_LR04age
1143_LR04age
1143_LR04age
1143_LR04age
677_LR04age_1
677_LR04age_1
677_LR04age_1
677_LR04age_1
677_LR04age_1
677_LR04age_1
677_LR04age_1
677_LR04age_1
677_LR04age_1
677_LR04age_1
677_LR04age_1
677_LR04age_1
677_LR04age_1
677_LR04age_1
677_LR04age_1
677_LR04age_1
677_LR04age_1
677_LR04age_1
677_LR04age_1
677_LR04age_1
677_LR04age_1
677_LR04age_1
677_LR04age_1
677_LR04age_1
677_LR04age_1
677_LR04age_1
677_LR04age_1
677_LR04age_1
846_LR04age
846_LR04age
846_LR04age
846_LR04age
846_LR04age
846_LR04age
846_LR04age
846_LR04age
846_LR04age
846_LR04age
846_LR04age
846_LR04age
846_LR04age
846_LR04age
846_LR04age
846_LR04age
846_LR04age
846_LR04age
846_LR04age
846_LR04age
846_LR04age
846_LR04age
846_LR04age
846_LR04age
846_LR04age
846_LR04age
846_LR04age
846_LR04age
846_LR04age
846_LR04age
846_LR04age
849_LR04age_1
849_LR04age_1
849_LR04age_1
849_LR04age_1
849_LR04age_1
849_LR04age_1
849_LR04age_1
849_LR04age_1
849_LR04age_1
849_LR04age_1
849_LR04age_1
849_LR04age_1
849_LR04age_1
849_LR04age_1
849_LR04age_1
849_LR04age_1
849_LR04age_1
849_LR04age_1
849_LR04age_1
849_LR04age_1
849_LR04age_1
849_LR04age_1
849_LR04age_1
849_LR04age_1
849_LR04age_1
849_LR04age_1
849_LR04age_1
849_LR04age_1
849_LR04age_1
ODP1143
ODP1143
ODP1143
ODP1143
ODP1143
ODP1143
ODP1143
ODP1143
ODP1143
ODP1143
ODP1143
ODP1143
ODP1143
ODP1143
ODP1143
ODP1143
ODP1143
ODP1143
ODP1143
ODP1143
ODP1143
ODP1143
ODP1143
ODP1143
ODP1143
ODP1143
ODP1143
ODP1146
ODP1146
ODP1146
ODP1146
ODP1146
ODP1146
ODP1146
ODP1146
ODP1146
ODP1146
ODP1146
ODP1146
ODP1146
ODP1146
ODP1146
ODP1146
ODP1146
ODP1146
ODP1146
ODP1146
ODP1146
ODP1146
ODP1146
ODP1146
ODP1146
ODP1146
ODP1146
ODP1146
ODP1146
ODP1146
ODP1146
ODP1146
ODP1146
U1483_2
U1483_2
U1483_2
U1483_2
U1483_2
U1483_2
U1483_2
U1483_2
U1483_2
U1483_2
U1483_2
U1483_2
U1483_2
1123_LR04age
1123_LR04age
1123_LR04age
1123_LR04age
1123_LR04age
1123_LR04age
1123_LR04age
1123_LR04age
1123_LR04age
1123_LR04age
1123_LR04age
1123_LR04age
1123_LR04age
1123_LR04age
1143_LR04age
1143_LR04age
1143_LR04age
1143_LR04age
1143_LR04age
1143_LR04age
1143_LR04age
1143_LR04age
1143_LR04age
1143_LR04age
1143_LR04age
1143_LR04age
1143_LR04age
1143_LR04age
1143_LR04age
1143_LR04age
1143_LR04age
1143_LR04age
1143_LR04age
1143_LR04age
1143_LR04age
1143_LR04age
1143_LR04age
1143_LR04age
1143_LR04age
1143_LR04age
1143_LR04age
1143_LR04age
1143_LR04age
1143_LR04age
1143_LR04age
1143_LR04age
1143_LR04age
1143_LR04age
1143_LR04age
1143_LR04age
1143_LR04age
1143_LR04age
1143_LR04age
1143_LR04age
1143_LR04age
1143_LR04age
1143_LR04age
1143_LR04age
1143_LR04age
1143_LR04age
1143_LR04age
1143_LR04age
1143_LR04age
1143_LR04age
1143_LR04age
1143_LR04age
1143_LR04age
1143_LR04age
1143_LR04age
1143_LR04age
1143_LR04age
677_LR04age_1
677_LR04age_1
677_LR04age_1
677_LR04age_1
677_LR04age_1
677_LR04age_1
677_LR04age_1
677_LR04age_1
677_LR04age_1
677_LR04age_1
677_LR04age_1
677_LR04age_1
677_LR04age_1
677_LR04age_1
677_LR04age_1
677_LR04age_1
677_LR04age_1
677_LR04age_1
677_LR04age_1
677_LR04age_1
677_LR04age_1
677_LR04age_1
677_LR04age_1
677_LR04age_1
677_LR04age_1
677_LR04age_1
677_LR04age_1
846_LR04age
846_LR04age
846_LR04age
846_LR04age
846_LR04age
846_LR04age
846_LR04age
846_LR04age
846_LR04age
846_LR04age
846_LR04age
846_LR04age
846_LR04age
846_LR04age
846_LR04age
846_LR04age
846_LR04age
846_LR04age
846_LR04age
846_LR04age
846_LR04age
846_LR04age
846_LR04age
846_LR04age
846_LR04age
846_LR04age
846_LR04age
846_LR04age
846_LR04age
ODP1143
ODP1143
ODP1143
ODP1143
ODP1143
ODP1143
ODP1143
ODP1143
ODP1143
ODP1143
ODP1143
ODP1143
ODP1143
ODP1143
ODP1143
ODP1143
ODP1143
ODP1143
ODP1143
ODP1143
ODP1143
ODP1143
ODP1143
ODP1143
ODP1143
ODP1143
ODP1143
ODP1143
ODP1146
ODP1146
ODP1146
ODP1146
ODP1146
ODP1146
ODP1146
ODP1146
ODP1146
ODP1146
ODP1146
ODP1146
ODP1146
ODP1146
ODP1146
ODP1146
ODP1146
ODP1146
ODP1146
ODP1146
ODP1146
ODP1146
ODP1146
ODP1146
ODP1146
ODP1146
ODP1146
ODP1146
ODP1146
ODP1146
ODP1146
ODP1146
ODP1146
ODP1241_1
ODP1241_1
ODP1241_1
ODP1241_1
ODP1241_1
ODP1241_1
ODP1241_1
1123_LR04age
1123_LR04age
1123_LR04age
1123_LR04age
1123_LR04age
1123_LR04age
1123_LR04age
1123_LR04age
1123_LR04age
1123_LR04age
1123_LR04age
1123_LR04age
1123_LR04age
1123_LR04age
1143_LR04age
1143_LR04age
1143_LR04age
1143_LR04age
1143_LR04age
1143_LR04age
1143_LR04age
1143_LR04age
1143_LR04age
1143_LR04age
1143_LR04age
1143_LR04age
1143_LR04age
1143_LR04age
1143_LR04age
1143_LR04age
1143_LR04age
1143_LR04age
1143_LR04age
1143_LR04age
1143_LR04age
1143_LR04age
1143_LR04age
1143_LR04age
1143_LR04age
1143_LR04age
1143_LR04age
1143_LR04age
1143_LR04age
677_LR04age_1
677_LR04age_1
677_LR04age_1
677_LR04age_1
677_LR04age_1
677_LR04age_1
677_LR04age_1
677_LR04age_1
677_LR04age_1
677_LR04age_1
677_LR04age_1
677_LR04age_1
677_LR04age_1
677_LR04age_1
677_LR04age_1
677_LR04age_1
677_LR04age_1
677_LR04age_1
677_LR04age_1
677_LR04age_1
677_LR04age_1
677_LR04age_1
677_LR04age_1
677_LR04age_1
677_LR04age_1
677_LR04age_1
677_LR04age_1
677_LR04age_1
846_LR04age
846_LR04age
846_LR04age
846_LR04age
846_LR04age
846_LR04age
846_LR04age
846_LR04age
846_LR04age
846_LR04age
846_LR04age
846_LR04age
846_LR04age
846_LR04age
846_LR04age
846_LR04age
846_LR04age
846_LR04age
846_LR04age
846_LR04age
846_LR04age
846_LR04age
846_LR04age
846_LR04age
846_LR04age
846_LR04age
846_LR04age
846_LR04age
846_LR04age
ODP1143
ODP1143
ODP1143
ODP1143
ODP1143
ODP1143
ODP1143
ODP1143
ODP1143
ODP1143
ODP1143
ODP1143
ODP1143
ODP1143
ODP1143
ODP1143
ODP1143
ODP1143
ODP1143
ODP1143
ODP1143
ODP1143
ODP1143
ODP1143
ODP1143
ODP1143
ODP1143
ODP1146
ODP1146
ODP1146
ODP1146
ODP1146
ODP1146
ODP1146
ODP1146
ODP1146
ODP1146
ODP1146
ODP1146
ODP1146
ODP1146
ODP1146
ODP1146
ODP1146
ODP1146
ODP1146
ODP1146
ODP1146
ODP1146
ODP1146
ODP1146
ODP1146
ODP1146
ODP1146
ODP1146
ODP1146
ODP1146
ODP1146
ODP1146
ODP1146
1123_LR04age
1123_LR04age
1123_LR04age
1123_LR04age
1123_LR04age
1123_LR04age
1123_LR04age
1123_LR04age
1123_LR04age
1123_LR04age
1123_LR04age
1123_LR04age
1123_LR04age
1123_LR04age
677_LR04age_1
677_LR04age_1
677_LR04age_1
677_LR04age_1
677_LR04age_1
677_LR04age_1
677_LR04age_1
677_LR04age_1
677_LR04age_1
677_LR04age_1
677_LR04age_1
677_LR04age_1
677_LR04age_1
677_LR04age_1
677_LR04age_1
677_LR04age_1
677_LR04age_1
677_LR04age_1
677_LR04age_1
677_LR04age_1
677_LR04age_1
677_LR04age_1
677_LR04age_1
677_LR04age_1
677_LR04age_1
677_LR04age_1
677_LR04age_1
677_LR04age_1
846_LR04age
846_LR04age
846_LR04age
846_LR04age
846_LR04age
846_LR04age
846_LR04age
846_LR04age
846_LR04age
846_LR04age
846_LR04age
846_LR04age
846_LR04age
846_LR04age
846_LR04age
846_LR04age
846_LR04age
846_LR04age
846_LR04age
846_LR04age
846_LR04age
846_LR04age
846_LR04age
846_LR04age
846_LR04age
846_LR04age
846_LR04age
846_LR04age
846_LR04age
849_LR04age_1
849_LR04age_1
849_LR04age_1
849_LR04age_1
849_LR04age_1
849_LR04age_1
849_LR04age_1
849_LR04age_1
849_LR04age_1
849_LR04age_1
849_LR04age_1
849_LR04age_1
849_LR04age_1
849_LR04age_1
849_LR04age_1
849_LR04age_1
849_LR04age_1
849_LR04age_1
849_LR04age_1
849_LR04age_1
849_LR04age_1
849_LR04age_1
849_LR04age_1
849_LR04age_1
849_LR04age_1
849_LR04age_1
ODP1143
ODP1143
ODP1143
ODP1143
ODP1143
ODP1143
ODP1143
ODP1143
ODP1143
ODP1143
ODP1143
ODP1143
ODP1143
ODP1143
ODP1143
ODP1143
ODP1143
ODP1143
ODP1143
ODP1143
ODP1143
ODP1143
ODP1143
ODP1143
ODP1143
ODP1143
ODP1146
ODP1146
ODP1146
ODP1146
ODP1146
ODP1146
ODP1146
ODP1146
ODP1146
ODP1146
ODP1146
ODP1146
ODP1146
ODP1146
ODP1146
ODP1146
ODP1146
ODP1146
ODP1146
ODP1146
ODP1146
ODP1146
ODP1146
ODP1146
ODP1146
ODP1146
ODP1146
ODP1146
ODP1146
ODP1146
ODP1146
1123_LR04age
1123_LR04age
1123_LR04age
1123_LR04age
1123_LR04age
1123_LR04age
1123_LR04age
1123_LR04age
1123_LR04age
1123_LR04age
1123_LR04age
1123_LR04age
1123_LR04age
1123_LR04age
1123_LR04age
1123_LR04age
1123_LR04age
1123_LR04age
1123_LR04age
1123_LR04age
1123_LR04age
1123_LR04age
1123_LR04age
1123_LR04age
1123_LR04age
1143_LR04age
1143_LR04age
1143_LR04age
1143_LR04age
1143_LR04age
1143_LR04age
1143_LR04age
846_LR04age
846_LR04age
ODP1146
ODP1146
ODP1146
ODP1146
ODP1146
ODP1146
ODP1146
ODP1146
ODP1146
ODP1146
ODP1146
ODP1146
ODP1146
ODP1146
ODP1146
ODP1146
ODP1146
ODP1146
ODP1146
ODP1146
ODP1146
1123_LR04age
1123_LR04age
1123_LR04age
1123_LR04age
1123_LR04age
1123_LR04age
677_LR04age_1
677_LR04age_1
677_LR04age_1
677_LR04age_1
677_LR04age_1
677_LR04age_1
677_LR04age_1
677_LR04age_1
677_LR04age_1
677_LR04age_1
677_LR04age_1
677_LR04age_1
677_LR04age_1
677_LR04age_1
677_LR04age_1
677_LR04age_1
677_LR04age_1
677_LR04age_1
677_LR04age_1
677_LR04age_1
ODP1143
ODP1143
ODP1143
ODP1143
ODP1143
ODP1143
ODP1143
ODP1143
ODP1143
ODP1143
ODP1143
ODP1143
ODP1143
ODP1143
ODP1143
ODP1143
ODP1143
ODP1143
ODP1143
ODP1143
ODP1143
ODP1143
ODP1143
ODP1143
   Done.
#  Stacking algorithm is now running...
#  Iteration 1:
   Ages are sampled.
   Parameters are updated.
   Updating parameters makes the average log-likelihood of samples increased by [21.0215      18.2978      37.1018      31.7196      4.53445      57.6472      52.4996      31.4185      5.79132      11.9138      33.2667      63.0298      5.64528      32.6703      45.9843].
   Ages are sampled.
   Parameters are updated.
   Updating parameters makes the average log-likelihood of samples increased by [0.15768     0.19683    0.058911     0.24287    0.064377     0.31539    0.012997     0.40114     0.70432    -0.35537      0.1837     0.99749     0.17045    -0.02223      2.3729].
   Ages are sampled.
   Parameters are updated.
   Updating parameters makes the average log-likelihood of samples increased by [-0.0068764    0.041934   -0.021791     0.30093     0.15532    -0.10274   -0.075014     0.26235    0.068776     0.21096     0.14614    0.011338    0.034446    0.057064     0.14278].
   Ages are sampled.
   Parameters are updated.
   Updating parameters makes the average log-likelihood of samples increased by [-0.17813    -0.27386    -0.18971    -0.15414   0.0003915   -0.017292     0.29647    0.019683    -0.25477  -0.0095992     0.16791    -0.06086   0.0058054    0.003117   0.0068831].
   Records are aligned to the target stack.
   Iteration 1/10...
   Iteration 2/10...
   Iteration 3/10...
   Iteration 4/10...
   Iteration 5/10...
   Iteration 6/10...
   Iteration 7/10...
   Iteration 8/10...
   Iteration 9/10...
   Iteration 10/10...
   A new stack is updated.
#  Iteration 2:
   Ages are sampled.
   Parameters are updated.
   Updating parameters makes the average log-likelihood of samples increased by [15.5538      13.0924      33.2565      43.2164      4.57584        63.02      26.6818      37.7835      10.6696       12.223      40.1828      55.2465      4.42232      28.1822      23.7725].
   Ages are sampled.
   Parameters are updated.
   Updating parameters makes the average log-likelihood of samples increased by [0.088656     0.72218      1.1153     0.67799       0.862      1.3684      4.1734      0.4546     0.45371     0.18277      1.4057      1.2002    -0.39299    -0.21369      1.3264].
   Ages are sampled.
   Parameters are updated.
   Updating parameters makes the average log-likelihood of samples increased by [0.0060518   0.0044343     0.20445  -0.0044392  -0.0053547   -0.081452      1.0026    -0.05376   -0.091119    0.022847  0.00048233     0.25564    -0.29127   -0.002239     0.18186].
   Ages are sampled.
   Parameters are updated.
   Updating parameters makes the average log-likelihood of samples increased by [0.017676    -0.42709   -0.061358     0.21418    0.046759    0.056181   0.0026974   -0.041938      0.2544   -0.036246    0.047128    -0.33442    0.035366    0.024434    0.047444].
   Records are aligned to the target stack.
   Iteration 1/10...
   Iteration 2/10...
   Iteration 3/10...
   Iteration 4/10...
   Iteration 5/10...
   Iteration 6/10...
   Iteration 7/10...
   Iteration 8/10...
   Iteration 9/10...
   Iteration 10/10...
   A new stack is updated.
#  Iteration 3:
   Ages are sampled.
   Parameters are updated.
   Updating parameters makes the average log-likelihood of samples increased by [0.25542     0.10988     0.18421    0.091723   -0.017941  -0.0015663   0.0036383   -0.036796   -0.056422   -0.019114    0.051501   -0.010351      0.0126    -0.24019      0.1786].
   Ages are sampled.
   Parameters are updated.
   Updating parameters makes the average log-likelihood of samples increased by [-0.13715      0.0136     0.29742  -0.0041084    0.084603   -0.029177  -0.0023883   0.0081174     0.18841   -0.011028    0.055874    0.012092    -0.24182   0.0075205    -0.40179].
   Ages are sampled.
   Parameters are updated.
   Updating parameters makes the average log-likelihood of samples increased by [-0.23332   -0.072723   0.0009339    -0.38197    0.051746   -0.057679    -0.17057   -0.045539    -0.28781   -0.012781    -0.20303   -0.090601  -0.0027495     0.21597    -0.12382].
   Ages are sampled.
   Parameters are updated.
   Updating parameters makes the average log-likelihood of samples increased by [0.20287   -0.070459    -0.20152     0.47896    -0.15403   -0.053422  -0.0087279   -0.072976     -0.1439    -0.45304    -0.16954   -0.098972     0.14354     -0.1869     -0.2965].
   Records are aligned to the target stack.
   Iteration 1/10...
   Iteration 2/10...
   Iteration 3/10...
   Iteration 4/10...
   Iteration 5/10...
   Iteration 6/10...
   Iteration 7/10...
   Iteration 8/10...
   Iteration 9/10...
   Iteration 10/10...
   A new stack is updated.
#  Iteration 4:
   Ages are sampled.
   Parameters are updated.
   Updating parameters makes the average log-likelihood of samples increased by [0.021403    0.063894    0.090976    0.080624    -0.12902    0.040988   -0.034289    -0.22212   -0.052208    -0.13768   -0.095129    -0.18818     0.17893    -0.19911   -0.012333].
   Ages are sampled.
   Parameters are updated.
   Updating parameters makes the average log-likelihood of samples increased by [-0.23013     0.12569   -0.027585    -0.93056     0.78189    -0.87492    -0.48021     0.15194     0.22079    -0.12597    -0.17733    -0.78508    -0.13672    -0.13821      0.4208].
   Ages are sampled.
   Parameters are updated.
   Updating parameters makes the average log-likelihood of samples increased by [0.15628     0.18219    -0.26037       0.272    0.012509     0.26286   0.0060271     0.30327     0.16153    0.011503    0.038299    -0.70091   -0.031826    0.013565    -0.20824].
   Ages are sampled.
   Parameters are updated.
   Updating parameters makes the average log-likelihood of samples increased by [0.017474    -0.13348    -0.28863    0.043664    0.039046   -0.088012   -0.055473    0.040197   -0.042196   -0.048546    0.070669     -0.2869    -0.04403   -0.060656    -0.08585].
   Records are aligned to the target stack.
   Iteration 1/10...
   Iteration 2/10...
   Iteration 3/10...
   Iteration 4/10...
   Iteration 5/10...
   Iteration 6/10...
   Iteration 7/10...
   Iteration 8/10...
   Iteration 9/10...
   Iteration 10/10...
   A new stack is updated.
#  Iteration 5:
   Ages are sampled.
   Parameters are updated.
   Updating parameters makes the average log-likelihood of samples increased by [0.087719    -0.10001    -0.54794     0.17102   0.0070934    -0.13812    -0.36057   0.0053778     0.27233   -0.042246    -0.24359    -0.31097    0.016313    0.099158   -0.011102].
   Ages are sampled.
   Parameters are updated.
   Updating parameters makes the average log-likelihood of samples increased by [0.0076952  -0.0086127    -0.11901    0.035496    -0.14405    0.028163    -0.40705     0.50183     0.14758   -0.031911    0.017712   -0.066376    -0.16987    0.026682    0.051196].
   Ages are sampled.
   Parameters are updated.
   Updating parameters makes the average log-likelihood of samples increased by [-0.097138   -0.038497    0.099783      0.3306     0.10861   -0.023517    -0.14254   -0.090385    0.038884     0.11592    -0.12772     0.15463     0.11287   -0.041615     0.14445].
   Ages are sampled.
   Parameters are updated.
   Updating parameters makes the average log-likelihood of samples increased by [-0.16351    0.050197    0.078269     0.22207    0.067388     0.12812    0.044338   -0.019435    0.046751    0.062263    0.098474    -0.19498   -0.016084   -0.012712     0.22662].
   Records are aligned to the target stack.
   Iteration 1/10...
   Iteration 2/10...
   Iteration 3/10...
   Iteration 4/10...
   Iteration 5/10...
   Iteration 6/10...
   Iteration 7/10...
   Iteration 8/10...
   Iteration 9/10...
   Iteration 10/10...
   A new stack is updated.
   Done.
#  Age model construction algorithm is now running...
#  Iteration 1:
   Ages are sampled.
   Parameters are updated.
   Updating parameters makes the average log-likelihood of samples increased by [-0.074883    -0.26744    0.040749   -0.040128     0.12425     0.32216    -0.25142 -0.00076949     -0.3508    0.026402   -0.055223 -8.7877e-05   -0.032394     0.14552   -0.081039].
#  Iteration 2:
   Ages are sampled.
   Parameters are updated.
   Updating parameters makes the average log-likelihood of samples increased by [-0.097229    -0.39595   -0.022956    0.014656   0.0021171   0.0051191    0.015871    -0.21912     0.60421    0.016916    0.023113     0.24741    -0.21117   -0.053595     0.17834].
#  Iteration 3:
   Ages are sampled.
   Parameters are updated.
   Updating parameters makes the average log-likelihood of samples increased by [0.035163  -0.0094499   -0.011275    -0.13439    -0.15436   -0.011378    -0.11167    -0.27002   0.0039193     0.04899   -0.026664    -0.77424    0.037216    -0.22996    0.016371].
#  Iteration 4:
   Ages are sampled.
   Parameters are updated.
   Updating parameters makes the average log-likelihood of samples increased by [-0.13137    0.031316    -0.10227   0.0070851     0.10051    -0.50117     0.41632     0.29219   -0.094885     0.40605    -0.19539     0.13267   0.0070415    0.013533     -0.3351].
#  Iteration 5:
   Ages are sampled.
   Parameters are updated.
   Updating parameters makes the average log-likelihood of samples increased by [0.17463   -0.029051     0.10815    0.078169    -0.01572      0.4311     -1.0546   -0.063536     0.14469    -0.30939     0.38626    -0.43917   -0.014376   -0.025224     -1.4511].
#  Iteration 6:
   Ages are sampled.
   Parameters are updated.
   Updating parameters makes the average log-likelihood of samples increased by [-0.22835    0.018577  0.00051006     -1.3048    -0.14405     0.13234     0.38925    0.066011   -0.051146     0.19693    -0.12091    -0.31153    0.025934    0.010453     0.47394].
#  Iteration 7:
   Ages are sampled.
   Parameters are updated.
   Updating parameters makes the average log-likelihood of samples increased by [-0.065133    0.010623    -0.01856   -0.086816    0.066359    -0.11612    0.024468      0.1066    0.067564    0.055442   -0.085794      1.0312   0.0036226    -0.11589      -0.241].
#  Iteration 8:
   Ages are sampled.
   Parameters are updated.
   Updating parameters makes the average log-likelihood of samples increased by [0.3079  -0.0072593  0.00061798    -0.43601    -0.14286    -0.65607     0.38152    -0.10514   -0.039513   -0.026827     0.20336   -0.060336   -0.030964     0.13713    -0.15978].
#  Iteration 9:
   Ages are sampled.
   Parameters are updated.
   Updating parameters makes the average log-likelihood of samples increased by [-0.068023    -0.01378   0.0011392     0.56252   -0.086343   -0.018539    -0.12717     0.10857    0.039868     0.23256    -0.68993    0.052857    0.020955   -0.015852     0.15379].
#  Iteration 10:
   Ages are sampled.
   Parameters are updated.
   Updating parameters makes the average log-likelihood of samples increased by [-0.040496    0.011998    0.017966     0.21382     0.31792   -0.037318    0.092123    -0.34152   -0.010772    -0.02543    0.072814   -0.029409   0.0059483   -0.089634   -0.090731].
#  Parameters are learned. Sampling algorithm is now running...
-------------------------------------------------------------------------------------------
#  Results and figures are being stored...
[Warning: MATLAB has disabled some advanced graphics rendering features by
switching to software OpenGL. For more information, click <a
href="matlab:opengl('problems')">here</a>.] 
   Done.
   Results and figures are stored in Outputs/R66_d18O_stack(1).
-------------------------------------------------------------------------------------------
Time elapsed = 5052 s
