MATLAB is selecting SOFTWARE OPENGL rendering.
OMP: Warning #181: OMP_STACKSIZE: ignored because KMP_STACKSIZE has been defined

                            < M A T L A B (R) >
                  Copyright 1984-2022 The MathWorks, Inc.
                  R2022a (9.12.0.1884302) 64-bit (glnxa64)
                             February 16, 2022

 
To get started, type doc.
For product information, visit www.mathworks.com.
 
-------------------------------------------------------------------------------------------
## BIGMACS: Bayesian Inference Gaussian Process Multiproxy Alignment of Continuous Signals
-------------------------------------------------------------------------------------------
## Stack construction algorithm is now running...
#  Initializing...
   Data are loaded successfully.
   Initializing the age samples...
Starting parallel pool (parpool) using the 'ncar_mps_Import_1' profile ...

   Done.
#  Stacking algorithm is now running...
#  Iteration 1:
Starting parallel pool (parpool) using the 'ncar_mps_Import_1' profile ...

   Ages are sampled.
   Parameters are updated.
   Updating parameters makes the average log-likelihood of samples increased by [24.21588      14.26428      32.04367      39.98854       74.0249      46.00298      25.09833      7.582691      39.77854       22.5899      15.53974      16.11125      17.66222      124.4087      3.221034      16.10162      22.91281      21.03529      58.54391      99.15793      75.28994      36.64268      12.13493      25.42494      58.90535      123.3739      15.19887      11.01135      7.192296      41.02971      40.76517      11.88128      3.442729       4.00179      13.80633      13.67019      75.76638      56.32588      4.974573      90.23873      101.2849      41.92816      75.08105      46.85589      34.52307      34.99697      291.7499      73.86783      33.13046      5.898407       6.37049      11.99254].
Starting parallel pool (parpool) using the 'ncar_mps_Import_1' profile ...

   Ages are sampled.
   Parameters are updated.
   Updating parameters makes the average log-likelihood of samples increased by [0.98132   -0.074839   -0.029651     0.59426     0.38976     0.07513    -0.93721    0.015911     0.18108     0.13777    -0.13508    0.040167    -0.39401    0.030007   -0.028062    0.012312     0.15772     0.58836     0.54791    0.099888     0.60612     0.96207    -0.14434     0.16467     0.94444     0.92248    0.016775     0.25465  -0.0016012    0.040056    0.073222     0.18459    0.052725    -0.23031     0.55861     0.18698      7.8562      1.1787    0.033835      2.0091      1.2666     0.28673     0.51433     0.91502     0.35851     0.25051        2.59      3.0118      1.6808     0.36332   0.0009133   -0.075374].
Starting parallel pool (parpool) using the 'ncar_mps_Import_1' profile ...

   Ages are sampled.
   Parameters are updated.
   Updating parameters makes the average log-likelihood of samples increased by [-0.0099451   0.0074793     0.01394    0.053143     0.15512  0.00022047   -0.053009   -0.081335    0.060288   0.0012495    -0.14777     0.22877    0.032557    0.055671    0.047682     0.25223     0.66792    0.088843   -0.011354    -0.26257    0.083098    -0.15569   -0.033148    0.051966    0.022711   -0.032805    0.018901   0.0089748   -0.038056    0.033092   -0.047742     0.13695    -0.09576    0.063708    0.052646   -0.011241      1.0249  -0.0042635    -0.14257   0.0017023     0.25759   -0.045701    0.041435     0.15481    0.047866    0.089178     0.31916     0.27131   -0.011453     0.18893     0.16628     0.10181].
Starting parallel pool (parpool) using the 'ncar_mps_Import_1' profile ...

   Ages are sampled.
   Parameters are updated.
   Updating parameters makes the average log-likelihood of samples increased by [-0.044107    0.006199    -0.17985     0.16333   -0.033604     0.23465   -0.026795    -0.13773    0.042672    0.024022  0.00069256   -0.091282    0.044742    -0.13939    0.029706   -0.029902     0.18833    0.041564    0.012316    0.091996    -0.17081    0.093956  -0.0015029   0.0049874    0.025769    0.074087   -0.029096    0.004229    0.046853  -0.0034188   0.0072049   -0.081986  -0.0067152   0.0074983    0.043494   -0.020846    0.058631    -0.25684    0.069736     0.12943    -0.13457    0.029577   -0.029432    0.053443    -0.26191    -0.17099   -0.073818      0.1094    0.022215    0.042058    0.037681    -0.38612].
   Records are aligned to the target stack.
   Iteration 1/10...
Starting parallel pool (parpool) using the 'ncar_mps_Import_1' profile ...

   Iteration 2/10...
Starting parallel pool (parpool) using the 'ncar_mps_Import_1' profile ...

Starting parallel pool (parpool) using the 'ncar_mps_Import_1' profile ...

Starting parallel pool (parpool) using the 'ncar_mps_Import_1' profile ...

   Iteration 3/10...
Starting parallel pool (parpool) using the 'ncar_mps_Import_1' profile ...

Starting parallel pool (parpool) using the 'ncar_mps_Import_1' profile ...

Starting parallel pool (parpool) using the 'ncar_mps_Import_1' profile ...

   Iteration 4/10...
Starting parallel pool (parpool) using the 'ncar_mps_Import_1' profile ...

Starting parallel pool (parpool) using the 'ncar_mps_Import_1' profile ...

Starting parallel pool (parpool) using the 'ncar_mps_Import_1' profile ...

   Iteration 5/10...
Starting parallel pool (parpool) using the 'ncar_mps_Import_1' profile ...

Starting parallel pool (parpool) using the 'ncar_mps_Import_1' profile ...

Starting parallel pool (parpool) using the 'ncar_mps_Import_1' profile ...

   Iteration 6/10...
Starting parallel pool (parpool) using the 'ncar_mps_Import_1' profile ...

Starting parallel pool (parpool) using the 'ncar_mps_Import_1' profile ...

Starting parallel pool (parpool) using the 'ncar_mps_Import_1' profile ...

   Iteration 7/10...
Starting parallel pool (parpool) using the 'ncar_mps_Import_1' profile ...

Starting parallel pool (parpool) using the 'ncar_mps_Import_1' profile ...

Starting parallel pool (parpool) using the 'ncar_mps_Import_1' profile ...

   Iteration 8/10...
Starting parallel pool (parpool) using the 'ncar_mps_Import_1' profile ...

Starting parallel pool (parpool) using the 'ncar_mps_Import_1' profile ...

Starting parallel pool (parpool) using the 'ncar_mps_Import_1' profile ...

   Iteration 9/10...
Starting parallel pool (parpool) using the 'ncar_mps_Import_1' profile ...

Starting parallel pool (parpool) using the 'ncar_mps_Import_1' profile ...

Starting parallel pool (parpool) using the 'ncar_mps_Import_1' profile ...

   Iteration 10/10...
Starting parallel pool (parpool) using the 'ncar_mps_Import_1' profile ...

Starting parallel pool (parpool) using the 'ncar_mps_Import_1' profile ...

Starting parallel pool (parpool) using the 'ncar_mps_Import_1' profile ...

Starting parallel pool (parpool) using the 'ncar_mps_Import_1' profile ...

   A new stack is updated.
#  Iteration 2:
Starting parallel pool (parpool) using the 'ncar_mps_Import_1' profile ...

   Ages are sampled.
   Parameters are updated.
   Updating parameters makes the average log-likelihood of samples increased by [18.2797      18.5844      17.6742      28.4258      54.7498      16.4725      21.3869      4.51941      36.3643       11.671      26.9553      11.9299      15.1614      70.8224      2.57102      19.9124      3.73498      15.7779      32.9934      56.9112      40.7162      35.1869      34.0704      32.4911      50.2014      41.2605      31.5931      9.52734      1.14105      26.5479      4.89084      16.8706      1.20235      3.77042      6.84676      10.9627      22.4591      23.5968      3.36806      51.0693      71.1593      17.1854      34.0437      8.04939      20.7429      22.1079      3.24788       42.634      34.1021      50.4022      10.5413      8.48747].
Starting parallel pool (parpool) using the 'ncar_mps_Import_1' profile ...

   Ages are sampled.
   Parameters are updated.
   Updating parameters makes the average log-likelihood of samples increased by [0.2169    -0.02699    0.040843     0.96405      1.2485    0.066643     0.27896    0.028048     0.20819     0.20253     0.75784      0.1312    -0.11673     0.11545    -0.14643    0.033478   -0.012352     -0.5158     0.76887     0.31622     0.16459    -0.14131     0.54698     0.23853      1.4592     0.79778     0.88758    0.073129  -0.0015222   -0.075677    0.027841     -0.3296   -0.010678   -0.022278    0.046165    0.042043    0.060056    -0.10855    0.012407      1.5207      1.9034    0.048593     0.35188   -0.045466     0.34141      1.0735  -0.0058305     0.26098     0.47163      1.7864     0.11944     0.36714].
Starting parallel pool (parpool) using the 'ncar_mps_Import_1' profile ...

   Ages are sampled.
   Parameters are updated.
   Updating parameters makes the average log-likelihood of samples increased by [0.05675     0.03707   -0.054088    0.016425     0.49908     -0.1592   -0.034588     0.16638     0.11845   -0.051249     0.23116    -0.13298    0.010621     0.48619    -0.19832     0.82656     0.14389   -0.019364     0.11217   -0.091279    -0.42885    -0.64063      0.2064     0.04641    0.014594    -0.53097     0.31826     -0.1411     0.09866    0.062008    0.085196    -0.64934   0.0010004     0.34411    0.032188     0.25995     0.11066   -0.027597   -0.029953    0.026595     0.09964    -0.14457    -0.52522    -0.19003   -0.064603   -0.018898   -0.039167   -0.033687     0.14696     0.32135     -0.1468   -0.045195].
Starting parallel pool (parpool) using the 'ncar_mps_Import_1' profile ...

   Ages are sampled.
   Parameters are updated.
   Updating parameters makes the average log-likelihood of samples increased by [-0.096045    -0.15355    -0.46721     0.15279     -1.1324   -0.018733    0.031572   0.0021678    -0.24026    0.099853    0.095556     0.09449     0.18695    -0.62421    -0.17715   -0.026939     0.64955   -0.086984   -0.026451    -0.35704     -0.8542     0.40376    0.027565    -0.02862   0.0091428    0.096711    -0.13491      0.2531  -0.0042563   -0.039222   -0.078177     0.15844  -0.0057423     0.11667    0.056392    -0.10177   -0.010362    -0.22035     0.02101     0.19786   -0.028592    -0.11352    -0.22359    0.015674   -0.013674   0.0014199   -0.049886    0.051794    -0.10558     0.29902     -0.1939   -0.038226].
Starting parallel pool (parpool) using the 'ncar_mps_Import_1' profile ...

   Ages are sampled.
   Parameters are updated.
   Updating parameters makes the average log-likelihood of samples increased by [-0.046385    -0.10612    -0.33063  0.00031737    -0.11513   -0.013879    0.029361    0.010005    -0.16156   0.0093723   -0.073376     -0.2568    0.047865    -0.48494     0.16072     -0.5051   -0.077654    0.026151    0.053314       0.386    0.041479    -0.21375   0.0080312    0.069496  -0.0096608   -0.076502   -0.036156   -0.022543  -0.0037151    -0.10047     0.16783   -0.069946  -0.0047506    -0.17211   -0.051332   -0.049567     -0.2423    0.076488    0.010111   -0.094451   0.0072632    0.087789     0.28519   -0.077712    -0.10695  -0.0071564    0.039033     0.20207   0.0068928     0.14893     0.32102    0.041758].
Starting parallel pool (parpool) using the 'ncar_mps_Import_1' profile ...

   Ages are sampled.
   Parameters are updated.
   Updating parameters makes the average log-likelihood of samples increased by [0.22633     0.15231     0.29373    -0.10605    -0.14954    -0.02904    0.068144  -0.0020991     0.53675    0.026202 -1.0782e-06     0.32888   -0.059942     0.41247   -0.027828     0.32663     0.14793   -0.012487    0.084983    0.005727   -0.023176     0.19709      -0.252    -0.12071    0.019052    -0.11222    -0.29837   -0.069487   0.0042585     0.13936   -0.087306    0.058033  -0.0030163     0.18467   0.0016537      0.1296     0.14016    0.074969      0.1826     0.24741   -0.044248    -0.17679    0.015586    0.047499    0.078134   -0.021282   -0.012869   -0.078067    0.052789    0.074267    -0.40388   -0.059436].
Starting parallel pool (parpool) using the 'ncar_mps_Import_1' profile ...

   Ages are sampled.
   Parameters are updated.
   Updating parameters makes the average log-likelihood of samples increased by [-0.00078772     0.13793      -0.318   -0.053032    0.087628    0.014616   -0.039921   0.0045239    -0.11931  -5.848e-05     0.11224   -0.059924    -0.27771   -0.025972    0.073767     -0.3761   -0.060535  -0.0097656    -0.82136    -0.16139    0.024286    -0.30534     0.15149     0.30261    -0.12621     0.17695     0.30173   0.0098241  0.00065308   -0.033233    0.061833    0.015302    0.018959    -0.01472    0.026649    -0.84908    0.048213    0.069315    -0.46291    -0.33153   -0.008273     0.17065    -0.17204    0.021279    0.027026    0.013182    0.035631    0.039175   -0.024301    -0.18973     0.35427    0.059635].
Starting parallel pool (parpool) using the 'ncar_mps_Import_1' profile ...

   Ages are sampled.
   Parameters are updated.
   Updating parameters makes the average log-likelihood of samples increased by [-0.070191    0.010169      0.6924     0.14437     0.17016     -0.2246     0.32348   -0.008089    0.074848  -0.0088065   0.0023012   -0.030015    0.062757    0.053153   -0.012872     0.36792   -0.047786    -0.37086    -0.17658     0.15486    -0.10112     0.27625      0.1199   -0.061422     0.12576   0.0091874    0.043179    0.056891   0.0012505    0.025093    -0.10632   -0.047804   -0.019345    -0.11058    0.026664    -0.21465   -0.071926   -0.017219      0.5899     0.29071    0.077207    -0.11362    0.051749    -0.20565  -0.0089811   -0.023023   -0.094359    -0.08278    0.015603     0.22924      0.1417    0.004959].
Starting parallel pool (parpool) using the 'ncar_mps_Import_1' profile ...

   Ages are sampled.
   Parameters are updated.
   Updating parameters makes the average log-likelihood of samples increased by [0.057692    -0.30942   0.0029026   -0.078148   -0.052499      0.2231     -0.3187   0.0072451   0.0043209    0.010538    -0.10966    -0.13249     0.22206    -0.12146    0.010009    -0.11588     0.14883     0.36457    -0.36762   0.0047134    0.069128    -0.14296   -0.091745    -0.68446    -0.17197    -0.04803    -0.21277    0.035825   -0.014777    0.011194   -0.045515    -0.08684   -0.011608   -0.076996   -0.016897     0.12542   -0.019677   -0.042905   -0.079348    -0.11086    -0.36467    0.093104      0.1222     0.11707   0.0024824    0.039379   -0.051167    0.029388   0.0091578    -0.10845    -0.49695    -0.10133].
Starting parallel pool (parpool) using the 'ncar_mps_Import_1' profile ...

   Ages are sampled.
   Parameters are updated.
   Updating parameters makes the average log-likelihood of samples increased by [0.0090836    -0.19588   0.0079518    0.077798    -0.75729    -0.06918    0.012474  -0.0021957    0.066335  -0.0095954    0.083698    -0.14025   -0.036032     0.16799   0.0034594   0.0035821   0.0097726    0.061955      0.5412    -0.03195    -0.42197     0.16554    -0.13643      -0.249     0.15715   -0.029352    -0.37051   -0.094008    0.011938   -0.062692     0.16596     0.11599  -0.0033959    0.048425   -0.082742    -0.46945    -0.40609    0.053809    0.084619    -0.11245     0.29119   0.0040926    -0.68307    0.067799   -0.094366   -0.028524      0.1501    -0.24432    -0.10437    0.085957     0.22028    0.035371].
   Records are aligned to the target stack.
   Iteration 1/10...
Starting parallel pool (parpool) using the 'ncar_mps_Import_1' profile ...

   Iteration 2/10...
Starting parallel pool (parpool) using the 'ncar_mps_Import_1' profile ...

Starting parallel pool (parpool) using the 'ncar_mps_Import_1' profile ...

Starting parallel pool (parpool) using the 'ncar_mps_Import_1' profile ...

   Iteration 3/10...
Starting parallel pool (parpool) using the 'ncar_mps_Import_1' profile ...

Starting parallel pool (parpool) using the 'ncar_mps_Import_1' profile ...

Starting parallel pool (parpool) using the 'ncar_mps_Import_1' profile ...

   Iteration 4/10...
Starting parallel pool (parpool) using the 'ncar_mps_Import_1' profile ...

Starting parallel pool (parpool) using the 'ncar_mps_Import_1' profile ...

Starting parallel pool (parpool) using the 'ncar_mps_Import_1' profile ...

   Iteration 5/10...
Starting parallel pool (parpool) using the 'ncar_mps_Import_1' profile ...

Starting parallel pool (parpool) using the 'ncar_mps_Import_1' profile ...

Starting parallel pool (parpool) using the 'ncar_mps_Import_1' profile ...

   Iteration 6/10...
Starting parallel pool (parpool) using the 'ncar_mps_Import_1' profile ...

Starting parallel pool (parpool) using the 'ncar_mps_Import_1' profile ...

Starting parallel pool (parpool) using the 'ncar_mps_Import_1' profile ...

   Iteration 7/10...
Starting parallel pool (parpool) using the 'ncar_mps_Import_1' profile ...

Starting parallel pool (parpool) using the 'ncar_mps_Import_1' profile ...

Starting parallel pool (parpool) using the 'ncar_mps_Import_1' profile ...

   Iteration 8/10...
Starting parallel pool (parpool) using the 'ncar_mps_Import_1' profile ...

Starting parallel pool (parpool) using the 'ncar_mps_Import_1' profile ...

Starting parallel pool (parpool) using the 'ncar_mps_Import_1' profile ...

   Iteration 9/10...
Starting parallel pool (parpool) using the 'ncar_mps_Import_1' profile ...

Starting parallel pool (parpool) using the 'ncar_mps_Import_1' profile ...

Starting parallel pool (parpool) using the 'ncar_mps_Import_1' profile ...

   Iteration 10/10...
Starting parallel pool (parpool) using the 'ncar_mps_Import_1' profile ...

Starting parallel pool (parpool) using the 'ncar_mps_Import_1' profile ...

Starting parallel pool (parpool) using the 'ncar_mps_Import_1' profile ...

Starting parallel pool (parpool) using the 'ncar_mps_Import_1' profile ...

   A new stack is updated.
#  Iteration 3:
Starting parallel pool (parpool) using the 'ncar_mps_Import_1' profile ...

   Ages are sampled.
   Parameters are updated.
   Updating parameters makes the average log-likelihood of samples increased by [-0.001776   -0.013604   -0.064719   -0.050186      0.2049    0.040123     0.25806     0.19797     0.03872    0.037682      0.2687    0.018955    -0.24235     0.13417   -0.031887    0.091214    0.032684  -0.0073466   -0.074541     0.17184  -0.0010235    0.017839     0.44388    0.081406     0.40262     -0.1511     0.44025     0.13194   -0.018831     0.11223    -0.19749  -0.0035071     0.11528   -0.037916    -0.14616   -0.015644    -0.15075    0.090229   0.0030096     0.21916     0.83275    -0.11055    -0.11426     0.29654     0.34803    0.024873   -0.042391     0.58678    0.034159     0.47284    -0.64193   -0.042378].
Starting parallel pool (parpool) using the 'ncar_mps_Import_1' profile ...

   Ages are sampled.
   Parameters are updated.
   Updating parameters makes the average log-likelihood of samples increased by [-0.024958   -0.071885    0.013157    0.003504    -0.23365   -0.068379    0.070159   0.0028317    -0.24973     0.06575   0.0023987     0.00838     0.04565   -0.043282    0.090097  -0.0092067   -0.031972   -0.039363    0.043099     0.20612     0.09552   -0.038473   -0.064865     0.21954   0.0094502    0.074955     0.08381   -0.052815 -0.00015404   0.0088687     0.36655    -0.30413   -0.026029   0.0091136    -0.11224  -0.0060186     0.10087   -0.013223    -0.21527     0.14617    0.033146     0.37089   -0.083553    0.076306   -0.034869    -0.13659    -0.17716   -0.016782     0.26718     0.44984    0.033221  -0.0093134].
Starting parallel pool (parpool) using the 'ncar_mps_Import_1' profile ...

   Ages are sampled.
   Parameters are updated.
   Updating parameters makes the average log-likelihood of samples increased by [0.027168    0.048298   -0.049922    -0.12585    -0.41964   -0.090607    -0.35946    -0.03955    0.051142  -0.0050704   -0.017994      0.2139   -0.033324   0.0046318  -0.0035199     0.17375    -0.01548   0.0074104   -0.021853     0.46801   -0.035487    -0.13656     0.18377   -0.085736    0.046318    -0.66904    -0.15293   -0.028652   -0.091414    0.044714    -0.17837    -0.12141    0.071044    0.063103     0.37701   -0.069486     0.97733    -0.17533    0.053475     0.02573    0.027016 -0.00058204    0.037904     0.10771      0.0575     0.17603  -0.0080859     0.21187    -0.38299     0.13133    -0.10821    -0.22807].
Starting parallel pool (parpool) using the 'ncar_mps_Import_1' profile ...

   Ages are sampled.
   Parameters are updated.
   Updating parameters makes the average log-likelihood of samples increased by [-0.017141  -0.0014304    -0.06384    0.020387    0.094723   -0.074922    0.090286   -0.072087    -0.11267     0.36103    -0.24377   -0.083922     0.21143   -0.033426     0.24033   -0.033314     0.17374   -0.017542   -0.030976     0.79968     0.20421    -0.13901    0.037894  -0.0084306    -0.19262   -0.015563     0.56252      0.1907   0.0080571   -0.026884   -0.032704    -0.14711    -0.13219  0.00073518    0.022292 -0.00047907      0.1759   -0.018623     0.00825   -0.078335     0.30386   -0.016373   -0.066839    0.054374    0.041361    -0.15099    -0.14842     -0.4949   -0.011976      0.1166    0.001448    0.098801].
Starting parallel pool (parpool) using the 'ncar_mps_Import_1' profile ...

   Ages are sampled.
   Parameters are updated.
   Updating parameters makes the average log-likelihood of samples increased by [-0.28435   0.0099342     0.27441    0.040412    0.021343    0.031823    0.022513   -0.015988    0.070381    -0.25634      1.1077  0.00044384   0.0037377    0.019217    -0.18914     0.09776     0.11579    0.019344   -0.058483    -0.13255    -0.16755     0.10231    -0.31312   -0.081581      0.2069    -0.14552  -0.0019562   0.0087871    -0.01547    0.017534    -0.10104     0.16003   -0.019451    0.077355   -0.013455     0.10271    0.041698   0.0013488   0.0096577     0.19366     -1.2622   -0.097025   -0.038625    -0.30139   -0.088092     0.17346      0.1676    -0.54365     0.15067   -0.038684  -0.0085091    -0.11049].
Starting parallel pool (parpool) using the 'ncar_mps_Import_1' profile ...

   Ages are sampled.
   Parameters are updated.
   Updating parameters makes the average log-likelihood of samples increased by [0.3337 -0.00071277     -0.1055   -0.058503     0.11402   -0.017762   -0.087601  0.00029865   -0.040467   -0.091685     0.52895    0.013929    -0.36169   -0.010769     0.30858    -0.56665    -0.15705   -0.056466     0.11332     0.27145   -0.055925   -0.035012     0.38514 -0.00045189    -0.16481     0.19842  -0.0060344    0.002221    0.014219  -0.0053186    0.045248    -0.20577     0.19205    -0.15019    -0.10574    0.040387    -0.19894   -0.095823   -0.021635    -0.29432     0.48425    0.061786     0.12663       0.134    -0.22378    -0.13736    -0.03641    0.060578   -0.030195   -0.010477   0.0030747     0.11515].
Starting parallel pool (parpool) using the 'ncar_mps_Import_1' profile ...

   Ages are sampled.
   Parameters are updated.
   Updating parameters makes the average log-likelihood of samples increased by [-0.036855  -0.0015011     0.11339    0.057474     0.13924   -0.039395     0.14962    0.066974    0.059622     0.34824     0.08471   -0.062114      0.3939   -0.066605    -0.15431     0.15913   -0.039462    0.050797   -0.061901    -0.26355    -0.39402    0.065572   -0.032817     0.10325     0.15183    -0.04726  -0.0093382   -0.051404   -0.027812    0.066646      0.1131   -0.042912   -0.095508  -0.0088588     0.10315   -0.079013     0.18084    0.039169   -0.059958    -0.15101    0.016709   -0.055038  -0.0085756    0.071706     0.19832   -0.087137    0.008567    0.011446    0.028271   -0.024204   -0.080394  -0.0050054].
   Records are aligned to the target stack.
   Iteration 1/10...
Starting parallel pool (parpool) using the 'ncar_mps_Import_1' profile ...

   Iteration 2/10...
Starting parallel pool (parpool) using the 'ncar_mps_Import_1' profile ...

Starting parallel pool (parpool) using the 'ncar_mps_Import_1' profile ...

Starting parallel pool (parpool) using the 'ncar_mps_Import_1' profile ...

   Iteration 3/10...
Starting parallel pool (parpool) using the 'ncar_mps_Import_1' profile ...

Starting parallel pool (parpool) using the 'ncar_mps_Import_1' profile ...

Starting parallel pool (parpool) using the 'ncar_mps_Import_1' profile ...

   Iteration 4/10...
Starting parallel pool (parpool) using the 'ncar_mps_Import_1' profile ...

Starting parallel pool (parpool) using the 'ncar_mps_Import_1' profile ...

Starting parallel pool (parpool) using the 'ncar_mps_Import_1' profile ...

   Iteration 5/10...
Starting parallel pool (parpool) using the 'ncar_mps_Import_1' profile ...

Starting parallel pool (parpool) using the 'ncar_mps_Import_1' profile ...

Starting parallel pool (parpool) using the 'ncar_mps_Import_1' profile ...

   Iteration 6/10...
Starting parallel pool (parpool) using the 'ncar_mps_Import_1' profile ...

Starting parallel pool (parpool) using the 'ncar_mps_Import_1' profile ...

Starting parallel pool (parpool) using the 'ncar_mps_Import_1' profile ...

   Iteration 7/10...
Starting parallel pool (parpool) using the 'ncar_mps_Import_1' profile ...

Starting parallel pool (parpool) using the 'ncar_mps_Import_1' profile ...

Starting parallel pool (parpool) using the 'ncar_mps_Import_1' profile ...

   Iteration 8/10...
Starting parallel pool (parpool) using the 'ncar_mps_Import_1' profile ...

Starting parallel pool (parpool) using the 'ncar_mps_Import_1' profile ...

Starting parallel pool (parpool) using the 'ncar_mps_Import_1' profile ...

   Iteration 9/10...
Starting parallel pool (parpool) using the 'ncar_mps_Import_1' profile ...

Starting parallel pool (parpool) using the 'ncar_mps_Import_1' profile ...

Starting parallel pool (parpool) using the 'ncar_mps_Import_1' profile ...

   Iteration 10/10...
Starting parallel pool (parpool) using the 'ncar_mps_Import_1' profile ...

Starting parallel pool (parpool) using the 'ncar_mps_Import_1' profile ...

Starting parallel pool (parpool) using the 'ncar_mps_Import_1' profile ...

Starting parallel pool (parpool) using the 'ncar_mps_Import_1' profile ...

   A new stack is updated.
#  Iteration 4:
Starting parallel pool (parpool) using the 'ncar_mps_Import_1' profile ...

   Ages are sampled.
   Parameters are updated.
   Updating parameters makes the average log-likelihood of samples increased by [0.010554     0.24065    -0.38642    0.012728   0.0020637     0.27251    -0.08063     0.23045    -0.22791   -0.073336    -0.12969    0.021378   -0.070575   -0.072683  -0.0051647    0.066888    -0.19113     0.10807   -0.052723   0.0059515    -0.11776  -0.0062043  -0.0098672    -0.17215    -0.19274   0.0052483    0.054079     0.03137    -0.12891    -0.14921    0.083022    -0.26469   -0.043623     0.13879     0.12533    -0.16144     0.14443   -0.027989   0.0036313     0.83651    0.067677     0.33601   -0.057859     0.14615    -0.56893     0.21298    -0.10856    -0.10996    -0.12501    0.020064    -0.17327     0.11363].
Starting parallel pool (parpool) using the 'ncar_mps_Import_1' profile ...

   Ages are sampled.
   Parameters are updated.
   Updating parameters makes the average log-likelihood of samples increased by [0.030866     0.27889    -0.14289    -0.70707  -0.0027926    -0.13515   0.0031759     0.21414     0.19689 -0.00037017    -0.34946   -0.087399     0.11454   -0.016568    0.085713     -0.1765    -0.13474     0.19464   -0.098041    -0.17159    -0.21369  0.00056231   0.0097473    -0.58797   -0.081051    -0.02117    0.069038     0.11356   0.0072808   -0.074562    -0.02463     0.14657    -0.01208    -0.11894    -0.11265     0.40573     0.07453     0.61074   -0.097211   -0.023391     0.16808   0.0024598     0.39818    0.033898  -0.0077881    0.034661   -0.094568    0.047837     0.21092    -0.23649     0.14958   -0.048811].
Starting parallel pool (parpool) using the 'ncar_mps_Import_1' profile ...

   Ages are sampled.
   Parameters are updated.
   Updating parameters makes the average log-likelihood of samples increased by [-0.036124    -0.36538    0.038573     0.11688    -0.85099    0.056284    0.032005    0.010541     -0.9804     0.17341   -0.032834    -0.13369   0.0064759     0.20649    0.023927   -0.089759     0.31028    0.053503    0.019598     0.17929    0.033275   -0.035265   -0.067509    -0.27652     0.05304    -0.32409    0.022312    0.042659   -0.014037   0.0049451   -0.097367      0.2518    0.011422    0.036011    -0.10361    0.013809     0.08601    0.048425    0.013442   0.0088992     -1.2667    -0.28895     0.15418    -0.17129     0.13436    0.066283     0.10164   -0.012392   -0.025003    -0.97724    0.046379   -0.051679].
Starting parallel pool (parpool) using the 'ncar_mps_Import_1' profile ...

   Ages are sampled.
   Parameters are updated.
   Updating parameters makes the average log-likelihood of samples increased by [0.0046463    0.089276    0.044594   0.0082144     0.53521    -0.33688   -0.053541    0.064123   -0.010099    0.081616     -0.1431   -0.050208  -0.0073153    -0.62372  -0.0094909    0.031007     0.09234     0.09175   -0.032273    0.068206  0.00095335   -0.059961   -0.019288    0.048992    -0.08126    0.017941     0.04663    0.056072  -0.0032077    0.023599     0.18288   -0.013103  0.00086796   -0.049994    0.015825   0.0019948    0.069193   -0.043425    -0.10421    -0.10457   -0.049338    0.082136     0.40709  -0.0028472    0.035489     0.86665   -0.041196    -0.05553   0.0073056     0.18511   -0.023898    -0.16273].
Starting parallel pool (parpool) using the 'ncar_mps_Import_1' profile ...

   Ages are sampled.
   Parameters are updated.
   Updating parameters makes the average log-likelihood of samples increased by [0.067893  -0.0034743    0.044404   -0.039019    0.034961   0.0071553    0.037408    -0.22815    -0.21103   -0.044019     -0.4159   -0.073185      0.2788    -0.43957  -0.0023729   -0.083954   0.0022404   -0.095467    -0.16236    -0.53226   -0.071331    0.044274    0.010878   0.0010211     -0.1088       -1.38   -0.022836    0.026588   -0.035428    0.047072  0.00030836   -0.014816    0.011064     0.17703    -0.09184    0.034153    0.088065   -0.047163     0.16362     0.11318     0.06498   0.0070979   0.0040533   -0.022292    -0.03294   -0.052642     -0.1335       0.128    -0.06522    -0.01828  -0.0037515     0.11298].
Starting parallel pool (parpool) using the 'ncar_mps_Import_1' profile ...

   Ages are sampled.
   Parameters are updated.
   Updating parameters makes the average log-likelihood of samples increased by [0.0012703    -0.32281   0.0028675   -0.080932    -0.77979    -0.13467   -0.025383     0.27718     0.22708     0.23681     0.43736     0.23046    -0.50506    0.052452   0.0073461    0.066477   -0.022837     0.19735     0.25031   -0.052546    -0.33624    0.029024    -0.19349    -0.20533    -0.14176    0.082422    0.013456  -0.0059847    0.024341    -0.19991   -0.028241    0.013145   -0.010852     0.17214    0.021138   0.0025727    -0.29781    0.064285    -0.14967   -0.012954    -0.21403     0.04077    -0.11678   0.0099402    0.012622     0.13039     0.16525    -0.60568     0.10358     -0.0299   0.0019591   -0.022158].
Starting parallel pool (parpool) using the 'ncar_mps_Import_1' profile ...

   Ages are sampled.
   Parameters are updated.
   Updating parameters makes the average log-likelihood of samples increased by [-0.10173    0.063443     -0.1009   -0.079601   -0.038669      0.3809    -0.29612    -0.17779    -0.14671    -0.29947    -0.22416    -0.24602   -0.039943    -0.38934   -0.036439    0.012713    0.032979     -0.2703   -0.084952    0.071998     0.34181   -0.024656     0.14336     0.20193     0.30036    0.010763   -0.015239   -0.073165   0.0032483    0.084945    0.022328   -0.025461  -0.0026197    -0.39993     0.10131   -0.037932    0.084775    0.022509    0.080698    0.031049     0.30234    -0.16922     0.07086    0.019776    0.019199   -0.020683    -0.15207    -0.35271    -0.19782   -0.060967   -0.064396    0.017175].
   Records are aligned to the target stack.
   Iteration 1/10...
Starting parallel pool (parpool) using the 'ncar_mps_Import_1' profile ...

   Iteration 2/10...
Starting parallel pool (parpool) using the 'ncar_mps_Import_1' profile ...

Starting parallel pool (parpool) using the 'ncar_mps_Import_1' profile ...

