MATLAB is selecting SOFTWARE OPENGL rendering.
OMP: Warning #181: OMP_STACKSIZE: ignored because KMP_STACKSIZE has been defined

                            < M A T L A B (R) >
                  Copyright 1984-2022 The MathWorks, Inc.
                  R2022a (9.12.0.1884302) 64-bit (glnxa64)
                             February 16, 2022

 
To get started, type doc.
For product information, visit www.mathworks.com.
 
Starting parallel pool (parpool) using the 'local' profile ...
Connected to the parallel pool (number of workers: 36).
Number of workers: 36
-------------------------------------------------------------------------------------------
## BIGMACS: Bayesian Inference Gaussian Process Multiproxy Alignment of Continuous Signals
-------------------------------------------------------------------------------------------
## Stack construction algorithm is now running...
#  Initializing...
   Data are loaded successfully.
   Initializing the age samples...
   Done.
#  Stacking algorithm is now running...
#  Iteration 1:
   Ages are sampled.
   Parameters are updated.
   Updating parameters makes the average log-likelihood of samples increased by [20.7264      19.7386      32.7267      8.66582      53.3476       50.039      31.5766      6.38188      12.2854       30.495      61.5961      5.65768      34.5005      53.6106].
   Ages are sampled.
   Parameters are updated.
   Updating parameters makes the average log-likelihood of samples increased by [0.44747     0.07084      0.2009    0.013549     0.27098     0.20736     0.45881    0.019985   -0.041502    0.079383     0.24662    -0.17619    0.047442     0.12429].
   Ages are sampled.
   Parameters are updated.
   Updating parameters makes the average log-likelihood of samples increased by [0.038319    0.023693    0.015296   0.0058296    -0.11938    0.041062     -0.0159     0.17609    -0.11353   -0.086441   -0.073935    0.087168      0.0722     0.20037].
   Ages are sampled.
   Parameters are updated.
   Updating parameters makes the average log-likelihood of samples increased by [0.049502     -0.1909  -0.0098295    -0.01209       0.369    0.077343   -0.034576     0.11023     0.21684     0.12019    0.077724   -0.084776    0.030944      0.4198].
   Records are aligned to the target stack.
   Iteration 1/10...
   Iteration 2/10...
   Iteration 3/10...
   Iteration 4/10...
   Iteration 5/10...
   Iteration 6/10...
   Iteration 7/10...
   Iteration 8/10...
   Iteration 9/10...
   Iteration 10/10...
   A new stack is updated.
#  Iteration 2:
   Ages are sampled.
   Parameters are updated.
   Updating parameters makes the average log-likelihood of samples increased by [17.7151      17.6129      21.7963      2.27528      56.1371      37.4175      30.0254      13.8241      9.80484       39.198       55.905      10.6036         25.1      26.4179].
   Ages are sampled.
   Parameters are updated.
   Updating parameters makes the average log-likelihood of samples increased by [0.075108   -0.029372     0.25047     0.12887     0.93849     0.39168    -0.14485    0.081672  -0.0048974     0.40051     0.38407    0.026262     0.41735 -2.4684e-05].
   Ages are sampled.
   Parameters are updated.
   Updating parameters makes the average log-likelihood of samples increased by [0.017895    -0.25892    0.090492   -0.012301     0.33256     0.27813    0.029392    0.040762     0.04818    0.083706 -0.00075886     -0.1304   -0.053744 -0.00094709].
   Ages are sampled.
   Parameters are updated.
   Updating parameters makes the average log-likelihood of samples increased by [0.087993  0.00088646   -0.037594    -0.01894    0.060186   0.0014351     0.10293   -0.092049    -0.50625    0.016076    -0.31933  -0.0001548     0.18353    -0.30914].
   Ages are sampled.
   Parameters are updated.
   Updating parameters makes the average log-likelihood of samples increased by [-0.1879    0.040151    0.037817    0.070237    -0.18019  -0.0099162    -0.10512     0.11517   -0.023391    0.093256     0.19802    -0.06069    -0.77692     0.16986].
   Ages are sampled.
   Parameters are updated.
   Updating parameters makes the average log-likelihood of samples increased by [0.18699   -0.002209  -0.0053459  -0.0082312    0.040996   -0.050606   -0.046569   -0.058896   -0.040913    0.026069    -0.01723    0.056199    0.041614    -0.11394].
   Records are aligned to the target stack.
   Iteration 1/10...
   Iteration 2/10...
   Iteration 3/10...
   Iteration 4/10...
   Iteration 5/10...
   Iteration 6/10...
   Iteration 7/10...
   Iteration 8/10...
   Iteration 9/10...
   Iteration 10/10...
   A new stack is updated.
#  Iteration 3:
   Ages are sampled.
   Parameters are updated.
   Updating parameters makes the average log-likelihood of samples increased by [0.0065805     0.43672     0.11944   -0.062175     0.34913    0.083669    -0.01859     0.85188    0.087499    -0.41759     0.35147      1.0632   0.0043555     -0.1482].
   Ages are sampled.
   Parameters are updated.
   Updating parameters makes the average log-likelihood of samples increased by [-0.034247   -0.040401     -0.2609    0.055137   -0.082267    0.010843      1.4202    0.096394    -0.35891       0.278    0.054751    0.046864     0.13289     0.02151].
   Ages are sampled.
   Parameters are updated.
   Updating parameters makes the average log-likelihood of samples increased by [-0.16394    -0.11346     0.18329   -0.091506   -0.016406    -0.27705    -0.33789     0.15307   -0.026533    0.017766     0.16145    0.012148    -0.24587   -0.061316].
   Ages are sampled.
   Parameters are updated.
   Updating parameters makes the average log-likelihood of samples increased by [-0.0031108   -0.058987    -0.02661   0.0044097    0.073213     0.14348    0.013328    -0.02038      0.1911    0.015559    -0.16873    0.047079    -0.10693     0.13382].
   Records are aligned to the target stack.
   Iteration 1/10...
   Iteration 2/10...
   Iteration 3/10...
   Iteration 4/10...
   Iteration 5/10...
   Iteration 6/10...
   Iteration 7/10...
   Iteration 8/10...
   Iteration 9/10...
   Iteration 10/10...
   A new stack is updated.
#  Iteration 4:
   Ages are sampled.
   Parameters are updated.
   Updating parameters makes the average log-likelihood of samples increased by [0.096324    0.032511      0.2152     0.01819    -0.18604    0.054771    -0.38176     0.21501    0.015427     0.10226     0.78132     0.37846  -0.0076693     0.19535].
   Ages are sampled.
   Parameters are updated.
   Updating parameters makes the average log-likelihood of samples increased by [-0.045136     0.13421    -0.12431   0.0017224     0.10884   -0.053366     0.21642     0.10874    -0.17816   -0.070589     0.41276   -0.025567    0.019671     0.15546].
   Ages are sampled.
   Parameters are updated.
   Updating parameters makes the average log-likelihood of samples increased by [-0.0015944    0.019381    -0.05574  -0.0020195    -0.21001   -0.066709   -0.080462     0.12084   -0.021833   -0.018463     0.39898    0.041146  -0.0065226     0.71955].
   Ages are sampled.
   Parameters are updated.
   Updating parameters makes the average log-likelihood of samples increased by [-0.17854   0.0018648      -0.165    0.033295    -0.22701    0.056493   -0.071708    0.032113   -0.050994    -0.12717    0.026505     0.04549     0.13208     0.18488].
   Records are aligned to the target stack.
   Iteration 1/10...
   Iteration 2/10...
   Iteration 3/10...
   Iteration 4/10...
   Iteration 5/10...
   Iteration 6/10...
   Iteration 7/10...
   Iteration 8/10...
   Iteration 9/10...
   Iteration 10/10...
   A new stack is updated.
#  Iteration 5:
   Ages are sampled.
   Parameters are updated.
   Updating parameters makes the average log-likelihood of samples increased by [-0.73306    0.050295     0.36856    0.031233    0.013288     0.36049        0.35    0.084846     0.14327    -0.29802    -0.91413     0.26192     0.15365      0.1537].
   Ages are sampled.
   Parameters are updated.
   Updating parameters makes the average log-likelihood of samples increased by [0.10996    -0.20474    0.054173  -0.0070987    0.094561   -0.043629    0.010119     0.19614   -0.038564      0.1366     0.43496     0.11642    -0.16104    -0.14445].
   Ages are sampled.
   Parameters are updated.
   Updating parameters makes the average log-likelihood of samples increased by [0.097044   -0.023884    -0.18397     0.12382   -0.032562   -0.019759    0.092543  -0.0062509     0.10267     0.21646    -0.31502   -0.019673   -0.057361   -0.027513].
   Ages are sampled.
   Parameters are updated.
   Updating parameters makes the average log-likelihood of samples increased by [-0.01748   -0.031209    -0.10462  -0.0014782     0.13893   -0.076521     -0.1389     0.11218   -0.056529    -0.35048    -0.74254   -0.002846    0.065548  -0.0041562].
   Ages are sampled.
   Parameters are updated.
   Updating parameters makes the average log-likelihood of samples increased by [0.006427    -0.19701    -0.05505    0.055331    -0.30015    0.075162      0.1371   -0.013357     -0.1163     0.61385    -0.30918   -0.061619    -0.14181   -0.083682].
   Ages are sampled.
   Parameters are updated.
   Updating parameters makes the average log-likelihood of samples increased by [0.02117     0.12271    0.035614  -0.0013042     0.10372   -0.070002    0.010922   -0.075445     0.11654    0.031067     0.45675    0.084773     0.14355     0.31062].
   Records are aligned to the target stack.
   Iteration 1/10...
   Iteration 2/10...
   Iteration 3/10...
   Iteration 4/10...
   Iteration 5/10...
   Iteration 6/10...
   Iteration 7/10...
   Iteration 8/10...
   Iteration 9/10...
   Iteration 10/10...
   A new stack is updated.
   Done.
#  Age model construction algorithm is now running...
#  Iteration 1:
   Ages are sampled.
   Parameters are updated.
   Updating parameters makes the average log-likelihood of samples increased by [0.032573    0.055607     0.30019   -0.084931    -0.13908    -0.11503    0.035801    -0.26215   -0.060457     0.34432      0.4703     0.56965    0.077494    -0.12369].
#  Iteration 2:
   Ages are sampled.
   Parameters are updated.
   Updating parameters makes the average log-likelihood of samples increased by [0.10553    0.099097    0.025075     0.16319     0.17168     0.34853   -0.051561    0.083417    -0.17195    -0.57377    -0.31565    -0.03161    -0.11349     0.00164].
#  Iteration 3:
   Ages are sampled.
   Parameters are updated.
   Updating parameters makes the average log-likelihood of samples increased by [0.046233    -0.58713     0.10173     -0.1061   -0.029638     0.13324  -0.0088145    0.095196    -0.12073     -0.4276     -0.1743    -0.36183    -0.10624     0.26637].
#  Iteration 4:
   Ages are sampled.
   Parameters are updated.
   Updating parameters makes the average log-likelihood of samples increased by [0.05234     0.44538   -0.049877     0.22571    0.049705     0.30433     0.02053    -0.36733   -0.078066    0.074128     0.31279    0.033656     0.36259    0.092611].
#  Parameters are learned. Sampling algorithm is now running...
-------------------------------------------------------------------------------------------
#  Results and figures are being stored...
[Warning: MATLAB has disabled some advanced graphics rendering features by
switching to software OpenGL. For more information, click <a
href="matlab:opengl('problems')">here</a>.] 
   Done.
   Results and figures are stored in Outputs/R70_d18O_stack.
-------------------------------------------------------------------------------------------
Time elapsed = 4877 s
