node102.podcluster

                            < M A T L A B (R) >
                  Copyright 1984-2021 The MathWorks, Inc.
             R2021b Update 1 (9.11.0.1809720) 64-bit (glnxa64)
                              November 2, 2021

[Warning: Unrecognized command line option: nospxlash.] 
 
To get started, type doc.
For product information, visit www.mathworks.com.
 
>> Starting parallel pool (parpool) using the 'local' profile ...
Connected to the parallel pool (number of workers: 40).
>> Number of workers: 40
>> >> >> >> >> >> -------------------------------------------------------------------------------------------
## BIGMACS: Bayesian Inference Gaussian Process Multiproxy Alignment of Continuous Signals
-------------------------------------------------------------------------------------------
## Stack construction algorithm is now running...
#  Initializing...
   Data are loaded successfully.
   Initializing the age samples...
   Done.
#  Stacking algorithm is now running...
#  Iteration 1:
   Ages are sampled.
   Parameters are updated.
   Updating parameters makes the average log-likelihood of samples increased by [20.7264      19.7386       30.319      8.66582      53.3476       50.039      31.5766      6.38188      12.2854       30.495      61.5961      5.65768      34.5005      53.6106].
   Ages are sampled.
   Parameters are updated.
   Updating parameters makes the average log-likelihood of samples increased by [0.44747     0.07084    0.049688    0.013549     0.27098     0.20736     0.45881    0.019985   -0.041502    0.079383     0.24662    -0.17619    0.047442     0.12429].
   Ages are sampled.
   Parameters are updated.
   Updating parameters makes the average log-likelihood of samples increased by [0.038319    0.023693   -0.069246   0.0058296    -0.11938    0.041062     -0.0159     0.17609    -0.11353   -0.086441   -0.073935    0.087168      0.0722     0.20037].
   Ages are sampled.
   Parameters are updated.
   Updating parameters makes the average log-likelihood of samples increased by [0.049502     -0.1909    -0.36167    -0.01209       0.369    0.077343   -0.034576     0.11023     0.21684     0.12019    0.077724   -0.084776    0.030944      0.4198].
   Records are aligned to the target stack.
   Iteration 1/10...
   Iteration 2/10...
   Iteration 3/10...
   Iteration 4/10...
   Iteration 5/10...
   Iteration 6/10...
   Iteration 7/10...
   Iteration 8/10...
   Iteration 9/10...
   Iteration 10/10...
   A new stack is updated.
#  Iteration 2:
   Ages are sampled.
   Parameters are updated.
   Updating parameters makes the average log-likelihood of samples increased by [18.0968       18.998      28.9081       5.8373      52.9386      36.0836      29.1017      14.6394      11.4807      36.7824      59.3883      11.2094      22.8225      28.6811].
   Ages are sampled.
   Parameters are updated.
   Updating parameters makes the average log-likelihood of samples increased by [-0.055001     -0.1604     0.12182    0.015328      1.1151     0.44602    -0.21091    0.031821   -0.019724     0.23817      1.1476    0.035901     0.21695   -0.019949].
   Ages are sampled.
   Parameters are updated.
   Updating parameters makes the average log-likelihood of samples increased by [0.045465    0.088247     0.28877     0.02254     0.26321     0.29863    0.052198     0.13701   -0.020759    0.048446   -0.016797     -0.1247    -0.20678   -0.017466].
   Ages are sampled.
   Parameters are updated.
   Updating parameters makes the average log-likelihood of samples increased by [0.027747   -0.048605     0.73455    0.012837     0.10251   0.0015976    0.019992   -0.026559   0.0017519   -0.019497    0.034938  -0.0024349     -0.1461  -0.0084737].
   Ages are sampled.
   Parameters are updated.
   Updating parameters makes the average log-likelihood of samples increased by [-0.15735    0.042625    0.024284   -0.064267    -0.12232    0.007957    -0.17103   -0.037228   -0.037435     0.19633   -0.010428      -0.032    -0.19373   0.0062257].
   Records are aligned to the target stack.
   Iteration 1/10...
   Iteration 2/10...
   Iteration 3/10...
   Iteration 4/10...
   Iteration 5/10...
   Iteration 6/10...
   Iteration 7/10...
   Iteration 8/10...
   Iteration 9/10...
   Iteration 10/10...
   A new stack is updated.
#  Iteration 3:
   Ages are sampled.
   Parameters are updated.
   Updating parameters makes the average log-likelihood of samples increased by [0.093811    0.083158     0.20196      0.1669     0.42595     0.52231    0.099546    -0.60397     0.99848    0.065542      1.1856     0.52694     0.40426     0.40845].
   Ages are sampled.
   Parameters are updated.
   Updating parameters makes the average log-likelihood of samples increased by [-0.033474   -0.056641   -0.011143   -0.043666     0.16729    -0.29994      0.4993     -0.1805    -0.05325    -0.11471    0.022698     -0.1515   -0.027582    -0.13329].
   Ages are sampled.
   Parameters are updated.
   Updating parameters makes the average log-likelihood of samples increased by [0.044768     0.17417   -0.081413    0.005537     0.03145     0.18952   -0.048081    0.083815    -0.56233    0.057884    0.018837   -0.028227  -0.0071072    0.092927].
   Ages are sampled.
   Parameters are updated.
   Updating parameters makes the average log-likelihood of samples increased by [0.0050599     0.37557    0.044336     0.11666    -0.95628     0.02162    -0.19205     -0.2688     0.14543    0.091365    0.041161      0.2789  -0.0053187    0.021562].
   Ages are sampled.
   Parameters are updated.
   Updating parameters makes the average log-likelihood of samples increased by [-0.55022    0.016037     -0.2017    0.070937    -0.43014  -0.0080787     0.20216     0.55732    -0.46571   -0.065563   -0.023349    0.020595   -0.011515    0.037424].
   Ages are sampled.
   Parameters are updated.
   Updating parameters makes the average log-likelihood of samples increased by [0.35882    -0.35118     0.20055   -0.010146    -0.17153    0.027257  -0.0025152    0.020342     0.28793   -0.046599    0.031902    -0.43726   -0.036364    -0.18722].
   Records are aligned to the target stack.
   Iteration 1/10...
   Iteration 2/10...
   Iteration 3/10...
   Iteration 4/10...
   Iteration 5/10...
   Iteration 6/10...
   Iteration 7/10...
   Iteration 8/10...
   Iteration 9/10...
   Iteration 10/10...
   A new stack is updated.
#  Iteration 4:
   Ages are sampled.
   Parameters are updated.
   Updating parameters makes the average log-likelihood of samples increased by [0.33076    0.018134   -0.017564     0.06288     0.02249     0.26313   -0.046648   -0.098157    0.074497     0.43915      1.2775    -0.20155   -0.059425   -0.038075].
   Ages are sampled.
   Parameters are updated.
   Updating parameters makes the average log-likelihood of samples increased by [0.24159     0.04965  -0.0038481    0.027458   0.0062202    0.067062   -0.070714     -0.2569   -0.014038    -0.11626     0.33089   -0.011515    0.056593  -0.0012721].
   Ages are sampled.
   Parameters are updated.
   Updating parameters makes the average log-likelihood of samples increased by [0.11947   0.0066129    0.012884   -0.059495     0.26456   -0.055542     0.12182    -0.14772    0.022216      0.6214    -0.39696    0.051862   -0.072085   -0.021145].
   Ages are sampled.
   Parameters are updated.
   Updating parameters makes the average log-likelihood of samples increased by [-0.040669    -0.03033    0.034834     -0.0374   -0.054061    -0.15114   -0.016649    0.049302    0.064478    -0.21645   -0.073135     0.35389   -0.086319     0.51401].
   Ages are sampled.
   Parameters are updated.
   Updating parameters makes the average log-likelihood of samples increased by [0.07269    0.048154   -0.029017    0.069981   -0.035442     0.15996     -0.1114   0.0038954   -0.085753     0.35861     -0.4618    -0.32969   0.0031309    -0.14814].
   Records are aligned to the target stack.
   Iteration 1/10...
   Iteration 2/10...
   Iteration 3/10...
   Iteration 4/10...
   Iteration 5/10...
   Iteration 6/10...
   Iteration 7/10...
   Iteration 8/10...
   Iteration 9/10...
   Iteration 10/10...
   A new stack is updated.
#  Iteration 5:
   Ages are sampled.
   Parameters are updated.
   Updating parameters makes the average log-likelihood of samples increased by [0.14931    0.072315   -0.031752    -0.45115     0.19898     0.14892    0.042596     0.41686   -0.083852   -0.013261    -0.74307     0.17421   -0.015923    -0.26703].
   Ages are sampled.
   Parameters are updated.
   Updating parameters makes the average log-likelihood of samples increased by [-0.12131  -0.0085507    0.046461    0.016243  -0.0082021    -0.14235     0.15315     -0.4391   0.0054339   -0.034267      0.3901     0.10587    -0.15746   0.0014054].
   Ages are sampled.
   Parameters are updated.
   Updating parameters makes the average log-likelihood of samples increased by [0.0048253      0.1158  -0.0043351    0.036312     0.11234   0.0024996    0.026758     0.34169     0.10099   -0.043416    -0.11283     0.10565     0.36208    -0.48665].
   Ages are sampled.
   Parameters are updated.
   Updating parameters makes the average log-likelihood of samples increased by [0.022324   0.0057868     0.13897    0.041267   0.0089945    0.021467     -0.3739   -0.057081   -0.075028     0.21432    -0.10575    0.020042   -0.026228    -0.47884].
   Records are aligned to the target stack.
   Iteration 1/10...
   Iteration 2/10...
   Iteration 3/10...
   Iteration 4/10...
   Iteration 5/10...
   Iteration 6/10...
   Iteration 7/10...
   Iteration 8/10...
   Iteration 9/10...
   Iteration 10/10...
   A new stack is updated.
   Done.
#  Age model construction algorithm is now running...
#  Iteration 1:
   Ages are sampled.
   Parameters are updated.
   Updating parameters makes the average log-likelihood of samples increased by [0.053178     0.23818    0.087985   0.0095994     0.28848    0.053421     0.02302     0.31806   -0.050454    -0.20005     0.21687     0.33089   -0.043149    0.042365].
#  Iteration 2:
   Ages are sampled.
   Parameters are updated.
   Updating parameters makes the average log-likelihood of samples increased by [0.057944    0.019689    0.026753   -0.025042    0.035758     0.32161     0.39929     0.08363     0.20333     0.14558     0.34566    0.027313    -0.13501    -0.62318].
#  Iteration 3:
   Ages are sampled.
   Parameters are updated.
   Updating parameters makes the average log-likelihood of samples increased by [-0.22118     0.10382    -0.21758   -0.088234    -0.19913    -0.10871    0.030856    0.016378     0.29948    -0.25891    0.063414    0.036648    -0.11699   0.0012107].
#  Iteration 4:
   Ages are sampled.
   Parameters are updated.
   Updating parameters makes the average log-likelihood of samples increased by [-0.065394   -0.096889    0.024091   -0.025736    0.031274    0.045944    -0.24241   -0.069208    -0.32038   0.0089305     0.16402    0.099858    -0.44398    0.017346].
#  Parameters are learned. Sampling algorithm is now running...
-------------------------------------------------------------------------------------------
#  Results and figures are being stored...
   Done.
   Results and figures are stored in Outputs/R73_d18O_stack.
-------------------------------------------------------------------------------------------
>> 