MATLAB is selecting SOFTWARE OPENGL rendering.
OMP: Warning #181: OMP_STACKSIZE: ignored because KMP_STACKSIZE has been defined

                            < M A T L A B (R) >
                  Copyright 1984-2022 The MathWorks, Inc.
                  R2022a (9.12.0.1884302) 64-bit (glnxa64)
                             February 16, 2022

 
To get started, type doc.
For product information, visit www.mathworks.com.
 
Starting parallel pool (parpool) using the 'local' profile ...
Connected to the parallel pool (number of workers: 36).
Number of workers: 36
-------------------------------------------------------------------------------------------
## BIGMACS: Bayesian Inference Gaussian Process Multiproxy Alignment of Continuous Signals
-------------------------------------------------------------------------------------------
## Stack construction algorithm is now running...
#  Initializing...
   Data are loaded successfully.
   Initializing the age samples...
   Done.
#  Stacking algorithm is now running...
#  Iteration 1:
   Ages are sampled.
   Parameters are updated.
   Updating parameters makes the average log-likelihood of samples increased by [20.7264      19.7386      29.3847      5.01829      55.8634      49.3112      31.6997      6.38188      12.2854      30.1466      61.5961      5.65768      35.2759      53.6106].
   Ages are sampled.
   Parameters are updated.
   Updating parameters makes the average log-likelihood of samples increased by [0.44747     0.07084     0.93813    0.089964     0.22737     0.18166     0.18767    0.019985   -0.041502     0.11168     0.24662    -0.17619     0.21141     0.12429].
   Ages are sampled.
   Parameters are updated.
   Updating parameters makes the average log-likelihood of samples increased by [0.038319    0.023693    -0.12822    0.085321    0.003194  -0.0022958    0.011794     0.17609    -0.11353    0.097795   -0.073935    0.087168     0.15607     0.20037].
   Ages are sampled.
   Parameters are updated.
   Updating parameters makes the average log-likelihood of samples increased by [0.049502     -0.1909    -0.54139  0.00019997     0.20095    0.014687   -0.028472     0.11023     0.21684     0.20126    0.077724   -0.084776    -0.09325      0.4198].
   Ages are sampled.
   Parameters are updated.
   Updating parameters makes the average log-likelihood of samples increased by [0.070676     0.21388    0.056838    -0.01546    0.017157    -0.15257   0.0040827 -0.00063673   0.0018603    -0.19419  -0.0023745   0.0019112    0.087786    -0.38646].
   Records are aligned to the target stack.
   Iteration 1/10...
   Iteration 2/10...
   Iteration 3/10...
   Iteration 4/10...
   Iteration 5/10...
   Iteration 6/10...
   Iteration 7/10...
   Iteration 8/10...
   Iteration 9/10...
   Iteration 10/10...
   A new stack is updated.
#  Iteration 2:
   Ages are sampled.
   Parameters are updated.
   Updating parameters makes the average log-likelihood of samples increased by [15.1357      11.9543      33.2838      1.84498      51.9951      33.9311      27.3144      9.74084      9.42071      35.7143      55.6365       8.8765      26.0568      27.6747].
   Ages are sampled.
   Parameters are updated.
   Updating parameters makes the average log-likelihood of samples increased by [0.33979    0.054378      0.1234     0.15203     0.25535    -0.19677     -0.1266    0.060726  -0.0061013   0.0027848    -0.60495     0.14544   0.0068994      0.1096].
   Ages are sampled.
   Parameters are updated.
   Updating parameters makes the average log-likelihood of samples increased by [-0.023002    0.037212     0.12081   -0.039445     -0.4721     -0.1749     0.04671    0.013333   -0.041888    0.024836    -0.18874   -0.021242   -0.057932   -0.062381].
   Ages are sampled.
   Parameters are updated.
   Updating parameters makes the average log-likelihood of samples increased by [0.1547  -0.0029036    -0.13548   -0.027531   -0.057078    -0.16043  -0.0029327    -0.11734  -0.0054817     0.59867    -0.12306   0.0064307     0.43278   -0.038241].
   Ages are sampled.
   Parameters are updated.
   Updating parameters makes the average log-likelihood of samples increased by [-0.2907    0.007499    -0.17362    0.072599    0.087885     0.22144    -0.12483     0.11061    -0.15408   -0.034325     0.11424   -0.016542     0.13833    0.040068].
   Records are aligned to the target stack.
   Iteration 1/10...
   Iteration 2/10...
   Iteration 3/10...
   Iteration 4/10...
   Iteration 5/10...
   Iteration 6/10...
   Iteration 7/10...
   Iteration 8/10...
   Iteration 9/10...
   Iteration 10/10...
   A new stack is updated.
#  Iteration 3:
   Ages are sampled.
   Parameters are updated.
   Updating parameters makes the average log-likelihood of samples increased by [-0.011996     0.24546     0.55299    -0.12936     0.44504     0.26948    0.028455    -0.10937     0.49225      1.0917     0.58801     0.54532     0.46605     0.09869].
   Ages are sampled.
   Parameters are updated.
   Updating parameters makes the average log-likelihood of samples increased by [-0.021321    0.077983    0.042575     0.14039     0.23745   -0.039308      0.2436    0.095762    0.023252     0.11574   0.0094483   -0.035899   -0.086857    0.071105].
   Ages are sampled.
   Parameters are updated.
   Updating parameters makes the average log-likelihood of samples increased by [0.0067609 -0.00024291    0.026747     0.12812    0.097379  -0.0034096    -0.49384     0.20548     0.29451    -0.12203    -0.31765       0.111     0.22666     0.11959].
   Ages are sampled.
   Parameters are updated.
   Updating parameters makes the average log-likelihood of samples increased by [-0.011071     0.49581    0.090192    0.025907    -0.25845    -0.38944      0.0646     0.48559   -0.047835    -0.12212     0.33616    0.064618   -0.024738   -0.028313].
   Records are aligned to the target stack.
   Iteration 1/10...
   Iteration 2/10...
   Iteration 3/10...
   Iteration 4/10...
   Iteration 5/10...
   Iteration 6/10...
   Iteration 7/10...
   Iteration 8/10...
   Iteration 9/10...
   Iteration 10/10...
   A new stack is updated.
#  Iteration 4:
   Ages are sampled.
   Parameters are updated.
   Updating parameters makes the average log-likelihood of samples increased by [0.12772   -0.031969     0.16916    0.033365    -0.25774     0.43256   -0.015806    -0.21973    -0.12813      1.3138      1.7832     0.45032   0.0044635     0.13532].
   Ages are sampled.
   Parameters are updated.
   Updating parameters makes the average log-likelihood of samples increased by [-0.12414   -0.047985   -0.080356     0.20469   -0.054385     0.13925     0.14005     0.31451    -0.17371     0.57856     0.98758    0.073101     0.24094    0.036914].
   Ages are sampled.
   Parameters are updated.
   Updating parameters makes the average log-likelihood of samples increased by [-0.04738    -0.16879    -0.36104     0.12509   0.0094669  -0.0044386  0.00045516    0.048854   0.0073539    -0.44713     0.26902     0.13157   -0.013508    -0.41607].
   Ages are sampled.
   Parameters are updated.
   Updating parameters makes the average log-likelihood of samples increased by [0.011133     0.14729     -0.2542    0.014096     0.17347    -0.18622   -0.001629    0.084669   -0.013344   -0.021687   -0.016653     0.32891  -0.0021817    0.012764].
   Records are aligned to the target stack.
   Iteration 1/10...
   Iteration 2/10...
   Iteration 3/10...
   Iteration 4/10...
   Iteration 5/10...
   Iteration 6/10...
   Iteration 7/10...
   Iteration 8/10...
   Iteration 9/10...
   Iteration 10/10...
   A new stack is updated.
#  Iteration 5:
   Ages are sampled.
   Parameters are updated.
   Updating parameters makes the average log-likelihood of samples increased by [0.0068709     0.33258    -0.53428    -0.67134     0.15197      1.1682   -0.070921     0.67387   -0.022759     0.23807     -1.4533     0.83268  -0.0036551     0.38817].
   Ages are sampled.
   Parameters are updated.
   Updating parameters makes the average log-likelihood of samples increased by [0.056002   -0.082388     0.23839     0.44326   -0.022515     0.11146   0.0062409     0.36445   -0.014277   -0.024769     0.86537     0.13647   -0.081094     -0.7138].
   Ages are sampled.
   Parameters are updated.
   Updating parameters makes the average log-likelihood of samples increased by [-0.011054     0.24789    -0.85922    -0.14813  -0.0076152   -0.077003    0.025355     0.18195     0.65465   -0.021735    -0.10881    -0.16125   -0.077922    -0.12146].
   Ages are sampled.
   Parameters are updated.
   Updating parameters makes the average log-likelihood of samples increased by [0.0013621   -0.011322   -0.089534   0.0085798    0.035151    0.057512    -0.20528    0.098404     0.23884     0.16071     0.13594   -0.095865    0.071668    0.094758].
   Records are aligned to the target stack.
   Iteration 1/10...
   Iteration 2/10...
   Iteration 3/10...
   Iteration 4/10...
   Iteration 5/10...
   Iteration 6/10...
   Iteration 7/10...
   Iteration 8/10...
   Iteration 9/10...
   Iteration 10/10...
   A new stack is updated.
   Done.
#  Age model construction algorithm is now running...
#  Iteration 1:
   Ages are sampled.
   Parameters are updated.
   Updating parameters makes the average log-likelihood of samples increased by [0.10564    -0.46244    -0.67861    0.030724     0.81663    -0.18965  -0.0013605   -0.058911    0.017735     0.38253     0.79678     0.41884    -0.17784    0.071077].
#  Iteration 2:
   Ages are sampled.
   Parameters are updated.
   Updating parameters makes the average log-likelihood of samples increased by [-0.14824    0.048274    -0.19635    -0.19832    0.029379     0.56109     -0.1545     0.13818    0.016345    -0.16091   -0.059456    -0.14049    -0.23508    0.013482].
#  Iteration 3:
   Ages are sampled.
   Parameters are updated.
   Updating parameters makes the average log-likelihood of samples increased by [0.090927   -0.040587    -0.89305   -0.048987     0.16376     0.03595     0.24027     0.17198    -0.26316      0.3425     0.13792  0.00030551    -0.10149    0.069205].
#  Iteration 4:
   Ages are sampled.
   Parameters are updated.
   Updating parameters makes the average log-likelihood of samples increased by [-0.017653     0.03511     0.41507   -0.056793    -0.35623     0.11148    0.011714     0.05272    0.013369     0.17155     0.22023    0.090935    -0.19023    -0.18336].
#  Parameters are learned. Sampling algorithm is now running...
-------------------------------------------------------------------------------------------
#  Results and figures are being stored...
[Warning: MATLAB has disabled some advanced graphics rendering features by
switching to software OpenGL. For more information, click <a
href="matlab:opengl('problems')">here</a>.] 
   Done.
   Results and figures are stored in Outputs/R75_d18O_stack.
-------------------------------------------------------------------------------------------
Time elapsed = 4832 s
