MATLAB is selecting SOFTWARE OPENGL rendering.
OMP: Warning #181: OMP_STACKSIZE: ignored because KMP_STACKSIZE has been defined

                            < M A T L A B (R) >
                  Copyright 1984-2022 The MathWorks, Inc.
                  R2022a (9.12.0.1884302) 64-bit (glnxa64)
                             February 16, 2022

 
To get started, type doc.
For product information, visit www.mathworks.com.
 
Starting parallel pool (parpool) using the 'local' profile ...
Connected to the parallel pool (number of workers: 36).
Number of workers: 36
-------------------------------------------------------------------------------------------
## BIGMACS: Bayesian Inference Gaussian Process Multiproxy Alignment of Continuous Signals
-------------------------------------------------------------------------------------------
## Stack construction algorithm is now running...
#  Initializing...
   Data are loaded successfully.
   Initializing the age samples...
   Done.
#  Stacking algorithm is now running...
#  Iteration 1:
   Ages are sampled.
   Parameters are updated.
   Updating parameters makes the average log-likelihood of samples increased by [20.7264      19.7386      31.3353      5.87719      60.4231      51.0683      28.8957      6.38188      14.1764      31.9527      62.1095      5.65768       33.609      53.6106].
   Ages are sampled.
   Parameters are updated.
   Updating parameters makes the average log-likelihood of samples increased by [0.44747     0.07084     0.20926   -0.071267    0.012948     0.21924     0.21329    0.019985    0.091433     0.14399      0.3634    -0.17619     0.11343     0.12429].
   Ages are sampled.
   Parameters are updated.
   Updating parameters makes the average log-likelihood of samples increased by [0.038319    0.023693     0.24347    0.006958    -0.46548    -0.12959    0.099916     0.17609    0.039328    0.092068     0.30156    0.087168    0.098936     0.20037].
   Ages are sampled.
   Parameters are updated.
   Updating parameters makes the average log-likelihood of samples increased by [0.049502     -0.1909  -0.0098283   -0.084783    0.036354    0.020705   -0.098053     0.11023   0.0082838   0.0058006 -0.00083707   -0.084776     0.12463      0.4198].
   Records are aligned to the target stack.
   Iteration 1/10...
   Iteration 2/10...
   Iteration 3/10...
   Iteration 4/10...
   Iteration 5/10...
   Iteration 6/10...
   Iteration 7/10...
   Iteration 8/10...
   Iteration 9/10...
   Iteration 10/10...
   A new stack is updated.
#  Iteration 2:
   Ages are sampled.
   Parameters are updated.
   Updating parameters makes the average log-likelihood of samples increased by [16.0603      14.6538       37.163      5.56084      49.6379      43.7442      31.3159      11.3648       8.2955      34.2554       48.548      8.09141       24.888      25.0034].
   Ages are sampled.
   Parameters are updated.
   Updating parameters makes the average log-likelihood of samples increased by [0.11119    -0.15261     0.95497     0.88043    0.092668     0.35602     0.51587    0.060652     0.29884     0.47167     0.42452   0.0042397     0.21667    -0.09762].
   Ages are sampled.
   Parameters are updated.
   Updating parameters makes the average log-likelihood of samples increased by [0.018906   -0.011476   -0.016639    0.033809     0.02875   0.0059275    -0.12858  -0.0019767     0.10562  -0.0025727    -0.43758     -0.1094   -0.014225   0.0032892].
   Ages are sampled.
   Parameters are updated.
   Updating parameters makes the average log-likelihood of samples increased by [0.028435  -0.0033646     0.30789   -0.022474   -0.014735    0.086603     -0.1588  -0.0035164     0.11005   -0.080382     0.13841   -0.014144    -0.43987   0.0051533].
   Records are aligned to the target stack.
   Iteration 1/10...
   Iteration 2/10...
   Iteration 3/10...
   Iteration 4/10...
   Iteration 5/10...
   Iteration 6/10...
   Iteration 7/10...
   Iteration 8/10...
   Iteration 9/10...
   Iteration 10/10...
   A new stack is updated.
#  Iteration 3:
   Ages are sampled.
   Parameters are updated.
   Updating parameters makes the average log-likelihood of samples increased by [0.27207   -0.053332    -0.03509     0.24375    -0.21199     0.29763    -0.23108    -0.45632     0.55787     0.67653      1.0468      1.1197     0.69064     0.24784].
   Ages are sampled.
   Parameters are updated.
   Updating parameters makes the average log-likelihood of samples increased by [0.021617  -0.0081441     -0.2334    0.055655     -0.1885     0.16196     0.14777    0.056253    -0.26213    0.016034   -0.033754   -0.045692    -0.37786   -0.024432].
   Ages are sampled.
   Parameters are updated.
   Updating parameters makes the average log-likelihood of samples increased by [-0.35338     0.02947     0.16021   -0.054956    -0.13433   0.0054064     0.41814     0.12773    0.071595   -0.016602    -0.48339     0.01987    -0.10813     0.13178].
   Ages are sampled.
   Parameters are updated.
   Updating parameters makes the average log-likelihood of samples increased by [-0.007475    -0.21369  -0.0060583     0.24028    0.038807    0.013859   -0.016793   -0.071442   0.0004572    0.020434     -0.1402    0.046158     0.13349  -0.0054369].
   Records are aligned to the target stack.
   Iteration 1/10...
   Iteration 2/10...
   Iteration 3/10...
   Iteration 4/10...
   Iteration 5/10...
   Iteration 6/10...
   Iteration 7/10...
   Iteration 8/10...
   Iteration 9/10...
   Iteration 10/10...
   A new stack is updated.
#  Iteration 4:
   Ages are sampled.
   Parameters are updated.
   Updating parameters makes the average log-likelihood of samples increased by [0.29154    -0.11302    -0.24581    -0.21633    -0.13221   -0.020695    -0.06673     0.16991     0.49137    -0.17913      1.3933     0.11638    0.010841     0.11712].
   Ages are sampled.
   Parameters are updated.
   Updating parameters makes the average log-likelihood of samples increased by [0.095739   -0.039273    -0.24148     0.33951  -0.0077476    -0.12799    -0.02728     0.27892    -0.19605     -0.3101     0.57307    0.044739     0.33686    0.073196].
   Ages are sampled.
   Parameters are updated.
   Updating parameters makes the average log-likelihood of samples increased by [-0.076506   -0.029277    -0.14395   -0.029861    0.039254    0.024582    -0.58298  -0.0072107     0.11924   -0.014724   -0.016858   -0.069495     0.11785    -0.14601].
   Ages are sampled.
   Parameters are updated.
   Updating parameters makes the average log-likelihood of samples increased by [0.00732       0.255     -0.4455    0.055812    -0.21138   -0.074768   -0.026464     0.04105   -0.026627   -0.016663   -0.068867    -0.07103    0.098671    -0.02461].
   Records are aligned to the target stack.
   Iteration 1/10...
   Iteration 2/10...
   Iteration 3/10...
   Iteration 4/10...
   Iteration 5/10...
   Iteration 6/10...
   Iteration 7/10...
   Iteration 8/10...
   Iteration 9/10...
   Iteration 10/10...
   A new stack is updated.
#  Iteration 5:
   Ages are sampled.
   Parameters are updated.
   Updating parameters makes the average log-likelihood of samples increased by [-0.19609     0.34062     0.26971    -0.21555    -0.25244     0.75381   -0.045521     0.31002   -0.084478    -0.14092      1.5203     0.01614    -0.33388     0.20603].
   Ages are sampled.
   Parameters are updated.
   Updating parameters makes the average log-likelihood of samples increased by [0.010107  -0.0080701     0.13524    0.023732     0.20055     -0.4631     0.13638   0.0020309    -0.46012   -0.007473     0.21767       0.165   0.0037677    -0.72118].
   Ages are sampled.
   Parameters are updated.
   Updating parameters makes the average log-likelihood of samples increased by [-0.019991     0.18875    -0.14267     0.23998     -0.1441     0.59256  -0.0038143     0.15458    -0.15695    0.057558    -0.14388   -0.024932    -0.11132    0.029774].
   Ages are sampled.
   Parameters are updated.
   Updating parameters makes the average log-likelihood of samples increased by [-0.1043   -0.028825    0.056705    0.033143   -0.060771   -0.034222   -0.047443      0.1059  -0.0081682     0.19254      0.1257   -0.046147   -0.094015   -0.047282].
   Records are aligned to the target stack.
   Iteration 1/10...
   Iteration 2/10...
   Iteration 3/10...
   Iteration 4/10...
   Iteration 5/10...
   Iteration 6/10...
   Iteration 7/10...
   Iteration 8/10...
   Iteration 9/10...
   Iteration 10/10...
   A new stack is updated.
   Done.
#  Age model construction algorithm is now running...
#  Iteration 1:
   Ages are sampled.
   Parameters are updated.
   Updating parameters makes the average log-likelihood of samples increased by [0.0026843     0.16448    -0.46287    -0.21108    -0.43945   -0.015178     0.10116    0.067886     0.55255    -0.14537     0.38248    0.037825     0.81177     0.14875].
#  Iteration 2:
   Ages are sampled.
   Parameters are updated.
   Updating parameters makes the average log-likelihood of samples increased by [0.032897   -0.019511    -0.17032   -0.029034    -0.26795     0.24568    -0.65554     0.11335   0.0091887   -0.077347      0.3422     0.11833    0.081639     0.11139].
#  Iteration 3:
   Ages are sampled.
   Parameters are updated.
   Updating parameters makes the average log-likelihood of samples increased by [0.010866  -0.0043945    0.052486     0.15809   0.0041612    -0.49417    -0.26706     0.11714     -0.1164     0.52749    -0.26989     -0.0721    0.030735   -0.072364].
#  Iteration 4:
   Ages are sampled.
   Parameters are updated.
   Updating parameters makes the average log-likelihood of samples increased by [-0.017289    -0.23829     0.13718     0.19446    0.077352     0.30673   -0.004802    -0.01982   -0.084643   -0.013773   0.0087536   -0.025513     0.59632    0.056249].
#  Iteration 5:
   Ages are sampled.
   Parameters are updated.
   Updating parameters makes the average log-likelihood of samples increased by [0.01844     0.26228 -0.00081848   0.0074506    -0.19846    0.042708    -0.40057    0.061453    0.081862    0.013252    0.048867   -0.021691    -0.13233  -0.0083074].
#  Parameters are learned. Sampling algorithm is now running...
-------------------------------------------------------------------------------------------
#  Results and figures are being stored...
[Warning: MATLAB has disabled some advanced graphics rendering features by
switching to software OpenGL. For more information, click <a
href="matlab:opengl('problems')">here</a>.] 
   Done.
   Results and figures are stored in Outputs/R80_d18O_stack.
-------------------------------------------------------------------------------------------
Time elapsed = 4862 s
