MATLAB is selecting SOFTWARE OPENGL rendering.
OMP: Warning #181: OMP_STACKSIZE: ignored because KMP_STACKSIZE has been defined

                            < M A T L A B (R) >
                  Copyright 1984-2022 The MathWorks, Inc.
                  R2022a (9.12.0.1884302) 64-bit (glnxa64)
                             February 16, 2022

 
To get started, type doc.
For product information, visit www.mathworks.com.
 
Starting parallel pool (parpool) using the 'local' profile ...
Connected to the parallel pool (number of workers: 36).
Number of workers: 36
-------------------------------------------------------------------------------------------
## BIGMACS: Bayesian Inference Gaussian Process Multiproxy Alignment of Continuous Signals
-------------------------------------------------------------------------------------------
## Stack construction algorithm is now running...
#  Initializing...
   Data are loaded successfully.
   Initializing the age samples...
   Done.
#  Stacking algorithm is now running...
#  Iteration 1:
   Ages are sampled.
   Parameters are updated.
   Updating parameters makes the average log-likelihood of samples increased by [20.7264      19.7386      33.7389      7.19184      58.0674      56.2859      32.3267      6.38188      13.9788      33.8345      62.8715      5.65768      34.0773      53.6106].
   Ages are sampled.
   Parameters are updated.
   Updating parameters makes the average log-likelihood of samples increased by [0.44747     0.07084    0.080446     0.17501    -0.15383    0.012266     0.17539    0.019985     0.26657     0.14536     0.48188    -0.17619    -0.20704     0.12429].
   Ages are sampled.
   Parameters are updated.
   Updating parameters makes the average log-likelihood of samples increased by [0.038319    0.023693   -0.095717   -0.086532     0.11707    -0.13469    -0.11542     0.17609   -0.050326    0.025597     -0.2602    0.087168    0.069246     0.20037].
   Ages are sampled.
   Parameters are updated.
   Updating parameters makes the average log-likelihood of samples increased by [0.049502     -0.1909     0.36027   -0.092866    0.020672    -0.13353   -0.053189     0.11023    0.096452  -0.0039644     0.10681   -0.084776   -0.055927      0.4198].
   Records are aligned to the target stack.
   Iteration 1/10...
   Iteration 2/10...
   Iteration 3/10...
   Iteration 4/10...
   Iteration 5/10...
   Iteration 6/10...
   Iteration 7/10...
   Iteration 8/10...
   Iteration 9/10...
   Iteration 10/10...
   A new stack is updated.
#  Iteration 2:
   Ages are sampled.
   Parameters are updated.
   Updating parameters makes the average log-likelihood of samples increased by [16.6929      16.2372      36.1867      7.38408      51.8122       40.512      37.9449      14.4783      10.8897      44.0587      47.1656      10.8352      27.6077      23.4828].
   Ages are sampled.
   Parameters are updated.
   Updating parameters makes the average log-likelihood of samples increased by [-0.064912    0.076357     0.66578     0.26714   -0.030948    -0.16287     0.16074    0.095337   -0.040083    0.055163      1.0104   -0.024323     0.21144   -0.019038].
   Ages are sampled.
   Parameters are updated.
   Updating parameters makes the average log-likelihood of samples increased by [-8.7307e-05   -0.032568     0.21663    0.096921    -0.34457    -0.24962     0.11314   0.0003898     0.82049   -0.019083  -0.0094889   -0.067323    -0.33779     0.00249].
   Ages are sampled.
   Parameters are updated.
   Updating parameters makes the average log-likelihood of samples increased by [0.0050572    0.015807    -0.41813    0.073023     0.12272    -0.06754   -0.018009    0.026745     0.15894    0.060102     0.45272   0.0075601 -0.00067889     0.29247].
   Records are aligned to the target stack.
   Iteration 1/10...
   Iteration 2/10...
   Iteration 3/10...
   Iteration 4/10...
   Iteration 5/10...
   Iteration 6/10...
   Iteration 7/10...
   Iteration 8/10...
   Iteration 9/10...
   Iteration 10/10...
   A new stack is updated.
#  Iteration 3:
   Ages are sampled.
   Parameters are updated.
   Updating parameters makes the average log-likelihood of samples increased by [0.15659     -0.1853   0.0022034     0.24555     0.64505     -0.2553    -0.19768    -0.42871     0.16218     0.97834      1.1356     0.96648     0.05157    0.028583].
   Ages are sampled.
   Parameters are updated.
   Updating parameters makes the average log-likelihood of samples increased by [-0.29712    -0.12444    -0.12904    0.046495     0.15229     0.28004     0.16574    0.071941     0.26513     0.23004     0.50331   -0.044618    -0.12656      0.1044].
   Ages are sampled.
   Parameters are updated.
   Updating parameters makes the average log-likelihood of samples increased by [0.13176   -0.045399     0.63337     0.21154    -0.42089     0.14232    0.052799     0.29862     0.17271     0.17239    -0.50886   0.0041232    -0.15927    0.091646].
   Ages are sampled.
   Parameters are updated.
   Updating parameters makes the average log-likelihood of samples increased by [-0.025043    -0.10489   -0.046249   -0.013462    -0.13164     0.15595  0.00064739   -0.078215    0.070185     0.33827    -0.46667     0.20528   -0.062377   -0.031233].
   Records are aligned to the target stack.
   Iteration 1/10...
   Iteration 2/10...
   Iteration 3/10...
   Iteration 4/10...
   Iteration 5/10...
   Iteration 6/10...
   Iteration 7/10...
   Iteration 8/10...
   Iteration 9/10...
   Iteration 10/10...
   A new stack is updated.
#  Iteration 4:
   Ages are sampled.
   Parameters are updated.
   Updating parameters makes the average log-likelihood of samples increased by [0.027343   -0.021944     0.63779   -0.044713   -0.042388     0.18113     0.44444    -0.15511     0.62462     0.72405     0.55248     0.18333     0.04689     0.06197].
   Ages are sampled.
   Parameters are updated.
   Updating parameters makes the average log-likelihood of samples increased by [0.064769    -0.23356   -0.051177    -0.10854    -0.11645    0.084518   0.0038932      0.1587    -0.13459     0.13004    -0.27085   0.0086818      0.1568    0.088469].
   Ages are sampled.
   Parameters are updated.
   Updating parameters makes the average log-likelihood of samples increased by [0.034404    0.059002   -0.062516     0.14281  -0.0011366    0.020624    0.035207    0.073669    -0.21895   -0.030912    -0.56692     -0.1284     0.42952     -0.3558].
   Ages are sampled.
   Parameters are updated.
   Updating parameters makes the average log-likelihood of samples increased by [-0.00097327   -0.068138   -0.031881    0.021512     -0.1103     0.18792   -0.079502    -0.03375     0.10631    0.014105    -0.80454    -0.15262    -0.11095    -0.41614].
   Ages are sampled.
   Parameters are updated.
   Updating parameters makes the average log-likelihood of samples increased by [0.0068895    0.061112    -0.12416    0.052806     0.12799    0.085797     0.10824    0.044233   -0.082971    0.036888     0.27388     0.17573    0.011937     0.33048].
   Records are aligned to the target stack.
   Iteration 1/10...
   Iteration 2/10...
   Iteration 3/10...
   Iteration 4/10...
   Iteration 5/10...
   Iteration 6/10...
   Iteration 7/10...
   Iteration 8/10...
   Iteration 9/10...
   Iteration 10/10...
   A new stack is updated.
#  Iteration 5:
   Ages are sampled.
   Parameters are updated.
   Updating parameters makes the average log-likelihood of samples increased by [0.018952     0.61128     0.15408    0.033535     0.46253     0.36828    -0.26113     0.25323     0.64058    0.084236     0.61731     0.31976    0.037016    0.064599].
   Ages are sampled.
   Parameters are updated.
   Updating parameters makes the average log-likelihood of samples increased by [0.15562   -0.035436     -0.1172      0.1211     0.12224    0.077044    0.074306       0.111     0.35616     0.10409     0.56222     0.34665      0.1386    -0.78374].
   Ages are sampled.
   Parameters are updated.
   Updating parameters makes the average log-likelihood of samples increased by [-0.034325     0.10959    0.020346    0.089644     0.10101     0.10635  0.00025532    -0.58256    -0.47389     0.26641   -0.061294     0.04013     -0.1747    0.030709].
   Ages are sampled.
   Parameters are updated.
   Updating parameters makes the average log-likelihood of samples increased by [0.023396  0.00055161    -0.43738    -0.14128  -0.0029526    -0.19552    0.093379    -0.02862    0.055322    0.029157  -0.0064602   -0.051967     0.02035     0.32524].
   Records are aligned to the target stack.
   Iteration 1/10...
   Iteration 2/10...
   Iteration 3/10...
   Iteration 4/10...
   Iteration 5/10...
   Iteration 6/10...
   Iteration 7/10...
   Iteration 8/10...
   Iteration 9/10...
   Iteration 10/10...
   A new stack is updated.
   Done.
#  Age model construction algorithm is now running...
#  Iteration 1:
   Ages are sampled.
   Parameters are updated.
   Updating parameters makes the average log-likelihood of samples increased by [0.076718     0.27451   -0.010171     0.21715   -0.090369      1.0235    -0.01687    -0.49711     0.32345     0.18989      1.5051     0.82918   -0.047853     0.23895].
#  Iteration 2:
   Ages are sampled.
   Parameters are updated.
   Updating parameters makes the average log-likelihood of samples increased by [0.021961     0.05029    0.043004   -0.011047   -0.087674    0.081121    -0.27378    -0.17583      0.1856     0.03405   -0.061219     0.12337  -0.0021763    0.053221].
#  Iteration 3:
   Ages are sampled.
   Parameters are updated.
   Updating parameters makes the average log-likelihood of samples increased by [0.056941    0.021841   -0.011787    0.046213    -0.10668    -0.61114   -0.059168   -0.039663    0.015724    0.036969     0.21707    -0.17787  -0.0083787    -0.21033].
#  Iteration 4:
   Ages are sampled.
   Parameters are updated.
   Updating parameters makes the average log-likelihood of samples increased by [-0.050189    -0.34128    0.032786   -0.011112   -0.078198     0.54919     0.79752    -0.20915   -0.020345   -0.041598   -0.058124      -0.073   0.0011141   -0.093085].
#  Iteration 5:
   Ages are sampled.
   Parameters are updated.
   Updating parameters makes the average log-likelihood of samples increased by [0.043212     0.30214   -0.027891    0.049172     0.13001    -0.12217    0.027042   -0.095571    -0.15533   -0.051188    0.087944    -0.13674    -0.17223     0.12101].
#  Parameters are learned. Sampling algorithm is now running...
-------------------------------------------------------------------------------------------
#  Results and figures are being stored...
[Warning: MATLAB has disabled some advanced graphics rendering features by
switching to software OpenGL. For more information, click <a
href="matlab:opengl('problems')">here</a>.] 
   Done.
   Results and figures are stored in Outputs/R86_d18O_stack.
-------------------------------------------------------------------------------------------
Time elapsed = 4933 s
MATLAB is selecting SOFTWARE rendering.
OMP: Warning #182: OMP_STACKSIZE: ignored because KMP_STACKSIZE has been defined

                            < M A T L A B (R) >
                  Copyright 1984-2024 The MathWorks, Inc.
             R2024a Update 5 (24.1.0.2653294) 64-bit (glnxa64)
                               June 24, 2024

 
To get started, type doc.
For product information, visit www.mathworks.com.
 
Starting parallel pool (parpool) using the 'local' profile ...
Connected to parallel pool with 36 workers.
Number of workers: 36
-------------------------------------------------------------------------------------------
## BIGMACS: Bayesian Inference Gaussian Process Multiproxy Alignment of Continuous Signals
-------------------------------------------------------------------------------------------
## Stack construction algorithm is now running...
#  Initializing...
   Data are loaded successfully.
   Initializing the age samples...
   Done.
#  Stacking algorithm is now running...
#  Iteration 1:
   Ages are sampled.
   Parameters are updated.
   Updating parameters makes the average log-likelihood of samples increased by [21.2907      22.1549      33.5659      5.34618      57.5766      54.8994      33.3221      4.29479      13.3411      31.3896      62.8715      5.56993      35.9453      48.1824].
   Ages are sampled.
   Parameters are updated.
   Updating parameters makes the average log-likelihood of samples increased by [-0.068369   -0.022712    -0.11664   -0.030781    -0.10597    0.050809     0.12598   0.0025389     0.13831   -0.036735     0.48188    0.056844    -0.24673     0.68499].
   Ages are sampled.
   Parameters are updated.
   Updating parameters makes the average log-likelihood of samples increased by [0.14967   -0.084348   -0.049204     0.20311    -0.16235    -0.13224    -0.11602   -0.046893   -0.031245   -0.010596     -0.2602   -0.051408   -0.043259   -0.035448].
   Ages are sampled.
   Parameters are updated.
   Updating parameters makes the average log-likelihood of samples increased by [0.0020875    0.063759    0.060326   -0.096734    0.067697    0.015179     0.13844   -0.019064    -0.13208     0.11356     0.10681     0.10322     0.21939     0.42578].
   Records are aligned to the target stack.
   Iteration 1/10...
   Iteration 2/10...
   Iteration 3/10...
   Iteration 4/10...
   Iteration 5/10...
   Iteration 6/10...
   Iteration 7/10...
   Iteration 8/10...
   Iteration 9/10...
   Iteration 10/10...
   A new stack is updated.
#  Iteration 2:
   Ages are sampled.
   Parameters are updated.
   Updating parameters makes the average log-likelihood of samples increased by [19.3885      15.6821      38.0276      6.87871      54.2336      33.6139       36.011      10.6664      10.0224      41.8582      47.0127      8.34814      27.9868       21.422].
   Ages are sampled.
   Parameters are updated.
   Updating parameters makes the average log-likelihood of samples increased by [0.18868   -0.053116      1.8479     0.93696     0.55292    -0.20563     0.17529   -0.054289      0.6555     0.10504      0.4174     0.16917     0.21068    -0.13748].
   Ages are sampled.
   Parameters are updated.
   Updating parameters makes the average log-likelihood of samples increased by [0.029356      0.1151    -0.48273    -0.19349   -0.024649    0.048313    0.021483     0.24171   0.0030623    0.019511     0.35876   -0.008989     0.29202    0.034152].
   Ages are sampled.
   Parameters are updated.
   Updating parameters makes the average log-likelihood of samples increased by [-0.17507   -0.031155     0.04234  -0.0091327    0.044102    0.036565    0.012922   -0.017939   -0.016218    0.046165   -0.071348     0.10721   -0.050879     0.12045].
   Records are aligned to the target stack.
   Iteration 1/10...
   Iteration 2/10...
   Iteration 3/10...
   Iteration 4/10...
   Iteration 5/10...
   Iteration 6/10...
   Iteration 7/10...
   Iteration 8/10...
   Iteration 9/10...
   Iteration 10/10...
   A new stack is updated.
#  Iteration 3:
   Ages are sampled.
   Parameters are updated.
   Updating parameters makes the average log-likelihood of samples increased by [-0.015395    0.041855    0.024774    -0.27416    -0.17398    0.093135     0.12899     0.40105    -0.16839     0.83014      1.8922     0.66976     0.14908    0.080444].
   Ages are sampled.
   Parameters are updated.
   Updating parameters makes the average log-likelihood of samples increased by [0.069346    0.092937     0.18315    -0.10217     0.37805   -0.018132    -0.41852    0.094373     0.40899   -0.060457     0.56323  -0.0069316    -0.10505   -0.027162].
   Ages are sampled.
   Parameters are updated.
   Updating parameters makes the average log-likelihood of samples increased by [-0.030791   -0.087601    -0.19102     0.24335     0.39916     0.71106      0.2435    0.020244    -0.44904   -0.077458     -0.1729    0.029837   -0.070468   -0.071919].
   Ages are sampled.
   Parameters are updated.
   Updating parameters makes the average log-likelihood of samples increased by [-0.051514    0.037129    -0.22242    -0.06244    0.049774     0.32705    -0.10564   -0.045129    -0.22036   -0.023071    -0.68166     0.12438     0.18325   -0.059013].
   Ages are sampled.
   Parameters are updated.
   Updating parameters makes the average log-likelihood of samples increased by [0.025898    -0.57987     0.17991     0.11512 -0.00037204    -0.11561    0.047155    -0.11095    0.030911   -0.025985     0.44251    0.036602    0.096424  0.00080364].
   Ages are sampled.
   Parameters are updated.
   Updating parameters makes the average log-likelihood of samples increased by [0.012124     0.37909   -0.038346  -0.0082146    -0.07459    -0.15333   -0.014381    0.041968     0.31297     0.11022    -0.32201    -0.02074   -0.071014   -0.086446].
   Records are aligned to the target stack.
   Iteration 1/10...
   Iteration 2/10...
   Iteration 3/10...
   Iteration 4/10...
   Iteration 5/10...
   Iteration 6/10...
   Iteration 7/10...
   Iteration 8/10...
MATLAB is selecting SOFTWARE rendering.
OMP: Warning #182: OMP_STACKSIZE: ignored because KMP_STACKSIZE has been defined

                            < M A T L A B (R) >
                  Copyright 1984-2024 The MathWorks, Inc.
             R2024a Update 5 (24.1.0.2653294) 64-bit (glnxa64)
                               June 24, 2024

 
To get started, type doc.
For product information, visit www.mathworks.com.
 
Starting parallel pool (parpool) using the 'local' profile ...
Connected to parallel pool with 36 workers.
Number of workers: 36
-------------------------------------------------------------------------------------------
## BIGMACS: Bayesian Inference Gaussian Process Multiproxy Alignment of Continuous Signals
-------------------------------------------------------------------------------------------
## Stack construction algorithm is now running...
#  Initializing...
   Data are loaded successfully.
   Initializing the age samples...
   Done.
#  Stacking algorithm is now running...
#  Iteration 1:
   Ages are sampled.
   Parameters are updated.
   Updating parameters makes the average log-likelihood of samples increased by [22.1404      22.0892      35.9579      4.29867      57.9563      51.5398      33.9445      8.63556      14.1439      31.4852      59.2605      5.12916      36.3863       50.594].
   Ages are sampled.
   Parameters are updated.
   Updating parameters makes the average log-likelihood of samples increased by [0.41165   -0.031904    -0.02976   -0.054206   0.0031809    -0.16718    0.035863    -0.07749    0.013073     0.06993    -0.10451   -0.037797    0.012286   -0.048464].
   Ages are sampled.
   Parameters are updated.
   Updating parameters makes the average log-likelihood of samples increased by [0.0093491    0.012039   -0.016165   -0.064512    0.093028     0.34058     0.17654    0.087129   -0.036115    0.032927   -0.081544    -0.28532    -0.10462   -0.034068].
   Ages are sampled.
   Parameters are updated.
   Updating parameters makes the average log-likelihood of samples increased by [0.11056    0.021108   -0.039216    0.012574  -0.0059804   0.0083957  -0.0041699    0.016599   0.0012236    0.039692    -0.24146     0.25083    -0.01116     0.23272].
   Records are aligned to the target stack.
   Iteration 1/10...
   Iteration 2/10...
   Iteration 3/10...
   Iteration 4/10...
   Iteration 5/10...
   Iteration 6/10...
   Iteration 7/10...
   Iteration 8/10...
   Iteration 9/10...
   Iteration 10/10...
   A new stack is updated.
#  Iteration 2:
   Ages are sampled.
   Parameters are updated.
   Updating parameters makes the average log-likelihood of samples increased by [16.7871      14.5234       40.105       8.3952      52.1415      40.9912      27.6234      14.0005      9.26757      39.4695      47.1325      8.47487       27.339      20.6057].
   Ages are sampled.
   Parameters are updated.
   Updating parameters makes the average log-likelihood of samples increased by [0.48236   -0.024436     0.30603    -0.20423      0.3144    -0.23323     0.30661  -0.0037819     0.91764    -0.45007     0.50292    -0.19904    0.047932     -0.1297].
   Ages are sampled.
   Parameters are updated.
   Updating parameters makes the average log-likelihood of samples increased by [-0.014281    0.082843    -0.56394   -0.045293   -0.084527  0.00019215     0.11164     0.40664     0.74672     0.16417   -0.047242    -0.11115    0.010909     0.10884].
   Ages are sampled.
   Parameters are updated.
   Updating parameters makes the average log-likelihood of samples increased by [0.17986   -0.035702  -0.0032276  0.00047128    -0.10572     0.37807     -0.3155    0.060454   -0.005088    -0.25559     0.27706   -0.074984    -0.21671     0.20026].
   Records are aligned to the target stack.
   Iteration 1/10...
   Iteration 2/10...
   Iteration 3/10...
   Iteration 4/10...
   Iteration 5/10...
   Iteration 6/10...
   Iteration 7/10...
   Iteration 8/10...
   Iteration 9/10...
   Iteration 10/10...
   A new stack is updated.
#  Iteration 3:
   Ages are sampled.
   Parameters are updated.
   Updating parameters makes the average log-likelihood of samples increased by [-0.28085     0.11333    0.056603   -0.012003    -0.20072     0.11497     0.19111       0.889      0.5894   -0.071171      1.7437   -0.073439     0.27714    0.084052].
   Ages are sampled.
   Parameters are updated.
   Updating parameters makes the average log-likelihood of samples increased by [0.015079   -0.044736  -0.0022558   -0.028374   -0.038404    0.095337    -0.04801     0.33056    0.080843     0.02293     0.22784    -0.05765     0.34967    -0.29747].
   Ages are sampled.
   Parameters are updated.
   Updating parameters makes the average log-likelihood of samples increased by [0.34511   -0.035099  0.00014925   0.0095396    -0.03018    0.090332    -0.19363     0.10899    -0.43714    -0.10068    -0.80215    0.018228    -0.02727  -0.0061493].
   Ages are sampled.
   Parameters are updated.
   Updating parameters makes the average log-likelihood of samples increased by [0.082032    -0.13804    -0.29865   -0.011708    0.010405     0.33046    -0.59372   -0.049903     0.63452    0.003369    -0.68051   -0.021398    0.023697   -0.097555].
   Ages are sampled.
   Parameters are updated.
   Updating parameters makes the average log-likelihood of samples increased by [-0.0024652   0.0041122     0.35361  -0.0089204   -0.039274   -0.067863    -0.34572   0.0014599    0.094254    0.030117    -0.10369    0.021563    -0.11544     0.10521].
   Records are aligned to the target stack.
   Iteration 1/10...
   Iteration 2/10...
   Iteration 3/10...
   Iteration 4/10...
   Iteration 5/10...
   Iteration 6/10...
   Iteration 7/10...
   Iteration 8/10...
   Iteration 9/10...
   Iteration 10/10...
   A new stack is updated.
#  Iteration 4:
   Ages are sampled.
   Parameters are updated.
   Updating parameters makes the average log-likelihood of samples increased by [-0.48293   -0.064526   0.0036104    0.087472    -0.14001     0.35129   -0.035412       0.651    -0.34762     0.78598      1.4366     0.21774     0.42216       -0.18].
   Ages are sampled.
   Parameters are updated.
   Updating parameters makes the average log-likelihood of samples increased by [-0.0069877     0.24218 -0.00074664     0.17916     0.19221     0.21287    -0.26319     0.14077    0.031685     0.33697      0.1229   -0.048016    -0.27506     0.23336].
   Ages are sampled.
   Parameters are updated.
   Updating parameters makes the average log-likelihood of samples increased by [0.050606    0.092865    -0.10725   -0.080451     0.05194     0.02179   -0.050775    0.033792   0.0058855    0.029385     0.14352  -0.0096825   -0.043774   0.0031994].
   Ages are sampled.
   Parameters are updated.
   Updating parameters makes the average log-likelihood of samples increased by [0.12884    0.067942     0.15174    -0.21499    -0.07284     0.02738   0.0039693     0.16206   -0.061006    0.049794    -0.14927    0.048004    0.050616  0.00086925].
   Records are aligned to the target stack.
   Iteration 1/10...
   Iteration 2/10...
   Iteration 3/10...
   Iteration 4/10...
   Iteration 5/10...
   Iteration 6/10...
   Iteration 7/10...
   Iteration 8/10...
   Iteration 9/10...
   Iteration 10/10...
   A new stack is updated.
#  Iteration 5:
   Ages are sampled.
   Parameters are updated.
   Updating parameters makes the average log-likelihood of samples increased by [0.23582    -0.12244    -0.29468     0.29989   -0.010788    -0.21501     0.17606     0.53522    -0.19578     -0.3508     0.97256     0.18168     0.26986    -0.07557].
   Ages are sampled.
   Parameters are updated.
   Updating parameters makes the average log-likelihood of samples increased by [0.21737   0.0031204    -0.15132   -0.097277    0.092057      0.2594     0.23598    0.001541      0.2555      0.8236    -0.95921    0.021743    0.034564    -0.35925].
   Ages are sampled.
   Parameters are updated.
   Updating parameters makes the average log-likelihood of samples increased by [0.078917   -0.086602      0.3223    -0.40012  -0.0087581   0.0053285     0.20458   -0.070545   -0.010352    -0.38986     0.14968     0.37778   -0.067203     0.20018].
   Ages are sampled.
   Parameters are updated.
   Updating parameters makes the average log-likelihood of samples increased by [-0.15859    0.029233    -0.10182     0.25017     0.18106   0.0011611   -0.066749    -0.23714   -0.080118     0.44673   -0.029615     0.01617   -0.053681    0.010852].
   Records are aligned to the target stack.
   Iteration 1/10...
   Iteration 2/10...
   Iteration 3/10...
   Iteration 4/10...
   Iteration 5/10...
   Iteration 6/10...
   Iteration 7/10...
   Iteration 8/10...
   Iteration 9/10...
   Iteration 10/10...
   A new stack is updated.
   Done.
#  Age model construction algorithm is now running...
#  Iteration 1:
   Ages are sampled.
   Parameters are updated.
   Updating parameters makes the average log-likelihood of samples increased by [-0.023578     0.25885    0.026705    0.039589   -0.055195   0.0021057    -0.17859     0.11823   -0.039534   -0.007913      1.6817     0.30942 -0.00086983   -0.072183].
#  Iteration 2:
   Ages are sampled.
   Parameters are updated.
   Updating parameters makes the average log-likelihood of samples increased by [-0.059244     0.05096    -0.11602     0.03059    -0.12507     0.42347   -0.071446     0.12389      0.1166     0.20711   -0.072422    0.057768   -0.077444    -0.23357].
#  Iteration 3:
   Ages are sampled.
   Parameters are updated.
   Updating parameters makes the average log-likelihood of samples increased by [-0.078552     0.24879   -0.037811     0.14296    -0.21876   -0.054243     0.13181     0.31418     0.25167    -0.31814     0.14464    -0.11256    -0.32457    -0.26377].
#  Iteration 4:
   Ages are sampled.
   Parameters are updated.
   Updating parameters makes the average log-likelihood of samples increased by [0.016959   -0.020721    -0.16394   -0.017527     0.38532    0.022055    -0.49454    -0.16907    -0.12143    0.070613   -0.048535    -0.51248   -0.021407   -0.088255].
#  Iteration 5:
   Ages are sampled.
   Parameters are updated.
   Updating parameters makes the average log-likelihood of samples increased by [0.0082079     0.14989     0.49268   0.0009796    -0.63934    -0.11062    0.061184  -0.0094195     0.29468    -0.32431   -0.042048   -0.047977      0.1752   0.0054681].
#  Iteration 6:
   Ages are sampled.
   Parameters are updated.
   Updating parameters makes the average log-likelihood of samples increased by [-0.049548   0.0023713    -0.48491   -0.011279     0.22908     0.11756    -0.27791    -0.20482    -0.17562     0.18064    0.062756    0.026194    -0.63887    -0.11796].
#  Iteration 7:
   Ages are sampled.
   Parameters are updated.
   Updating parameters makes the average log-likelihood of samples increased by [0.0252    -0.16239     0.44506   -0.011876   -0.009165   -0.095682     0.43942     0.28734    -0.23801     0.13607   -0.066088   -0.036499   0.0015608   -0.018003].
#  Parameters are learned. Sampling algorithm is now running...
-------------------------------------------------------------------------------------------
#  Results and figures are being stored...
[Warning: MATLAB has disabled some advanced graphics rendering features by
switching to software OpenGL. For more information, click <a
href="matlab:opengl('problems')">here</a>.] 
   Done.
   Results and figures are stored in Outputs/R86_d18O_stack(1).
-------------------------------------------------------------------------------------------
Parallel pool using the 'Processes' profile is shutting down.
Time elapsed = 3787 s
