MATLAB is selecting SOFTWARE OPENGL rendering.
OMP: Warning #182: OMP_STACKSIZE: ignored because KMP_STACKSIZE has been defined

                            < M A T L A B (R) >
                  Copyright 1984-2023 The MathWorks, Inc.
             R2023a Update 4 (9.14.0.2306882) 64-bit (glnxa64)
                               June 19, 2023

 
To get started, type doc.
For product information, visit www.mathworks.com.
 
Starting parallel pool (parpool) using the 'local' profile ...
Connected to parallel pool with 36 workers.
Number of workers: 36
-------------------------------------------------------------------------------------------
## BIGMACS: Bayesian Inference Gaussian Process Multiproxy Alignment of Continuous Signals
-------------------------------------------------------------------------------------------
## Stack construction algorithm is now running...
#  Initializing...
   Data are loaded successfully.
   Initializing the age samples...
   Done.
#  Stacking algorithm is now running...
#  Iteration 1:
   Ages are sampled.
   Parameters are updated.
   Updating parameters makes the average log-likelihood of samples increased by [24.94186      16.90068      36.56527      44.67836      68.76735      84.04253      43.39801      20.57147      7.727136      40.92628      3.562332      15.75779      8.939613      20.15929      112.9904      3.050143      12.53976      23.37182      21.89726      52.13523      97.00003      74.36438      228.7547      41.45054      10.37077      32.45511      22.43783      124.1833      20.90681      10.39924      7.005137      38.20792      42.06259      37.71081      5.301672       20.1249      2.218542      60.91507      3.907535      16.64319      13.82943       67.6335      52.31122      94.42463      103.1333       44.8794      77.00438      44.90253      35.85863      15.04205      51.27837      86.58854      92.61322       72.7643      38.76503      67.00603      126.5285      5.644446      250.0545      11.64245      4.229674      65.27363      12.40369      91.34836      49.25707].
   Ages are sampled.
   Parameters are updated.
   Updating parameters makes the average log-likelihood of samples increased by [0.5538     0.61616    -0.18917     0.86807     0.63324      0.2624    -0.26741     0.21602    -0.11019     0.18273      0.3173    0.071166      1.1025     0.71997      2.0822     0.15046     0.32489      1.6167    0.086995     -0.4548     0.34789     0.70718      5.8644    -0.16883    0.025496      1.9517    -0.23135       2.903     0.34159    -0.14704    0.097673   -0.062044     0.66585    0.078191     0.39507    0.096098   -0.020564     0.19095   -0.062949     0.71839      0.1539      4.3477      1.4773      1.2308      1.8401    0.017137    0.028309     0.13204     0.83538     0.11039      1.7416     0.62012     0.65681      1.8897     0.35034      0.4351      4.0062    -0.10249      2.5357      0.1224  -0.0060139      1.7564     0.11977   -0.014601      1.9349].
   Ages are sampled.
   Parameters are updated.
   Updating parameters makes the average log-likelihood of samples increased by [0.058398    -0.08519    0.031556      0.1008    -0.21383  -0.0023878   0.0090856     0.12687     0.02058   -0.023993     0.10693    0.086044    0.026601   -0.028436     0.17549    0.015495    -0.28594   -0.075079    0.099629    0.020446    0.014948    0.040179    -0.25569     0.14248    0.036793    -0.15439     0.18155     0.28847    0.083709   0.0012929    0.080287    -0.35735     0.12804    0.051022      0.1393     0.12084    0.026728     0.24137    -0.10376   -0.010042    0.020792     0.39569     0.46842     0.69773     0.22952     0.18398     0.18247     0.17192    -0.22165    0.094925    -0.71416    0.083107   -0.066119   -0.039649   -0.087552   -0.021405    -0.20948    -0.09689     0.25653   0.0089017    0.056972   -0.029181    0.033985    -0.52348     0.24709].
   Ages are sampled.
   Parameters are updated.
   Updating parameters makes the average log-likelihood of samples increased by [0.17228      0.0493   -0.059344    0.075655    -0.18439     0.26188   0.0057816    -0.12956    -0.05823    -0.20206    0.021653     0.16184    -0.01918   -0.062745   -0.044531   -0.047082    0.022018    -0.22748    -0.27755    -0.25877     0.21863   -0.046471    -0.12481    0.044992  -0.0020522    0.056565   -0.028092     0.13348     0.67811  -0.0016084    0.014978   -0.083006   -0.044542    -0.26607    -0.13122     0.15237   -0.019878    -0.35632    0.021518   -0.030899    0.091553    -0.06734     0.22036     0.14634      0.0336   -0.032283   -0.043004    0.054307     0.20278  -0.0015291   0.0012774   -0.055521    0.077804    0.034622    -0.15855    -0.19872    0.082883    0.033571      1.0326   -0.043909    0.028016    0.024141    -0.12364     0.24745   -0.016014].
   Ages are sampled.
   Parameters are updated.
   Updating parameters makes the average log-likelihood of samples increased by [-0.1242    0.031714    0.027251     0.02914     0.15744    0.028859   -0.020707     0.10281    0.055678     0.19206   -0.022172    0.026656   -0.026668    0.063257    0.098164    0.049381    -0.18901     0.15725     0.31969     0.18772    -0.27306    0.066469     0.12751    0.036453    -0.29742   -0.045634  -0.0048379   -0.058996     0.12739   0.0036509  -0.0078696    -0.27129     0.31361     0.24308    0.015806    0.010809    0.012384    0.065397     -0.0658   -0.040185    -0.25367    0.082502    -0.43398  -0.0010166   -0.078342    0.030251    -0.65806  -0.0060401    -0.84841   -0.049776    0.016285    0.031825    -0.34268   0.0058912     0.19416    -0.48772   -0.023176   -0.032195   -0.073089    -0.18234  4.2148e-05   0.0076366   -0.026469  -0.0019658   -0.024636].
   Ages are sampled.
   Parameters are updated.
   Updating parameters makes the average log-likelihood of samples increased by [0.12014   -0.031948   -0.099023    -0.17772    0.023138   -0.035069     -0.1233    -0.26679   -0.009705    0.014078    -0.26575    -0.24091   0.0079557  -0.0076757   -0.019961 -0.00028627  0.00077517    -0.19998    -0.19173     0.08165     0.18462   -0.081695  -0.0063893    0.010072     0.19832    0.036441   0.0026349    0.045693   -0.090175   -0.084556    0.044204     0.17699       0.072   -0.042485     0.40483    0.096552  7.8537e-05    0.010553    0.057876    0.053212     0.28694    -0.18675     0.44392     0.01977    0.082793   0.0005622     0.33753   -0.033007   -0.057346    0.076132   0.0027821   0.0083861     0.40143   0.0016339    0.010718     0.46348    0.012338   -0.052109    0.083434    -0.09037   0.0019806   0.0055274     0.13619   -0.052811    0.026006].
   Records are aligned to the target stack.
   Iteration 1/10...
   Iteration 2/10...
   Iteration 3/10...
   Iteration 4/10...
   Iteration 5/10...
   Iteration 6/10...
   Iteration 7/10...
   Iteration 8/10...
   Iteration 9/10...
   Iteration 10/10...
   A new stack is updated.
#  Iteration 2:
   Ages are sampled.
   Parameters are updated.
   Updating parameters makes the average log-likelihood of samples increased by [25.364      28.10515      28.65477      42.26671      75.17309      95.33548      30.19448       31.9572      8.392013      56.53106       9.49411      43.08621      14.87014      24.59866       107.165      3.441494      33.86697      4.377485      27.97998       48.6293      87.00823      65.86138      154.0593      54.61721      51.97966      47.04622      49.67615      79.21935      35.29766      11.68904      2.428124      45.39726      21.33037      6.687469      37.04579      3.420187      3.298124      85.86536      6.742101      8.789835       14.2959      36.33786      42.37085      96.00956      104.7214      27.01533      59.31872      12.62384      32.15244      8.200868      58.01831      116.0893      74.62487      65.87553      47.51353      66.64753      226.7658      20.33986      142.2298      18.75803      64.16436      46.46294       3.76195      110.5087      50.44471].
   Ages are sampled.
   Parameters are updated.
   Updating parameters makes the average log-likelihood of samples increased by [1.48957      0.30963    -0.181287     0.227911      3.27337      3.29707     0.959308      1.10554     0.228382      3.14527     0.401042      2.41501     0.151857    -0.187457      1.96339   -0.0477012    -0.123546     0.113297     0.370507      1.60971      3.91671     0.994125      1.56855      1.24648      6.32264      0.57404      1.82132      4.28272      2.05933      1.32859    0.0393064        1.267    -0.323964     0.438279      4.49947    0.0145481    0.0282226     0.874975      0.87098     0.559051      2.27218      4.58506      1.12733      2.28572      3.08096      2.23971      1.46525    -0.368108      1.60174  -0.00281448      3.06277      6.62698      1.46747       3.5599     0.324042      9.74762      19.3951     0.150319      2.71294      1.51398      3.42299    -0.597155    0.0344556      2.59648    -0.139271].
   Ages are sampled.
   Parameters are updated.
   Updating parameters makes the average log-likelihood of samples increased by [0.43997     0.23293     0.17608    -0.25311       0.659    -0.37015     0.63274   -0.071555    0.084225     0.48016    -0.20028     0.38849     -0.1256   0.0066651   -0.015864 -0.00089024    -0.54285    -0.12112    0.063579     -0.5402     0.52744     0.53666     0.57388     0.85164     0.24892     0.33669    -0.80529     0.21692     0.17006     0.45347    0.019117     0.61291     0.22153     0.70946     0.10081    0.080647  -0.0081657     0.83927    0.020414     0.12107     0.11062    -0.10055     0.20269     0.19484    0.025475   -0.077354      1.0838    0.044464    -0.11353     0.56958   -0.040574    -0.23078     0.48016    0.082098       -1.06      1.5033     0.38783     0.74547     0.12433    -0.21341    0.024053     0.43547      1.1322    -0.18339    0.035738].
   Ages are sampled.
   Parameters are updated.
   Updating parameters makes the average log-likelihood of samples increased by [0.023587    0.095266     0.07928   -0.010772    0.068892    0.076733    0.031452    0.031876    -0.15116     -0.3059    0.049192     0.29931   -0.019878   -0.022817    -0.52407    -0.19428     0.02692    -0.51497    0.065913    0.028383      0.4183    -0.19085    0.086428   -0.025031   -0.013603    -0.23647    0.016721    -0.80825    0.052413   -0.023285    -0.17357   -0.016708    -0.34257    0.012459     0.10844    0.097341      0.0023    0.090604    -0.27053   -0.070984     0.11138     0.39684     0.11582     0.29376    -0.20244    0.019697    -0.18671    -0.21033    0.020974     0.07875     0.15343    -0.25289    0.012158    0.067342    -0.15661   -0.028965    -0.13648    0.019777     0.18028    0.089218    -0.55457    0.055155     0.21138    0.098613     0.44781].
   Ages are sampled.
   Parameters are updated.
   Updating parameters makes the average log-likelihood of samples increased by [-0.032415    0.022268   -0.026991   -0.073937    -0.34747   -0.020378   -0.016978  -0.0016418     0.17498     0.41909    -0.17223     0.11548    -0.24774    0.016813   -0.017487     0.13046   -0.035973   -0.061066   -0.046564  0.00088931     0.12951    -0.15679   -0.040755    -0.67496    0.021239     0.20561    0.012712     0.19685  -0.0095661    0.068502   -0.086328     0.15811     0.27802   -0.033929  -0.0043334     -0.1694 -0.00018728    -0.22215     0.57294   -0.086274    -0.23822    0.051493    0.054925     0.11464     0.15148   -0.028382     0.17318    -0.62954   -0.056383    -0.27727    -0.29744     0.41591    0.011861    0.087384   -0.040688    -0.11371    -0.74653     0.00692   -0.047085   0.0059101    -0.34559    0.090452  -0.0071716    -0.31997     0.18058].
   Ages are sampled.
   Parameters are updated.
   Updating parameters makes the average log-likelihood of samples increased by [0.024504   -0.061765    0.037727    0.069345     0.16624    0.056367     0.02237  -0.0018483   -0.012676    0.015537     0.13817    -0.23199    -0.29615   -0.067882  -0.0013708    0.053613    -0.10882    0.081851   -0.014139    -0.25516  -0.0019364     0.24549  -0.0084164    0.042274   -0.020923    -0.28129   -0.053623    0.063253   0.0079829     -0.0845     0.17916  -0.0077188    0.082674   -0.014489   0.0077207     0.15825  -0.0021231     0.26552   0.0022609    -0.17576    0.001978   -0.098166    -0.20993    0.052787     0.16934    -0.12789     -0.1265   0.0059184    0.051372     0.35184    -0.50651  8.6871e-05   0.0010675   -0.027597    -0.21133   -0.098705     0.10462     0.13089   -0.058504   -0.076217     0.34712      0.1282   -0.057472    0.082003   -0.076996].
   Ages are sampled.
   Parameters are updated.
   Updating parameters makes the average log-likelihood of samples increased by [-0.074262    -0.33821   -0.013251   0.0003243     0.22207    -0.31314   -0.048143    -0.02864   -0.021839   -0.057135    -0.53345     0.22981     0.20606    0.052294   -0.021774    -0.10948     0.22448   -0.009472     0.01102     0.24373  -0.0070985     0.13724    0.069094    -0.02262    0.023373     0.29187    0.077641    -0.37282    -0.11802     0.19668    0.050515    -0.11394    -0.24693    -0.06892  -0.0038044    -0.22123   -0.013866     -0.2338   -0.013319     0.17972   -0.045184     0.13618     0.23696   -0.034098    -0.22371     0.19537    0.033109  -0.0022114   0.0023363   -0.045551    0.096088    -0.19646    -0.16383    0.026785     0.30968    -0.34391    0.057711   -0.025152     0.11885     0.32936   -0.081654   0.0071388   -0.027177   0.0099706   -0.045773].
   Ages are sampled.
   Parameters are updated.
   Updating parameters makes the average log-likelihood of samples increased by [0.093329     0.27956  -0.0044469   0.0037546    -0.30973     0.23544   -0.091409    0.035528   0.0059575    0.071085    -0.11636   0.0041551   -0.014791    -0.04219   -0.044019     0.14399    -0.38547      0.0036     0.12464   -0.093735    -0.15811   -0.042997    -0.28188    -0.35278   -0.078113  -0.0013249     -0.3488    -0.03514    0.013163   -0.094193   0.0025287     0.19802    0.030002     0.11932    -0.03591     0.25239    0.011519     0.21834    0.013468     0.12036     0.20418     0.03695    0.016367   -0.045478    -0.33173    -0.12825   -0.060898   0.0012438  0.00095819   -0.089541   -0.011668     0.19528     0.16353    -0.19652     0.00934     0.18263   -0.028225    -0.15367   -0.099978    -0.51414    -0.14962  -0.0028849    0.086406     0.27128    -0.31927].
   Ages are sampled.
   Parameters are updated.
   Updating parameters makes the average log-likelihood of samples increased by [-0.0013819    0.093342    0.014016    -0.32934     0.31166    0.066424     0.14477    0.001848      0.0165   -0.017433    -0.13339   -0.072822     0.21548   -0.070348    -0.35834   -0.042913     0.25885   -0.083206     -0.2936    0.093976   -0.048466   0.0068721     0.27816     0.35601    0.042547    -0.11881     0.31689     0.38366     0.11094   0.0072917     -0.1763    -0.89745     0.23029   0.0047839   0.0096989   -0.012695   0.0051043   -0.066995   -0.016352    -0.30936    -0.23297   -0.026488    -0.10587    0.063879     0.52366  -0.0036792     0.11904   -0.014683   0.0017153   -0.095305    0.018006   -0.042039   -0.014092     0.14796    -0.33037    -0.21335    0.055881     0.18695    0.051845   -0.037313     0.26792  -0.0049701   -0.023442    -0.23074    -0.48268].
   Ages are sampled.
   Parameters are updated.
   Updating parameters makes the average log-likelihood of samples increased by [-0.038491   -0.051949    -0.28994     0.33104    -0.88278     -0.1867    -0.24018   -0.081733    0.033906    -0.17739     0.14477   0.0060758     0.10005     0.12099    0.077171   -0.027613    -0.15161    0.088477     0.24285   -0.013925  -0.0036342    0.015913    -0.32657   -0.064676    0.021659     0.12073    -0.12994    0.027082    -0.17077    0.047536       0.329     0.69191   -0.037327   -0.018457    0.012517    -0.34156  0.00015609    0.043384    0.013141     0.30841      0.1849   -0.092913    0.064707   -0.065405   -0.077523    0.065771    0.039906   0.0084918    -0.10396    0.071624   -0.027789     -0.1242    -0.18715    0.045278     0.10733     0.16337    -0.13708   -0.016328   -0.069324   -0.028425  -0.0078474    -0.27701     0.02322    -0.17343     0.73379].
   Records are aligned to the target stack.
   Iteration 1/10...
   Iteration 2/10...
   Iteration 3/10...
   Iteration 4/10...
   Iteration 5/10...
   Iteration 6/10...
   Iteration 7/10...
   Iteration 8/10...
   Iteration 9/10...
   Iteration 10/10...
   A new stack is updated.
#  Iteration 3:
   Ages are sampled.
   Parameters are updated.
   Updating parameters makes the average log-likelihood of samples increased by [0.27335   -0.040526    0.015984    -0.38887  -0.0085122      1.2715    -0.23844    0.059301    -0.19543    0.095912     -0.0742     0.26473   -0.040529    0.082926     0.30615   0.0050403  -0.0093535     0.57843   -0.043533  0.00061655    -0.20366     0.12399     0.18836     0.14878     0.40743     0.92458     0.55815    -0.33877     0.68286     0.14323     0.25077     0.59002    -0.39622    -0.11816    0.084534     0.11676      0.0427      1.0786     0.13744   0.0086265     0.19986      0.2703     0.18937    -0.10724    0.046326     0.19248     0.05853     0.12896     0.11984     0.22048      -1.079     0.42008     0.81137     0.41587     0.66245      1.0701      6.4392     -0.1616     0.44658     0.26192   -0.031424      2.1916     0.32987     0.11179    -0.18588].
   Ages are sampled.
   Parameters are updated.
   Updating parameters makes the average log-likelihood of samples increased by [-0.27066  -0.0055323    -0.01247    -0.13377      0.2363    0.034719    0.016985     0.35536    -0.28347    -0.57656     0.13151   -0.032351   -0.050261    0.024983   -0.087853    0.018504     0.59723    -0.54434    0.010454     0.19213    0.043755     0.13176    0.037811       0.233     0.52635     0.22436   -0.020217   -0.036214    0.016688   -0.080476  -0.0081325     0.10408   -0.020917   -0.049224    -0.17694    0.043611   0.0048086    -0.40299    0.028896    -0.18519   -0.077097     0.39673    -0.18679     0.05126   -0.058912      0.2207    0.059207     -1.1952    0.038395    0.060259     0.27996  -0.0018108    0.028227     0.52308   -0.053723    -0.26375      2.5269   -0.039327     0.26023    -0.16079      0.1529      1.6606    -0.24949    0.029434     0.46821].
   Ages are sampled.
   Parameters are updated.
   Updating parameters makes the average log-likelihood of samples increased by [2.7951e-05    -0.28733   -0.055085     -1.5732     0.58054    0.033881  -0.0060445     0.26936   -0.037734     0.37146   -0.013914    -0.66734    -0.06877  -0.0060567     0.21087    0.018273     0.13168     0.16578     0.26119   -0.020459    -0.11201    -0.23135    0.046598    0.044302     0.24867    0.026044      -0.168     0.56766     0.15215   -0.070507     0.11882    0.045203    -0.12546      0.7012   -0.027043    0.071006    0.080303   -0.056219   -0.085168   -0.034368   -0.081639     0.12858     0.13099    -0.46168    -0.14427   0.0038087   -0.069379     0.18831    0.012048    0.012131     0.12472     -0.3477    -0.32956     0.14751     0.23982   -0.031588     0.02381     0.13588     -0.8632    0.060541      0.6572   -0.066819   0.0084897    -0.63735   -0.085645].
   Ages are sampled.
   Parameters are updated.
   Updating parameters makes the average log-likelihood of samples increased by [-0.27833   -0.031826  0.00062178    0.030311     0.10583    0.048588   -0.037273    -0.22574    0.021577   -0.049729   -0.024151   -0.027522     0.14207    0.018144     0.29432     -0.2214      0.0452     0.29068    -0.01305   -0.010667   -0.022627    -0.15406     0.34962     0.40327    -0.11096    -0.18554   -0.054283    -0.35397   -0.031976    -0.04135    -0.11312  -0.0065642      0.0622     0.28827    0.043289   -0.045223    0.090856    0.021748    -0.11017   -0.089657     0.12351     0.90669   -0.015677   -0.017822     0.47125    0.040536    0.023176   -0.015812    -0.19818    0.092233   -0.021256     0.24506    0.070527     0.13722   -0.090715    0.038713     0.67885  -0.0087556   -0.022689     0.24779    0.061056    -0.19832    -0.37723     0.66247     0.22321].
   Ages are sampled.
   Parameters are updated.
   Updating parameters makes the average log-likelihood of samples increased by [-0.063809  -0.0010055    -0.58643   -0.011713    0.042587    0.025532     0.11779    -0.18825     0.01634    0.051482     0.37941    0.016357    0.012832    0.011998     0.11948     0.20687   -0.019922 -0.00094675   -0.028218    -0.33344    -0.45735   -0.009989    0.023413   -0.042491    -0.10313     0.17217    0.077306     0.20525     0.02464   -0.024064     0.11492   -0.043401     0.13476    -0.13621 -3.2933e-05    0.015652   -0.044585    0.012185     0.16761   -0.032226    -0.10029     0.20661    0.031374   -0.048742    -0.14976     -0.1475   -0.057116    -0.14451     0.25076     0.20934    -0.27202      0.5146    -0.14277    -0.53423     0.13487    0.021452      1.3278    -0.12229    -0.46634     -0.7499    -0.47549    0.054882     0.19964     -0.4521   -0.002663].
   Ages are sampled.
   Parameters are updated.
   Updating parameters makes the average log-likelihood of samples increased by [-0.35364 -0.00081574     0.73061   -0.019795    0.035942    -0.34142  -0.0042143    0.014668   -0.011078     0.10998    -0.22898    0.014388     0.01896    0.024775   -0.013601    0.098844   -0.066842   -0.069125   -0.057943    0.041143     0.31444      0.1971     0.08865     0.12814     0.10372    0.045839    -0.14522   -0.052153    0.043943  -0.0025711  -0.0099783    0.034157    -0.20416     0.24738   -0.034373   -0.023933     0.10829    0.039166   -0.026196   0.0076158  -0.0088127   -0.051554   -0.028655   -0.017896    0.099363    -0.10135    -0.25177     0.14134    0.015881    -0.23189     0.17639    0.037156     0.21644     0.22742    -0.21943    -0.09435     0.19586    0.036625     0.44335   -0.016954     0.10441     0.31277    -0.11747    -0.56331   0.0064274].
   Ages are sampled.
   Parameters are updated.
   Updating parameters makes the average log-likelihood of samples increased by [0.56738   -0.061142     -1.0282     0.02944   -0.047768     0.33014    -0.06401     0.11855   -0.047522  -0.0091875    -0.14905  -0.0069399  -0.0086448    -0.20869    -0.38765    -0.20259    0.087123     0.06792  -0.0068126     0.22642    -0.23572    0.025243    -0.52719     -0.4642     0.09445   0.0098507  0.00069537    0.068429    -0.17381    0.074559  -0.0009006    -0.26922     0.11239   -0.065029   0.0023103    0.070881   -0.072084   -0.061461   -0.010129    0.024507     0.11891   -0.050079  -0.0088232    -0.26323    0.031567       0.185     0.29067     0.03073   -0.027082     0.17112     0.13766    -0.52194     0.13815   -0.032016     0.21948   0.0054786    -0.06261    0.083857    0.017169    0.016204     0.38075    0.014439      0.2628   -0.032487    -0.23555].
   Ages are sampled.
   Parameters are updated.
   Updating parameters makes the average log-likelihood of samples increased by [-0.021534    0.013004   0.0090929   -0.031608    -0.44791   -0.033413    0.086582     0.17341    0.087636    0.026961   -0.067282   -0.027474   0.0067321     0.14967     0.46516     0.41483  -0.0026712    -0.16055    0.093007    -0.76145    -0.29441    -0.52622      0.5759     0.30779    0.019876    -0.11367     0.11082    0.011413      0.1645  -0.0058348   -0.032898     0.27398    -0.11941      0.1011    0.033414   -0.023054     0.04522    0.052903   0.0070332    -0.20052    -0.32913   0.0083057    0.032025     0.28236    -0.36705   -0.063029   -0.019326   0.0080448    -0.23602    -0.12772    -0.75627     0.21344    -0.14955     -0.5754    -0.13951    -0.22813     0.22049    -0.10911    0.021551   -0.029531     -0.3881   0.0024449   -0.058099    0.067146     0.20403].
   Ages are sampled.
   Parameters are updated.
   Updating parameters makes the average log-likelihood of samples increased by [0.15665    0.070855     0.12101  -0.0066533     0.23492    -0.24793    -0.11692    -0.70314    -0.04838    -0.42762    0.032655    -0.19739    0.015894    0.016402   -0.087262     -0.4169   0.0013115  -0.0081705   -0.058969    -0.24274      0.6779    -0.20822     0.25054    -0.46343    0.034368   -0.009948  -0.0098076    -0.07523    -0.12176   -0.047333    0.019997    -0.22986     0.25743   -0.059896   -0.016479    0.021502   -0.036823    0.010996     -0.1545     0.26465     0.22368  -0.0082617   0.0016234    0.055112     0.37251    0.085457     0.05367   -0.093607     0.18155     0.13196     0.16011    -0.11466   -0.065021    0.060453     0.13047     0.10027    -0.58269    0.075209    -0.34516    0.009887     0.28973    -0.19416    -0.24665    -0.16691    0.025439].
   Ages are sampled.
   Parameters are updated.
   Updating parameters makes the average log-likelihood of samples increased by [-0.17554   -0.019933    0.044429   -0.013158    0.070808     0.26115      0.1193     0.22475    0.037276      0.3152    -0.12764    0.099023    -0.12021  -0.0040581   -0.047718    -0.04638   -0.095199    0.082267    0.051353    -0.11692     0.13336     0.19824     0.13165   -0.022115   0.0079662      0.1219 -0.00069662    0.023096      0.1027  -0.0011844   -0.039326     0.25157   -0.078003   -0.070301    0.015631   -0.012104    0.088116  -0.0049966    0.060448  -0.0084214      0.1028    0.034683   0.0084002    -0.44602    0.008686    -0.10397    -0.14913    0.073326    0.072416    -0.26852     0.04554    -0.17058    0.041066    -0.40759   -0.030694     0.13651     0.76458    0.020528     0.34467    0.036015     -1.0323     0.08143     0.33796    -0.10104    -0.41114].
   Records are aligned to the target stack.
   Iteration 1/10...
   Iteration 2/10...
   Iteration 3/10...
   Iteration 4/10...
   Iteration 5/10...
   Iteration 6/10...
   Iteration 7/10...
   Iteration 8/10...
   Iteration 9/10...
   Iteration 10/10...
   A new stack is updated.
#  Iteration 4:
   Ages are sampled.
   Parameters are updated.
   Updating parameters makes the average log-likelihood of samples increased by [0.019726   -0.024711  -0.0099662  -0.0029251    0.092478    -0.17211    0.043073    -0.45198   -0.026346    0.046304     0.11579    -0.18387    -0.22151    -0.42854     0.18578    -0.23507    -0.12534   0.0088837   -0.080289     0.20699    -0.14671     0.16402     -1.1147      0.3897   -0.039654   -0.024798    0.033296    0.037106  -0.0017985    -0.18068   -0.043298   -0.055434     0.16461     0.14306    -0.17012     0.27573   -0.057904     0.46335   -0.028916    0.080069    -0.48413    -0.30351     0.13533   -0.059326     0.39933    -0.24062    -0.24578     0.21334     0.14483   -0.013182     0.34393    0.087349     0.12198     0.36954    -0.46132     0.12823      2.6451    0.036153      0.1736    0.093056     0.35564     0.18322    -0.15482      1.0737     0.93746].
   Ages are sampled.
   Parameters are updated.
   Updating parameters makes the average log-likelihood of samples increased by [0.015332      0.1203     0.61549     -0.1537   -0.034596    -0.10894    0.096874   -0.022813     0.20777   -0.030101   -0.034582     0.10481    0.030528     0.34988     0.17509   -0.076515     0.12465   -0.033073    -0.35864    -0.16715    0.039265    -0.14735   -0.032616      0.0971    -0.19497    0.011648     0.10717    0.023229    -0.68862    0.079486   -0.076925    -0.38259   -0.038624    -0.18941    -0.22125    0.039028     0.08852     0.26895   -0.024567    -0.09843    0.072872    0.050201    0.077662     0.37969    0.061918    0.044529    0.028307    -0.26209    -0.22912   -0.011824     0.04802     0.82489     -0.1362   -0.067501     0.26433     0.13581    -0.20408    0.018472    0.014697   -0.099027       0.241   -0.099891   -0.088342    -0.19914    0.035316].
   Ages are sampled.
   Parameters are updated.
   Updating parameters makes the average log-likelihood of samples increased by [-0.049232     -0.1557    -0.34125    0.052471   -0.042261   0.0022863    -0.50292    -0.40554    -0.02038    -0.18661     0.17844   -0.037282    0.034338   -0.064127     0.33233    0.098344    0.027433   -0.055622   -0.093297   -0.051892    0.091328     0.21141    0.099791     0.32788    0.056655    0.084625     0.11623    -0.11703     0.26275    0.017593    -0.11062    -0.19887    -0.11989     0.95006    -0.34784  -0.0041039     -0.0314     -0.3263    0.011065    -0.15159    -0.50712   -0.025939    0.034286      0.1991    -0.21362     0.22811    0.068728     0.11506     0.38371    -0.12616   -0.021253  -0.0087548   -0.068712    -0.27103    -0.47743    -0.12855     0.56075    0.059023    -0.76137    -0.17701     0.28029    -0.52008   -0.015041   -0.092846    -0.51693].
   Ages are sampled.
   Parameters are updated.
   Updating parameters makes the average log-likelihood of samples increased by [-0.078949     0.21097    -0.25621     -0.1457    -0.58507   -0.064204    0.015017    -0.13124   -0.022824   -0.026043     0.15748     0.10947    0.052563   0.0045278  -0.0011665     0.15245   -0.056366    -0.12539    0.099942  -0.0058473    -0.24243    0.060367     0.24988    -0.20039   -0.096383    -0.20519   -0.059604   -0.022518      0.1004    -0.21939     0.48173     0.12152    -0.20243    0.010619    0.019766  -0.0085003     0.01658    0.077715    -0.01161    0.023505    0.073982    -0.22519      0.2599   -0.071751    0.013165     0.10829     0.26844     -0.1904     0.27441   -0.079596    0.037546     0.33292     0.11586    0.016105     0.54707    0.067957     0.78928     0.48603    -0.15659     0.13645   -0.014728    -0.31655    0.051052   -0.024301     0.18241].
   Ages are sampled.
   Parameters are updated.
   Updating parameters makes the average log-likelihood of samples increased by [0.058288   -0.020821     0.12157   -0.067246     0.19422    0.054379   -0.022196    -0.11699   -0.015284    0.013076   -0.088291    -0.12268    -0.10872    -0.11185    0.068713   -0.084558    0.034214    0.050553  -0.0031841    0.040598     -0.3249    0.072509    -0.13552     0.16226    -0.12273      0.1091    0.027047   -0.032481   -0.014543     0.17522    -0.58377    0.045519      0.1997    -0.14522    0.014457   0.0027342   -0.036827    -0.14888   0.0021629   -0.004284    -0.24227      0.2624    -0.11057    0.034456     -0.3341    -0.72221    -0.28226    -0.37597   -0.081857    -0.24518    0.045826    0.033933    -0.12522     -1.1068     0.23184   -0.094883     0.01091   -0.048778     0.35588   -0.065499    0.028128     -0.1747    0.027232   -0.017104  -0.0026303].
   Ages are sampled.
   Parameters are updated.
   Updating parameters makes the average log-likelihood of samples increased by [-0.025375      -0.191    -0.25919     0.22563     0.03485     0.14487   0.0030156      0.2431   -0.048213    0.013013     0.10144    0.027692    0.086347    -0.23951   0.0063177    0.097392   -0.050518    0.027662  -0.0066212    -0.21339     0.24084    -0.46539     0.13711     0.11678      0.4556    -0.11446   -0.056882    -0.35013    0.013964     0.13466    0.045616    -0.25808  -0.0024625     0.13065    -0.11151   -0.092272   -0.022234     0.26204   0.0079715    -0.10513      0.3317   -0.088411     0.30831   -0.048489     0.29021      0.1254     0.40303     0.61784   -0.017891     0.25693    -0.21355    0.058401    0.079442     0.25174    -0.29577    -0.24601   0.0079984   -0.010584   -0.029183   -0.063267     0.10307    -0.16011   0.0010405   -0.073057  -0.0073783].
   Ages are sampled.
   Parameters are updated.
   Updating parameters makes the average log-likelihood of samples increased by [0.028616     0.10772     0.39679 -0.00074226    -0.26868    0.031731   -0.026821  -0.0051634    0.061564    -0.13333   -0.068424     0.10003    0.011069     0.35647    -0.42279   -0.028957    0.073993   -0.011648   0.0051947     0.14994     0.45056      0.4322    -0.26377    -0.20121    -0.26339   -0.047354   -0.081124     0.33733   -0.068355    0.011447   -0.051404     0.26673   -0.050523     0.03399   0.0020749    0.085233    0.010903    -0.61468   -0.023918     0.11084    -0.12441   -0.044774   -0.015101  -0.0078053   -0.074227    0.065513     0.14268    -0.25579    -0.56719     0.24808     0.21069    -0.11592    0.023774   0.0041378     0.27847     0.31698    -0.38372    -0.38964     -0.1346    0.070201    0.048464     0.58494   -0.014681    0.068319   -0.036019].
   Ages are sampled.
   Parameters are updated.
   Updating parameters makes the average log-likelihood of samples increased by [-0.67638   -0.052894    -0.16764    -0.14485   -0.047137     0.18761    0.076424    0.016234  -0.0072912     0.11524  -0.0045195   0.0028914     -0.2441 -0.00085783     0.41111    -0.13211   0.0020898   0.0085585  -0.0050022    0.054897   -0.037362    -0.18211     0.26271        0.21    -0.61339     0.12887    0.050723    0.050848    0.014478    -0.06313    0.053771   -0.050685    -0.15768   -0.099452    0.030823   -0.021693   -0.044055    -0.04795    -0.23235  -0.0017337   -0.083532    -0.20355     0.04479   -0.040184    -0.13598    0.092673    -0.29697     0.25297     0.66936    -0.59659    -0.13616    0.039265    0.045115    0.025044  -0.0018906    -0.24912     0.38252     0.31285     0.19943    0.063899    -0.13733     0.17264   -0.068895    0.019555    0.032243].
   Ages are sampled.
   Parameters are updated.
   Updating parameters makes the average log-likelihood of samples increased by [-0.025273    0.087984    -0.19174    0.089623     0.13311   0.0038809   -0.003744   -0.046096   -0.078372    0.015722    0.068849    -0.17688     0.20045    -0.10379    -0.16775     0.60187  -0.0035585    0.029114   0.0020863   -0.037934    0.022332     0.15778     -0.2162    -0.17948    0.015944    0.070621    0.064985   -0.038697   -0.024711   -0.059409  -0.0058823    0.029796      0.2026    0.092166     0.06603    0.012233    0.096825   -0.049078     0.16201    -0.17155    -0.11584      0.3383    -0.12374   -0.090561     0.20922    -0.18274    -0.18671    -0.24609    -0.25828    -0.40789    -0.12339     -0.0943    0.010264   0.0015216    0.051056     0.27158   -0.025042    -0.18091    0.048617   -0.059416     0.12276     0.01529    0.079241 -0.00098652  -0.0059415].
   Ages are sampled.
   Parameters are updated.
   Updating parameters makes the average log-likelihood of samples increased by [0.038727    0.033155     0.27089   -0.010835     0.17311    -0.02948   0.0066087    0.030349    0.084927    -0.17087   -0.087487     0.13657    0.042558    0.077374    -0.19591    0.030997   -0.023877    0.007685 -0.00091164    0.042675   -0.040979     0.14831     0.20371     0.14796    0.046211     0.12062  0.00069508    0.050132    0.082086    0.022871  -0.0069978   -0.018901   -0.028476    -0.36913     0.01533    -0.19532   -0.036129    0.073726    0.086409     0.16533    -0.32098    -0.24366   -0.052956    0.076714    -0.45897   -0.063584    -0.91299     0.17996     0.43884     0.37388    0.017067     0.10911    -0.16409    -0.42192   -0.024277   -0.008027    -0.17681    0.077136     0.10931    -0.03425    -0.13834    0.012494   -0.026167    -0.20006     0.01749].
   Records are aligned to the target stack.
   Iteration 1/10...
   Iteration 2/10...
   Iteration 3/10...
   Iteration 4/10...
   Iteration 5/10...
   Iteration 6/10...
   Iteration 7/10...
   Iteration 8/10...
   Iteration 9/10...
   Iteration 10/10...
   A new stack is updated.
#  Iteration 5:
   Ages are sampled.
   Parameters are updated.
   Updating parameters makes the average log-likelihood of samples increased by [0.099271    0.027527    -0.20639    -0.52048     -0.1464    -0.12128    0.027426     0.29262     0.11646     0.14016   -0.023096    0.058812    -0.15158   -0.015993    -0.39061     0.20732     0.10663    -0.67492    0.015522  -0.0057036    -0.39963    0.017765     0.27449     0.58906   0.0082554     0.12054   0.0076774     -0.4499    -0.10797    -0.12885    0.019301    0.098695     0.11619    0.079948    -0.11528     0.11812    0.027231     0.61046  -0.0059974     0.39599    -0.43018     0.23541   -0.027669   -0.058751   0.0093151     0.21369    -0.14968    -0.02552    0.003924 -0.00058205    0.064459     0.22683   -0.080699      1.0728   -0.036714    -0.87468      8.0713   -0.070885    0.044343    0.049506    -0.58324 -0.00070661    -0.88646   -0.019587     0.17108].
   Ages are sampled.
   Parameters are updated.
   Updating parameters makes the average log-likelihood of samples increased by [-0.048369  0.00040703   -0.066071     0.39075    0.082559    -0.27839     0.14301     0.15935     -0.7803    0.060587    -0.40218    -0.14498   -0.037394    0.068468    -0.44233  0.00039034    -0.15544     0.50209   -0.061391     0.39858     0.03394     0.18271    -0.14667    -0.21158  -0.0086051    -0.52135    -0.98644     0.51183     0.49129   -0.022484   -0.029763    -0.01192    -0.20759    0.038764      0.4411   -0.071838   0.0084842    -0.20863    -0.29423    -0.13963    0.025177     0.13196   -0.038575    0.033899   -0.050225    -0.22809    0.017155    -0.26552    -0.66271    -0.24779    0.038784      1.3139    -0.11791    -0.25063    -0.22021     0.40903      8.3285    -0.26028     0.55249   -0.031484     0.43966     0.48908     0.15055     0.18637    0.070889].
   Ages are sampled.
   Parameters are updated.
   Updating parameters makes the average log-likelihood of samples increased by [-0.39888   -0.015692   -0.048256  -0.0015939    0.065677    0.044094   -0.064184     -0.3636     0.23947     0.15768     0.10346     0.17206    0.055607    -0.17683    -0.29605    -0.11508     0.07649    0.067425    0.013493    -0.48518    -0.36413  0.00082378     0.08228    -0.10569   -0.040471   -0.047583    -0.52722   -0.094085  -0.0011409   -0.027564    0.055532    -0.29982     0.19204  0.00076134 -0.00059755     0.20716    0.048406     0.79396    -0.55034     0.12449    0.017075   -0.036451    -0.17212    -0.16016    -0.28378     0.28405   -0.085562  -0.0039432  -0.0067655     -0.2316    -0.14243    -0.54833   -0.099553     0.57007    -0.08073    -0.10499     0.74417     0.37888    -0.54896   -0.050913    -0.61933    -0.16782    0.029453    -0.35777   0.0021153].
   Ages are sampled.
   Parameters are updated.
   Updating parameters makes the average log-likelihood of samples increased by [0.02755   -0.086342    -0.24784     0.26979   -0.017059     0.10681    0.042169   -0.059926  0.00064273    -0.13568  0.00032821     0.12581    -0.42907   -0.053568      -1.064    -0.10882     0.18385     0.28489  -0.0064451    -0.36739   -0.029246    0.016342     0.31391      1.0651    -0.15596    -0.44595   -0.042283   -0.048491   -0.003943   -0.080877      0.1368    -0.02251    0.015333    0.075224    -0.01346   -0.034352    0.052824    0.020843    0.059163    0.032163   -0.025045    -0.34783    0.013724    -0.19718     -1.8618    0.034903    0.088797    -0.16786    0.039584   -0.062281    0.010515    0.098063  -0.0025899   -0.077948    -0.10794     0.38447   -0.076474    -0.26432     -0.4642    0.041479    -0.18835     0.48841    -0.35904    -0.12517   -0.012735].
   Ages are sampled.
   Parameters are updated.
   Updating parameters makes the average log-likelihood of samples increased by [-0.16295     0.13063      0.3551    -0.23379   -0.078563     0.25401    -0.28441    0.076013    0.049054    -0.20392    0.012958    0.061416     0.48282    0.043178    -0.58542    0.011451   -0.047946    -0.11445   -0.024932     0.31071    0.031251    0.044626   -0.011142    -0.11435      0.1069     0.42735     0.10993    -0.38026    0.014135    0.091276    0.055321   -0.011408    0.035534   -0.097345    0.014765  -0.0029769  -0.0092154   0.0092645   -0.075955     -0.2133   -0.029604     0.37956     -0.1505     0.50763     0.74097   -0.013934    -0.69077   -0.038449    -0.28217   -0.029687    0.051539    -0.61099   0.0055733    0.071748  -0.0051471     0.27709  -0.0060867    -0.21937     0.39994    -0.17533     0.19283    -0.28874     0.44401     0.16002    0.090987].
   Ages are sampled.
   Parameters are updated.
   Updating parameters makes the average log-likelihood of samples increased by [-0.025833  -0.0099134    0.017762      0.2893    0.087131   -0.040985       0.291  -0.0026306     -0.2746   0.0026279   0.0011003  -0.0073503     -0.0661    -0.01821   -0.071456     0.15715     0.15401   -0.068106   0.0086288    0.059681     0.02023    -0.17946    -0.70897    -0.15873    0.040352    -0.51733    -0.70041     0.43879    0.027623     -0.3447    0.071187   -0.012743   -0.020133   -0.051756    -0.01972   -0.031973    0.017686    -0.15374    0.048207     0.21651    0.033869   -0.040013     0.15249     0.23228     0.19186    -0.13789     0.96352    -0.52099      0.2636   -0.017399    -0.19065     0.58554   -0.011379   -0.025819   0.0038898     -0.6664    0.024085     -0.1061    0.029764     0.17004  -0.0059953     0.13747    -0.11929    -0.14801    -0.02226].
   Ages are sampled.
   Parameters are updated.
   Updating parameters makes the average log-likelihood of samples increased by [0.18627   -0.025638     0.13066     0.12158   -0.086529  -0.0072577    -0.23031   -0.035111     0.22088    -0.27651  -0.0076424    0.066999   -0.080447     -0.1043     0.14548   -0.079245    0.081424    0.065188   -0.071794    -0.59424    -0.13851     0.14935    0.042345     0.25789    -0.21897     0.38011    -0.25294    -0.30442    0.015971    -0.02647    0.068683   -0.018035    0.024966     0.12153   0.0055498    0.040318    0.044726    -0.26015   -0.041359     -0.1222 -0.00057624    -0.45785  -0.0017224     -2.2717    0.042983     0.17469    0.031602    -0.12011    -0.35971    -0.22977    0.060495   -0.096234   -0.054806    0.036634     -0.5136     0.52992  -0.0034848     0.48971   -0.048275    -0.17459   -0.064191    0.013982  -0.0028717      -0.418    -0.27726].
   Ages are sampled.
   Parameters are updated.
   Updating parameters makes the average log-likelihood of samples increased by [-0.3643   -0.022733   -0.075044   0.0069552    -0.05352   -0.051402     0.13032    -0.20545    -0.11458     0.94529  -0.0041775    -0.29039    -0.52122      0.1136      0.1582    0.066671     0.10526   -0.013019  -0.0064736   -0.036684     0.10133 -0.00093978   -0.094151    0.034194     0.23729    -0.65522   -0.082527    -0.32715    -0.11064     0.19603   -0.018224    -0.03173   -0.092431    0.030511    0.020408   -0.015211    -0.17866     0.40945     0.17282     0.10218    -0.12426     0.47452   -0.057526      -1.264    -0.40051    0.013143   0.0064206     0.15985     0.23997     0.17744   -0.051771     0.04812    0.060724  -0.0017946     -0.7004   -0.019818    -0.06925    -0.01665    -0.36712     0.16026   -0.010186     0.13615     0.19289     0.55504     0.18639].
   Ages are sampled.
   Parameters are updated.
   Updating parameters makes the average log-likelihood of samples increased by [-0.014372    0.028734   -0.042031    0.076868     0.09442    -0.14998    0.035832     0.23755    0.014005    0.065548    0.011776     0.19501     0.15236   0.0099108    -0.42742    0.019974    -0.66266    -0.11666     0.10767    0.011787    -0.10905     -0.5077    -0.16403  -0.0045526   -0.067348   -0.057623     0.33738     0.51835    0.094251    -0.26416   -0.011536    0.042649     0.10209 -0.00024695  -0.0064289    -0.12561     0.08313    -0.18632    -0.13944    -0.25179    0.066057    0.058374   -0.049772    0.088712     0.33773   0.0059066   0.0002281    -0.11619    0.029519    0.001931    0.070845   -0.067641   -0.078845  -0.0037702    -0.10876    -0.03071    -0.74229   -0.084399   0.0078428    0.042292    0.036014     0.01991    -0.37685    0.074819     0.11002].
   Ages are sampled.
   Parameters are updated.
   Updating parameters makes the average log-likelihood of samples increased by [0.37861    0.043125    0.085172   -0.071775    0.024717     0.20049   -0.022733    -0.37976    0.020059  -0.0013625   -0.041566   -0.018857    -0.15303   -0.026033      0.1357    0.026027    0.073509     0.11961   -0.014784   0.0054734     0.14364     0.82862     0.25191   -0.039969   -0.017668    0.027691   -0.057484    -0.09872   -0.004457     0.23781    -0.24356    0.022774   -0.010686   -0.066747   -0.027844    0.042342   -0.066749     0.14463     0.14678     0.20043     -0.1196   -0.059332    0.074895     -0.2103     0.20643   -0.025802   -0.062951    0.076465    0.092753     0.15302   0.0059217    -0.12617    -0.03601   -0.016479     0.23644   -0.010144       4.461   -0.013291     0.09572    -0.19609    0.033012    -0.57273     0.35272    0.034027   -0.010708].
   Records are aligned to the target stack.
   Iteration 1/10...
   Iteration 2/10...
   Iteration 3/10...
   Iteration 4/10...
   Iteration 5/10...
   Iteration 6/10...
   Iteration 7/10...
   Iteration 8/10...
   Iteration 9/10...
   Iteration 10/10...
   A new stack is updated.
   Done.
#  Age model construction algorithm is now running...
#  Iteration 1:
   Ages are sampled.
   Parameters are updated.
   Updating parameters makes the average log-likelihood of samples increased by [-0.21889   -0.068836    -0.00253    0.073229   0.0081184    -0.37817   -0.042094   -0.043872     0.17219      0.3079    -0.31455    0.035971     0.22182    -0.28201    -0.20537    -0.05671    -0.21926   -0.013362   -0.075742     0.01938    -0.50529    -0.67405      1.0717     0.19565   -0.053602    0.051936     0.11578     -0.4954     -0.2131    0.014121   -0.068558    -0.62153    0.010046   -0.018602    0.090182   -0.097879   0.0095441     0.42242     0.14651    0.022613   -0.094451      0.8245     0.48575      0.0166    -0.13815   -0.028764    -0.13351     0.36394    0.022234    -0.22436     0.22219     0.39902     0.14888   0.0015615     0.15307    0.012069      8.5774     0.25918    -0.33029    0.060252     0.12513     0.69349     0.10392    0.092025     0.02921].
#  Iteration 2:
   Ages are sampled.
=>> PBS: job killed: walltime 86504 exceeded limit 86400
