MATLAB is selecting SOFTWARE OPENGL rendering.
OMP: Warning #181: OMP_STACKSIZE: ignored because KMP_STACKSIZE has been defined

                            < M A T L A B (R) >
                  Copyright 1984-2022 The MathWorks, Inc.
                  R2022a (9.12.0.1884302) 64-bit (glnxa64)
                             February 16, 2022

 
To get started, type doc.
For product information, visit www.mathworks.com.
 
Starting parallel pool (parpool) using the 'local' profile ...
Connected to the parallel pool (number of workers: 36).
Number of workers: 36
-------------------------------------------------------------------------------------------
## BIGMACS: Bayesian Inference Gaussian Process Multiproxy Alignment of Continuous Signals
-------------------------------------------------------------------------------------------
## Stack construction algorithm is now running...
#  Initializing...
   Data are loaded successfully.
   Initializing the age samples...
   Done.
#  Stacking algorithm is now running...
#  Iteration 1:
   Ages are sampled.
   Parameters are updated.
   Updating parameters makes the average log-likelihood of samples increased by [100.6738      59.85079      306.0893      210.4941      11.50072      11.46278      47.29578      307.2903      27.69941      15.52446      162.4934       135.024      41.60608      2.868873      7.881685       6.37846      13.97257     0.8777955      7.573125      16.35919      7.522501      14.66106      28.26516      8.885865      36.26896       3.36525      25.18426      81.19067      38.50145      47.09903      7.292724      17.34365      21.34737      1.635617      62.02227      13.96532      28.82373      30.34389      14.08221      59.46911      227.9598      167.0123      47.97804      14.73266      26.56198      8.965733      271.9743      145.1583      94.18984       88.7325      363.5738      30.48847      7.081147      88.76899      42.65954       26.7069      2.403863      53.83026      31.60698      135.0816      25.01541      13.47784      50.57638      18.03842      28.09617].
   Ages are sampled.
   Parameters are updated.
   Updating parameters makes the average log-likelihood of samples increased by [2.51618      3.12925      27.3877      10.9189   0.00198464     0.401574       2.0374      20.1074     0.328387    -0.124279      2.40627      2.50142      3.21402     0.850238     0.131108       0.6846    -0.295174    -0.214653    -0.489351      0.50448      0.14841     0.254326      1.19324     0.149888      2.99966     0.930458     0.542602      4.13758      5.35157      1.58902      1.37835      2.42286      1.00845     0.317817     0.285805      1.04176    0.0890979      1.61104     0.742355      1.46495      7.89157      4.33685      2.22439    -0.548306     0.602385     0.372414      3.93841      1.41786      1.84602      2.51491      4.82752      1.11623      0.68991      15.8668      0.97555      1.48143    0.0840674      1.35511     0.416014       6.2489     0.354929     0.660688      3.99777     0.555743      1.52093].
   Ages are sampled.
   Parameters are updated.
   Updating parameters makes the average log-likelihood of samples increased by [1.2204     0.20554      5.8333      0.1472     0.29928    0.029102     0.18202      2.1467    0.065956    0.088247      0.7526     0.18921      1.1751     0.14103     0.14655    -0.06669    -0.23695     0.08188    0.052175    -0.04348  -0.0038261    -0.05207    -0.19305     0.16476    -0.17697      1.2068     -0.2036     0.13571     0.52064    -0.26741     0.36312     0.49148     0.04746     0.16752   -0.024545    -0.26337     0.21475    -0.19389   -0.013146   0.0064453    -0.32107     0.76996     0.73461    0.051534     0.35928   -0.036161     0.28564      0.2295     0.59376     0.15275    -0.01988    -0.13193     0.31193       2.233     0.13789    -0.31326  -0.0010953     0.14344  0.00060641      4.5555     0.15097   -0.017912     0.30817   -0.020054    -0.29889].
   Ages are sampled.
   Parameters are updated.
   Updating parameters makes the average log-likelihood of samples increased by [0.014779     0.77451     0.60264    -0.46336   0.0039188     0.23277     0.44127   -0.003613    0.013286  -0.0008471    0.049025  -0.0046358    0.094021    -0.02917   -0.032487    -0.18669     0.04222     0.31061    -0.07243     0.19886      0.3709  -0.0056694    0.023459    -0.23067    -0.22422    -0.37608     0.11574     0.03823    0.067898      0.1272    0.025513    -0.12829   -0.018935    0.068578   -0.082868     0.15003    0.063385     -0.2525   -0.061924 -0.00082154   -0.010605     0.37154   -0.028508   -0.065833     0.58483  -0.0096829     0.17054     0.33216    -0.11674   -0.051618     -0.0163    0.033267    -0.11233     0.17125    -0.33239    -0.47666   0.0039231    0.079204    0.056598    -0.26908    0.083613     0.28175   0.0032389    -0.18452    -0.24439].
   Ages are sampled.
   Parameters are updated.
   Updating parameters makes the average log-likelihood of samples increased by [-0.1318    -0.60594      2.0012      0.4842    -0.03532    0.018414   -0.016886   -0.015401  -0.0031301    0.060048  -0.0050372  -0.0090267    -0.46597    0.022745    0.013018     0.29125   0.0013258   -0.020729   -0.058267    -0.12461   -0.021962    0.045873  -0.0054344    0.080149     0.23949     0.41361    0.030186    -0.41183   -0.061219    0.015963   -0.013655     -0.3548   -0.056946    0.005396    0.097368    0.068555      0.1042     0.25352    -0.23559     0.19864 -0.00025649   -0.056774     0.15433    0.075696     0.40503    -0.09422   -0.050572   0.0077126     0.11593   -0.076666    -0.28224    -0.12031    -0.43545    0.026608    0.083786     0.52189    -0.02088   -0.073066    0.030989    -0.28753   0.0019036     -0.4141     0.10825    -0.14951    0.020579].
   Ages are sampled.
   Parameters are updated.
   Updating parameters makes the average log-likelihood of samples increased by [-0.064462    -0.13262    -0.25226    -0.11566    0.013067     -0.4129    0.079411    -0.17101   0.0079016  0.00023895    -0.69655    -0.10093    0.058747    0.025898   -0.013677    0.048115   0.0060699    -0.16395    0.010807    -0.11665     0.47899   -0.042352   -0.033508    0.076641  -0.0019964    -0.23705   -0.025094     0.32385     0.05172    0.061729    0.073094     0.58909    -0.12251     0.19827    -0.23797 -0.00085157     0.10748    -0.16398    0.034025    -0.12477   -0.052808   -0.067895    -0.55735  -0.0044674    -0.13405    0.098842    0.062254    0.062845    0.011453    0.030716     0.32774    -0.28416     0.50441    -0.05163     0.34928    -0.44634  -0.0001652     0.21057    0.010374     0.74062   -0.046324    -0.38021     -0.1062     0.10779    0.058784].
   Ages are sampled.
   Parameters are updated.
   Updating parameters makes the average log-likelihood of samples increased by [0.20026     0.31276     0.36766     0.07862   -0.044314     0.21795    -0.43701    0.095247   -0.023106   -0.049704   -0.075168     0.10959     0.35632     0.01083   0.0072206    -0.14283   -0.019566    -0.12691    0.088688     0.19662    -0.26959    0.026067     0.05226    -0.19891    0.051905     0.23702   -0.026923    0.080237    0.017874    -0.51939     -0.1962    0.076026     0.18586    -0.15257     0.25268   -0.024738    -0.18029    -0.12568    0.094513    -0.11615   -0.050612    0.082405     0.10691   -0.053993    -0.17117  -0.0055889    -0.31613    -0.23415    -0.10599    0.045181    -0.31775     0.32694     0.14093    0.073973   -0.072961     0.45045   -0.015243 -0.00093352   -0.025756      3.8487    -0.11793     0.49253     0.10761   -0.063551    0.058447].
   Ages are sampled.
   Parameters are updated.
   Updating parameters makes the average log-likelihood of samples increased by [0.015492   -0.043615  -0.0069811    -0.23226    0.052098     0.16822     0.50027    0.081079   0.0098691    0.011502    -0.56515   -0.011726     -0.3079   -0.033995    0.011554   -0.031487    0.023553   -0.047033   -0.064107     0.16168     0.43471    0.084771  0.00096297     0.02886  -0.0023393    -0.14025   -0.064397   0.0046929   -0.012742   -0.053317    0.036381    0.018749   -0.059345    -0.01234   0.0033377    0.028778   -0.033543    -0.34583    0.049627     0.18721    0.081294   -0.049304  -0.0053443    0.056661    -0.16082    -0.01657     0.11119  -0.0084663   0.0042877  -0.0052525     0.20813    -0.19242    0.069376   -0.016888    -0.42675    -0.01944   -0.050201   -0.038081    0.055777    -0.19275     0.14409    -0.24342   -0.032423    0.048193   -0.015685].
   Ages are sampled.
   Parameters are updated.
   Updating parameters makes the average log-likelihood of samples increased by [-0.096978     -1.3065   0.0053338    0.093368   0.0012042    0.094979     -0.2177    0.076192    0.013287    0.041629     0.01327   0.0020344     0.17973    0.022514   -0.086885    -0.01338  9.9746e-05     0.34621    0.071599    -0.13595     -1.2776   -0.061134   0.0082897     0.11111    -0.19721    -0.20844    0.096351    -0.22509    0.012555     0.12687     0.14674    -0.11248   -0.077393    -0.27522    -0.11371   -0.024565     0.10983     0.82749    0.094223    0.055069    -0.03058    -0.22293   -0.018505   -0.019084    -0.27265    0.024261     0.27293   -0.060708    0.065206    -0.25249   -0.029173     0.23825    0.068202    0.010801     0.42916    -0.88433   -0.097596   -0.063563    -0.41746       0.345    0.019259     0.21484     0.03287    0.089694  -0.0088714].
   Ages are sampled.
   Parameters are updated.
   Updating parameters makes the average log-likelihood of samples increased by [0.09969     0.10998       -0.44     0.18881    -0.24136   -0.073526    0.097182    0.012917  -0.0060884   -0.012388    -0.36283    -0.22853   -0.025947   -0.018825    0.050758    -0.16507  -0.0092305   -0.087917  -0.0033868    -0.18678   -0.025708    -0.39999   -0.069252    0.058885     0.16161    0.028493    -0.10163    0.039887   -0.040464   -0.061206  -0.0066186     0.13719     0.13673     0.37856    0.089673    0.018187   -0.041644   -0.024866   -0.016129    0.012029    0.044972     0.30167    0.031718   0.0030079    -0.33236  -0.0053724   -0.065293    -0.25813    -0.39331     0.24328     0.22425    -0.22597    0.095425   -0.040454    0.064616    -0.19497    0.072143    0.065963  -0.0030923    -0.11846   -0.027072    -0.01802   -0.012935      -0.224   -0.078757].
   Records are aligned to the target stack.
   Iteration 1/10...
   Iteration 2/10...
   Iteration 3/10...
   Iteration 4/10...
=>> PBS: job killed: walltime 86421 exceeded limit 86400
Cgroup mem limit exceeded: 
