MATLAB is selecting SOFTWARE OPENGL rendering.
OMP: Warning #182: OMP_STACKSIZE: ignored because KMP_STACKSIZE has been defined

                            < M A T L A B (R) >
                  Copyright 1984-2023 The MathWorks, Inc.
             R2023a Update 4 (9.14.0.2306882) 64-bit (glnxa64)
                               June 19, 2023

 
To get started, type doc.
For product information, visit www.mathworks.com.
 
Starting parallel pool (parpool) using the 'local' profile ...
Connected to parallel pool with 36 workers.
Number of workers: 36
-------------------------------------------------------------------------------------------
## BIGMACS: Bayesian Inference Gaussian Process Multiproxy Alignment of Continuous Signals
-------------------------------------------------------------------------------------------
## Stack construction algorithm is now running...
#  Initializing...
   Data are loaded successfully.
   Initializing the age samples...
   Done.
#  Stacking algorithm is now running...
#  Iteration 1:
   Ages are sampled.
   Parameters are updated.
   Updating parameters makes the average log-likelihood of samples increased by [5.22947      1.37664      4.17478      0.67011      0.42345      5.01913      6.12688   0.00521795       2.6519       50.632      7.28288      7.02053      2.47615      6.61682      19.6999      2.36739      10.8328      12.6664      18.1872      19.6076      8.81983    -0.287509      87.1061      7.01686      6.51552].
   Ages are sampled.
   Parameters are updated.
   Updating parameters makes the average log-likelihood of samples increased by [1.0569       1.449     0.30332    0.029927     0.69514      1.3443     0.46972    -0.22464     0.21096      4.3182      2.0222     0.59987     0.67348    -0.68212      2.6747    0.038326      1.2245     -1.4997     0.82427       2.926     0.80555     0.33043      9.0381      1.9049     0.33203].
   Ages are sampled.
   Parameters are updated.
   Updating parameters makes the average log-likelihood of samples increased by [0.057451     0.13232    -0.23638    -0.59627  -0.0052067     -0.1882      0.2477    -0.21167     0.51374    0.020034     0.11746   -0.043322       0.102    0.081927     0.20391   -0.070591    -0.38943    -0.41206    -0.11283     0.85002     0.14679     0.12504     0.93118   -0.092432    -0.31114].
   Ages are sampled.
   Parameters are updated.
   Updating parameters makes the average log-likelihood of samples increased by [-0.01315    -0.44268   -0.013847    -0.11409    -0.21742     0.30115    -0.10822   -0.024169    0.097555    0.092194      0.1912     0.16741    -0.10964    -0.18852     0.70175   -0.031917    0.022859    0.030853    -0.17672     0.67334   0.0067771     0.79323     0.35263     0.15536     0.46944].
   Ages are sampled.
   Parameters are updated.
   Updating parameters makes the average log-likelihood of samples increased by [0.011832      0.6624    0.013279    0.050283  -0.0092631     0.29399   -0.026805    0.048402   -0.012916   0.0066828   0.0031722    0.013868   -0.086941    0.004062    -0.20238    0.030193    -0.21032     0.15503     0.21528   -0.097495     -0.1702     0.44337    0.050765    -0.11093     -1.1141].
   Ages are sampled.
   Parameters are updated.
   Updating parameters makes the average log-likelihood of samples increased by [-0.0032051     0.16332 -0.00089475    0.017836     0.23015    -0.18308    -0.03419   -0.099913  -0.0056657    0.029712    -0.23754    -0.28604    0.071047   -0.034487    0.038557   -0.015445     0.21634   -0.038035    -0.12656   -0.025587     0.17946    -0.83458    -0.10567      0.1053    -0.26992].
   Ages are sampled.
   Parameters are updated.
   Updating parameters makes the average log-likelihood of samples increased by [-0.054012    0.052801  -0.0032505   0.0082866  -0.0050731    0.018678    0.068819   -0.055291   0.0028352   -0.010539    -0.14879       0.106     0.22675   -0.099974    -0.53431   0.0080747   -0.002589    -0.28886     0.12315    0.022216    0.003098     0.21705      0.1062   0.0033373    0.091962].
   Ages are sampled.
   Parameters are updated.
   Updating parameters makes the average log-likelihood of samples increased by [0.022899     -0.3687   -0.054286   -0.056129   -0.025168     -0.5881   0.0065436    0.025409     0.01275   -0.071721     0.60684     0.21196    -0.20998     0.14106   -0.017938   -0.039613    -0.33812     0.22114    0.019994   -0.022567   -0.012939     0.62816   -0.010011    -0.09175    0.058616].
   Ages are sampled.
   Parameters are updated.
   Updating parameters makes the average log-likelihood of samples increased by [-0.10106    0.076112    0.018082    -0.20165    0.032191    -0.13067    -0.07002     0.12068   0.0023211   0.0058391   -0.032507    -0.15329    0.023527    -0.45348   0.0057248    0.025689     0.28911     0.11605    -0.55474   0.0057798    -0.13613    -0.16861   -0.016027   -0.026353   -0.074313].
   Ages are sampled.
   Parameters are updated.
   Updating parameters makes the average log-likelihood of samples increased by [0.10663   -0.016258   -0.011682     0.26201    -0.24717    -0.19176    -0.34238    -0.01708   -0.044501    -0.03446     0.03168     0.14152     0.12614    0.062958   -0.064521    0.013625    0.052952    -0.48604     0.10349   -0.061834    0.066536 -0.00045755    0.014858     0.11318    -0.02606].
   Records are aligned to the target stack.
   Iteration 1/10...
   Iteration 2/10...
   Iteration 3/10...
   Iteration 4/10...
   Iteration 5/10...
   Iteration 6/10...
   Iteration 7/10...
   Iteration 8/10...
   Iteration 9/10...
   Iteration 10/10...
   A new stack is updated.
#  Iteration 2:
   Ages are sampled.
   Parameters are updated.
   Updating parameters makes the average log-likelihood of samples increased by [11.9216      12.0148      9.28426      8.84772      8.85929      15.4925      16.1145      8.27557      6.63221      20.9718      11.7545      4.97665     0.543892      7.16295      8.46594     0.290542      3.98933      14.9702      12.0002      10.3582      17.6445      16.2402      98.5909      30.0147      16.3383].
   Ages are sampled.
   Parameters are updated.
   Updating parameters makes the average log-likelihood of samples increased by [1.7254      2.61209      1.48365      1.39556      1.30182      1.04962     0.826016      1.36618      1.45077      1.34668      2.00231  -0.00448051    0.0104732      1.37819      3.84381    0.0780312     0.348047      2.85189      4.74334      1.60227      1.99528      2.34683      12.3524       3.0779      1.90775].
   Ages are sampled.
   Parameters are updated.
   Updating parameters makes the average log-likelihood of samples increased by [-0.029468     0.24804    -0.62303    -0.29919    0.061019     0.72206     0.54167    -0.04265    0.040331     0.86283      0.8969    0.046898   0.0055159    0.042746    -0.68993   -0.042081    0.013471     0.16682     0.62535     0.60685   -0.067441     -0.1665     0.95901    -0.28019     0.12764].
   Ages are sampled.
   Parameters are updated.
   Updating parameters makes the average log-likelihood of samples increased by [0.84358   -0.017052  -0.0092325    -0.25585   -0.092943    -0.20853     0.11505    -0.64132    0.063389     0.20869     0.10646    0.065195    0.014632    0.092145    -0.11361     0.33732     -0.1524     0.42797    0.011332    0.057288    -0.26113    0.079342     0.69109     0.25675    -0.24319].
   Ages are sampled.
   Parameters are updated.
   Updating parameters makes the average log-likelihood of samples increased by [-0.11085    -0.26226    -0.11729     0.32208     0.10753     0.17198    0.072408    -0.21348    -0.20814   -0.013305    0.037575   -0.025876   -0.012283    0.013413     -1.0028    0.019132   -0.077181    -0.10923   -0.061656    0.057186    0.026016   -0.064628    -0.26505   -0.045755     0.23351].
   Ages are sampled.
   Parameters are updated.
   Updating parameters makes the average log-likelihood of samples increased by [0.026764    0.088953     0.12644  -0.0077741    -0.41467    -0.14796    0.012093     -0.1366    -0.17802   -0.033569    -0.10007   -0.012584    -0.19613   -0.059964     0.44045   -0.051779    -0.18597   -0.023031    0.042662   -0.023422    0.044606    -0.37322     0.11349   -0.019922    -0.19236].
   Records are aligned to the target stack.
   Iteration 1/10...
   Iteration 2/10...
   Iteration 3/10...
   Iteration 4/10...
   Iteration 5/10...
   Iteration 6/10...
   Iteration 7/10...
   Iteration 8/10...
   Iteration 9/10...
   Iteration 10/10...
   A new stack is updated.
#  Iteration 3:
   Ages are sampled.
   Parameters are updated.
   Updating parameters makes the average log-likelihood of samples increased by [0.0058278     0.03005      0.1073     0.14922     0.63605    -0.11376      0.2698   -0.040554   -0.046713   -0.019093    -0.52907   -0.011479     0.35776    -0.63379     0.10042     0.16688    -0.57953     0.16075    -0.30052     0.52948    0.023061    0.019189      0.1427     0.29138   -0.033282].
   Ages are sampled.
   Parameters are updated.
   Updating parameters makes the average log-likelihood of samples increased by [-0.265   -0.001283  -0.0066124   -0.058422    0.071164   0.0083822    0.014672     0.17223    0.081236   -0.020812    -0.03776   -0.015919   0.0088393    -0.51647    -0.11585   -0.080248     0.31227    -0.19076     0.36416     -1.5855  -0.0078654     0.42395     0.55077     0.13357    -0.43605].
   Ages are sampled.
   Parameters are updated.
   Updating parameters makes the average log-likelihood of samples increased by [0.2302     0.19231    0.096852   -0.063112    -0.10259    -0.14238    0.062407     0.14845     0.12045    0.091114  -0.0034641    0.012036     0.10835    -0.17801     0.22466     0.04145   0.0033326    0.020367    0.024217    -0.13051     0.87086     0.12713    0.091414      0.8403     0.35667].
   Ages are sampled.
   Parameters are updated.
   Updating parameters makes the average log-likelihood of samples increased by [-0.13102    -0.11073    0.017021    -0.19721     0.12747   -0.039413   -0.077954  -0.0095359   0.0073292     -0.1876     0.02387   -0.035818    0.018025     0.12206   -0.097137   -0.016124     -1.0365     0.02162    0.017258   -0.093593    0.054734     0.16889    0.011719   0.0081182     0.37651].
   Ages are sampled.
   Parameters are updated.
   Updating parameters makes the average log-likelihood of samples increased by [-0.31783     0.12246     0.03314    -0.72927     -0.2342   -0.084439    0.092545   0.0081723   -0.073039     0.01739    0.072299    0.056658   -0.027848    -0.05401     0.19614   -0.080148    -0.84882     0.05645    0.058217     0.11459    0.001048  -0.0077764   -0.029857     -0.2734    -0.28938].
   Ages are sampled.
   Parameters are updated.
   Updating parameters makes the average log-likelihood of samples increased by [-0.065973   -0.083219    -0.52402     -0.1727     0.19224    0.029167  -0.0042776  -0.0049738   0.0062334     0.42335   -0.010592   -0.026839    0.040126    0.058009  -0.0025141    0.051028    -0.17586    -0.17989   -0.044754   0.0017449   -0.095497     0.19017    0.030966    0.091136    -0.71352].
   Ages are sampled.
   Parameters are updated.
   Updating parameters makes the average log-likelihood of samples increased by [-0.0081872    0.066036    0.033221     0.16997    -0.28875     0.13451 -0.00015523   0.0015661    0.010427    0.073741    -0.18911    -0.28048  -0.0085058 -3.1572e-05   0.0067153   -0.058653      0.1452    0.090092      -0.164   -0.052368    -0.50879   -0.049336   -0.022551   -0.051884    -0.19099].
   Ages are sampled.
   Parameters are updated.
   Updating parameters makes the average log-likelihood of samples increased by [0.6652   -0.025694    -0.31303    -0.21406     0.20631     0.22107   0.0084658   0.0011933      0.0578    0.025152    -0.68257    0.071857  -0.0093883    -0.20604    -0.14677   -0.053223    -0.19366    -0.14064     0.20628    0.030141     0.65424    -0.14298    0.022077     0.34591     0.16381].
   Ages are sampled.
   Parameters are updated.
   Updating parameters makes the average log-likelihood of samples increased by [0.02592    -0.34842     0.27275    -0.02055     0.09596    -0.49441    -0.11715 -0.00015606  -0.0015033     -1.0783     0.31515    0.092092    0.013054     0.20067   -0.011722      0.1141     0.28971     0.29167   -0.018713   -0.031112   -0.023753    -0.20955    -0.20941    -0.14816    -0.78491].
   Ages are sampled.
   Parameters are updated.
   Updating parameters makes the average log-likelihood of samples increased by [0.064848      0.3112   -0.054029     0.12479    -0.11805     0.36935    0.093677  -0.0020807  -0.0054938     0.24505    0.026787    0.078042  -0.0019277   0.0011965    0.071838    0.048789    -0.34437    -0.39748    0.024608   -0.037442    -0.17901     0.43462     0.19625      0.1253    -0.43309].
   Records are aligned to the target stack.
   Iteration 1/10...
   Iteration 2/10...
   Iteration 3/10...
   Iteration 4/10...
   Iteration 5/10...
   Iteration 6/10...
   Iteration 7/10...
   Iteration 8/10...
   Iteration 9/10...
   Iteration 10/10...
   A new stack is updated.
#  Iteration 4:
   Ages are sampled.
   Parameters are updated.
   Updating parameters makes the average log-likelihood of samples increased by [-0.62117    0.062194    0.053451    -0.32137    -0.16003     0.24373    -0.05087 -0.00036621     0.33906    0.062104     0.13699    -0.23043   -0.025921    0.040555   -0.045816     0.86607    -0.13388   -0.089653    -0.12104   -0.018157    -0.13113    0.064077    0.011798     0.87758   -0.014831].
   Ages are sampled.
   Parameters are updated.
   Updating parameters makes the average log-likelihood of samples increased by [-0.15418    -0.18971    0.031471     0.13753    -0.19789    -0.16406     0.16878     0.14869    0.035251    -0.10074     0.38755    0.015797    0.033915   -0.069342    0.054486   -0.052363     0.16081  -0.0054382     0.64683    0.060897     -0.1299    -0.13452    -0.43714     0.40575   -0.015083].
   Ages are sampled.
   Parameters are updated.
   Updating parameters makes the average log-likelihood of samples increased by [-0.058391  -0.0044702   0.0040395    0.022863     0.11573  -0.0015565     0.28378    0.052411    0.091009   -0.029088    -0.23738    -0.82051    0.015134   -0.068238   -0.038281      1.2597    -0.63484   -0.010051     0.15362    -0.14496     0.33862    -0.14555      1.2049    0.042654  -0.0077395].
   Ages are sampled.
   Parameters are updated.
   Updating parameters makes the average log-likelihood of samples increased by [-0.18372    0.018699    0.097349    -0.13186     0.13266     0.11654   0.0056958  -0.0068311    0.079005     0.14035   -0.045861     0.10824    0.059031     0.15199    0.070411      0.3383   -0.086279    -0.71272    -0.22026   -0.056226    -0.11928     0.43534     0.18952   -0.016303  -0.0091768].
   Ages are sampled.
   Parameters are updated.
   Updating parameters makes the average log-likelihood of samples increased by [0.11394    -0.68121   -0.048767    -0.13378    -0.34021   -0.017802     0.27674   -0.083739    -0.31653     0.12165     0.10149     0.05231   -0.099779    -0.15227   -0.023795    -0.24858     0.32291     0.22956     0.57878    0.017559      0.1463    -0.11692    0.047782    -0.14508   -0.015067].
   Ages are sampled.
   Parameters are updated.
   Updating parameters makes the average log-likelihood of samples increased by [-0.74507     0.16264  0.00053479    0.010234     0.10017   -0.093598   -0.020941    -0.16961     0.19708    -0.15861 -0.00016832   -0.012419    -0.15991     0.21257  -0.0019337      0.1984   -0.090359   -0.013543    -0.26407     0.23237    -0.18567   -0.035956    -0.33844     0.12523   -0.022105].
   Ages are sampled.
   Parameters are updated.
   Updating parameters makes the average log-likelihood of samples increased by [0.30419       1.106    0.039652     0.20819     0.42268    0.088281    0.040053     0.21652    0.080945     0.14399    -0.01209    0.018606     0.05583   0.0094206   0.0036837  -0.0071022    0.014239   0.0023453     0.53986    -0.13338     0.15039    0.028585     0.33935   -0.046466  -0.0076929].
   Ages are sampled.
   Parameters are updated.
   Updating parameters makes the average log-likelihood of samples increased by [-0.3784   -0.052904    0.019054    -0.11227    -0.44254    0.036187   -0.010556    0.052382    0.039993    -0.15989    -0.02845   -0.011232     0.19142   -0.039125    0.025741     0.10601    0.030428    -0.40402     0.12763  -0.0095458    0.033854     -0.3891    -0.15203    0.064453   -0.035197].
   Records are aligned to the target stack.
   Iteration 1/10...
   Iteration 2/10...
   Iteration 3/10...
   Iteration 4/10...
   Iteration 5/10...
   Iteration 6/10...
   Iteration 7/10...
   Iteration 8/10...
   Iteration 9/10...
   Iteration 10/10...
   A new stack is updated.
#  Iteration 5:
   Ages are sampled.
   Parameters are updated.
   Updating parameters makes the average log-likelihood of samples increased by [0.1056   -0.081631    0.018808     0.34236    0.059571    -0.19637    -0.15367    0.098386    0.026413   -0.048882    0.097576   -0.024036    0.050029      0.2616    -0.39693    -0.38404     0.67929     0.42499     0.16725    -0.10606     0.10708    0.013832     0.18035    0.053137    -0.40638].
   Ages are sampled.
   Parameters are updated.
   Updating parameters makes the average log-likelihood of samples increased by [-0.15478    -0.35928  -0.0056881    0.047836    0.018004   -0.050921  -0.0068796    0.032799    0.018056   -0.015034    -0.19214   -0.043641    0.014764    0.074207      0.6552     0.40819    -0.46375      0.4201     0.18334    -0.44057    0.020268    -0.62354    -0.20963  -0.0032479     0.14778].
   Ages are sampled.
   Parameters are updated.
   Updating parameters makes the average log-likelihood of samples increased by [0.036829    -0.12938    0.061659    0.021606     0.31572  -0.0044342   -0.057926   -0.005807    0.021475    0.024043     0.26996   0.0031906    0.029161      0.1847    0.016306     0.33551    0.049647     0.16707   -0.076216    -0.30115     0.33101   0.0092444     0.12161    0.084277    -0.11779].
   Ages are sampled.
   Parameters are updated.
   Updating parameters makes the average log-likelihood of samples increased by [-0.089419   -0.040389   -0.025775        0.27    -0.21417   -0.099788    0.030817    0.077765    0.012998   -0.022588    0.060379   -0.096067     0.25974   -0.026096    0.037138  -0.0031977   -0.016122   -0.011934 -0.00026328     -1.2141   -0.036535  -0.0082377    -0.32398    0.016576    0.012245].
   Ages are sampled.
   Parameters are updated.
   Updating parameters makes the average log-likelihood of samples increased by [0.097877    -0.11834     0.19165     0.10397     0.15492    0.086795   -0.035973    -0.11741   0.0077392    0.078862    0.021018     0.15565  0.00063204  -0.0059441   -0.083463   0.0048712   -0.052713    -0.49881   -0.045728     0.15088   -0.029027    -0.08203    -0.18075    0.024856    -0.15767].
   Records are aligned to the target stack.
   Iteration 1/10...
   Iteration 2/10...
   Iteration 3/10...
   Iteration 4/10...
   Iteration 5/10...
   Iteration 6/10...
   Iteration 7/10...
   Iteration 8/10...
   Iteration 9/10...
   Iteration 10/10...
   A new stack is updated.
   Done.
#  Age model construction algorithm is now running...
#  Iteration 1:
   Ages are sampled.
   Parameters are updated.
   Updating parameters makes the average log-likelihood of samples increased by [0.013259   -0.010727   -0.016217     0.74373    -0.12114       0.292   -0.083379    0.050252    0.018081   -0.017524    -0.12193    0.024514     0.13246   -0.033928    -0.51417     0.91685    -0.35096     0.16753     0.27225    0.016996    -0.20775  -0.0043534     0.83811     -0.2382   0.0066524].
#  Iteration 2:
   Ages are sampled.
   Parameters are updated.
   Updating parameters makes the average log-likelihood of samples increased by [0.032924    -0.35383      -0.217     0.45346     0.30936    -0.23828    0.042805    0.026975    -0.69021    -0.10109    0.058058    0.010602   -0.052661    0.012244   -0.050108    0.022859    -0.44504  -0.0055042     0.39898   -0.002758     0.51662    0.068043      1.2708   -0.047845     0.12784].
#  Iteration 3:
   Ages are sampled.
   Parameters are updated.
   Updating parameters makes the average log-likelihood of samples increased by [0.061912     0.25051    -0.18278     0.33135    0.028446     0.45038    -0.18361    -0.36481     0.11272    -0.31239     0.13539   -0.013453   0.0055745  -0.0078218     0.20197     0.72097     0.19269    -0.06908    -0.25402    -0.14244    -0.18399    -0.42357    0.084636   -0.041929    -0.19323].
#  Iteration 4:
   Ages are sampled.
   Parameters are updated.
   Updating parameters makes the average log-likelihood of samples increased by [0.039066    0.040062    -0.20724     0.23577     0.17256     0.31894    -0.15138    0.057838   -0.018171    -0.20302    0.036395    -0.14419    0.030873     -0.3511    0.025514     0.89312    0.020162      0.3272    0.053126  -0.0046287   -0.028803    -0.44236     0.30907   -0.033801      1.4164].
#  Iteration 5:
   Ages are sampled.
   Parameters are updated.
   Updating parameters makes the average log-likelihood of samples increased by [0.012833    0.045964    -0.32033    0.048179   -0.033948   0.0016776     0.39396    0.087332   0.0064234    0.092042   -0.023755     0.10803   -0.099204     0.15287  -0.0093125   -0.032145    0.003215    -0.23026   0.0029095    -0.13575    0.024616     0.44838    0.036072   -0.019285     -1.1106].
#  Iteration 6:
   Ages are sampled.
   Parameters are updated.
   Updating parameters makes the average log-likelihood of samples increased by [-0.0082267    0.010118    0.041318     -0.4237  -0.0049764    -0.07234     0.22959    -0.11403     0.01352    -0.49495    -0.11661   -0.068344    0.036249   -0.038322    0.017611    -0.12854  -0.0020476     0.11115   -0.023124      0.1382   -0.039475    -0.14012   0.0082818     -0.0765     0.16272].
#  Parameters are learned. Sampling algorithm is now running...
-------------------------------------------------------------------------------------------
#  Results and figures are being stored...
[Warning: MATLAB has disabled some advanced graphics rendering features by
switching to software OpenGL. For more information, click <a
href="matlab:opengl('problems')">here</a>.] 
   Done.
   Results and figures are stored in Outputs/R93_d18O_stack.
-------------------------------------------------------------------------------------------
Parallel pool using the 'Processes' profile is shutting down.
Time elapsed = 11959 s
